#
# There is insufficient memory for the Java Runtime Environment to continue.
# Native memory allocation (malloc) failed to allocate 53936 bytes for Chunk::new
# Possible reasons:
#   The system is out of physical RAM or swap space
#   In 32 bit mode, the process size limit was hit
# Possible solutions:
#   Reduce memory load on the system
#   Increase physical memory or swap space
#   Check if swap backing store is full
#   Use 64 bit Java on a 64 bit OS
#   Decrease Java heap size (-Xmx/-Xms)
#   Decrease number of Java threads
#   Decrease Java thread stack sizes (-Xss)
#   Set larger code cache with -XX:ReservedCodeCacheSize=
# This output file may be truncated or incomplete.
#
#  Out of Memory Error (allocation.cpp:390), pid=88104, tid=88416
#
# JRE version: Java(TM) SE Runtime Environment (8.0_73-b02) (build 1.8.0_73-b02)
# Java VM: Java HotSpot(TM) 64-Bit Server VM (25.73-b02 mixed mode windows-amd64 compressed oops)
# Failed to write core dump. 
#

---------------  T H R E A D  ---------------

Current thread (0x000000001c06a000):  JavaThread "C2 CompilerThread1" daemon [_thread_in_native, id=88416, stack(0x000000001dfc0000,0x000000001e0c0000)]

Stack: [0x000000001dfc0000,0x000000001e0c0000]
[error occurred during error reporting (printing stack bounds), id 0xc0000005]

Native frames: (J=compiled Java code, j=interpreted, Vv=VM code, C=native code)


Current CompileTask:
C2:    890  109       4       java.lang.String::replace (127 bytes)


---------------  P R O C E S S  ---------------

Java Threads: ( => current thread )
  0x000000001d5ee000 JavaThread "Service Thread" daemon [_thread_blocked, id=88792, stack(0x000000001e0e0000,0x000000001e1e0000)]
  0x000000001c06b000 JavaThread "C1 CompilerThread2" daemon [_thread_blocked, id=88732, stack(0x000000001d310000,0x000000001d410000)]
=>0x000000001c06a000 JavaThread "C2 CompilerThread1" daemon [_thread_in_native, id=88416, stack(0x000000001dfc0000,0x000000001e0c0000)]
  0x000000001d579000 JavaThread "C2 CompilerThread0" daemon [_thread_blocked, id=86104, stack(0x000000001de30000,0x000000001df30000)]
  0x000000001d574800 JavaThread "Attach Listener" daemon [_thread_blocked, id=88312, stack(0x000000001dc40000,0x000000001dd40000)]
  0x000000001c069000 JavaThread "Signal Dispatcher" daemon [_thread_blocked, id=87748, stack(0x000000001da80000,0x000000001db80000)]
  0x000000001c006000 JavaThread "Finalizer" daemon [_thread_blocked, id=86336, stack(0x000000001d470000,0x000000001d570000)]
  0x000000001c004800 JavaThread "Reference Handler" daemon [_thread_blocked, id=88208, stack(0x000000001d1d0000,0x000000001d2d0000)]
  0x00000000020bb000 JavaThread "main" [_thread_in_native, id=85272, stack(0x00000000024f0000,0x00000000025f0000)]

Other Threads:
  0x000000001bfff000 VMThread [stack: 0x000000001d040000,0x000000001d140000] [id=86488]
  0x000000001d60e000 WatcherThread [stack: 0x000000001e360000,0x000000001e460000] [id=89012]

VM state:not at safepoint (normal execution)

VM Mutex/Monitor currently owned by a thread: None

Heap:
 PSYoungGen      total 76288K, used 3932K [0x000000076ab00000, 0x0000000770000000, 0x00000007c0000000)
  eden space 65536K, 6% used [0x000000076ab00000,0x000000076aed70c8,0x000000076eb00000)
  from space 10752K, 0% used [0x000000076f580000,0x000000076f580000,0x0000000770000000)
  to   space 10752K, 0% used [0x000000076eb00000,0x000000076eb00000,0x000000076f580000)
 ParOldGen       total 175104K, used 0K [0x00000006c0000000, 0x00000006cab00000, 0x000000076ab00000)
  object space 175104K, 0% used [0x00000006c0000000,0x00000006c0000000,0x00000006cab00000)
 Metaspace       used 3005K, capacity 4652K, committed 4864K, reserved 1056768K
  class space    used 323K, capacity 424K, committed 512K, reserved 1048576K

Card table byte_map: [0x0000000011c80000,0x0000000012490000] byte_map_base: 0x000000000e680000

Marking Bits: (ParMarkBitMap*) 0x00000000694d0600
 Begin Bits: [0x0000000012e70000, 0x0000000016e70000)
 End Bits:   [0x0000000016e70000, 0x000000001ae70000)

Polling page: 0x00000000001b0000

CodeCache: size=245760Kb used=1367Kb max_used=1378Kb free=244392Kb
 bounds [0x00000000028c0000, 0x0000000002b30000, 0x00000000118c0000]
 total_blobs=344 nmethods=109 adapters=148
 compilation: enabled

Compilation events (10 events):
Event: 0.837 Thread 0x000000001c06b000  104       3       java.util.Arrays::copyOf (19 bytes)
Event: 0.837 Thread 0x000000001c06b000 nmethod 104 0x0000000002a12490 code [0x0000000002a12600, 0x0000000002a12928]
Event: 0.838 Thread 0x000000001c06b000  105       1       java.util.zip.ZipFile::access$000 (5 bytes)
Event: 0.838 Thread 0x000000001c06b000 nmethod 105 0x0000000002a15850 code [0x0000000002a159a0, 0x0000000002a15a90]
Event: 0.838 Thread 0x000000001c06a000 nmethod 102 0x0000000002a15b10 code [0x0000000002a15c60, 0x0000000002a15e78]
Event: 0.839 Thread 0x000000001c06b000  106   !   3       sun.misc.URLClassPath$FileLoader::getResource (164 bytes)
Event: 0.840 Thread 0x000000001c06b000 nmethod 106 0x0000000002a12f90 code [0x0000000002a132c0, 0x0000000002a149f8]
Event: 0.844 Thread 0x000000001c06a000  109       4       java.lang.String::replace (127 bytes)
Event: 0.844 Thread 0x000000001c06b000  107       3       java.util.concurrent.ConcurrentHashMap::setTabAt (19 bytes)
Event: 0.844 Thread 0x000000001c06b000 nmethod 107 0x0000000002a15fd0 code [0x0000000002a16120, 0x0000000002a16290]

GC Heap History (0 events):
No events

Deoptimization events (2 events):
Event: 0.760 Thread 0x00000000020bb000 Uncommon trap: reason=unstable_if action=reinterpret pc=0x00000000029d7308 method=java.lang.String.hashCode()I @ 14
Event: 0.842 Thread 0x00000000020bb000 Uncommon trap: reason=unstable_if action=reinterpret pc=0x0000000002a15e1c method=java.lang.String.startsWith(Ljava/lang/String;I)Z @ 25

Internal exceptions (6 events):
Event: 0.555 Thread 0x00000000020bb000 Exception <a 'java/lang/NoSuchMethodError': Method sun.misc.Unsafe.defineClass(Ljava/lang/String;[BII)Ljava/lang/Class; name or signature does not match> (0x000000076ab0ec30) thrown at [D:\re\puppet\workspace\8-2-build-windows-amd64-cygwin\jdk8u73\6086\hotá/ÂkÆá?
Event: 0.555 Thread 0x00000000020bb000 Exception <a 'java/lang/NoSuchMethodError': Method sun.misc.Unsafe.prefetchRead(Ljava/lang/Object;J)V name or signature does not match> (0x000000076ab0ef18) thrown at [D:\re\puppet\workspace\8-2-build-windows-amd64-cygwin\jdk8u73\6086\hotspot\src\share\vm\$±déc7ä?
Event: 0.632 Thread 0x00000000020bb000 Exception <a 'java/io/IOException'> (0x000000076ab86938) thrown at [D:\re\puppet\workspace\8-2-build-windows-amd64-cygwin\jdk8u73\6086\hotspot\src\share\vm\prims\jni.cpp, line 709]
Event: 0.677 Thread 0x00000000020bb000 Exception <a 'java/security/PrivilegedActionException'> (0x000000076abaa838) thrown at [D:\re\puppet\workspace\8-2-build-windows-amd64-cygwin\jdk8u73\6086\hotspot\src\share\vm\prims\jvm.cpp, line 1386]
Event: 0.677 Thread 0x00000000020bb000 Exception <a 'java/security/PrivilegedActionException'> (0x000000076abaaa48) thrown at [D:\re\puppet\workspace\8-2-build-windows-amd64-cygwin\jdk8u73\6086\hotspot\src\share\vm\prims\jvm.cpp, line 1386]
Event: 0.835 Thread 0x00000000020bb000 Exception <a 'java/lang/UnsatisfiedLinkError'> (0x000000076ae089e0) thrown at [D:\re\puppet\workspace\8-2-build-windows-amd64-cygwin\jdk8u73\6086\hotspot\src\share\vm\oops\instanceKlass.cpp, line 948]

Events (10 events):
Event: 0.838 loading class com/teradata/xcore/util/FileInfo done
Event: 0.840 loading class com/teradata/xcore/util/ClassPathElement
Event: 0.840 loading class com/teradata/xcore/util/ClassPathElement done
Event: 0.841 loading class com/teradata/xcore/util/IClassPathElement
Event: 0.841 loading class com/teradata/xcore/util/IClassPathElement done
Event: 0.842 loading class java/util/zip/ZipException
Event: 0.842 loading class java/util/zip/ZipException done
Event: 0.842 Thread 0x00000000020bb000 Uncommon trap: trap_request=0xffffff65 fr.pc=0x0000000002a15e1c
Event: 0.842 Thread 0x00000000020bb000 DEOPT PACKING pc=0x0000000002a15e1c sp=0x00000000025ef220
Event: 0.842 Thread 0x00000000020bb000 DEOPT UNPACKING pc=0x000000000290582a sp=0x00000000025ef198 mode 2


Dynamic libraries:
0x000000013f5a0000 - 0x000000013f5d7000 	E:\Java\jdk1.8.0_73\bin\java.exe
0x0000000077b10000 - 0x0000000077cba000 	C:\Windows\SYSTEM32\ntdll.dll
0x00000000778f0000 - 0x0000000077a0f000 	C:\Windows\system32\kernel32.dll
0x000007fefd890000 - 0x000007fefd8fa000 	C:\Windows\system32\KERNELBASE.dll
0x000007feff510000 - 0x000007feff5eb000 	C:\Windows\system32\ADVAPI32.dll
0x000007feffd80000 - 0x000007feffe1f000 	C:\Windows\system32\msvcrt.dll
0x000007feff780000 - 0x000007feff79f000 	C:\Windows\SYSTEM32\sechost.dll
0x000007feff980000 - 0x000007feffaad000 	C:\Windows\system32\RPCRT4.dll
0x0000000077a10000 - 0x0000000077b0a000 	C:\Windows\system32\USER32.dll
0x000007feffcd0000 - 0x000007feffd37000 	C:\Windows\system32\GDI32.dll
0x000007feffd40000 - 0x000007feffd4e000 	C:\Windows\system32\LPK.dll
0x000007feffbf0000 - 0x000007feffcba000 	C:\Windows\system32\USP10.dll
0x000007fefc1c0000 - 0x000007fefc3b4000 	C:\Windows\WinSxS\amd64_microsoft.windows.common-controls_6595b64144ccf1df_6.0.7601.18837_none_fa3b1e3d17594757\COMCTL32.dll
0x000007feffb70000 - 0x000007feffbe1000 	C:\Windows\system32\SHLWAPI.dll
0x000007fefd640000 - 0x000007fefd697000 	C:\Windows\system32\apphelp.dll
0x000007fef7830000 - 0x000007fef7a30000 	C:\Windows\AppPatch\AppPatch64\EMET64.dll
0x000007feffd50000 - 0x000007feffd7e000 	C:\Windows\system32\IMM32.DLL
0x000007fefdf40000 - 0x000007fefe049000 	C:\Windows\system32\MSCTF.dll
0x000007fef64b0000 - 0x000007fef6557000 	C:\Program Files\McAfee\Host Intrusion Prevention\HcApi.dll
0x0000000073440000 - 0x000000007344c000 	C:\Program Files\McAfee\Host Intrusion Prevention\HcThe.dll
0x000000006c4d0000 - 0x000000006c5a2000 	E:\Java\jdk1.8.0_73\jre\bin\msvcr100.dll
0x0000000068cc0000 - 0x0000000069550000 	E:\Java\jdk1.8.0_73\jre\bin\server\jvm.dll
0x000007fefa1f0000 - 0x000007fefa1f9000 	C:\Windows\system32\WSOCK32.dll
0x000007fefede0000 - 0x000007fefee2d000 	C:\Windows\system32\WS2_32.dll
0x000007feffcc0000 - 0x000007feffcc8000 	C:\Windows\system32\NSI.dll
0x000007fef9370000 - 0x000007fef93ab000 	C:\Windows\system32\WINMM.dll
0x000007fefc900000 - 0x000007fefc90c000 	C:\Windows\system32\VERSION.dll
0x0000000077ce0000 - 0x0000000077ce7000 	C:\Windows\system32\PSAPI.DLL
0x000000006d500000 - 0x000000006d50f000 	E:\Java\jdk1.8.0_73\jre\bin\verify.dll
0x000000006cdd0000 - 0x000000006cdf9000 	E:\Java\jdk1.8.0_73\jre\bin\java.dll
0x000000006d4e0000 - 0x000000006d4f6000 	E:\Java\jdk1.8.0_73\jre\bin\zip.dll
0x000007fefe050000 - 0x000007fefedda000 	C:\Windows\system32\SHELL32.dll
0x000007feff280000 - 0x000007feff483000 	C:\Windows\system32\ole32.dll
0x000007fefd850000 - 0x000007fefd85f000 	C:\Windows\system32\profapi.dll

VM Arguments:
java_command: com.teradata.xcore.net.Poster http://10.138.21.20:14444 //10.138.21.20/Teradata/MDM/3.05.02/custom/pngrelease3/bin/pngMDM_Trillium_CPUUtil_TUR.xml
java_class_path (initial): bin;.;../../..\lib\commons-dbcp2-2.1.jar;../../..\lib\commons-pool2-2.3.jar;;../../..\custom\pngrelease3;../../..\custom\pngrelease3\cfg;../../..\custom\pngrelease3\cfg\properties;../../..\lib\override;../../..\lib\bpe-util.jar;../../..\lib\mdm-server.jar;../../..\lib\bpe-tools.jar;../../..\lib\bpe-mcore.jar;../../..\custom\pngrelease3\cfg;../../..\custom\pngrelease3\cfg\properties;../../..\custom\pngrelease3\cfg\xservice\png;../../..\custom\pngrelease3\cfg\xservice\png\mdm_setup;../../..\cfg\properties;../../..\cfg\xservice\toolkit;../../..\cfg\xservice\toolkit\mdm_setup;../../..\cfg;../../..\lib;../../..\lib\bpe-server.jar;../../..\lib\bpe-services.jar;;../../..\lib\xercesImpl.jar;../../..\lib\xml-apis.jar;../../..\lib\serializer.jar;../../..\lib\xalan.jar;../../..\lib\jdom.jar;../../..\lib\commons-codec-1.10.jar;../../..\lib\commons-httpclient-3.1.jar;../../..\lib\not-yet-commons-ssl.jar;../../..\lib\wsdl4j.jar;../../..\lib\xmlsec.jar;../../..\lib\opensaml.jar;../../..\lib\wss4j.jar;../../..\lib\httpclient.jar;../../..\lib\httpcore.jar;../../..\lib\axiom-api.jar;;../../..\lib\mail.jar;../../..\lib\activation.jar;../../..\lib\jdbc2_0-stdext.jar;../../..\lib\terajdbc4.jar;../../..\lib\tdgssconfig.jar;../../..\lib\bpe-util.jar;../../..\lib\bcm_xservice.jar;../../..\lib\jcert.jar;../../..\web\mdmclient\WEB-INF\bcm\cfg\properties;../../..\web\mdmclient\WEB-INF\bcm\cfg;../../..\web\mdmclient\WEB-INF\lib\bpe-x2.jar;../../..\web\mdmclient\WEB-INF\classes;../../..\web\mdmclient\WEB-INF\lib\log4j.jar;;../../..\lib\poi-3.10.1-20140818.jar;../../..\lib\commons-fileupload.jar;../../..\lib\commons-logging.jar;../../..\lib\poi-ooxml-3.10.1-20140818.jar;../../..\lib\poi-ooxml-schemas-3.10.1-20140818.jar;../../..\lib\poi-scratchpad-3.10.1-20140818.jar;../../..\lib\poi-excelant-3.10.1-20140818.jar;../../..\lib\dom4j.jar;../../..\lib\geronimo-stax-api_1.0_spec.jar;../../..\lib\xmlbeans.jar; ;"E:\Java\jdk1.8.0_73"\lib\tools.jar;../../..\lib\jms.jar;../..
Launcher Type: SUN_STANDARD

Environment Variables:
JAVA_HOME="E:\Java\jdk1.8.0_73"
PATH="E:\Java\jdk1.8.0_73"\bin;"E:\Java\jdk1.8.0_73"\bin;C:\ProgramData\Oracle\Java\javapath;C:\Program Files (x86)\Teradata\Teradata Performance Monitor Object 15.00\;C:\Program Files\Teradata\client\15.00\Teradata Parallel Transporter\bin64;C:\Program Files\Teradata\client\15.00\Teradata Parallel Transporter\msg64;C:\Program Files (x86)\Teradata\client\15.00\Teradata Parallel Transporter\bin;C:\Program Files (x86)\Teradata\client\15.00\Teradata Parallel Transporter\msg;C:\Program Files\Teradata\Client\15.00\bin;C:\Program Files (x86)\Teradata\Client\15.00\bin;C:\Program Files\Teradata\Client\15.00\ODBC Driver for Teradata nt-x8664\Lib;C:\Program Files (x86)\Teradata\Client\15.00\ODBC Driver for Teradata\Lib;C:\Program Files\Teradata\Client\15.00\bin\;C:\Program Files (x86)\Teradata\Client\15.00\bin\;C:\Program Files (x86)\Teradata\Client\13.10\bin\;C:\Windows\system32;C:\Windows;C:\Windows\system32\wbem;C:\Windows\system32\windowspowershell\v1.0\;D:\SVVSTools;C:\Windows\System32\WindowsPowerShell\v1.0\;C:\Program Files (x86)\Java\jre1.6.0\bin;C:\usr\local\monitor\c\bin;C:\usr\local\monitor\perl\site\bin;C:\usr\local\monitor\perl\bin;C:\Program Files\McAfee\Solidcore\Tools\GatherInfo;C:\Program Files\McAfee\Solidcore\Tools\Scanalyzer;C:\Program Files\McAfee\Solidcore\;C:\Program Files\McAfee\Solidcore\Tools\ScGetCerts;E:\ScheduleIn\Agent\bin
USERNAME=S606878_Admin
OS=Windows_NT
PROCESSOR_IDENTIFIER=Intel64 Family 6 Model 63 Stepping 2, GenuineIntel



---------------  S Y S T E M  ---------------

OS: Windows Server 2008 R2 , 64 bit Build 7601 (6.1.7601.23569)

CPU:total 4 (1 cores per cpu, 1 threads per core) family 6 model 63 stepping 2, cmov, cx8, fxsr, mmx, sse, sse2, sse3, ssse3, sse4.1, sse4.2, popcnt, avx, aes, clmul, tsc, tscinvbit

Memory: 4k page, physical 16776696k(7775824k free), swap 20969140k(3072k free)

vm_info: Java HotSpot(TM) 64-Bit Server VM (25.73-b02) for windows-amd64 JRE (1.8.0_73-b02), built on Jan 29 2016 17:38:49 by "java_re" with MS VC++ 10.0 (VS2010)

time: Wed Dec 07 09:17:48 2016
elapsed time: 0 seconds (0d 0h 0m 0s)

