#
# There is insufficient memory for the Java Runtime Environment to continue.
# Native memory allocation (malloc) failed to allocate 36496 bytes for Chunk::new
# Possible reasons:
#   The system is out of physical RAM or swap space
#   In 32 bit mode, the process size limit was hit
# Possible solutions:
#   Reduce memory load on the system
#   Increase physical memory or swap space
#   Check if swap backing store is full
#   Use 64 bit Java on a 64 bit OS
#   Decrease Java heap size (-Xmx/-Xms)
#   Decrease number of Java threads
#   Decrease Java thread stack sizes (-Xss)
#   Set larger code cache with -XX:ReservedCodeCacheSize=
# This output file may be truncated or incomplete.
#
#  Out of Memory Error (allocation.cpp:323), pid=26644, tid=89092
#
# JRE version: Java(TM) SE Runtime Environment (7.0_71-b14) (build 1.7.0_71-b14)
# Java VM: Java HotSpot(TM) 64-Bit Server VM (24.71-b01 mixed mode windows-amd64 compressed oops)
# Failed to write core dump. 
#

---------------  T H R E A D  ---------------

Current thread (0x000000000f1c6800):  JavaThread "C2 CompilerThread1" daemon [_thread_in_native, id=89092, stack(0x0000000010b70000,0x0000000010c70000)]

Stack: [0x0000000010b70000,0x0000000010c70000]
[error occurred during error reporting (printing stack bounds), id 0xc0000005]


[error occurred during error reporting (printing native stack), id 0xc0000005]


Current CompileTask:
C2:   7613   38             java.util.Properties$LineReader::readLine (452 bytes)


---------------  P R O C E S S  ---------------

Java Threads: ( => current thread )
  0x00000000114b2800 JavaThread "PooledThread-10" daemon [_thread_blocked, id=89884, stack(0x0000000011b30000,0x0000000011c30000)]
  0x000000000f1c9000 JavaThread "Service Thread" daemon [_thread_blocked, id=89096, stack(0x0000000010820000,0x0000000010920000)]
=>0x000000000f1c6800 JavaThread "C2 CompilerThread1" daemon [_thread_in_native, id=89092, stack(0x0000000010b70000,0x0000000010c70000)]
  0x000000000f1b9800 JavaThread "C2 CompilerThread0" daemon [_thread_blocked, id=84440, stack(0x0000000010970000,0x0000000010a70000)]
  0x000000000f1b8000 JavaThread "Attach Listener" daemon [_thread_blocked, id=85348, stack(0x00000000106b0000,0x00000000107b0000)]
  0x000000000f1b1000 JavaThread "Signal Dispatcher" daemon [_thread_blocked, id=87572, stack(0x0000000010570000,0x0000000010670000)]
  0x000000000f154800 JavaThread "Finalizer" daemon [_thread_blocked, id=85344, stack(0x0000000010450000,0x0000000010550000)]
  0x000000000f153000 JavaThread "Reference Handler" daemon [_thread_blocked, id=85136, stack(0x0000000010310000,0x0000000010410000)]
  0x0000000001e7c000 JavaThread "main" [_thread_in_Java, id=87160, stack(0x0000000001f40000,0x0000000002040000)]

Other Threads:
  0x000000000f14f800 VMThread [stack: 0x00000000101f0000,0x00000000102f0000] [id=86340]
  0x0000000010cb8800 WatcherThread [stack: 0x0000000011210000,0x0000000011310000] [id=89100]

VM state:not at safepoint (normal execution)

VM Mutex/Monitor currently owned by a thread: None

Heap
 PSYoungGen      total 76800K, used 14540K [0x00000007aaa80000, 0x00000007b0000000, 0x0000000800000000)
  eden space 66048K, 22% used [0x00000007aaa80000,0x00000007ab8b30d8,0x00000007aeb00000)
  from space 10752K, 0% used [0x00000007af580000,0x00000007af580000,0x00000007b0000000)
  to   space 10752K, 0% used [0x00000007aeb00000,0x00000007aeb00000,0x00000007af580000)
 ParOldGen       total 174592K, used 0K [0x0000000700000000, 0x000000070aa80000, 0x00000007aaa80000)
  object space 174592K, 0% used [0x0000000700000000,0x0000000700000000,0x000000070aa80000)
 PSPermGen       total 21504K, used 4462K [0x00000006fae00000, 0x00000006fc300000, 0x0000000700000000)
  object space 21504K, 20% used [0x00000006fae00000,0x00000006fb25bb60,0x00000006fc300000)

Card table byte_map: [0x00000000051b0000,0x00000000059e0000] byte_map_base: 0x00000000019d9000

Polling page: 0x0000000000220000

Code Cache  [0x00000000021b0000, 0x0000000002420000, 0x00000000051b0000)
 total_blobs=241 nmethods=39 adapters=155 free_code_cache=48674Kb largest_free_block=49828800

Compilation events (10 events):
Event: 6.420 Thread 0x000000000f1c6800 nmethod 33 0x00000000022136d0 code [0x0000000002213820, 0x0000000002213a18]
Event: 6.430 Thread 0x000000000f1b9800   34             java.util.Arrays::fill (28 bytes)
Event: 6.431 Thread 0x000000000f1b9800 nmethod 34 0x000000000221afd0 code [0x000000000221b120, 0x000000000221b218]
Event: 6.531 Thread 0x000000000f1c6800   35             java.net.URL::getProtocol (5 bytes)
Event: 6.532 Thread 0x000000000f1c6800 nmethod 35 0x00000000022134d0 code [0x0000000002213600, 0x0000000002213678]
Event: 6.694 Thread 0x000000000f1c6800   36             java.lang.String::<init> (67 bytes)
Event: 6.697 Thread 0x000000000f1c6800 nmethod 36 0x000000000221aa50 code [0x000000000221aba0, 0x000000000221ae18]
Event: 6.865 Thread 0x000000000f1b9800   37             java.lang.String::indexOf (7 bytes)
Event: 6.867 Thread 0x000000000f1b9800 nmethod 37 0x000000000221a650 code [0x000000000221a7a0, 0x000000000221a928]
Event: 7.405 Thread 0x000000000f1c6800   38             java.util.Properties$LineReader::readLine (452 bytes)

GC Heap History (0 events):
No events

Deoptimization events (0 events):
No events

Internal exceptions (10 events):
Event: 6.872 Thread 0x0000000001e7c000 Threw 0x00000007ab6918e8 at C:\re\jdk7u71\1605\hotspot\src\share\vm\prims\jvm.cpp:1281
Event: 6.878 Thread 0x0000000001e7c000 Threw 0x00000007ab69c840 at C:\re\jdk7u71\1605\hotspot\src\share\vm\prims\jvm.cpp:1281
Event: 6.879 Thread 0x0000000001e7c000 Threw 0x00000007ab6a7258 at C:\re\jdk7u71\1605\hotspot\src\share\vm\prims\jvm.cpp:1281
Event: 6.880 Thread 0x0000000001e7c000 Threw 0x00000007ab6b1a88 at C:\re\jdk7u71\1605\hotspot\src\share\vm\prims\jvm.cpp:1281
Event: 6.881 Thread 0x0000000001e7c000 Threw 0x00000007ab6be610 at C:\re\jdk7u71\1605\hotspot\src\share\vm\prims\jvm.cpp:1281
Event: 6.882 Thread 0x0000000001e7c000 Threw 0x00000007ab6c9a78 at C:\re\jdk7u71\1605\hotspot\src\share\vm\prims\jvm.cpp:1281
Event: 6.883 Thread 0x0000000001e7c000 Threw 0x00000007ab6d45d8 at C:\re\jdk7u71\1605\hotspot\src\share\vm\prims\jvm.cpp:1281
Event: 6.884 Thread 0x0000000001e7c000 Threw 0x00000007ab6df668 at C:\re\jdk7u71\1605\hotspot\src\share\vm\prims\jvm.cpp:1281
Event: 7.155 Thread 0x0000000001e7c000 Threw 0x00000007ab6f0040 at C:\re\jdk7u71\1605\hotspot\src\share\vm\prims\jvm.cpp:1281
Event: 7.156 Thread 0x0000000001e7c000 Threw 0x00000007ab6fd698 at C:\re\jdk7u71\1605\hotspot\src\share\vm\prims\jvm.cpp:1281

Events (10 events):
Event: 7.365 loading class 0x0000000010d61c90
Event: 7.369 loading class 0x0000000010d61c90 done
Event: 7.369 loading class 0x0000000010d619d0
Event: 7.374 loading class 0x0000000010d619d0 done
Event: 7.374 loading class 0x0000000010d073c0
Event: 7.383 loading class 0x0000000010d073c0 done
Event: 7.383 loading class 0x0000000010d07480
Event: 7.387 loading class 0x0000000010d07480 done
Event: 7.387 loading class 0x0000000010d07a30
Event: 7.391 loading class 0x0000000010d07a30 done


Dynamic libraries:
0x000000013f160000 - 0x000000013f193000 	C:\Program Files\Java\jdk1.7.0_71\bin\java.exe
0x0000000077c90000 - 0x0000000077e3b000 	C:\Windows\SYSTEM32\ntdll.dll
0x0000000077b70000 - 0x0000000077c8f000 	C:\Windows\system32\kernel32.dll
0x000007fefe2a0000 - 0x000007fefe30a000 	C:\Windows\system32\KERNELBASE.dll
0x000007feff580000 - 0x000007feff65b000 	C:\Windows\system32\ADVAPI32.dll
0x000007feff4e0000 - 0x000007feff57f000 	C:\Windows\system32\msvcrt.dll
0x000007feffa00000 - 0x000007feffa1f000 	C:\Windows\SYSTEM32\sechost.dll
0x000007feff6e0000 - 0x000007feff80d000 	C:\Windows\system32\RPCRT4.dll
0x0000000077a70000 - 0x0000000077b6a000 	C:\Windows\system32\USER32.dll
0x000007fefe4c0000 - 0x000007fefe527000 	C:\Windows\system32\GDI32.dll
0x000007feff4d0000 - 0x000007feff4de000 	C:\Windows\system32\LPK.dll
0x000007feff400000 - 0x000007feff4ca000 	C:\Windows\system32\USP10.dll
0x000007fefcb30000 - 0x000007fefcd24000 	C:\Windows\WinSxS\amd64_microsoft.windows.common-controls_6595b64144ccf1df_6.0.7601.18837_none_fa3b1e3d17594757\COMCTL32.dll
0x000007feff660000 - 0x000007feff6d1000 	C:\Windows\system32\SHLWAPI.dll
0x000007feffb30000 - 0x000007feffb5e000 	C:\Windows\system32\IMM32.DLL
0x000007feffa20000 - 0x000007feffb29000 	C:\Windows\system32\MSCTF.dll
0x000000006c6c0000 - 0x000000006c792000 	C:\Program Files\Java\jdk1.7.0_71\jre\bin\msvcr100.dll
0x000000006b240000 - 0x000000006ba13000 	C:\Program Files\Java\jdk1.7.0_71\jre\bin\server\jvm.dll
0x000007fefb800000 - 0x000007fefb809000 	C:\Windows\system32\WSOCK32.dll
0x000007feffd70000 - 0x000007feffdbd000 	C:\Windows\system32\WS2_32.dll
0x000007feff8b0000 - 0x000007feff8b8000 	C:\Windows\system32\NSI.dll
0x000007fefa3c0000 - 0x000007fefa3fb000 	C:\Windows\system32\WINMM.dll
0x0000000077e60000 - 0x0000000077e67000 	C:\Windows\system32\PSAPI.DLL
0x000000006f8e0000 - 0x000000006f8ef000 	C:\Program Files\Java\jdk1.7.0_71\jre\bin\verify.dll
0x000000006f8b0000 - 0x000000006f8d8000 	C:\Program Files\Java\jdk1.7.0_71\jre\bin\java.dll
0x000000006f890000 - 0x000000006f8a5000 	C:\Program Files\Java\jdk1.7.0_71\jre\bin\zip.dll
0x000000006f840000 - 0x000000006f859000 	C:\Program Files\Java\jdk1.7.0_71\jre\bin\net.dll
0x000007fefd920000 - 0x000007fefd975000 	C:\Windows\system32\mswsock.dll
0x000007fefd910000 - 0x000007fefd917000 	C:\Windows\System32\wship6.dll
0x000007fefd7a0000 - 0x000007fefd7fb000 	C:\Windows\system32\DNSAPI.dll
0x000007fefc130000 - 0x000007fefc157000 	C:\Windows\system32\IPHLPAPI.DLL
0x000007fefc120000 - 0x000007fefc12b000 	C:\Windows\system32\WINNSI.DLL
0x000007fefd2f0000 - 0x000007fefd2f7000 	C:\Windows\System32\wshtcpip.dll
0x000007fefb7f0000 - 0x000007fefb7f8000 	C:\Windows\system32\rasadhlp.dll
0x000007fefb8f0000 - 0x000007fefb943000 	C:\Windows\System32\fwpuclnt.dll

VM Arguments:
java_command: com.teradata.xcore.net.Poster http://10.138.21.18:14444 //10.138.21.18/Teradata/MDM/3.05.02/custom/pngrelease3/bin/pngMDM_Trillium_invokeTestTrilliumService_PRT.xml
Launcher Type: SUN_STANDARD

Environment Variables:
JAVA_HOME="C:\Program Files\Java\jdk1.7.0_71"
PATH="C:\Program Files\Java\jdk1.7.0_71"\bin;"C:\Program Files\Java\jdk1.7.0_71"\bin;C:\Program Files (x86)\Teradata\Teradata Performance Monitor Object 15.00\;C:\Program Files\Teradata\client\15.00\Teradata Parallel Transporter\bin64;C:\Program Files\Teradata\client\15.00\Teradata Parallel Transporter\msg64;C:\Program Files (x86)\Teradata\client\15.00\Teradata Parallel Transporter\bin;C:\Program Files (x86)\Teradata\client\15.00\Teradata Parallel Transporter\msg;C:\Program Files\Teradata\Client\15.00\bin;C:\Program Files (x86)\Teradata\Client\15.00\bin;C:\Program Files\Teradata\Client\15.00\ODBC Driver for Teradata nt-x8664\Lib;C:\Program Files (x86)\Teradata\Client\15.00\ODBC Driver for Teradata\Lib;C:\Program Files\Teradata\Client\15.00\bin\;C:\Program Files (x86)\Teradata\Client\15.00\bin\;C:\Program Files (x86)\Teradata\Client\13.10\bin\;C:\Windows\system32;C:\Windows;C:\Windows\system32\wbem;C:\Windows\system32\windowspowershell\v1.0\;D:\SVVSTools;C:\Windows\System32\WindowsPowerShell\v1.0\;C:\Program Files (x86)\Java\jre1.6.0\bin;C:\usr\local\monitor\c\bin;C:\usr\local\monitor\perl\site\bin;C:\usr\local\monitor\perl\bin;C:\Program Files\McAfee\Solidcore\Tools\GatherInfo;C:\Program Files\McAfee\Solidcore\Tools\Scanalyzer;C:\Program Files\McAfee\Solidcore\;C:\Program Files\McAfee\Solidcore\Tools\ScGetCerts;E:\ScheduleIn\Agent\bin
USERNAME=S606878_Admin
OS=Windows_NT
PROCESSOR_IDENTIFIER=Intel64 Family 6 Model 63 Stepping 2, GenuineIntel



---------------  S Y S T E M  ---------------

OS: Windows Server 2008 R2 , 64 bit Build 7601 Service Pack 1

CPU:total 4 (1 cores per cpu, 1 threads per core) family 6 model 63 stepping 2, cmov, cx8, fxsr, mmx, sse, sse2, sse3, ssse3, sse4.1, sse4.2, popcnt, avx, aes, tsc, tscinvbit

Memory: 4k page, physical 16776696k(10263352k free), swap 20969140k(4740k free)

vm_info: Java HotSpot(TM) 64-Bit Server VM (24.71-b01) for windows-amd64 JRE (1.7.0_71-b14), built on Sep 26 2014 16:16:12 by "java_re" with unknown MS VC++:1600

time: Thu Jul 21 21:06:09 2016
elapsed time: 7 seconds

