#
# There is insufficient memory for the Java Runtime Environment to continue.
# Native memory allocation (malloc) failed to allocate 1048576 bytes for AllocateHeap
# Possible reasons:
#   The system is out of physical RAM or swap space
#   In 32 bit mode, the process size limit was hit
# Possible solutions:
#   Reduce memory load on the system
#   Increase physical memory or swap space
#   Check if swap backing store is full
#   Use 64 bit Java on a 64 bit OS
#   Decrease Java heap size (-Xmx/-Xms)
#   Decrease number of Java threads
#   Decrease Java thread stack sizes (-Xss)
#   Set larger code cache with -XX:ReservedCodeCacheSize=
# This output file may be truncated or incomplete.
#
#  Out of Memory Error (memory/allocation.inline.hpp:61), pid=434172, tid=434104
#
# JRE version:  (8.0_73-b02) (build )
# Java VM: Java HotSpot(TM) 64-Bit Server VM (25.73-b02 mixed mode windows-amd64 compressed oops)
# Failed to write core dump. Call to MiniDumpWriteDump() failed (Error 0x80070008)
#

---------------  T H R E A D  ---------------

Current thread (0x0000000001e4b000):  JavaThread "Unknown thread" [_thread_in_vm, id=434104, stack(0x0000000002220000,0x0000000002320000)]

Stack: [0x0000000002220000,0x0000000002320000]
[error occurred during error reporting (printing stack bounds), id 0xc0000005]

Native frames: (J=compiled Java code, j=interpreted, Vv=VM code, C=native code)


---------------  P R O C E S S  ---------------

Java Threads: ( => current thread )

Other Threads:

=>0x0000000001e4b000 (exited) JavaThread "Unknown thread" [_thread_in_vm, id=434104, stack(0x0000000002220000,0x0000000002320000)]

VM state:not at safepoint (normal execution)

VM Mutex/Monitor currently owned by a thread: None

Heap:
 PSYoungGen      total 76288K, used 1310K [0x000000076ab00000, 0x0000000770000000, 0x00000007c0000000)
  eden space 65536K, 2% used [0x000000076ab00000,0x000000076ac47af0,0x000000076eb00000)
  from space 10752K, 0% used [0x000000076f580000,0x000000076f580000,0x0000000770000000)
  to   space 10752K, 0% used [0x000000076eb00000,0x000000076eb00000,0x000000076f580000)
 ParOldGen       total 175104K, used 0K [0x00000006c0000000, 0x00000006cab00000, 0x000000076ab00000)
  object space 175104K, 0% used [0x00000006c0000000,0x00000006c0000000,0x00000006cab00000)
 Metaspace       used 769K, capacity 4480K, committed 4480K, reserved 1056768K
  class space    used 75K, capacity 384K, committed 384K, reserved 1048576K

Card table byte_map: [0x00000000119b0000,0x00000000121c0000] byte_map_base: 0x000000000e3b0000

Marking Bits: (ParMarkBitMap*) 0x0000000068260600
 Begin Bits: [0x0000000012b10000, 0x0000000016b10000)
 End Bits:   [0x0000000016b10000, 0x000000001ab10000)

Polling page: 0x0000000000350000

CodeCache: size=245760Kb used=328Kb max_used=328Kb free=245431Kb
 bounds [0x00000000025f0000, 0x0000000002860000, 0x00000000115f0000]
 total_blobs=57 nmethods=0 adapters=37
 compilation: enabled

Compilation events (0 events):
No events

GC Heap History (0 events):
No events

Deoptimization events (0 events):
No events

Internal exceptions (0 events):
No events

Events (10 events):
Event: 0.462 loading class java/lang/Short
Event: 0.462 loading class java/lang/Short done
Event: 0.462 loading class java/lang/Integer
Event: 0.463 loading class java/lang/Integer done
Event: 0.463 loading class java/lang/Long
Event: 0.463 loading class java/lang/Long done
Event: 0.464 loading class java/lang/NullPointerException
Event: 0.464 loading class java/lang/NullPointerException done
Event: 0.464 loading class java/lang/ArithmeticException
Event: 0.464 loading class java/lang/ArithmeticException done


Dynamic libraries:
0x000000013f530000 - 0x000000013f567000 	E:\Java\jdk1.8.0_73\bin\java.exe
0x0000000077690000 - 0x000000007783a000 	C:\Windows\SYSTEM32\ntdll.dll
0x0000000077470000 - 0x000000007758f000 	C:\Windows\system32\kernel32.dll
0x000007fefd400000 - 0x000007fefd46a000 	C:\Windows\system32\KERNELBASE.dll
0x000007fefdf10000 - 0x000007fefdfeb000 	C:\Windows\system32\ADVAPI32.dll
0x000007feff680000 - 0x000007feff71f000 	C:\Windows\system32\msvcrt.dll
0x000007fefdb00000 - 0x000007fefdb1f000 	C:\Windows\SYSTEM32\sechost.dll
0x000007feff550000 - 0x000007feff67d000 	C:\Windows\system32\RPCRT4.dll
0x0000000077590000 - 0x000000007768a000 	C:\Windows\system32\USER32.dll
0x000007fefdc30000 - 0x000007fefdc97000 	C:\Windows\system32\GDI32.dll
0x000007feff080000 - 0x000007feff08e000 	C:\Windows\system32\LPK.dll
0x000007feff130000 - 0x000007feff1fa000 	C:\Windows\system32\USP10.dll
0x000007fefbbc0000 - 0x000007fefbdb4000 	C:\Windows\WinSxS\amd64_microsoft.windows.common-controls_6595b64144ccf1df_6.0.7601.18837_none_fa3b1e3d17594757\COMCTL32.dll
0x000007feff200000 - 0x000007feff271000 	C:\Windows\system32\SHLWAPI.dll
0x000007fefd2b0000 - 0x000007fefd307000 	C:\Windows\system32\apphelp.dll
0x000007fef76a0000 - 0x000007fef78a0000 	C:\Windows\AppPatch\AppPatch64\EMET64.dll
0x000007fefed80000 - 0x000007fefedae000 	C:\Windows\system32\IMM32.DLL
0x000007fefdb20000 - 0x000007fefdc29000 	C:\Windows\system32\MSCTF.dll
0x00000000729b0000 - 0x0000000072a82000 	E:\Java\jdk1.8.0_73\jre\bin\msvcr100.dll
0x0000000067a50000 - 0x00000000682e0000 	E:\Java\jdk1.8.0_73\jre\bin\server\jvm.dll
0x000007fef9bf0000 - 0x000007fef9bf9000 	C:\Windows\system32\WSOCK32.dll
0x000007feff930000 - 0x000007feff97d000 	C:\Windows\system32\WS2_32.dll
0x000007fefee30000 - 0x000007fefee38000 	C:\Windows\system32\NSI.dll
0x000007fef8d90000 - 0x000007fef8dcb000 	C:\Windows\system32\WINMM.dll
0x000007fefc480000 - 0x000007fefc48c000 	C:\Windows\system32\VERSION.dll
0x0000000077850000 - 0x0000000077857000 	C:\Windows\system32\PSAPI.DLL
0x0000000072bb0000 - 0x0000000072bbf000 	E:\Java\jdk1.8.0_73\jre\bin\verify.dll
0x0000000072980000 - 0x00000000729a9000 	E:\Java\jdk1.8.0_73\jre\bin\java.dll
0x0000000071280000 - 0x0000000071296000 	E:\Java\jdk1.8.0_73\jre\bin\zip.dll
0x000007fefba90000 - 0x000007fefbbb5000 	C:\Windows\system32\DBGHELP.DLL

VM Arguments:
java_command: com.teradata.xcore.net.Poster xserver ../cfg/properties/xserver.xml BCM_MASTER ../bin/ScheduleIn_TrilliumWrapper_LUX.xml
java_class_path (initial): bin;.;../../..\lib\commons-dbcp2-2.1.jar;../../..\lib\commons-pool2-2.3.jar;;../../..\custom\pngrelease3;../../..\custom\pngrelease3\cfg;../../..\custom\pngrelease3\cfg\properties;../../..\lib\override;../../..\lib\bpe-util.jar;../../..\lib\mdm-server.jar;../../..\lib\bpe-tools.jar;../../..\lib\bpe-mcore.jar;../../..\custom\pngrelease3\cfg;../../..\custom\pngrelease3\cfg\properties;../../..\custom\pngrelease3\cfg\xservice\png;../../..\custom\pngrelease3\cfg\xservice\png\mdm_setup;../../..\cfg\properties;../../..\cfg\xservice\toolkit;../../..\cfg\xservice\toolkit\mdm_setup;../../..\cfg;../../..\lib;../../..\lib\bpe-server.jar;../../..\lib\bpe-services.jar;;../../..\lib\xercesImpl.jar;../../..\lib\xml-apis.jar;../../..\lib\serializer.jar;../../..\lib\xalan.jar;../../..\lib\jdom.jar;../../..\lib\commons-codec-1.10.jar;../../..\lib\commons-httpclient-3.1.jar;../../..\lib\not-yet-commons-ssl.jar;../../..\lib\wsdl4j.jar;../../..\lib\xmlsec.jar;../../..\lib\opensaml.jar;../../..\lib\wss4j.jar;../../..\lib\httpclient.jar;../../..\lib\httpcore.jar;../../..\lib\axiom-api.jar;;../../..\lib\mail.jar;../../..\lib\activation.jar;../../..\lib\jdbc2_0-stdext.jar;../../..\lib\terajdbc4.jar;../../..\lib\tdgssconfig.jar;../../..\lib\bpe-util.jar;../../..\lib\bcm_xservice.jar;../../..\lib\jcert.jar;../../..\web\mdmclient\WEB-INF\bcm\cfg\properties;../../..\web\mdmclient\WEB-INF\bcm\cfg;../../..\web\mdmclient\WEB-INF\lib\bpe-x2.jar;../../..\web\mdmclient\WEB-INF\classes;../../..\web\mdmclient\WEB-INF\lib\log4j.jar;;../../..\lib\poi-3.10.1-20140818.jar;../../..\lib\commons-fileupload.jar;../../..\lib\commons-logging.jar;../../..\lib\poi-ooxml-3.10.1-20140818.jar;../../..\lib\poi-ooxml-schemas-3.10.1-20140818.jar;../../..\lib\poi-scratchpad-3.10.1-20140818.jar;../../..\lib\poi-excelant-3.10.1-20140818.jar;../../..\lib\dom4j.jar;../../..\lib\geronimo-stax-api_1.0_spec.jar;../../..\lib\xmlbeans.jar; ;"E:\Java\jdk1.8.0_73"\lib\tools.jar;../../..\lib\jms.jar;../..
Launcher Type: SUN_STANDARD

Environment Variables:
JAVA_HOME="E:\Java\jdk1.8.0_73"
PATH="E:\Java\jdk1.8.0_73"\bin;C:\ProgramData\Oracle\Java\javapath;C:\Program Files (x86)\Teradata\Teradata Performance Monitor Object 15.00\;C:\Program Files\Teradata\client\15.00\Teradata Parallel Transporter\bin64;C:\Program Files\Teradata\client\15.00\Teradata Parallel Transporter\msg64;C:\Program Files (x86)\Teradata\client\15.00\Teradata Parallel Transporter\bin;C:\Program Files (x86)\Teradata\client\15.00\Teradata Parallel Transporter\msg;C:\Program Files\Teradata\Client\15.00\bin;C:\Program Files (x86)\Teradata\Client\15.00\bin;C:\Program Files\Teradata\Client\15.00\ODBC Driver for Teradata nt-x8664\Lib;C:\Program Files (x86)\Teradata\Client\15.00\ODBC Driver for Teradata\Lib;C:\Program Files\Teradata\Client\15.00\bin\;C:\Program Files (x86)\Teradata\Client\15.00\bin\;C:\Program Files (x86)\Teradata\Client\13.10\bin\;C:\Windows\system32;C:\Windows;C:\Windows\system32\wbem;C:\Windows\system32\windowspowershell\v1.0\;D:\SVVSTools;C:\Windows\System32\WindowsPowerShell\v1.0\;C:\Program Files (x86)\Java\jre1.6.0\bin;C:\usr\local\monitor\c\bin;C:\usr\local\monitor\perl\site\bin;C:\usr\local\monitor\perl\bin;C:\Program Files\McAfee\Solidcore\Tools\GatherInfo;C:\Program Files\McAfee\Solidcore\Tools\Scanalyzer;C:\Program Files\McAfee\Solidcore\;C:\Program Files\McAfee\Solidcore\Tools\ScGetCerts;E:\ScheduleIn\Agent\bin;
USERNAME=VA1UCPPWAPTD10$
OS=Windows_NT
PROCESSOR_IDENTIFIER=Intel64 Family 6 Model 63 Stepping 2, GenuineIntel



---------------  S Y S T E M  ---------------

OS: Windows Server 2008 R2 , 64 bit Build 7601 (6.1.7601.23572)

CPU:total 4 (1 cores per cpu, 1 threads per core) family 6 model 63 stepping 2, cmov, cx8, fxsr, mmx, sse, sse2, sse3, ssse3, sse4.1, sse4.2, popcnt, avx, aes, clmul, tsc, tscinvbit

Memory: 4k page, physical 16776696k(7762736k free), swap 20969140k(266460k free)

vm_info: Java HotSpot(TM) 64-Bit Server VM (25.73-b02) for windows-amd64 JRE (1.8.0_73-b02), built on Jan 29 2016 17:38:49 by "java_re" with MS VC++ 10.0 (VS2010)

time: Tue Mar 07 02:26:00 2017
elapsed time: 0 seconds (0d 0h 0m 0s)

