#
# There is insufficient memory for the Java Runtime Environment to continue.
# Native memory allocation (malloc) failed to allocate 337296 bytes for Chunk::new
# Possible reasons:
#   The system is out of physical RAM or swap space
#   In 32 bit mode, the process size limit was hit
# Possible solutions:
#   Reduce memory load on the system
#   Increase physical memory or swap space
#   Check if swap backing store is full
#   Use 64 bit Java on a 64 bit OS
#   Decrease Java heap size (-Xmx/-Xms)
#   Decrease number of Java threads
#   Decrease Java thread stack sizes (-Xss)
#   Set larger code cache with -XX:ReservedCodeCacheSize=
# This output file may be truncated or incomplete.
#
#  Out of Memory Error (allocation.cpp:390), pid=273052, tid=274052
#
# JRE version: Java(TM) SE Runtime Environment (8.0_73-b02) (build 1.8.0_73-b02)
# Java VM: Java HotSpot(TM) 64-Bit Server VM (25.73-b02 mixed mode windows-amd64 compressed oops)
# Core dump written. Default location: E:\Teradata\MDM\3.05.02\custom\pngrelease3\bin\hs_err_pid273052.mdmp
#

---------------  T H R E A D  ---------------

Current thread (0x000000001d400800):  JavaThread "C2 CompilerThread0" daemon [_thread_in_native, id=274052, stack(0x000000001dac0000,0x000000001dbc0000)]

Stack: [0x000000001dac0000,0x000000001dbc0000]
[error occurred during error reporting (printing stack bounds), id 0xc0000005]

Native frames: (J=compiled Java code, j=interpreted, Vv=VM code, C=native code)


Current CompileTask:
C2:  33678  346   !   4       java.net.URL::<init> (543 bytes)


---------------  P R O C E S S  ---------------

Java Threads: ( => current thread )
  0x000000001e47e800 JavaThread "PooledThread-10" daemon [_thread_blocked, id=274876, stack(0x000000001eb40000,0x000000001ec40000)]
  0x000000001d463000 JavaThread "Service Thread" daemon [_thread_blocked, id=274436, stack(0x000000001df00000,0x000000001e000000)]
  0x000000001d460000 JavaThread "C1 CompilerThread2" daemon [_thread_blocked, id=274388, stack(0x000000001dc60000,0x000000001dd60000)]
  0x000000001d45b000 JavaThread "C2 CompilerThread1" daemon [_thread_blocked, id=249644, stack(0x000000001dd70000,0x000000001de70000)]
=>0x000000001d400800 JavaThread "C2 CompilerThread0" daemon [_thread_in_native, id=274052, stack(0x000000001dac0000,0x000000001dbc0000)]
  0x000000001bfeb800 JavaThread "Attach Listener" daemon [_thread_blocked, id=273792, stack(0x000000001d820000,0x000000001d920000)]
  0x000000001bfea800 JavaThread "Signal Dispatcher" daemon [_thread_blocked, id=273672, stack(0x000000001d950000,0x000000001da50000)]
  0x000000001bf85800 JavaThread "Finalizer" daemon [_thread_blocked, id=273600, stack(0x000000001d300000,0x000000001d400000)]
  0x000000001bf84800 JavaThread "Reference Handler" daemon [_thread_blocked, id=274028, stack(0x000000001cee0000,0x000000001cfe0000)]
  0x000000000214a000 JavaThread "main" [_thread_blocked, id=274320, stack(0x0000000002530000,0x0000000002630000)]

Other Threads:
  0x000000001bf7f000 VMThread [stack: 0x000000001d090000,0x000000001d190000] [id=273624]
  0x000000001d466800 WatcherThread [stack: 0x000000001e1a0000,0x000000001e2a0000] [id=274440]

VM state:not at safepoint (normal execution)

VM Mutex/Monitor currently owned by a thread: None

Heap:
 PSYoungGen      total 76288K, used 18370K [0x000000076ab00000, 0x0000000770000000, 0x00000007c0000000)
  eden space 65536K, 28% used [0x000000076ab00000,0x000000076bcf09d0,0x000000076eb00000)
  from space 10752K, 0% used [0x000000076f580000,0x000000076f580000,0x0000000770000000)
  to   space 10752K, 0% used [0x000000076eb00000,0x000000076eb00000,0x000000076f580000)
 ParOldGen       total 175104K, used 0K [0x00000006c0000000, 0x00000006cab00000, 0x000000076ab00000)
  object space 175104K, 0% used [0x00000006c0000000,0x00000006c0000000,0x00000006cab00000)
 Metaspace       used 5442K, capacity 5844K, committed 6144K, reserved 1056768K
  class space    used 603K, capacity 656K, committed 768K, reserved 1048576K

Card table byte_map: [0x0000000011cc0000,0x00000000124d0000] byte_map_base: 0x000000000e6c0000

Marking Bits: (ParMarkBitMap*) 0x0000000068db0600
 Begin Bits: [0x0000000012df0000, 0x0000000016df0000)
 End Bits:   [0x0000000016df0000, 0x000000001adf0000)

Polling page: 0x00000000002a0000

CodeCache: size=245760Kb used=1962Kb max_used=1973Kb free=243797Kb
 bounds [0x0000000002900000, 0x0000000002b70000, 0x0000000011900000]
 total_blobs=629 nmethods=348 adapters=194
 compilation: enabled

Compilation events (10 events):
Event: 6.787 Thread 0x000000001d460000 nmethod 342 0x0000000002ae9310 code [0x0000000002ae9480, 0x0000000002ae9688]
Event: 6.787 Thread 0x000000001d460000  343       1       java.lang.Class::getClassLoader0 (5 bytes)
Event: 6.787 Thread 0x000000001d460000 nmethod 343 0x0000000002ae9710 code [0x0000000002ae9860, 0x0000000002ae9970]
Event: 7.949 Thread 0x000000001d400800  346   !   4       java.net.URL::<init> (543 bytes)
Event: 7.953 Thread 0x000000001d460000  347       1       java.nio.Buffer::position (5 bytes)
Event: 7.953 Thread 0x000000001d45b000  348       4       java.net.URLStreamHandler::setURL (40 bytes)
Event: 7.954 Thread 0x000000001d460000 nmethod 347 0x0000000002ae9bd0 code [0x0000000002ae9d20, 0x0000000002ae9e30]
Event: 7.954 Thread 0x000000001d460000  349       3       com.teradata.xcore.util.XMLformHandler::getActiveTag (23 bytes)
Event: 7.954 Thread 0x000000001d460000 nmethod 349 0x0000000002ae9e90 code [0x0000000002aea060, 0x0000000002aeab98]
Event: 7.956 Thread 0x000000001d45b000 nmethod 348 0x0000000002aede90 code [0x0000000002aedfe0, 0x0000000002aee318]

GC Heap History (0 events):
No events

Deoptimization events (3 events):
Event: 2.765 Thread 0x000000000214a000 Uncommon trap: reason=unstable_if action=reinterpret pc=0x0000000002a5425c method=java.lang.String.startsWith(Ljava/lang/String;I)Z @ 25
Event: 6.765 Thread 0x000000000214a000 Uncommon trap: reason=unstable_if action=reinterpret pc=0x0000000002a30f34 method=java.lang.String.indexOf([CII[CIII)I @ 134
Event: 6.773 Thread 0x000000000214a000 Uncommon trap: reason=unstable_if action=reinterpret pc=0x0000000002a8e048 method=java.lang.String.hashCode()I @ 14

Internal exceptions (10 events):
Event: 4.022 Thread 0x000000000214a000 Exception <a 'java/io/FileNotFoundException'> (0x000000076afabdc8) thrown at [D:\re\puppet\workspace\8-2-build-windows-amd64-cygwin\jdk8u73\6086\hotspot\src\share\vm\prims\jni.cpp, line 709]
Event: 4.023 Thread 0x000000000214a000 Exception <a 'java/io/FileNotFoundException'> (0x000000076afacaf0) thrown at [D:\re\puppet\workspace\8-2-build-windows-amd64-cygwin\jdk8u73\6086\hotspot\src\share\vm\prims\jni.cpp, line 709]
Event: 4.340 Thread 0x000000000214a000 Exception <a 'java/security/PrivilegedActionException'> (0x000000076b13c650) thrown at [D:\re\puppet\workspace\8-2-build-windows-amd64-cygwin\jdk8u73\6086\hotspot\src\share\vm\prims\jvm.cpp, line 1386]
Event: 4.340 Thread 0x000000000214a000 Exception <a 'java/security/PrivilegedActionException'> (0x000000076b13ca48) thrown at [D:\re\puppet\workspace\8-2-build-windows-amd64-cygwin\jdk8u73\6086\hotspot\src\share\vm\prims\jvm.cpp, line 1386]
Event: 4.340 Thread 0x000000000214a000 Exception <a 'java/security/PrivilegedActionException'> (0x000000076b13f4d0) thrown at [D:\re\puppet\workspace\8-2-build-windows-amd64-cygwin\jdk8u73\6086\hotspot\src\share\vm\prims\jvm.cpp, line 1386]
Event: 4.340 Thread 0x000000000214a000 Exception <a 'java/security/PrivilegedActionException'> (0x000000076b13f8c8) thrown at [D:\re\puppet\workspace\8-2-build-windows-amd64-cygwin\jdk8u73\6086\hotspot\src\share\vm\prims\jvm.cpp, line 1386]
Event: 4.597 Thread 0x000000000214a000 Exception <a 'java/security/PrivilegedActionException'> (0x000000076b1c8990) thrown at [D:\re\puppet\workspace\8-2-build-windows-amd64-cygwin\jdk8u73\6086\hotspot\src\share\vm\prims\jvm.cpp, line 1386]
Event: 4.597 Thread 0x000000000214a000 Exception <a 'java/security/PrivilegedActionException'> (0x000000076b1c8d88) thrown at [D:\re\puppet\workspace\8-2-build-windows-amd64-cygwin\jdk8u73\6086\hotspot\src\share\vm\prims\jvm.cpp, line 1386]
Event: 4.611 Thread 0x000000000214a000 Exception <a 'java/security/PrivilegedActionException'> (0x000000076b1d7460) thrown at [D:\re\puppet\workspace\8-2-build-windows-amd64-cygwin\jdk8u73\6086\hotspot\src\share\vm\prims\jvm.cpp, line 1386]
Event: 4.611 Thread 0x000000000214a000 Exception <a 'java/security/PrivilegedActionException'> (0x000000076b1d7858) thrown at [D:\re\puppet\workspace\8-2-build-windows-amd64-cygwin\jdk8u73\6086\hotspot\src\share\vm\prims\jvm.cpp, line 1386]

Events (10 events):
Event: 6.782 loading class java/util/Locale$Category
Event: 6.783 loading class java/util/Locale$Category done
Event: 6.783 loading class java/util/Locale$1
Event: 6.783 loading class java/util/Locale$1 done
Event: 6.783 loading class com/teradata/xcore/net/util/StringMap$NullEntry
Event: 6.783 loading class com/teradata/xcore/net/util/StringMap$NullEntry done
Event: 7.947 loading class com/teradata/xcore/net/util/HttpFields$Field
Event: 7.947 loading class com/teradata/xcore/net/util/HttpFields$Field done
Event: 7.952 loading class com/teradata/xcore/util/Util
Event: 7.952 loading class com/teradata/xcore/util/Util done


Dynamic libraries:
0x000000013fa70000 - 0x000000013faa7000 	E:\Java\jdk1.8.0_73\bin\java.exe
0x0000000077430000 - 0x00000000775da000 	C:\Windows\SYSTEM32\ntdll.dll
0x0000000077310000 - 0x000000007742f000 	C:\Windows\system32\kernel32.dll
0x000007fefd470000 - 0x000007fefd4da000 	C:\Windows\system32\KERNELBASE.dll
0x000007fefd520000 - 0x000007fefd5fb000 	C:\Windows\system32\ADVAPI32.dll
0x000007fefd960000 - 0x000007fefd9ff000 	C:\Windows\system32\msvcrt.dll
0x000007feff220000 - 0x000007feff23f000 	C:\Windows\SYSTEM32\sechost.dll
0x000007fefd7e0000 - 0x000007fefd90d000 	C:\Windows\system32\RPCRT4.dll
0x0000000077210000 - 0x000000007730a000 	C:\Windows\system32\USER32.dll
0x000007fefda00000 - 0x000007fefda67000 	C:\Windows\system32\GDI32.dll
0x000007feff450000 - 0x000007feff45e000 	C:\Windows\system32\LPK.dll
0x000007fefde40000 - 0x000007fefdf0a000 	C:\Windows\system32\USP10.dll
0x000007fefba30000 - 0x000007fefbc24000 	C:\Windows\WinSxS\amd64_microsoft.windows.common-controls_6595b64144ccf1df_6.0.7601.18837_none_fa3b1e3d17594757\COMCTL32.dll
0x000007fefecc0000 - 0x000007fefed31000 	C:\Windows\system32\SHLWAPI.dll
0x000007fefcf60000 - 0x000007fefcfb7000 	C:\Windows\system32\apphelp.dll
0x000007fef75f0000 - 0x000007fef77f0000 	C:\Windows\AppPatch\AppPatch64\EMET64.dll
0x000007fefdd00000 - 0x000007fefdd2e000 	C:\Windows\system32\IMM32.DLL
0x000007fefdd30000 - 0x000007fefde39000 	C:\Windows\system32\MSCTF.dll
0x000007fedd200000 - 0x000007fedd2a7000 	C:\Program Files\McAfee\Host Intrusion Prevention\HcApi.dll
0x0000000074100000 - 0x000000007410c000 	C:\Program Files\McAfee\Host Intrusion Prevention\HcThe.dll
0x0000000071cc0000 - 0x0000000071d92000 	E:\Java\jdk1.8.0_73\jre\bin\msvcr100.dll
0x00000000685a0000 - 0x0000000068e30000 	E:\Java\jdk1.8.0_73\jre\bin\server\jvm.dll
0x000007fef9990000 - 0x000007fef9999000 	C:\Windows\system32\WSOCK32.dll
0x000007fefd910000 - 0x000007fefd95d000 	C:\Windows\system32\WS2_32.dll
0x000007feff210000 - 0x000007feff218000 	C:\Windows\system32\NSI.dll
0x000007fef8b10000 - 0x000007fef8b4b000 	C:\Windows\system32\WINMM.dll
0x000007fefc220000 - 0x000007fefc22c000 	C:\Windows\system32\VERSION.dll
0x0000000077600000 - 0x0000000077607000 	C:\Windows\system32\PSAPI.DLL
0x0000000072d30000 - 0x0000000072d3f000 	E:\Java\jdk1.8.0_73\jre\bin\verify.dll
0x00000000723f0000 - 0x0000000072419000 	E:\Java\jdk1.8.0_73\jre\bin\java.dll
0x00000000724e0000 - 0x00000000724f6000 	E:\Java\jdk1.8.0_73\jre\bin\zip.dll
0x000007fefdf10000 - 0x000007fefec9a000 	C:\Windows\system32\SHELL32.dll
0x000007feff240000 - 0x000007feff443000 	C:\Windows\system32\ole32.dll
0x000007fefd170000 - 0x000007fefd17f000 	C:\Windows\system32\profapi.dll
0x00000000724c0000 - 0x00000000724da000 	E:\Java\jdk1.8.0_73\jre\bin\net.dll
0x000007fefc900000 - 0x000007fefc955000 	C:\Windows\system32\mswsock.dll
0x000007fefc8f0000 - 0x000007fefc8f7000 	C:\Windows\System32\wship6.dll
0x000007fefc2f0000 - 0x000007fefc2f7000 	C:\Windows\System32\wshtcpip.dll
0x000007fefc780000 - 0x000007fefc7db000 	C:\Windows\system32\DNSAPI.dll
0x000007fefa8f0000 - 0x000007fefa917000 	C:\Windows\system32\IPHLPAPI.DLL
0x000007fefa8e0000 - 0x000007fefa8eb000 	C:\Windows\system32\WINNSI.DLL
0x000007fefa200000 - 0x000007fefa208000 	C:\Windows\system32\rasadhlp.dll
0x000007fefa320000 - 0x000007fefa373000 	C:\Windows\System32\fwpuclnt.dll
0x000007fefb760000 - 0x000007fefb885000 	C:\Windows\system32\DBGHELP.DLL

VM Arguments:
java_command: com.teradata.xcore.net.Poster xserver ../cfg/properties/xserver.xml BCM_MASTER ../bin/ScheduleIn_TrilliumWrapper_USA.xml
java_class_path (initial): bin;.;../../..\lib\commons-dbcp2-2.1.jar;../../..\lib\commons-pool2-2.3.jar;;../../..\custom\pngrelease3;../../..\custom\pngrelease3\cfg;../../..\custom\pngrelease3\cfg\properties;../../..\lib\override;../../..\lib\bpe-util.jar;../../..\lib\mdm-server.jar;../../..\lib\bpe-tools.jar;../../..\lib\bpe-mcore.jar;../../..\custom\pngrelease3\cfg;../../..\custom\pngrelease3\cfg\properties;../../..\custom\pngrelease3\cfg\xservice\png;../../..\custom\pngrelease3\cfg\xservice\png\mdm_setup;../../..\cfg\properties;../../..\cfg\xservice\toolkit;../../..\cfg\xservice\toolkit\mdm_setup;../../..\cfg;../../..\lib;../../..\lib\bpe-server.jar;../../..\lib\bpe-services.jar;;../../..\lib\xercesImpl.jar;../../..\lib\xml-apis.jar;../../..\lib\serializer.jar;../../..\lib\xalan.jar;../../..\lib\jdom.jar;../../..\lib\commons-codec-1.10.jar;../../..\lib\commons-httpclient-3.1.jar;../../..\lib\not-yet-commons-ssl.jar;../../..\lib\wsdl4j.jar;../../..\lib\xmlsec.jar;../../..\lib\opensaml.jar;../../..\lib\wss4j.jar;../../..\lib\httpclient.jar;../../..\lib\httpcore.jar;../../..\lib\axiom-api.jar;;../../..\lib\mail.jar;../../..\lib\activation.jar;../../..\lib\jdbc2_0-stdext.jar;../../..\lib\terajdbc4.jar;../../..\lib\tdgssconfig.jar;../../..\lib\bpe-util.jar;../../..\lib\bcm_xservice.jar;../../..\lib\jcert.jar;../../..\web\mdmclient\WEB-INF\bcm\cfg\properties;../../..\web\mdmclient\WEB-INF\bcm\cfg;../../..\web\mdmclient\WEB-INF\lib\bpe-x2.jar;../../..\web\mdmclient\WEB-INF\classes;../../..\web\mdmclient\WEB-INF\lib\log4j.jar;;../../..\lib\poi-3.10.1-20140818.jar;../../..\lib\commons-fileupload.jar;../../..\lib\commons-logging.jar;../../..\lib\poi-ooxml-3.10.1-20140818.jar;../../..\lib\poi-ooxml-schemas-3.10.1-20140818.jar;../../..\lib\poi-scratchpad-3.10.1-20140818.jar;../../..\lib\poi-excelant-3.10.1-20140818.jar;../../..\lib\dom4j.jar;../../..\lib\geronimo-stax-api_1.0_spec.jar;../../..\lib\xmlbeans.jar; ;"E:\Java\jdk1.8.0_73"\lib\tools.jar;../../..\lib\jms.jar;../..
Launcher Type: SUN_STANDARD

Environment Variables:
JAVA_HOME="E:\Java\jdk1.8.0_73"
PATH="E:\Java\jdk1.8.0_73"\bin;C:\ProgramData\Oracle\Java\javapath;C:\Program Files (x86)\Teradata\Teradata Performance Monitor Object 15.00\;C:\Program Files\Teradata\client\15.00\Teradata Parallel Transporter\bin64;C:\Program Files\Teradata\client\15.00\Teradata Parallel Transporter\msg64;C:\Program Files (x86)\Teradata\client\15.00\Teradata Parallel Transporter\bin;C:\Program Files (x86)\Teradata\client\15.00\Teradata Parallel Transporter\msg;C:\Program Files\Teradata\Client\15.00\bin;C:\Program Files (x86)\Teradata\Client\15.00\bin;C:\Program Files\Teradata\Client\15.00\ODBC Driver for Teradata nt-x8664\Lib;C:\Program Files (x86)\Teradata\Client\15.00\ODBC Driver for Teradata\Lib;C:\Program Files\Teradata\Client\15.00\bin\;C:\Program Files (x86)\Teradata\Client\15.00\bin\;C:\Program Files (x86)\Teradata\Client\13.10\bin\;C:\Windows\system32;C:\Windows;C:\Windows\system32\wbem;C:\Windows\system32\windowspowershell\v1.0\;D:\SVVSTools;C:\Windows\System32\WindowsPowerShell\v1.0\;C:\Program Files (x86)\Java\jre1.6.0\bin;C:\usr\local\monitor\c\bin;C:\usr\local\monitor\perl\site\bin;C:\usr\local\monitor\perl\bin;C:\Program Files\McAfee\Solidcore\Tools\GatherInfo;C:\Program Files\McAfee\Solidcore\Tools\Scanalyzer;C:\Program Files\McAfee\Solidcore\;C:\Program Files\McAfee\Solidcore\Tools\ScGetCerts;E:\ScheduleIn\Agent\bin;
USERNAME=VA1UCPPWAPTD10$
OS=Windows_NT
PROCESSOR_IDENTIFIER=Intel64 Family 6 Model 63 Stepping 2, GenuineIntel



---------------  S Y S T E M  ---------------

OS: Windows Server 2008 R2 , 64 bit Build 7601 (6.1.7601.23572)

CPU:total 4 (1 cores per cpu, 1 threads per core) family 6 model 63 stepping 2, cmov, cx8, fxsr, mmx, sse, sse2, sse3, ssse3, sse4.1, sse4.2, popcnt, avx, aes, clmul, tsc, tscinvbit

Memory: 4k page, physical 16776696k(6672320k free), swap 20969140k(117072k free)

vm_info: Java HotSpot(TM) 64-Bit Server VM (25.73-b02) for windows-amd64 JRE (1.8.0_73-b02), built on Jan 29 2016 17:38:49 by "java_re" with MS VC++ 10.0 (VS2010)

time: Fri Jan 20 17:10:55 2017
elapsed time: 33 seconds (0d 0h 0m 33s)

