#
# There is insufficient memory for the Java Runtime Environment to continue.
# Native memory allocation (malloc) failed to allocate 32744 bytes for ChunkPool::allocate
# Possible reasons:
#   The system is out of physical RAM or swap space
#   In 32 bit mode, the process size limit was hit
# Possible solutions:
#   Reduce memory load on the system
#   Increase physical memory or swap space
#   Check if swap backing store is full
#   Use 64 bit Java on a 64 bit OS
#   Decrease Java heap size (-Xmx/-Xms)
#   Decrease number of Java threads
#   Decrease Java thread stack sizes (-Xss)
#   Set larger code cache with -XX:ReservedCodeCacheSize=
# This output file may be truncated or incomplete.
#
#  Out of Memory Error (allocation.cpp:273), pid=154052, tid=154556
#
# JRE version: Java(TM) SE Runtime Environment (8.0_73-b02) (build 1.8.0_73-b02)
# Java VM: Java HotSpot(TM) 64-Bit Server VM (25.73-b02 mixed mode windows-amd64 compressed oops)
# Core dump written. Default location: E:\Teradata\MDM\3.05.02\custom\pngrelease3\bin\hs_err_pid154052.mdmp
#

---------------  T H R E A D  ---------------

Current thread (0x000000001d4d4800):  JavaThread "C2 CompilerThread1" daemon [_thread_in_native, id=154556, stack(0x000000001dfd0000,0x000000001e0d0000)]

Stack: [0x000000001dfd0000,0x000000001e0d0000]
[error occurred during error reporting (printing stack bounds), id 0xc0000005]

Native frames: (J=compiled Java code, j=interpreted, Vv=VM code, C=native code)


Current CompileTask:
C2:  32831  286       4       java.lang.String::regionMatches (149 bytes)


---------------  P R O C E S S  ---------------

Java Threads: ( => current thread )
  0x000000001e62a000 JavaThread "PooledThread-10" daemon [_thread_blocked, id=152600, stack(0x000000001ec00000,0x000000001ed00000)]
  0x000000001d533000 JavaThread "Service Thread" daemon [_thread_blocked, id=154568, stack(0x000000001db00000,0x000000001dc00000)]
  0x000000001d4db000 JavaThread "C1 CompilerThread2" daemon [_thread_blocked, id=154560, stack(0x000000001e140000,0x000000001e240000)]
=>0x000000001d4d4800 JavaThread "C2 CompilerThread1" daemon [_thread_in_native, id=154556, stack(0x000000001dfd0000,0x000000001e0d0000)]
  0x000000001bf1e000 JavaThread "C2 CompilerThread0" daemon [_thread_blocked, id=154552, stack(0x000000001dde0000,0x000000001dee0000)]
  0x000000001bf1b800 JavaThread "Attach Listener" daemon [_thread_blocked, id=154548, stack(0x000000001dc30000,0x000000001dd30000)]
  0x000000001bf1a000 JavaThread "Signal Dispatcher" daemon [_thread_blocked, id=154544, stack(0x000000001d9c0000,0x000000001dac0000)]
  0x000000001beb6000 JavaThread "Finalizer" daemon [_thread_blocked, id=154540, stack(0x000000001d3d0000,0x000000001d4d0000)]
  0x000000001beb4000 JavaThread "Reference Handler" daemon [_thread_blocked, id=154536, stack(0x000000001d290000,0x000000001d390000)]
  0x00000000020ab000 JavaThread "main" [_thread_blocked, id=154408, stack(0x0000000002430000,0x0000000002530000)]

Other Threads:
  0x000000001beae800 VMThread [stack: 0x000000001d0e0000,0x000000001d1e0000] [id=154532]
  0x000000001d5d8800 WatcherThread [stack: 0x000000001e2a0000,0x000000001e3a0000] [id=154580]

VM state:at safepoint (normal execution)

VM Mutex/Monitor currently owned by a thread:  ([mutex/lock_event])
[0x00000000020a8ab0] Threads_lock - owner thread: 0x000000001beae800
[0x00000000020a8fb0] Heap_lock - owner thread: 0x00000000020ab000

Heap:
 PSYoungGen      total 76288K, used 17059K [0x000000076ab00000, 0x0000000770000000, 0x00000007c0000000)
  eden space 65536K, 26% used [0x000000076ab00000,0x000000076bba8df0,0x000000076eb00000)
  from space 10752K, 0% used [0x000000076f580000,0x000000076f580000,0x0000000770000000)
  to   space 10752K, 9% used [0x000000076eb00000,0x000000076ec05740,0x000000076f580000)
 ParOldGen       total 175104K, used 0K [0x00000006c0000000, 0x00000006cab00000, 0x000000076ab00000)
  object space 175104K, 0% used [0x00000006c0000000,0x00000006c0000000,0x00000006cab00000)
 Metaspace       used 4620K, capacity 5582K, committed 5760K, reserved 1060864K
  class space    used 519K, capacity 522K, committed 640K, reserved 1048576K

Card table byte_map: [0x0000000011bc0000,0x00000000123d0000] byte_map_base: 0x000000000e5c0000

Marking Bits: (ParMarkBitMap*) 0x0000000069d60600
 Begin Bits: [0x0000000012d20000, 0x0000000016d20000)
 End Bits:   [0x0000000016d20000, 0x000000001ad20000)

Polling page: 0x0000000000590000

CodeCache: size=245760Kb used=1794Kb max_used=1794Kb free=243965Kb
 bounds [0x0000000002800000, 0x0000000002a70000, 0x0000000011800000]
 total_blobs=544 nmethods=285 adapters=172
 compilation: enabled

Compilation events (10 events):
Event: 17.205 Thread 0x000000001d4db000 nmethod 278 0x00000000029bdb50 code [0x00000000029bdd20, 0x00000000029be558]
Event: 17.205 Thread 0x000000001d4db000  279       3       java.util.zip.InflaterInputStream::close (34 bytes)
Event: 17.205 Thread 0x000000001d4db000 nmethod 279 0x00000000029be910 code [0x00000000029bea80, 0x00000000029bed78]
Event: 17.209 Thread 0x000000001d4db000  280       3       java.util.zip.ZipEntry::<init> (43 bytes)
Event: 17.209 Thread 0x000000001d4db000 nmethod 280 0x00000000029bee90 code [0x00000000029befe0, 0x00000000029bf1f0]
Event: 17.212 Thread 0x000000001d4db000  284       3       java.util.zip.ZipEntry::setExtra0 (360 bytes)
Event: 17.213 Thread 0x000000001d4db000 nmethod 284 0x00000000029bfd10 code [0x00000000029bffc0, 0x00000000029c0ce8]
Event: 17.213 Thread 0x000000001d4db000  285       3       java.util.Objects::requireNonNull (15 bytes)
Event: 17.213 Thread 0x000000001d4db000 nmethod 285 0x00000000029c12d0 code [0x00000000029c1440, 0x00000000029c1668]
Event: 17.215 Thread 0x000000001d4d4800  286       4       java.lang.String::regionMatches (149 bytes)

GC Heap History (1 events):
Event: 17.216 GC heap before
{Heap before GC invocations=1 (full 0):
 PSYoungGen      total 76288K, used 17059K [0x000000076ab00000, 0x0000000770000000, 0x00000007c0000000)
  eden space 65536K, 26% used [0x000000076ab00000,0x000000076bba8d20,0x000000076eb00000)
  from space 10752K, 0% used [0x000000076f580000,0x000000076f580000,0x0000000770000000)
  to   space 10752K, 0% used [0x000000076eb00000,0x000000076eb00000,0x000000076f580000)
 ParOldGen       total 175104K, used 0K [0x00000006c0000000, 0x00000006cab00000, 0x000000076ab00000)
  object space 175104K, 0% used [0x00000006c0000000,0x00000006c0000000,0x00000006cab00000)
 Metaspace       used 4620K, capacity 5582K, committed 5760K, reserved 1060864K
  class space    used 519K, capacity 522K, committed 640K, reserved 1048576K

Deoptimization events (3 events):
Event: 0.763 Thread 0x00000000020ab000 Uncommon trap: reason=unstable_if action=reinterpret pc=0x000000000291bd88 method=java.lang.String.hashCode()I @ 14
Event: 0.876 Thread 0x00000000020ab000 Uncommon trap: reason=unstable_if action=reinterpret pc=0x000000000295925c method=java.lang.String.startsWith(Ljava/lang/String;I)Z @ 25
Event: 1.242 Thread 0x00000000020ab000 Uncommon trap: reason=unstable_if action=reinterpret pc=0x0000000002941e34 method=java.lang.String.indexOf([CII[CIII)I @ 123

Internal exceptions (10 events):
Event: 0.691 Thread 0x00000000020ab000 Exception <a 'java/security/PrivilegedActionException'> (0x000000076abaa6c0) thrown at [D:\re\puppet\workspace\8-2-build-windows-amd64-cygwin\jdk8u73\6086\hotspot\src\share\vm\prims\jvm.cpp, line 1386]
Event: 0.856 Thread 0x00000000020ab000 Exception <a 'java/lang/UnsatisfiedLinkError'> (0x000000076af501e8) thrown at [D:\re\puppet\workspace\8-2-build-windows-amd64-cygwin\jdk8u73\6086\hotspot\src\share\vm\oops\instanceKlass.cpp, line 948]
Event: 1.247 Thread 0x00000000020ab000 Exception <a 'java/security/PrivilegedActionException'> (0x000000076b13c688) thrown at [D:\re\puppet\workspace\8-2-build-windows-amd64-cygwin\jdk8u73\6086\hotspot\src\share\vm\prims\jvm.cpp, line 1386]
Event: 1.247 Thread 0x00000000020ab000 Exception <a 'java/security/PrivilegedActionException'> (0x000000076b13ca80) thrown at [D:\re\puppet\workspace\8-2-build-windows-amd64-cygwin\jdk8u73\6086\hotspot\src\share\vm\prims\jvm.cpp, line 1386]
Event: 1.247 Thread 0x00000000020ab000 Exception <a 'java/security/PrivilegedActionException'> (0x000000076b13f508) thrown at [D:\re\puppet\workspace\8-2-build-windows-amd64-cygwin\jdk8u73\6086\hotspot\src\share\vm\prims\jvm.cpp, line 1386]
Event: 1.247 Thread 0x00000000020ab000 Exception <a 'java/security/PrivilegedActionException'> (0x000000076b13f900) thrown at [D:\re\puppet\workspace\8-2-build-windows-amd64-cygwin\jdk8u73\6086\hotspot\src\share\vm\prims\jvm.cpp, line 1386]
Event: 1.453 Thread 0x00000000020ab000 Exception <a 'java/security/PrivilegedActionException'> (0x000000076b1c8a50) thrown at [D:\re\puppet\workspace\8-2-build-windows-amd64-cygwin\jdk8u73\6086\hotspot\src\share\vm\prims\jvm.cpp, line 1386]
Event: 1.453 Thread 0x00000000020ab000 Exception <a 'java/security/PrivilegedActionException'> (0x000000076b1c8e48) thrown at [D:\re\puppet\workspace\8-2-build-windows-amd64-cygwin\jdk8u73\6086\hotspot\src\share\vm\prims\jvm.cpp, line 1386]
Event: 1.468 Thread 0x00000000020ab000 Exception <a 'java/security/PrivilegedActionException'> (0x000000076b1d7520) thrown at [D:\re\puppet\workspace\8-2-build-windows-amd64-cygwin\jdk8u73\6086\hotspot\src\share\vm\prims\jvm.cpp, line 1386]
Event: 1.468 Thread 0x00000000020ab000 Exception <a 'java/security/PrivilegedActionException'> (0x000000076b1d7918) thrown at [D:\re\puppet\workspace\8-2-build-windows-amd64-cygwin\jdk8u73\6086\hotspot\src\share\vm\prims\jvm.cpp, line 1386]

Events (10 events):
Event: 17.208 loading class sun/nio/cs/ISO_8859_1$Decoder done
Event: 17.208 loading class com/teradata/xcore/net/util/ByteArrayPool
Event: 17.208 loading class com/teradata/xcore/net/util/ByteArrayPool done
Event: 17.214 loading class com/teradata/xcore/net/util/ByteArrayPool$BAThreadLocal
Event: 17.214 loading class com/teradata/xcore/net/util/ByteArrayPool$BAThreadLocal done
Event: 17.214 loading class com/teradata/xcore/net/util/LineInput$LineBuffer
Event: 17.214 loading class com/teradata/xcore/net/util/LineInput$LineBuffer done
Event: 17.215 loading class com/teradata/xcore/net/util/HttpFields
Event: 17.215 loading class com/teradata/xcore/net/util/HttpFields done
Event: 17.216 Executing VM operation: CollectForMetadataAllocation


Dynamic libraries:
0x000000013f3d0000 - 0x000000013f407000 	E:\Java\jdk1.8.0_73\bin\java.exe
0x0000000077690000 - 0x000000007783a000 	C:\Windows\SYSTEM32\ntdll.dll
0x0000000077470000 - 0x000000007758f000 	C:\Windows\system32\kernel32.dll
0x000007fefd400000 - 0x000007fefd46a000 	C:\Windows\system32\KERNELBASE.dll
0x000007fefdf10000 - 0x000007fefdfeb000 	C:\Windows\system32\ADVAPI32.dll
0x000007feff680000 - 0x000007feff71f000 	C:\Windows\system32\msvcrt.dll
0x000007fefdb00000 - 0x000007fefdb1f000 	C:\Windows\SYSTEM32\sechost.dll
0x000007feff550000 - 0x000007feff67d000 	C:\Windows\system32\RPCRT4.dll
0x0000000077590000 - 0x000000007768a000 	C:\Windows\system32\USER32.dll
0x000007fefdc30000 - 0x000007fefdc97000 	C:\Windows\system32\GDI32.dll
0x000007feff080000 - 0x000007feff08e000 	C:\Windows\system32\LPK.dll
0x000007feff130000 - 0x000007feff1fa000 	C:\Windows\system32\USP10.dll
0x000007fefbbc0000 - 0x000007fefbdb4000 	C:\Windows\WinSxS\amd64_microsoft.windows.common-controls_6595b64144ccf1df_6.0.7601.18837_none_fa3b1e3d17594757\COMCTL32.dll
0x000007feff200000 - 0x000007feff271000 	C:\Windows\system32\SHLWAPI.dll
0x000007fefd2b0000 - 0x000007fefd307000 	C:\Windows\system32\apphelp.dll
0x000007fef76a0000 - 0x000007fef78a0000 	C:\Windows\AppPatch\AppPatch64\EMET64.dll
0x000007fefed80000 - 0x000007fefedae000 	C:\Windows\system32\IMM32.DLL
0x000007fefdb20000 - 0x000007fefdc29000 	C:\Windows\system32\MSCTF.dll
0x000007fef7310000 - 0x000007fef73b7000 	C:\Program Files\McAfee\Host Intrusion Prevention\HcApi.dll
0x00000000708e0000 - 0x00000000708ec000 	C:\Program Files\McAfee\Host Intrusion Prevention\HcThe.dll
0x000000006d4f0000 - 0x000000006d5c2000 	E:\Java\jdk1.8.0_73\jre\bin\msvcr100.dll
0x0000000069550000 - 0x0000000069de0000 	E:\Java\jdk1.8.0_73\jre\bin\server\jvm.dll
0x000007fef9bf0000 - 0x000007fef9bf9000 	C:\Windows\system32\WSOCK32.dll
0x000007feff930000 - 0x000007feff97d000 	C:\Windows\system32\WS2_32.dll
0x000007fefee30000 - 0x000007fefee38000 	C:\Windows\system32\NSI.dll
0x000007fef8d90000 - 0x000007fef8dcb000 	C:\Windows\system32\WINMM.dll
0x000007fefc480000 - 0x000007fefc48c000 	C:\Windows\system32\VERSION.dll
0x0000000077850000 - 0x0000000077857000 	C:\Windows\system32\PSAPI.DLL
0x000000006d4e0000 - 0x000000006d4ef000 	E:\Java\jdk1.8.0_73\jre\bin\verify.dll
0x000000006d4b0000 - 0x000000006d4d9000 	E:\Java\jdk1.8.0_73\jre\bin\java.dll
0x000000006d490000 - 0x000000006d4a6000 	E:\Java\jdk1.8.0_73\jre\bin\zip.dll
0x000007fefdff0000 - 0x000007fefed7a000 	C:\Windows\system32\SHELL32.dll
0x000007feff720000 - 0x000007feff923000 	C:\Windows\system32\ole32.dll
0x000007fefd3c0000 - 0x000007fefd3cf000 	C:\Windows\system32\profapi.dll
0x000000006d470000 - 0x000000006d48a000 	E:\Java\jdk1.8.0_73\jre\bin\net.dll
0x000007fefcb00000 - 0x000007fefcb55000 	C:\Windows\system32\mswsock.dll
0x000007fefcc40000 - 0x000007fefcc47000 	C:\Windows\System32\wship6.dll
0x000007fefc990000 - 0x000007fefc9eb000 	C:\Windows\system32\DNSAPI.dll
0x000007fefab60000 - 0x000007fefab87000 	C:\Windows\system32\IPHLPAPI.DLL
0x000007fefab50000 - 0x000007fefab5b000 	C:\Windows\system32\WINNSI.DLL
0x000007fefc550000 - 0x000007fefc557000 	C:\Windows\System32\wshtcpip.dll
0x000007fefa460000 - 0x000007fefa468000 	C:\Windows\system32\rasadhlp.dll
0x000007fefa580000 - 0x000007fefa5d3000 	C:\Windows\System32\fwpuclnt.dll
0x000007fefba90000 - 0x000007fefbbb5000 	C:\Windows\system32\DBGHELP.DLL

VM Arguments:
java_command: com.teradata.xcore.net.Poster http://10.138.21.18:14444 //10.138.21.18/Teradata/MDM/3.05.02/custom/pngrelease3/bin/pngMDM_Trillium_invokeTestTrilliumService_BEL.xml
java_class_path (initial): bin;.;../../..\lib\commons-dbcp2-2.1.jar;../../..\lib\commons-pool2-2.3.jar;;../../..\custom\pngrelease3;../../..\custom\pngrelease3\cfg;../../..\custom\pngrelease3\cfg\properties;../../..\lib\override;../../..\lib\bpe-util.jar;../../..\lib\mdm-server.jar;../../..\lib\bpe-tools.jar;../../..\lib\bpe-mcore.jar;../../..\custom\pngrelease3\cfg;../../..\custom\pngrelease3\cfg\properties;../../..\custom\pngrelease3\cfg\xservice\png;../../..\custom\pngrelease3\cfg\xservice\png\mdm_setup;../../..\cfg\properties;../../..\cfg\xservice\toolkit;../../..\cfg\xservice\toolkit\mdm_setup;../../..\cfg;../../..\lib;../../..\lib\bpe-server.jar;../../..\lib\bpe-services.jar;;../../..\lib\xercesImpl.jar;../../..\lib\xml-apis.jar;../../..\lib\serializer.jar;../../..\lib\xalan.jar;../../..\lib\jdom.jar;../../..\lib\commons-codec-1.10.jar;../../..\lib\commons-httpclient-3.1.jar;../../..\lib\not-yet-commons-ssl.jar;../../..\lib\wsdl4j.jar;../../..\lib\xmlsec.jar;../../..\lib\opensaml.jar;../../..\lib\wss4j.jar;../../..\lib\httpclient.jar;../../..\lib\httpcore.jar;../../..\lib\axiom-api.jar;;../../..\lib\mail.jar;../../..\lib\activation.jar;../../..\lib\jdbc2_0-stdext.jar;../../..\lib\terajdbc4.jar;../../..\lib\tdgssconfig.jar;../../..\lib\bpe-util.jar;../../..\lib\bcm_xservice.jar;../../..\lib\jcert.jar;../../..\web\mdmclient\WEB-INF\bcm\cfg\properties;../../..\web\mdmclient\WEB-INF\bcm\cfg;../../..\web\mdmclient\WEB-INF\lib\bpe-x2.jar;../../..\web\mdmclient\WEB-INF\classes;../../..\web\mdmclient\WEB-INF\lib\log4j.jar;;../../..\lib\poi-3.10.1-20140818.jar;../../..\lib\commons-fileupload.jar;../../..\lib\commons-logging.jar;../../..\lib\poi-ooxml-3.10.1-20140818.jar;../../..\lib\poi-ooxml-schemas-3.10.1-20140818.jar;../../..\lib\poi-scratchpad-3.10.1-20140818.jar;../../..\lib\poi-excelant-3.10.1-20140818.jar;../../..\lib\dom4j.jar;../../..\lib\geronimo-stax-api_1.0_spec.jar;../../..\lib\xmlbeans.jar; ;"E:\Java\jdk1.8.0_73"\lib\tools.jar;../../..\lib\jms.jar;../..
Launcher Type: SUN_STANDARD

Environment Variables:
JAVA_HOME="E:\Java\jdk1.8.0_73"
PATH="E:\Java\jdk1.8.0_73"\bin;"E:\Java\jdk1.8.0_73"\bin;C:\ProgramData\Oracle\Java\javapath;C:\Program Files (x86)\Teradata\Teradata Performance Monitor Object 15.00\;C:\Program Files\Teradata\client\15.00\Teradata Parallel Transporter\bin64;C:\Program Files\Teradata\client\15.00\Teradata Parallel Transporter\msg64;C:\Program Files (x86)\Teradata\client\15.00\Teradata Parallel Transporter\bin;C:\Program Files (x86)\Teradata\client\15.00\Teradata Parallel Transporter\msg;C:\Program Files\Teradata\Client\15.00\bin;C:\Program Files (x86)\Teradata\Client\15.00\bin;C:\Program Files\Teradata\Client\15.00\ODBC Driver for Teradata nt-x8664\Lib;C:\Program Files (x86)\Teradata\Client\15.00\ODBC Driver for Teradata\Lib;C:\Program Files\Teradata\Client\15.00\bin\;C:\Program Files (x86)\Teradata\Client\15.00\bin\;C:\Program Files (x86)\Teradata\Client\13.10\bin\;C:\Windows\system32;C:\Windows;C:\Windows\system32\wbem;C:\Windows\system32\windowspowershell\v1.0\;D:\SVVSTools;C:\Windows\System32\WindowsPowerShell\v1.0\;C:\Program Files (x86)\Java\jre1.6.0\bin;C:\usr\local\monitor\c\bin;C:\usr\local\monitor\perl\site\bin;C:\usr\local\monitor\perl\bin;C:\Program Files\McAfee\Solidcore\Tools\GatherInfo;C:\Program Files\McAfee\Solidcore\Tools\Scanalyzer;C:\Program Files\McAfee\Solidcore\;C:\Program Files\McAfee\Solidcore\Tools\ScGetCerts;E:\ScheduleIn\Agent\bin
USERNAME=S606878_Admin
OS=Windows_NT
PROCESSOR_IDENTIFIER=Intel64 Family 6 Model 63 Stepping 2, GenuineIntel



---------------  S Y S T E M  ---------------

OS: Windows Server 2008 R2 , 64 bit Build 7601 (6.1.7601.23572)

CPU:total 4 (1 cores per cpu, 1 threads per core) family 6 model 63 stepping 2, cmov, cx8, fxsr, mmx, sse, sse2, sse3, ssse3, sse4.1, sse4.2, popcnt, avx, aes, clmul, tsc, tscinvbit

Memory: 4k page, physical 16776696k(6734316k free), swap 20969140k(789032k free)

vm_info: Java HotSpot(TM) 64-Bit Server VM (25.73-b02) for windows-amd64 JRE (1.8.0_73-b02), built on Jan 29 2016 17:38:49 by "java_re" with MS VC++ 10.0 (VS2010)

time: Wed Feb 15 15:53:16 2017
elapsed time: 32 seconds (0d 0h 0m 32s)

