#
# There is insufficient memory for the Java Runtime Environment to continue.
# Native memory allocation (malloc) failed to allocate 32744 bytes for ChunkPool::allocate
# Possible reasons:
#   The system is out of physical RAM or swap space
#   In 32 bit mode, the process size limit was hit
# Possible solutions:
#   Reduce memory load on the system
#   Increase physical memory or swap space
#   Check if swap backing store is full
#   Use 64 bit Java on a 64 bit OS
#   Decrease Java heap size (-Xmx/-Xms)
#   Decrease number of Java threads
#   Decrease Java thread stack sizes (-Xss)
#   Set larger code cache with -XX:ReservedCodeCacheSize=
# This output file may be truncated or incomplete.
#
#  Out of Memory Error (allocation.cpp:273), pid=118864, tid=119324
#
# JRE version: Java(TM) SE Runtime Environment (8.0_73-b02) (build 1.8.0_73-b02)
# Java VM: Java HotSpot(TM) 64-Bit Server VM (25.73-b02 mixed mode windows-amd64 compressed oops)
# Core dump written. Default location: E:\Teradata\MDM\3.05.02\custom\pngrelease3\bin\hs_err_pid118864.mdmp
#

---------------  T H R E A D  ---------------

Current thread (0x000000001d2b4800):  JavaThread "C2 CompilerThread0" daemon [_thread_in_native, id=119324, stack(0x000000001d980000,0x000000001da80000)]

Stack: [0x000000001d980000,0x000000001da80000]
[error occurred during error reporting (printing stack bounds), id 0xc0000005]

Native frames: (J=compiled Java code, j=interpreted, Vv=VM code, C=native code)


Current CompileTask:
C2:   8881   59 %     4       java.lang.String::indexOf @ 37 (70 bytes)


---------------  P R O C E S S  ---------------

Java Threads: ( => current thread )
  0x000000001e622800 JavaThread "PooledThread-10" daemon [_thread_blocked, id=119560, stack(0x000000001f860000,0x000000001f960000)]
  0x000000001bedf800 JavaThread "Service Thread" daemon [_thread_blocked, id=119340, stack(0x000000001dbf0000,0x000000001dcf0000)]
  0x000000001d2b8800 JavaThread "C1 CompilerThread2" daemon [_thread_in_native, id=119336, stack(0x000000001df10000,0x000000001e010000)]
  0x000000001d2b7800 JavaThread "C2 CompilerThread1" daemon [_thread_blocked, id=119332, stack(0x000000001dd40000,0x000000001de40000)]
=>0x000000001d2b4800 JavaThread "C2 CompilerThread0" daemon [_thread_in_native, id=119324, stack(0x000000001d980000,0x000000001da80000)]
  0x000000001d2b0800 JavaThread "Attach Listener" daemon [_thread_blocked, id=119320, stack(0x000000001da90000,0x000000001db90000)]
  0x000000001beda000 JavaThread "Signal Dispatcher" daemon [_thread_blocked, id=119316, stack(0x000000001d880000,0x000000001d980000)]
  0x000000001be7b800 JavaThread "Finalizer" daemon [_thread_blocked, id=119308, stack(0x000000001d1b0000,0x000000001d2b0000)]
  0x000000001be74800 JavaThread "Reference Handler" daemon [_thread_blocked, id=119304, stack(0x000000001ce00000,0x000000001cf00000)]
  0x00000000020ab000 JavaThread "main" [_thread_in_native, id=119148, stack(0x00000000023a0000,0x00000000024a0000)]

Other Threads:
  0x000000001be6f000 VMThread [stack: 0x000000001cf90000,0x000000001d090000] [id=119252]
  0x000000001d33f800 WatcherThread [stack: 0x000000001e110000,0x000000001e210000] [id=119344]

VM state:not at safepoint (normal execution)

VM Mutex/Monitor currently owned by a thread: None

Heap:
 PSYoungGen      total 76288K, used 17060K [0x000000076ab00000, 0x0000000770000000, 0x00000007c0000000)
  eden space 65536K, 26% used [0x000000076ab00000,0x000000076bba9198,0x000000076eb00000)
  from space 10752K, 0% used [0x000000076f580000,0x000000076f580000,0x0000000770000000)
  to   space 10752K, 0% used [0x000000076eb00000,0x000000076eb00000,0x000000076f580000)
 ParOldGen       total 175104K, used 0K [0x00000006c0000000, 0x00000006cab00000, 0x000000076ab00000)
  object space 175104K, 0% used [0x00000006c0000000,0x00000006c0000000,0x00000006cab00000)
 Metaspace       used 5291K, capacity 5780K, committed 6144K, reserved 1056768K
  class space    used 603K, capacity 656K, committed 768K, reserved 1048576K

Card table byte_map: [0x0000000011b30000,0x0000000012340000] byte_map_base: 0x000000000e530000

Marking Bits: (ParMarkBitMap*) 0x0000000069d60600
 Begin Bits: [0x0000000012ce0000, 0x0000000016ce0000)
 End Bits:   [0x0000000016ce0000, 0x000000001ace0000)

Polling page: 0x00000000002a0000

CodeCache: size=245760Kb used=1215Kb max_used=1215Kb free=244545Kb
 bounds [0x0000000002770000, 0x00000000029e0000, 0x0000000011770000]
 total_blobs=371 nmethods=91 adapters=193
 compilation: enabled

Compilation events (10 events):
Event: 1.592 Thread 0x000000001d2b8800   57       1       java.net.URL::getAuthority (5 bytes)
Event: 1.592 Thread 0x000000001d2b8800 nmethod 57 0x000000000288fc10 code [0x000000000288fd60, 0x000000000288fe70]
Event: 1.606 Thread 0x000000001d2b8800   58       3       java.util.BitSet::wordIndex (5 bytes)
Event: 1.606 Thread 0x000000001d2b8800 nmethod 58 0x000000000288fed0 code [0x0000000002890020, 0x0000000002890150]
Event: 1.607 Thread 0x000000001d2b4800   59 %     4       java.lang.String::indexOf @ 37 (70 bytes)
Event: 1.607 Thread 0x000000001d2b8800   60       3       java.lang.String::startsWith (7 bytes)
Event: 1.607 Thread 0x000000001d2b8800 nmethod 60 0x00000000028901d0 code [0x0000000002890340, 0x0000000002890548]
Event: 1.607 Thread 0x000000001d2b8800   61       3       java.util.BitSet::checkInvariants (111 bytes)
Event: 1.607 Thread 0x000000001d2b8800 nmethod 61 0x00000000028905d0 code [0x0000000002890720, 0x00000000028908b0]
Event: 1.607 Thread 0x000000001d2b8800   62       3       sun.net.www.ParseUtil::encodePath (336 bytes)

GC Heap History (0 events):
No events

Deoptimization events (1 events):
Event: 1.302 Thread 0x00000000020ab000 Uncommon trap: reason=unstable_if action=reinterpret pc=0x000000000288a208 method=java.lang.String.hashCode()I @ 14

Internal exceptions (5 events):
Event: 1.064 Thread 0x00000000020ab000 Exception <a 'java/lang/NoSuchMethodError': Method sun.misc.Unsafe.defineClass(Ljava/lang/String;[BII)Ljava/lang/Class; name or signature does not match> (0x000000076ab0eab0) thrown at [D:\re\puppet\workspace\8-2-build-windows-amd64-cygwin\jdk8u73\6086\hotsEÔ˜Ãñ?
Event: 1.064 Thread 0x00000000020ab000 Exception <a 'java/lang/NoSuchMethodError': Method sun.misc.Unsafe.prefetchRead(Ljava/lang/Object;J)V name or signature does not match> (0x000000076ab0ed98) thrown at [D:\re\puppet\workspace\8-2-build-windows-amd64-cygwin\jdk8u73\6086\hotspot\src\share\vm\ÀRT~kò?
Event: 1.129 Thread 0x00000000020ab000 Exception <a 'java/io/IOException'> (0x000000076ab867b8) thrown at [D:\re\puppet\workspace\8-2-build-windows-amd64-cygwin\jdk8u73\6086\hotspot\src\share\vm\prims\jni.cpp, line 709]
Event: 1.160 Thread 0x00000000020ab000 Exception <a 'java/security/PrivilegedActionException'> (0x000000076abaa6b0) thrown at [D:\re\puppet\workspace\8-2-build-windows-amd64-cygwin\jdk8u73\6086\hotspot\src\share\vm\prims\jvm.cpp, line 1386]
Event: 1.160 Thread 0x00000000020ab000 Exception <a 'java/security/PrivilegedActionException'> (0x000000076abaa8c0) thrown at [D:\re\puppet\workspace\8-2-build-windows-amd64-cygwin\jdk8u73\6086\hotspot\src\share\vm\prims\jvm.cpp, line 1386]

Events (10 events):
Event: 1.305 loading class sun/launcher/LauncherHelper$FXHelper
Event: 1.305 loading class sun/launcher/LauncherHelper$FXHelper done
Event: 1.305 loading class java/lang/Class$MethodArray
Event: 1.305 loading class java/lang/Class$MethodArray done
Event: 1.305 loading class java/net/MalformedURLException
Event: 1.306 loading class java/net/MalformedURLException done
Event: 1.306 loading class com/teradata/xcore/net/XserverException
Event: 1.306 loading class com/teradata/xcore/net/XserverException done
Event: 1.607 loading class com/teradata/xcore/util/XException
Event: 1.607 loading class com/teradata/xcore/util/XException done


Dynamic libraries:
0x000000013f3d0000 - 0x000000013f407000 	E:\Java\jdk1.8.0_73\bin\java.exe
0x0000000077690000 - 0x000000007783a000 	C:\Windows\SYSTEM32\ntdll.dll
0x0000000077470000 - 0x000000007758f000 	C:\Windows\system32\kernel32.dll
0x000007fefd400000 - 0x000007fefd46a000 	C:\Windows\system32\KERNELBASE.dll
0x000007fefdf10000 - 0x000007fefdfeb000 	C:\Windows\system32\ADVAPI32.dll
0x000007feff680000 - 0x000007feff71f000 	C:\Windows\system32\msvcrt.dll
0x000007fefdb00000 - 0x000007fefdb1f000 	C:\Windows\SYSTEM32\sechost.dll
0x000007feff550000 - 0x000007feff67d000 	C:\Windows\system32\RPCRT4.dll
0x0000000077590000 - 0x000000007768a000 	C:\Windows\system32\USER32.dll
0x000007fefdc30000 - 0x000007fefdc97000 	C:\Windows\system32\GDI32.dll
0x000007feff080000 - 0x000007feff08e000 	C:\Windows\system32\LPK.dll
0x000007feff130000 - 0x000007feff1fa000 	C:\Windows\system32\USP10.dll
0x000007fefbbc0000 - 0x000007fefbdb4000 	C:\Windows\WinSxS\amd64_microsoft.windows.common-controls_6595b64144ccf1df_6.0.7601.18837_none_fa3b1e3d17594757\COMCTL32.dll
0x000007feff200000 - 0x000007feff271000 	C:\Windows\system32\SHLWAPI.dll
0x000007fefd2b0000 - 0x000007fefd307000 	C:\Windows\system32\apphelp.dll
0x000007fef76a0000 - 0x000007fef78a0000 	C:\Windows\AppPatch\AppPatch64\EMET64.dll
0x000007fefed80000 - 0x000007fefedae000 	C:\Windows\system32\IMM32.DLL
0x000007fefdb20000 - 0x000007fefdc29000 	C:\Windows\system32\MSCTF.dll
0x000007fef7310000 - 0x000007fef73b7000 	C:\Program Files\McAfee\Host Intrusion Prevention\HcApi.dll
0x00000000708e0000 - 0x00000000708ec000 	C:\Program Files\McAfee\Host Intrusion Prevention\HcThe.dll
0x000000006d4f0000 - 0x000000006d5c2000 	E:\Java\jdk1.8.0_73\jre\bin\msvcr100.dll
0x0000000069550000 - 0x0000000069de0000 	E:\Java\jdk1.8.0_73\jre\bin\server\jvm.dll
0x000007fef9bf0000 - 0x000007fef9bf9000 	C:\Windows\system32\WSOCK32.dll
0x000007feff930000 - 0x000007feff97d000 	C:\Windows\system32\WS2_32.dll
0x000007fefee30000 - 0x000007fefee38000 	C:\Windows\system32\NSI.dll
0x000007fef8d90000 - 0x000007fef8dcb000 	C:\Windows\system32\WINMM.dll
0x000007fefc480000 - 0x000007fefc48c000 	C:\Windows\system32\VERSION.dll
0x0000000077850000 - 0x0000000077857000 	C:\Windows\system32\PSAPI.DLL
0x000000006d4e0000 - 0x000000006d4ef000 	E:\Java\jdk1.8.0_73\jre\bin\verify.dll
0x000000006d4b0000 - 0x000000006d4d9000 	E:\Java\jdk1.8.0_73\jre\bin\java.dll
0x000000006d490000 - 0x000000006d4a6000 	E:\Java\jdk1.8.0_73\jre\bin\zip.dll
0x000007fefdff0000 - 0x000007fefed7a000 	C:\Windows\system32\SHELL32.dll
0x000007feff720000 - 0x000007feff923000 	C:\Windows\system32\ole32.dll
0x000007fefd3c0000 - 0x000007fefd3cf000 	C:\Windows\system32\profapi.dll
0x000007fefba90000 - 0x000007fefbbb5000 	C:\Windows\system32\DBGHELP.DLL
0x000000006d470000 - 0x000000006d48a000 	E:\Java\jdk1.8.0_73\jre\bin\net.dll
0x000007fefcb00000 - 0x000007fefcb55000 	C:\Windows\system32\mswsock.dll
0x000007fefcc40000 - 0x000007fefcc47000 	C:\Windows\System32\wship6.dll
0x000007fefc990000 - 0x000007fefc9eb000 	C:\Windows\system32\DNSAPI.dll
0x000007fefab60000 - 0x000007fefab87000 	C:\Windows\system32\IPHLPAPI.DLL
0x000007fefab50000 - 0x000007fefab5b000 	C:\Windows\system32\WINNSI.DLL
0x000007fefc550000 - 0x000007fefc557000 	C:\Windows\System32\wshtcpip.dll
0x000007fefa460000 - 0x000007fefa468000 	C:\Windows\system32\rasadhlp.dll
0x000007fefa580000 - 0x000007fefa5d3000 	C:\Windows\System32\fwpuclnt.dll

VM Arguments:
java_command: com.teradata.xcore.net.Poster http://10.138.21.18:14444 //10.138.21.18/Teradata/MDM/3.05.02/custom/pngrelease3/bin/pngMDM_Trillium_CPUUtil_DEU.xml
java_class_path (initial): bin;.;../../..\lib\commons-dbcp2-2.1.jar;../../..\lib\commons-pool2-2.3.jar;;../../..\custom\pngrelease3;../../..\custom\pngrelease3\cfg;../../..\custom\pngrelease3\cfg\properties;../../..\lib\override;../../..\lib\bpe-util.jar;../../..\lib\mdm-server.jar;../../..\lib\bpe-tools.jar;../../..\lib\bpe-mcore.jar;../../..\custom\pngrelease3\cfg;../../..\custom\pngrelease3\cfg\properties;../../..\custom\pngrelease3\cfg\xservice\png;../../..\custom\pngrelease3\cfg\xservice\png\mdm_setup;../../..\cfg\properties;../../..\cfg\xservice\toolkit;../../..\cfg\xservice\toolkit\mdm_setup;../../..\cfg;../../..\lib;../../..\lib\bpe-server.jar;../../..\lib\bpe-services.jar;;../../..\lib\xercesImpl.jar;../../..\lib\xml-apis.jar;../../..\lib\serializer.jar;../../..\lib\xalan.jar;../../..\lib\jdom.jar;../../..\lib\commons-codec-1.10.jar;../../..\lib\commons-httpclient-3.1.jar;../../..\lib\not-yet-commons-ssl.jar;../../..\lib\wsdl4j.jar;../../..\lib\xmlsec.jar;../../..\lib\opensaml.jar;../../..\lib\wss4j.jar;../../..\lib\httpclient.jar;../../..\lib\httpcore.jar;../../..\lib\axiom-api.jar;;../../..\lib\mail.jar;../../..\lib\activation.jar;../../..\lib\jdbc2_0-stdext.jar;../../..\lib\terajdbc4.jar;../../..\lib\tdgssconfig.jar;../../..\lib\bpe-util.jar;../../..\lib\bcm_xservice.jar;../../..\lib\jcert.jar;../../..\web\mdmclient\WEB-INF\bcm\cfg\properties;../../..\web\mdmclient\WEB-INF\bcm\cfg;../../..\web\mdmclient\WEB-INF\lib\bpe-x2.jar;../../..\web\mdmclient\WEB-INF\classes;../../..\web\mdmclient\WEB-INF\lib\log4j.jar;;../../..\lib\poi-3.10.1-20140818.jar;../../..\lib\commons-fileupload.jar;../../..\lib\commons-logging.jar;../../..\lib\poi-ooxml-3.10.1-20140818.jar;../../..\lib\poi-ooxml-schemas-3.10.1-20140818.jar;../../..\lib\poi-scratchpad-3.10.1-20140818.jar;../../..\lib\poi-excelant-3.10.1-20140818.jar;../../..\lib\dom4j.jar;../../..\lib\geronimo-stax-api_1.0_spec.jar;../../..\lib\xmlbeans.jar; ;"E:\Java\jdk1.8.0_73"\lib\tools.jar;../../..\lib\jms.jar;../..
Launcher Type: SUN_STANDARD

Environment Variables:
JAVA_HOME="E:\Java\jdk1.8.0_73"
PATH="E:\Java\jdk1.8.0_73"\bin;"E:\Java\jdk1.8.0_73"\bin;C:\ProgramData\Oracle\Java\javapath;C:\Program Files (x86)\Teradata\Teradata Performance Monitor Object 15.00\;C:\Program Files\Teradata\client\15.00\Teradata Parallel Transporter\bin64;C:\Program Files\Teradata\client\15.00\Teradata Parallel Transporter\msg64;C:\Program Files (x86)\Teradata\client\15.00\Teradata Parallel Transporter\bin;C:\Program Files (x86)\Teradata\client\15.00\Teradata Parallel Transporter\msg;C:\Program Files\Teradata\Client\15.00\bin;C:\Program Files (x86)\Teradata\Client\15.00\bin;C:\Program Files\Teradata\Client\15.00\ODBC Driver for Teradata nt-x8664\Lib;C:\Program Files (x86)\Teradata\Client\15.00\ODBC Driver for Teradata\Lib;C:\Program Files\Teradata\Client\15.00\bin\;C:\Program Files (x86)\Teradata\Client\15.00\bin\;C:\Program Files (x86)\Teradata\Client\13.10\bin\;C:\Windows\system32;C:\Windows;C:\Windows\system32\wbem;C:\Windows\system32\windowspowershell\v1.0\;D:\SVVSTools;C:\Windows\System32\WindowsPowerShell\v1.0\;C:\Program Files (x86)\Java\jre1.6.0\bin;C:\usr\local\monitor\c\bin;C:\usr\local\monitor\perl\site\bin;C:\usr\local\monitor\perl\bin;C:\Program Files\McAfee\Solidcore\Tools\GatherInfo;C:\Program Files\McAfee\Solidcore\Tools\Scanalyzer;C:\Program Files\McAfee\Solidcore\;C:\Program Files\McAfee\Solidcore\Tools\ScGetCerts;E:\ScheduleIn\Agent\bin
USERNAME=S606878_Admin
OS=Windows_NT
PROCESSOR_IDENTIFIER=Intel64 Family 6 Model 63 Stepping 2, GenuineIntel



---------------  S Y S T E M  ---------------

OS: Windows Server 2008 R2 , 64 bit Build 7601 (6.1.7601.23572)

CPU:total 4 (1 cores per cpu, 1 threads per core) family 6 model 63 stepping 2, cmov, cx8, fxsr, mmx, sse, sse2, sse3, ssse3, sse4.1, sse4.2, popcnt, avx, aes, clmul, tsc, tscinvbit

Memory: 4k page, physical 16776696k(6776620k free), swap 20969140k(463420k free)

vm_info: Java HotSpot(TM) 64-Bit Server VM (25.73-b02) for windows-amd64 JRE (1.8.0_73-b02), built on Jan 29 2016 17:38:49 by "java_re" with MS VC++ 10.0 (VS2010)

time: Sun Feb 12 04:13:56 2017
elapsed time: 8 seconds (0d 0h 0m 8s)

