#
# There is insufficient memory for the Java Runtime Environment to continue.
# Native memory allocation (malloc) failed to allocate 76288 bytes for Chunk::new
# Possible reasons:
#   The system is out of physical RAM or swap space
#   In 32 bit mode, the process size limit was hit
# Possible solutions:
#   Reduce memory load on the system
#   Increase physical memory or swap space
#   Check if swap backing store is full
#   Use 64 bit Java on a 64 bit OS
#   Decrease Java heap size (-Xmx/-Xms)
#   Decrease number of Java threads
#   Decrease Java thread stack sizes (-Xss)
#   Set larger code cache with -XX:ReservedCodeCacheSize=
# This output file may be truncated or incomplete.
#
#  Out of Memory Error (allocation.cpp:390), pid=216464, tid=216952
#
# JRE version: Java(TM) SE Runtime Environment (8.0_73-b02) (build 1.8.0_73-b02)
# Java VM: Java HotSpot(TM) 64-Bit Server VM (25.73-b02 mixed mode windows-amd64 compressed oops)
# Failed to write core dump. 
#

---------------  T H R E A D  ---------------

Current thread (0x000000001d3b8000):  JavaThread "C2 CompilerThread1" daemon [_thread_in_native, id=216952, stack(0x000000001dab0000,0x000000001dbb0000)]

Stack: [0x000000001dab0000,0x000000001dbb0000]
[error occurred during error reporting (printing stack bounds), id 0xc0000005]

Native frames: (J=compiled Java code, j=interpreted, Vv=VM code, C=native code)


Current CompileTask:
C2:   3635  205       4       sun.net.www.ParseUtil::encodePath (336 bytes)


---------------  P R O C E S S  ---------------

Java Threads: ( => current thread )
  0x000000001d420000 JavaThread "Service Thread" daemon [_thread_blocked, id=216960, stack(0x000000001dd60000,0x000000001de60000)]
  0x000000001d405000 JavaThread "C1 CompilerThread2" daemon [_thread_blocked, id=216956, stack(0x000000001dc50000,0x000000001dd50000)]
=>0x000000001d3b8000 JavaThread "C2 CompilerThread1" daemon [_thread_in_native, id=216952, stack(0x000000001dab0000,0x000000001dbb0000)]
  0x000000001d3b5000 JavaThread "C2 CompilerThread0" daemon [_thread_blocked, id=216948, stack(0x000000001d7e0000,0x000000001d8e0000)]
  0x000000001d3b0800 JavaThread "Attach Listener" daemon [_thread_blocked, id=216944, stack(0x000000001d8e0000,0x000000001d9e0000)]
  0x000000001beaa000 JavaThread "Signal Dispatcher" daemon [_thread_blocked, id=216940, stack(0x000000001d1b0000,0x000000001d2b0000)]
  0x000000001be45800 JavaThread "Finalizer" daemon [_thread_blocked, id=216936, stack(0x000000001d2b0000,0x000000001d3b0000)]
  0x000000001be44800 JavaThread "Reference Handler" daemon [_thread_blocked, id=216932, stack(0x000000001d090000,0x000000001d190000)]
  0x000000000207a000 JavaThread "main" [_thread_in_Java, id=216848, stack(0x0000000002220000,0x0000000002320000)]

Other Threads:
  0x000000001be3f000 VMThread [stack: 0x000000001cf70000,0x000000001d070000] [id=216908]
  0x000000001d44f000 WatcherThread [stack: 0x000000001deb0000,0x000000001dfb0000] [id=216964]

VM state:not at safepoint (normal execution)

VM Mutex/Monitor currently owned by a thread: None

Heap:
 PSYoungGen      total 76288K, used 9194K [0x000000076ab00000, 0x0000000770000000, 0x00000007c0000000)
  eden space 65536K, 14% used [0x000000076ab00000,0x000000076b3fabe8,0x000000076eb00000)
  from space 10752K, 0% used [0x000000076f580000,0x000000076f580000,0x0000000770000000)
  to   space 10752K, 0% used [0x000000076eb00000,0x000000076eb00000,0x000000076f580000)
 ParOldGen       total 175104K, used 0K [0x00000006c0000000, 0x00000006cab00000, 0x000000076ab00000)
  object space 175104K, 0% used [0x00000006c0000000,0x00000006c0000000,0x00000006cab00000)
 Metaspace       used 3637K, capacity 5100K, committed 5376K, reserved 1056768K
  class space    used 405K, capacity 488K, committed 512K, reserved 1048576K

Card table byte_map: [0x00000000119b0000,0x00000000121c0000] byte_map_base: 0x000000000e3b0000

Marking Bits: (ParMarkBitMap*) 0x0000000068db0600
 Begin Bits: [0x0000000012cb0000, 0x0000000016cb0000)
 End Bits:   [0x0000000016cb0000, 0x000000001acb0000)

Polling page: 0x0000000000390000

CodeCache: size=245760Kb used=1725Kb max_used=1736Kb free=244034Kb
 bounds [0x00000000025f0000, 0x0000000002860000, 0x00000000115f0000]
 total_blobs=470 nmethods=234 adapters=149
 compilation: enabled

Compilation events (10 events):
Event: 3.430 Thread 0x000000001d405000  207       1       java.net.URLClassLoader::access$000 (5 bytes)
Event: 3.430 Thread 0x000000001d405000 nmethod 207 0x00000000027889d0 code [0x0000000002788b20, 0x0000000002788c10]
Event: 3.431 Thread 0x000000001d405000  208       3       java.lang.String::equalsIgnoreCase (48 bytes)
Event: 3.432 Thread 0x000000001d405000 nmethod 208 0x000000000278f150 code [0x000000000278f2c0, 0x000000000278f628]
Event: 3.432 Thread 0x000000001d405000  209       1       java.security.CodeSource::getLocation (5 bytes)
Event: 3.432 Thread 0x000000001d405000 nmethod 209 0x000000000278a290 code [0x000000000278a3e0, 0x000000000278a4f0]
Event: 3.432 Thread 0x000000001d405000  210       3       sun.misc.URLClassPath::getResource (83 bytes)
Event: 3.432 Thread 0x000000001d3b5000 nmethod 206 0x000000000278cf10 code [0x000000000278d040, 0x000000000278d1b8]
Event: 3.432 Thread 0x000000001d405000 nmethod 210 0x000000000278ea50 code [0x000000000278ebe0, 0x000000000278efa8]
Event: 3.433 Thread 0x000000001d3b5000  211       4       java.lang.String::<init> (82 bytes)

GC Heap History (0 events):
No events

Deoptimization events (1 events):
Event: 1.055 Thread 0x000000000207a000 Uncommon trap: reason=unstable_if action=reinterpret pc=0x000000000270a988 method=java.lang.String.hashCode()I @ 14

Internal exceptions (10 events):
Event: 2.144 Thread 0x000000000207a000 Exception <a 'java/io/FileNotFoundException'> (0x000000076ae64340) thrown at [D:\re\puppet\workspace\8-2-build-windows-amd64-cygwin\jdk8u73\6086\hotspot\src\share\vm\prims\jni.cpp, line 709]
Event: 2.144 Thread 0x000000000207a000 Exception <a 'java/io/FileNotFoundException'> (0x000000076ae65068) thrown at [D:\re\puppet\workspace\8-2-build-windows-amd64-cygwin\jdk8u73\6086\hotspot\src\share\vm\prims\jni.cpp, line 709]
Event: 2.952 Thread 0x000000000207a000 Exception <a 'java/security/PrivilegedActionException'> (0x000000076aff4b10) thrown at [D:\re\puppet\workspace\8-2-build-windows-amd64-cygwin\jdk8u73\6086\hotspot\src\share\vm\prims\jvm.cpp, line 1386]
Event: 2.952 Thread 0x000000000207a000 Exception <a 'java/security/PrivilegedActionException'> (0x000000076aff4f08) thrown at [D:\re\puppet\workspace\8-2-build-windows-amd64-cygwin\jdk8u73\6086\hotspot\src\share\vm\prims\jvm.cpp, line 1386]
Event: 2.952 Thread 0x000000000207a000 Exception <a 'java/security/PrivilegedActionException'> (0x000000076aff7990) thrown at [D:\re\puppet\workspace\8-2-build-windows-amd64-cygwin\jdk8u73\6086\hotspot\src\share\vm\prims\jvm.cpp, line 1386]
Event: 2.952 Thread 0x000000000207a000 Exception <a 'java/security/PrivilegedActionException'> (0x000000076aff7d88) thrown at [D:\re\puppet\workspace\8-2-build-windows-amd64-cygwin\jdk8u73\6086\hotspot\src\share\vm\prims\jvm.cpp, line 1386]
Event: 3.395 Thread 0x000000000207a000 Exception <a 'java/security/PrivilegedActionException'> (0x000000076b080e50) thrown at [D:\re\puppet\workspace\8-2-build-windows-amd64-cygwin\jdk8u73\6086\hotspot\src\share\vm\prims\jvm.cpp, line 1386]
Event: 3.395 Thread 0x000000000207a000 Exception <a 'java/security/PrivilegedActionException'> (0x000000076b081248) thrown at [D:\re\puppet\workspace\8-2-build-windows-amd64-cygwin\jdk8u73\6086\hotspot\src\share\vm\prims\jvm.cpp, line 1386]
Event: 3.408 Thread 0x000000000207a000 Exception <a 'java/security/PrivilegedActionException'> (0x000000076b08f920) thrown at [D:\re\puppet\workspace\8-2-build-windows-amd64-cygwin\jdk8u73\6086\hotspot\src\share\vm\prims\jvm.cpp, line 1386]
Event: 3.408 Thread 0x000000000207a000 Exception <a 'java/security/PrivilegedActionException'> (0x000000076b08fd18) thrown at [D:\re\puppet\workspace\8-2-build-windows-amd64-cygwin\jdk8u73\6086\hotspot\src\share\vm\prims\jvm.cpp, line 1386]

Events (10 events):
Event: 3.430 loading class org/apache/xerces/xni/parser/XMLDTDScanner
Event: 3.430 loading class org/apache/xerces/xni/parser/XMLDTDScanner done
Event: 3.431 loading class org/apache/xerces/xni/parser/XMLDTDSource
Event: 3.431 loading class org/apache/xerces/xni/parser/XMLDTDSource done
Event: 3.432 loading class org/apache/xerces/xni/parser/XMLDTDContentModelSource
Event: 3.432 loading class org/apache/xerces/xni/parser/XMLDTDContentModelSource done
Event: 3.433 loading class org/apache/xerces/xni/parser/XMLDocumentScanner
Event: 3.433 loading class org/apache/xerces/xni/parser/XMLDocumentScanner done
Event: 3.434 loading class org/apache/xerces/xni/parser/XMLDocumentSource
Event: 3.434 loading class org/apache/xerces/xni/parser/XMLDocumentSource done


Dynamic libraries:
0x000000013fa70000 - 0x000000013faa7000 	E:\Java\jdk1.8.0_73\bin\java.exe
0x0000000077430000 - 0x00000000775da000 	C:\Windows\SYSTEM32\ntdll.dll
0x0000000077310000 - 0x000000007742f000 	C:\Windows\system32\kernel32.dll
0x000007fefd470000 - 0x000007fefd4da000 	C:\Windows\system32\KERNELBASE.dll
0x000007fefd520000 - 0x000007fefd5fb000 	C:\Windows\system32\ADVAPI32.dll
0x000007fefd960000 - 0x000007fefd9ff000 	C:\Windows\system32\msvcrt.dll
0x000007feff220000 - 0x000007feff23f000 	C:\Windows\SYSTEM32\sechost.dll
0x000007fefd7e0000 - 0x000007fefd90d000 	C:\Windows\system32\RPCRT4.dll
0x0000000077210000 - 0x000000007730a000 	C:\Windows\system32\USER32.dll
0x000007fefda00000 - 0x000007fefda67000 	C:\Windows\system32\GDI32.dll
0x000007feff450000 - 0x000007feff45e000 	C:\Windows\system32\LPK.dll
0x000007fefde40000 - 0x000007fefdf0a000 	C:\Windows\system32\USP10.dll
0x000007fefba30000 - 0x000007fefbc24000 	C:\Windows\WinSxS\amd64_microsoft.windows.common-controls_6595b64144ccf1df_6.0.7601.18837_none_fa3b1e3d17594757\COMCTL32.dll
0x000007fefecc0000 - 0x000007fefed31000 	C:\Windows\system32\SHLWAPI.dll
0x000007fefcf60000 - 0x000007fefcfb7000 	C:\Windows\system32\apphelp.dll
0x000007fef75f0000 - 0x000007fef77f0000 	C:\Windows\AppPatch\AppPatch64\EMET64.dll
0x000007fefdd00000 - 0x000007fefdd2e000 	C:\Windows\system32\IMM32.DLL
0x000007fefdd30000 - 0x000007fefde39000 	C:\Windows\system32\MSCTF.dll
0x000007fedd200000 - 0x000007fedd2a7000 	C:\Program Files\McAfee\Host Intrusion Prevention\HcApi.dll
0x0000000074100000 - 0x000000007410c000 	C:\Program Files\McAfee\Host Intrusion Prevention\HcThe.dll
0x0000000071cc0000 - 0x0000000071d92000 	E:\Java\jdk1.8.0_73\jre\bin\msvcr100.dll
0x00000000685a0000 - 0x0000000068e30000 	E:\Java\jdk1.8.0_73\jre\bin\server\jvm.dll
0x000007fef9990000 - 0x000007fef9999000 	C:\Windows\system32\WSOCK32.dll
0x000007fefd910000 - 0x000007fefd95d000 	C:\Windows\system32\WS2_32.dll
0x000007feff210000 - 0x000007feff218000 	C:\Windows\system32\NSI.dll
0x000007fef8b10000 - 0x000007fef8b4b000 	C:\Windows\system32\WINMM.dll
0x000007fefc220000 - 0x000007fefc22c000 	C:\Windows\system32\VERSION.dll
0x0000000077600000 - 0x0000000077607000 	C:\Windows\system32\PSAPI.DLL
0x0000000072d30000 - 0x0000000072d3f000 	E:\Java\jdk1.8.0_73\jre\bin\verify.dll
0x00000000723f0000 - 0x0000000072419000 	E:\Java\jdk1.8.0_73\jre\bin\java.dll
0x00000000724e0000 - 0x00000000724f6000 	E:\Java\jdk1.8.0_73\jre\bin\zip.dll
0x000007fefdf10000 - 0x000007fefec9a000 	C:\Windows\system32\SHELL32.dll
0x000007feff240000 - 0x000007feff443000 	C:\Windows\system32\ole32.dll
0x000007fefd170000 - 0x000007fefd17f000 	C:\Windows\system32\profapi.dll

VM Arguments:
java_command: com.teradata.xcore.net.Poster xserver ../cfg/properties/xserver.xml BCM_MASTER ../bin/ScheduleIn_TrilliumWrapper_ARB.xml
java_class_path (initial): bin;.;../../..\lib\commons-dbcp2-2.1.jar;../../..\lib\commons-pool2-2.3.jar;;../../..\custom\pngrelease3;../../..\custom\pngrelease3\cfg;../../..\custom\pngrelease3\cfg\properties;../../..\lib\override;../../..\lib\bpe-util.jar;../../..\lib\mdm-server.jar;../../..\lib\bpe-tools.jar;../../..\lib\bpe-mcore.jar;../../..\custom\pngrelease3\cfg;../../..\custom\pngrelease3\cfg\properties;../../..\custom\pngrelease3\cfg\xservice\png;../../..\custom\pngrelease3\cfg\xservice\png\mdm_setup;../../..\cfg\properties;../../..\cfg\xservice\toolkit;../../..\cfg\xservice\toolkit\mdm_setup;../../..\cfg;../../..\lib;../../..\lib\bpe-server.jar;../../..\lib\bpe-services.jar;;../../..\lib\xercesImpl.jar;../../..\lib\xml-apis.jar;../../..\lib\serializer.jar;../../..\lib\xalan.jar;../../..\lib\jdom.jar;../../..\lib\commons-codec-1.10.jar;../../..\lib\commons-httpclient-3.1.jar;../../..\lib\not-yet-commons-ssl.jar;../../..\lib\wsdl4j.jar;../../..\lib\xmlsec.jar;../../..\lib\opensaml.jar;../../..\lib\wss4j.jar;../../..\lib\httpclient.jar;../../..\lib\httpcore.jar;../../..\lib\axiom-api.jar;;../../..\lib\mail.jar;../../..\lib\activation.jar;../../..\lib\jdbc2_0-stdext.jar;../../..\lib\terajdbc4.jar;../../..\lib\tdgssconfig.jar;../../..\lib\bpe-util.jar;../../..\lib\bcm_xservice.jar;../../..\lib\jcert.jar;../../..\web\mdmclient\WEB-INF\bcm\cfg\properties;../../..\web\mdmclient\WEB-INF\bcm\cfg;../../..\web\mdmclient\WEB-INF\lib\bpe-x2.jar;../../..\web\mdmclient\WEB-INF\classes;../../..\web\mdmclient\WEB-INF\lib\log4j.jar;;../../..\lib\poi-3.10.1-20140818.jar;../../..\lib\commons-fileupload.jar;../../..\lib\commons-logging.jar;../../..\lib\poi-ooxml-3.10.1-20140818.jar;../../..\lib\poi-ooxml-schemas-3.10.1-20140818.jar;../../..\lib\poi-scratchpad-3.10.1-20140818.jar;../../..\lib\poi-excelant-3.10.1-20140818.jar;../../..\lib\dom4j.jar;../../..\lib\geronimo-stax-api_1.0_spec.jar;../../..\lib\xmlbeans.jar; ;"E:\Java\jdk1.8.0_73"\lib\tools.jar;../../..\lib\jms.jar;../..
Launcher Type: SUN_STANDARD

Environment Variables:
JAVA_HOME="E:\Java\jdk1.8.0_73"
PATH="E:\Java\jdk1.8.0_73"\bin;C:\ProgramData\Oracle\Java\javapath;C:\Program Files (x86)\Teradata\Teradata Performance Monitor Object 15.00\;C:\Program Files\Teradata\client\15.00\Teradata Parallel Transporter\bin64;C:\Program Files\Teradata\client\15.00\Teradata Parallel Transporter\msg64;C:\Program Files (x86)\Teradata\client\15.00\Teradata Parallel Transporter\bin;C:\Program Files (x86)\Teradata\client\15.00\Teradata Parallel Transporter\msg;C:\Program Files\Teradata\Client\15.00\bin;C:\Program Files (x86)\Teradata\Client\15.00\bin;C:\Program Files\Teradata\Client\15.00\ODBC Driver for Teradata nt-x8664\Lib;C:\Program Files (x86)\Teradata\Client\15.00\ODBC Driver for Teradata\Lib;C:\Program Files\Teradata\Client\15.00\bin\;C:\Program Files (x86)\Teradata\Client\15.00\bin\;C:\Program Files (x86)\Teradata\Client\13.10\bin\;C:\Windows\system32;C:\Windows;C:\Windows\system32\wbem;C:\Windows\system32\windowspowershell\v1.0\;D:\SVVSTools;C:\Windows\System32\WindowsPowerShell\v1.0\;C:\Program Files (x86)\Java\jre1.6.0\bin;C:\usr\local\monitor\c\bin;C:\usr\local\monitor\perl\site\bin;C:\usr\local\monitor\perl\bin;C:\Program Files\McAfee\Solidcore\Tools\GatherInfo;C:\Program Files\McAfee\Solidcore\Tools\Scanalyzer;C:\Program Files\McAfee\Solidcore\;C:\Program Files\McAfee\Solidcore\Tools\ScGetCerts;E:\ScheduleIn\Agent\bin;
USERNAME=VA1UCPPWAPTD10$
OS=Windows_NT
PROCESSOR_IDENTIFIER=Intel64 Family 6 Model 63 Stepping 2, GenuineIntel



---------------  S Y S T E M  ---------------

OS: Windows Server 2008 R2 , 64 bit Build 7601 (6.1.7601.23572)

CPU:total 4 (1 cores per cpu, 1 threads per core) family 6 model 63 stepping 2, cmov, cx8, fxsr, mmx, sse, sse2, sse3, ssse3, sse4.1, sse4.2, popcnt, avx, aes, clmul, tsc, tscinvbit

Memory: 4k page, physical 16776696k(7796304k free), swap 20969140k(449796k free)

vm_info: Java HotSpot(TM) 64-Bit Server VM (25.73-b02) for windows-amd64 JRE (1.8.0_73-b02), built on Jan 29 2016 17:38:49 by "java_re" with MS VC++ 10.0 (VS2010)

time: Mon Jan 16 07:21:04 2017
elapsed time: 3 seconds (0d 0h 0m 3s)

