#
# There is insufficient memory for the Java Runtime Environment to continue.
# Native memory allocation (malloc) failed to allocate 337296 bytes for Chunk::new
# Possible reasons:
#   The system is out of physical RAM or swap space
#   In 32 bit mode, the process size limit was hit
# Possible solutions:
#   Reduce memory load on the system
#   Increase physical memory or swap space
#   Check if swap backing store is full
#   Use 64 bit Java on a 64 bit OS
#   Decrease Java heap size (-Xmx/-Xms)
#   Decrease number of Java threads
#   Decrease Java thread stack sizes (-Xss)
#   Set larger code cache with -XX:ReservedCodeCacheSize=
# This output file may be truncated or incomplete.
#
#  Out of Memory Error (allocation.cpp:390), pid=28096, tid=24496
#
# JRE version: Java(TM) SE Runtime Environment (8.0_73-b02) (build 1.8.0_73-b02)
# Java VM: Java HotSpot(TM) 64-Bit Server VM (25.73-b02 mixed mode windows-amd64 compressed oops)
# Core dump written. Default location: E:\Teradata\MDM\3.05.02\custom\pngrelease3\bin\hs_err_pid28096.mdmp
#

---------------  T H R E A D  ---------------

Current thread (0x000000001d25a000):  JavaThread "C2 CompilerThread1" daemon [_thread_in_native, id=24496, stack(0x000000001dc20000,0x000000001dd20000)]

Stack: [0x000000001dc20000,0x000000001dd20000]
[error occurred during error reporting (printing stack bounds), id 0xc0000005]

Native frames: (J=compiled Java code, j=interpreted, Vv=VM code, C=native code)


Current CompileTask:
C2:   6909  324   !   4       java.net.URL::<init> (543 bytes)


---------------  P R O C E S S  ---------------

Java Threads: ( => current thread )
  0x000000001e40d000 JavaThread "PooledThread-10" daemon [_thread_blocked, id=29740, stack(0x000000001ebd0000,0x000000001ecd0000)]
  0x000000001d2da800 JavaThread "Service Thread" daemon [_thread_blocked, id=28012, stack(0x000000001df80000,0x000000001e080000)]
  0x000000001d25b800 JavaThread "C1 CompilerThread2" daemon [_thread_blocked, id=28260, stack(0x000000001dda0000,0x000000001dea0000)]
=>0x000000001d25a000 JavaThread "C2 CompilerThread1" daemon [_thread_in_native, id=24496, stack(0x000000001dc20000,0x000000001dd20000)]
  0x000000001d254000 JavaThread "C2 CompilerThread0" daemon [_thread_blocked, id=28812, stack(0x000000001db20000,0x000000001dc20000)]
  0x000000001c09f800 JavaThread "Attach Listener" daemon [_thread_blocked, id=26236, stack(0x000000001d910000,0x000000001da10000)]
  0x000000001c09d000 JavaThread "Signal Dispatcher" daemon [_thread_blocked, id=26620, stack(0x000000001d760000,0x000000001d860000)]
  0x000000001c03b800 JavaThread "Finalizer" daemon [_thread_blocked, id=24648, stack(0x000000001cec0000,0x000000001cfc0000)]
  0x000000001c034800 JavaThread "Reference Handler" daemon [_thread_blocked, id=27372, stack(0x000000001d150000,0x000000001d250000)]
  0x000000000217a000 JavaThread "main" [_thread_blocked, id=30348, stack(0x0000000002550000,0x0000000002650000)]

Other Threads:
  0x000000001c02f000 VMThread [stack: 0x000000001cfd0000,0x000000001d0d0000] [id=26472]
  0x000000001d347000 WatcherThread [stack: 0x000000001e110000,0x000000001e210000] [id=28120]

VM state:not at safepoint (normal execution)

VM Mutex/Monitor currently owned by a thread: None

Heap:
 PSYoungGen      total 76288K, used 17059K [0x000000076ab00000, 0x0000000770000000, 0x00000007c0000000)
  eden space 65536K, 26% used [0x000000076ab00000,0x000000076bba8eb0,0x000000076eb00000)
  from space 10752K, 0% used [0x000000076f580000,0x000000076f580000,0x0000000770000000)
  to   space 10752K, 0% used [0x000000076eb00000,0x000000076eb00000,0x000000076f580000)
 ParOldGen       total 175104K, used 0K [0x00000006c0000000, 0x00000006cab00000, 0x000000076ab00000)
  object space 175104K, 0% used [0x00000006c0000000,0x00000006c0000000,0x00000006cab00000)
 Metaspace       used 5440K, capacity 5780K, committed 6144K, reserved 1056768K
  class space    used 606K, capacity 656K, committed 768K, reserved 1048576K

Card table byte_map: [0x0000000011ce0000,0x00000000124f0000] byte_map_base: 0x000000000e6e0000

Marking Bits: (ParMarkBitMap*) 0x00000000689e0600
 Begin Bits: [0x0000000012ea0000, 0x0000000016ea0000)
 End Bits:   [0x0000000016ea0000, 0x000000001aea0000)

Polling page: 0x0000000000290000

CodeCache: size=245760Kb used=1958Kb max_used=1958Kb free=243802Kb
 bounds [0x0000000002920000, 0x0000000002b90000, 0x0000000011920000]
 total_blobs=609 nmethods=328 adapters=194
 compilation: enabled

Compilation events (10 events):
Event: 4.674 Thread 0x000000001d25b800 nmethod 323 0x0000000002b07b50 code [0x0000000002b07ca0, 0x0000000002b07db0]
Event: 4.680 Thread 0x000000001d25a000  324   !   4       java.net.URL::<init> (543 bytes)
Event: 4.684 Thread 0x000000001d25b800  328       3       java.util.ArrayList::indexOf (67 bytes)
Event: 4.684 Thread 0x000000001d25b800 nmethod 328 0x0000000002b072d0 code [0x0000000002b07460, 0x0000000002b07948]
Event: 4.684 Thread 0x000000001d25b800  325       3       java.util.ArrayList::add (29 bytes)
Event: 4.685 Thread 0x000000001d25b800 nmethod 325 0x0000000002b09a90 code [0x0000000002b09c20, 0x0000000002b0a148]
Event: 4.685 Thread 0x000000001d25b800  326       3       java.util.ArrayList::ensureCapacityInternal (23 bytes)
Event: 4.685 Thread 0x000000001d25b800 nmethod 326 0x0000000002b0a390 code [0x0000000002b0a520, 0x0000000002b0a848]
Event: 4.685 Thread 0x000000001d25b800  327       3       java.util.ArrayList::ensureExplicitCapacity (26 bytes)
Event: 4.685 Thread 0x000000001d25b800 nmethod 327 0x0000000002b06e50 code [0x0000000002b06fc0, 0x0000000002b071a8]

GC Heap History (0 events):
No events

Deoptimization events (4 events):
Event: 0.635 Thread 0x000000000217a000 Uncommon trap: reason=unstable_if action=reinterpret pc=0x0000000002a3c7c8 method=java.lang.String.hashCode()I @ 14
Event: 0.675 Thread 0x000000000217a000 Uncommon trap: reason=unstable_if action=reinterpret pc=0x0000000002a6655c method=java.lang.String.startsWith(Ljava/lang/String;I)Z @ 25
Event: 1.034 Thread 0x000000000217a000 Uncommon trap: reason=unstable_if action=reinterpret pc=0x0000000002a5fd34 method=java.lang.String.indexOf([CII[CIII)I @ 123
Event: 1.486 Thread 0x000000000217a000 Uncommon trap: reason=unstable_if action=reinterpret pc=0x0000000002aca6e4 method=java.lang.String.indexOf([CII[CIII)I @ 134

Internal exceptions (10 events):
Event: 0.568 Thread 0x000000000217a000 Exception <a 'java/security/PrivilegedActionException'> (0x000000076abaa500) thrown at [D:\re\puppet\workspace\8-2-build-windows-amd64-cygwin\jdk8u73\6086\hotspot\src\share\vm\prims\jvm.cpp, line 1386]
Event: 0.668 Thread 0x000000000217a000 Exception <a 'java/lang/UnsatisfiedLinkError'> (0x000000076af50020) thrown at [D:\re\puppet\workspace\8-2-build-windows-amd64-cygwin\jdk8u73\6086\hotspot\src\share\vm\oops\instanceKlass.cpp, line 948]
Event: 1.041 Thread 0x000000000217a000 Exception <a 'java/security/PrivilegedActionException'> (0x000000076b13c3b0) thrown at [D:\re\puppet\workspace\8-2-build-windows-amd64-cygwin\jdk8u73\6086\hotspot\src\share\vm\prims\jvm.cpp, line 1386]
Event: 1.041 Thread 0x000000000217a000 Exception <a 'java/security/PrivilegedActionException'> (0x000000076b13c7a8) thrown at [D:\re\puppet\workspace\8-2-build-windows-amd64-cygwin\jdk8u73\6086\hotspot\src\share\vm\prims\jvm.cpp, line 1386]
Event: 1.041 Thread 0x000000000217a000 Exception <a 'java/security/PrivilegedActionException'> (0x000000076b13f230) thrown at [D:\re\puppet\workspace\8-2-build-windows-amd64-cygwin\jdk8u73\6086\hotspot\src\share\vm\prims\jvm.cpp, line 1386]
Event: 1.041 Thread 0x000000000217a000 Exception <a 'java/security/PrivilegedActionException'> (0x000000076b13f628) thrown at [D:\re\puppet\workspace\8-2-build-windows-amd64-cygwin\jdk8u73\6086\hotspot\src\share\vm\prims\jvm.cpp, line 1386]
Event: 1.246 Thread 0x000000000217a000 Exception <a 'java/security/PrivilegedActionException'> (0x000000076b1c8a50) thrown at [D:\re\puppet\workspace\8-2-build-windows-amd64-cygwin\jdk8u73\6086\hotspot\src\share\vm\prims\jvm.cpp, line 1386]
Event: 1.246 Thread 0x000000000217a000 Exception <a 'java/security/PrivilegedActionException'> (0x000000076b1c8e48) thrown at [D:\re\puppet\workspace\8-2-build-windows-amd64-cygwin\jdk8u73\6086\hotspot\src\share\vm\prims\jvm.cpp, line 1386]
Event: 1.261 Thread 0x000000000217a000 Exception <a 'java/security/PrivilegedActionException'> (0x000000076b1d7520) thrown at [D:\re\puppet\workspace\8-2-build-windows-amd64-cygwin\jdk8u73\6086\hotspot\src\share\vm\prims\jvm.cpp, line 1386]
Event: 1.261 Thread 0x000000000217a000 Exception <a 'java/security/PrivilegedActionException'> (0x000000076b1d7918) thrown at [D:\re\puppet\workspace\8-2-build-windows-amd64-cygwin\jdk8u73\6086\hotspot\src\share\vm\prims\jvm.cpp, line 1386]

Events (10 events):
Event: 1.509 loading class java/util/Locale$1
Event: 1.509 loading class java/util/Locale$1 done
Event: 1.509 loading class com/teradata/xcore/net/util/StringMap$NullEntry
Event: 1.509 loading class com/teradata/xcore/net/util/StringMap$NullEntry done
Event: 4.652 loading class com/teradata/xcore/net/util/HttpFields$Field
Event: 4.652 loading class com/teradata/xcore/net/util/HttpFields$Field done
Event: 4.684 loading class com/teradata/xcore/net/NetSnapShot
Event: 4.684 loading class com/teradata/xcore/net/NetSnapShot done
Event: 4.692 loading class com/teradata/xcore/util/Util
Event: 4.692 loading class com/teradata/xcore/util/Util done


Dynamic libraries:
0x000000013fab0000 - 0x000000013fae7000 	E:\Java\jdk1.8.0_73\bin\java.exe
0x00000000770f0000 - 0x000000007729a000 	C:\Windows\SYSTEM32\ntdll.dll
0x0000000076ed0000 - 0x0000000076fef000 	C:\Windows\system32\kernel32.dll
0x000007fefd100000 - 0x000007fefd16a000 	C:\Windows\system32\KERNELBASE.dll
0x000007fefefb0000 - 0x000007feff08b000 	C:\Windows\system32\ADVAPI32.dll
0x000007feff090000 - 0x000007feff12f000 	C:\Windows\system32\msvcrt.dll
0x000007fefd230000 - 0x000007fefd24f000 	C:\Windows\SYSTEM32\sechost.dll
0x000007fefd600000 - 0x000007fefd72d000 	C:\Windows\system32\RPCRT4.dll
0x0000000076ff0000 - 0x00000000770ea000 	C:\Windows\system32\USER32.dll
0x000007fefd250000 - 0x000007fefd2b7000 	C:\Windows\system32\GDI32.dll
0x000007fefde50000 - 0x000007fefde5e000 	C:\Windows\system32\LPK.dll
0x000007fefe070000 - 0x000007fefe13a000 	C:\Windows\system32\USP10.dll
0x000007fefb740000 - 0x000007fefb934000 	C:\Windows\WinSxS\amd64_microsoft.windows.common-controls_6595b64144ccf1df_6.0.7601.18837_none_fa3b1e3d17594757\COMCTL32.dll
0x000007fefd2c0000 - 0x000007fefd331000 	C:\Windows\system32\SHLWAPI.dll
0x000007fefccd0000 - 0x000007fefcd27000 	C:\Windows\system32\apphelp.dll
0x000007fef6e70000 - 0x000007fef7070000 	C:\Windows\AppPatch\AppPatch64\EMET64.dll
0x000007fefd730000 - 0x000007fefd75e000 	C:\Windows\system32\IMM32.DLL
0x000007fefda40000 - 0x000007fefdb49000 	C:\Windows\system32\MSCTF.dll
0x000007fee67d0000 - 0x000007fee6877000 	C:\Program Files\McAfee\Host Intrusion Prevention\HcApi.dll
0x000000006db80000 - 0x000000006db8c000 	C:\Program Files\McAfee\Host Intrusion Prevention\HcThe.dll
0x00000000729a0000 - 0x0000000072a72000 	E:\Java\jdk1.8.0_73\jre\bin\msvcr100.dll
0x00000000681d0000 - 0x0000000068a60000 	E:\Java\jdk1.8.0_73\jre\bin\server\jvm.dll
0x000007fef8e70000 - 0x000007fef8e79000 	C:\Windows\system32\WSOCK32.dll
0x000007fefd1e0000 - 0x000007fefd22d000 	C:\Windows\system32\WS2_32.dll
0x000007fefd460000 - 0x000007fefd468000 	C:\Windows\system32\NSI.dll
0x000007fef8ad0000 - 0x000007fef8b0b000 	C:\Windows\system32\WINMM.dll
0x000007fefbee0000 - 0x000007fefbeec000 	C:\Windows\system32\VERSION.dll
0x00000000772b0000 - 0x00000000772b7000 	C:\Windows\system32\PSAPI.DLL
0x00000000734f0000 - 0x00000000734ff000 	E:\Java\jdk1.8.0_73\jre\bin\verify.dll
0x0000000072b80000 - 0x0000000072ba9000 	E:\Java\jdk1.8.0_73\jre\bin\java.dll
0x0000000072c60000 - 0x0000000072c76000 	E:\Java\jdk1.8.0_73\jre\bin\zip.dll
0x000007fefe220000 - 0x000007fefefaa000 	C:\Windows\system32\SHELL32.dll
0x000007fefde60000 - 0x000007fefe063000 	C:\Windows\system32\ole32.dll
0x000007fefce30000 - 0x000007fefce3f000 	C:\Windows\system32\profapi.dll
0x0000000073350000 - 0x000000007336a000 	E:\Java\jdk1.8.0_73\jre\bin\net.dll
0x000007fefc5c0000 - 0x000007fefc615000 	C:\Windows\system32\mswsock.dll
0x000007fefc5b0000 - 0x000007fefc5b7000 	C:\Windows\System32\wship6.dll
0x000007fefc440000 - 0x000007fefc49b000 	C:\Windows\system32\DNSAPI.dll
0x000007fefa5a0000 - 0x000007fefa5c7000 	C:\Windows\system32\IPHLPAPI.DLL
0x000007fefa590000 - 0x000007fefa59b000 	C:\Windows\system32\WINNSI.DLL
0x000007fefbfb0000 - 0x000007fefbfb7000 	C:\Windows\System32\wshtcpip.dll
0x000007fef9ed0000 - 0x000007fef9ed8000 	C:\Windows\system32\rasadhlp.dll
0x000007fef9fe0000 - 0x000007fefa033000 	C:\Windows\System32\fwpuclnt.dll
0x000007fefb490000 - 0x000007fefb5b5000 	C:\Windows\system32\DBGHELP.DLL

VM Arguments:
java_command: com.teradata.xcore.net.Poster http://10.138.21.18:14444 //10.138.21.18/Teradata/MDM/3.05.02/custom/pngrelease3/bin/pngMDM_Trillium_CPUUtil_IRL.xml
java_class_path (initial): bin;.;../../..\lib\commons-dbcp2-2.1.jar;../../..\lib\commons-pool2-2.3.jar;;../../..\custom\pngrelease3;../../..\custom\pngrelease3\cfg;../../..\custom\pngrelease3\cfg\properties;../../..\lib\override;../../..\lib\bpe-util.jar;../../..\lib\mdm-server.jar;../../..\lib\bpe-tools.jar;../../..\lib\bpe-mcore.jar;../../..\custom\pngrelease3\cfg;../../..\custom\pngrelease3\cfg\properties;../../..\custom\pngrelease3\cfg\xservice\png;../../..\custom\pngrelease3\cfg\xservice\png\mdm_setup;../../..\cfg\properties;../../..\cfg\xservice\toolkit;../../..\cfg\xservice\toolkit\mdm_setup;../../..\cfg;../../..\lib;../../..\lib\bpe-server.jar;../../..\lib\bpe-services.jar;;../../..\lib\xercesImpl.jar;../../..\lib\xml-apis.jar;../../..\lib\serializer.jar;../../..\lib\xalan.jar;../../..\lib\jdom.jar;../../..\lib\commons-codec-1.10.jar;../../..\lib\commons-httpclient-3.1.jar;../../..\lib\not-yet-commons-ssl.jar;../../..\lib\wsdl4j.jar;../../..\lib\xmlsec.jar;../../..\lib\opensaml.jar;../../..\lib\wss4j.jar;../../..\lib\httpclient.jar;../../..\lib\httpcore.jar;../../..\lib\axiom-api.jar;;../../..\lib\mail.jar;../../..\lib\activation.jar;../../..\lib\jdbc2_0-stdext.jar;../../..\lib\terajdbc4.jar;../../..\lib\tdgssconfig.jar;../../..\lib\bpe-util.jar;../../..\lib\bcm_xservice.jar;../../..\lib\jcert.jar;../../..\web\mdmclient\WEB-INF\bcm\cfg\properties;../../..\web\mdmclient\WEB-INF\bcm\cfg;../../..\web\mdmclient\WEB-INF\lib\bpe-x2.jar;../../..\web\mdmclient\WEB-INF\classes;../../..\web\mdmclient\WEB-INF\lib\log4j.jar;;../../..\lib\poi-3.10.1-20140818.jar;../../..\lib\commons-fileupload.jar;../../..\lib\commons-logging.jar;../../..\lib\poi-ooxml-3.10.1-20140818.jar;../../..\lib\poi-ooxml-schemas-3.10.1-20140818.jar;../../..\lib\poi-scratchpad-3.10.1-20140818.jar;../../..\lib\poi-excelant-3.10.1-20140818.jar;../../..\lib\dom4j.jar;../../..\lib\geronimo-stax-api_1.0_spec.jar;../../..\lib\xmlbeans.jar; ;"E:\Java\jdk1.8.0_73"\lib\tools.jar;../../..\lib\jms.jar;../..
Launcher Type: SUN_STANDARD

Environment Variables:
JAVA_HOME="E:\Java\jdk1.8.0_73"
PATH="E:\Java\jdk1.8.0_73"\bin;"E:\Java\jdk1.8.0_73"\bin;C:\ProgramData\Oracle\Java\javapath;C:\Program Files (x86)\Teradata\Teradata Performance Monitor Object 15.00\;C:\Program Files\Teradata\client\15.00\Teradata Parallel Transporter\bin64;C:\Program Files\Teradata\client\15.00\Teradata Parallel Transporter\msg64;C:\Program Files (x86)\Teradata\client\15.00\Teradata Parallel Transporter\bin;C:\Program Files (x86)\Teradata\client\15.00\Teradata Parallel Transporter\msg;C:\Program Files\Teradata\Client\15.00\bin;C:\Program Files (x86)\Teradata\Client\15.00\bin;C:\Program Files\Teradata\Client\15.00\ODBC Driver for Teradata nt-x8664\Lib;C:\Program Files (x86)\Teradata\Client\15.00\ODBC Driver for Teradata\Lib;C:\Program Files\Teradata\Client\15.00\bin\;C:\Program Files (x86)\Teradata\Client\15.00\bin\;C:\Program Files (x86)\Teradata\Client\13.10\bin\;C:\Windows\system32;C:\Windows;C:\Windows\system32\wbem;C:\Windows\system32\windowspowershell\v1.0\;D:\SVVSTools;C:\Windows\System32\WindowsPowerShell\v1.0\;C:\Program Files (x86)\Java\jre1.6.0\bin;C:\usr\local\monitor\c\bin;C:\usr\local\monitor\perl\site\bin;C:\usr\local\monitor\perl\bin;C:\Program Files\McAfee\Solidcore\Tools\GatherInfo;C:\Program Files\McAfee\Solidcore\Tools\Scanalyzer;C:\Program Files\McAfee\Solidcore\;C:\Program Files\McAfee\Solidcore\Tools\ScGetCerts;E:\ScheduleIn\Agent\bin
USERNAME=S606878_Admin
OS=Windows_NT
PROCESSOR_IDENTIFIER=Intel64 Family 6 Model 63 Stepping 2, GenuineIntel



---------------  S Y S T E M  ---------------

OS: Windows Server 2008 R2 , 64 bit Build 7601 (6.1.7601.23543)

CPU:total 4 (1 cores per cpu, 1 threads per core) family 6 model 63 stepping 2, cmov, cx8, fxsr, mmx, sse, sse2, sse3, ssse3, sse4.1, sse4.2, popcnt, avx, aes, clmul, tsc, tscinvbit

Memory: 4k page, physical 16776696k(6075968k free), swap 20969140k(4985060k free)

vm_info: Java HotSpot(TM) 64-Bit Server VM (25.73-b02) for windows-amd64 JRE (1.8.0_73-b02), built on Jan 29 2016 17:38:49 by "java_re" with MS VC++ 10.0 (VS2010)

time: Thu Nov 10 05:08:27 2016
elapsed time: 6 seconds (0d 0h 0m 6s)

