#
# There is insufficient memory for the Java Runtime Environment to continue.
# Native memory allocation (malloc) failed to allocate 334448 bytes for Chunk::new
# Possible reasons:
#   The system is out of physical RAM or swap space
#   In 32 bit mode, the process size limit was hit
# Possible solutions:
#   Reduce memory load on the system
#   Increase physical memory or swap space
#   Check if swap backing store is full
#   Use 64 bit Java on a 64 bit OS
#   Decrease Java heap size (-Xmx/-Xms)
#   Decrease number of Java threads
#   Decrease Java thread stack sizes (-Xss)
#   Set larger code cache with -XX:ReservedCodeCacheSize=
# This output file may be truncated or incomplete.
#
#  Out of Memory Error (allocation.cpp:390), pid=292896, tid=292744
#
# JRE version: Java(TM) SE Runtime Environment (8.0_73-b02) (build 1.8.0_73-b02)
# Java VM: Java HotSpot(TM) 64-Bit Server VM (25.73-b02 mixed mode windows-amd64 compressed oops)
# Core dump written. Default location: E:\Teradata\MDM\3.05.02\custom\pngrelease3\bin\hs_err_pid292896.mdmp
#

---------------  T H R E A D  ---------------

Current thread (0x000000001d420800):  JavaThread "C2 CompilerThread0" daemon [_thread_in_native, id=292744, stack(0x000000001dd70000,0x000000001de70000)]

Stack: [0x000000001dd70000,0x000000001de70000]
[error occurred during error reporting (printing stack bounds), id 0xc0000005]

Native frames: (J=compiled Java code, j=interpreted, Vv=VM code, C=native code)


Current CompileTask:
C2:  33278  122       4       java.io.WinNTFileSystem::normalize (143 bytes)


---------------  P R O C E S S  ---------------

Java Threads: ( => current thread )
  0x000000001e88d000 JavaThread "PooledThread-10" daemon [_thread_blocked, id=293088, stack(0x000000001ed30000,0x000000001ee30000)]
  0x000000001d483000 JavaThread "Service Thread" daemon [_thread_blocked, id=292632, stack(0x000000001e0e0000,0x000000001e1e0000)]
  0x000000001d47f800 JavaThread "C1 CompilerThread2" daemon [_thread_blocked, id=293076, stack(0x000000001df30000,0x000000001e030000)]
  0x000000001d47e000 JavaThread "C2 CompilerThread1" daemon [_thread_blocked, id=292360, stack(0x000000001d860000,0x000000001d960000)]
=>0x000000001d420800 JavaThread "C2 CompilerThread0" daemon [_thread_in_native, id=292744, stack(0x000000001dd70000,0x000000001de70000)]
  0x000000001c00c000 JavaThread "Attach Listener" daemon [_thread_blocked, id=293164, stack(0x000000001db20000,0x000000001dc20000)]
  0x000000001c00a000 JavaThread "Signal Dispatcher" daemon [_thread_blocked, id=293168, stack(0x000000001d990000,0x000000001da90000)]
  0x000000001bfab800 JavaThread "Finalizer" daemon [_thread_blocked, id=293408, stack(0x000000001d320000,0x000000001d420000)]
  0x000000001bfa4800 JavaThread "Reference Handler" daemon [_thread_blocked, id=283692, stack(0x000000001d030000,0x000000001d130000)]
  0x00000000021db000 JavaThread "main" [_thread_in_native, id=293012, stack(0x0000000002360000,0x0000000002460000)]

Other Threads:
  0x000000001bf9f000 VMThread [stack: 0x000000001d1e0000,0x000000001d2e0000] [id=293188]
  0x000000001d4aa000 WatcherThread [stack: 0x000000001e2d0000,0x000000001e3d0000] [id=293380]

VM state:not at safepoint (normal execution)

VM Mutex/Monitor currently owned by a thread: None

Heap:
 PSYoungGen      total 76288K, used 17059K [0x000000076ab00000, 0x0000000770000000, 0x00000007c0000000)
  eden space 65536K, 26% used [0x000000076ab00000,0x000000076bba8f18,0x000000076eb00000)
  from space 10752K, 0% used [0x000000076f580000,0x000000076f580000,0x0000000770000000)
  to   space 10752K, 0% used [0x000000076eb00000,0x000000076eb00000,0x000000076f580000)
 ParOldGen       total 175104K, used 0K [0x00000006c0000000, 0x00000006cab00000, 0x000000076ab00000)
  object space 175104K, 0% used [0x00000006c0000000,0x00000006c0000000,0x00000006cab00000)
 Metaspace       used 5417K, capacity 5780K, committed 6144K, reserved 1056768K
  class space    used 601K, capacity 656K, committed 768K, reserved 1048576K

Card table byte_map: [0x0000000011af0000,0x0000000012300000] byte_map_base: 0x000000000e4f0000

Marking Bits: (ParMarkBitMap*) 0x0000000068260600
 Begin Bits: [0x0000000012e10000, 0x0000000016e10000)
 End Bits:   [0x0000000016e10000, 0x000000001ae10000)

Polling page: 0x0000000000290000

CodeCache: size=245760Kb used=1902Kb max_used=1903Kb free=243857Kb
 bounds [0x0000000002730000, 0x00000000029a0000, 0x0000000011730000]
 total_blobs=609 nmethods=329 adapters=193
 compilation: enabled

Compilation events (10 events):
Event: 3.098 Thread 0x000000001d47f800 nmethod 118 0x000000000288bf10 code [0x000000000288c300, 0x000000000288f708]
Event: 3.151 Thread 0x000000001d47f800  119       1       java.io.File::getPrefixLength (5 bytes)
Event: 3.151 Thread 0x000000001d47f800 nmethod 119 0x000000000288b5d0 code [0x000000000288b720, 0x000000000288b830]
Event: 3.238 Thread 0x000000001d47f800  120       1       java.lang.ref.Reference::get (5 bytes)
Event: 3.238 Thread 0x000000001d47f800 nmethod 120 0x000000000288b310 code [0x000000000288b460, 0x000000000288b570]
Event: 3.429 Thread 0x000000001d47e000  121       4       java.lang.String::replace (127 bytes)
Event: 3.436 Thread 0x000000001d47e000 nmethod 121 0x0000000002889650 code [0x00000000028897a0, 0x0000000002889c58]
Event: 4.232 Thread 0x000000001d420800  122       4       java.io.WinNTFileSystem::normalize (143 bytes)
Event: 4.234 Thread 0x000000001d47f800  124       3       java.nio.charset.CharsetEncoder::maxBytesPerChar (5 bytes)
Event: 4.234 Thread 0x000000001d47f800 nmethod 124 0x0000000002888fd0 code [0x0000000002889120, 0x0000000002889270]

GC Heap History (0 events):
No events

Deoptimization events (2 events):
Event: 2.690 Thread 0x00000000021db000 Uncommon trap: reason=unstable_if action=reinterpret pc=0x000000000284a548 method=java.lang.String.hashCode()I @ 14
Event: 2.790 Thread 0x00000000021db000 Uncommon trap: reason=unstable_if action=reinterpret pc=0x000000000287d61c method=java.lang.String.startsWith(Ljava/lang/String;I)Z @ 25

Internal exceptions (10 events):
Event: 3.240 Thread 0x00000000021db000 Exception <a 'java/io/FileNotFoundException'> (0x000000076afa4ee8) thrown at [D:\re\puppet\workspace\8-2-build-windows-amd64-cygwin\jdk8u73\6086\hotspot\src\share\vm\prims\jni.cpp, line 709]
Event: 3.240 Thread 0x00000000021db000 Exception <a 'java/io/FileNotFoundException'> (0x000000076afa5c48) thrown at [D:\re\puppet\workspace\8-2-build-windows-amd64-cygwin\jdk8u73\6086\hotspot\src\share\vm\prims\jni.cpp, line 709]
Event: 3.241 Thread 0x00000000021db000 Exception <a 'java/io/FileNotFoundException'> (0x000000076afa68e0) thrown at [D:\re\puppet\workspace\8-2-build-windows-amd64-cygwin\jdk8u73\6086\hotspot\src\share\vm\prims\jni.cpp, line 709]
Event: 3.241 Thread 0x00000000021db000 Exception <a 'java/io/FileNotFoundException'> (0x000000076afa7a98) thrown at [D:\re\puppet\workspace\8-2-build-windows-amd64-cygwin\jdk8u73\6086\hotspot\src\share\vm\prims\jni.cpp, line 709]
Event: 3.242 Thread 0x00000000021db000 Exception <a 'java/io/FileNotFoundException'> (0x000000076afa87f8) thrown at [D:\re\puppet\workspace\8-2-build-windows-amd64-cygwin\jdk8u73\6086\hotspot\src\share\vm\prims\jni.cpp, line 709]
Event: 3.242 Thread 0x00000000021db000 Exception <a 'java/io/FileNotFoundException'> (0x000000076afa95d8) thrown at [D:\re\puppet\workspace\8-2-build-windows-amd64-cygwin\jdk8u73\6086\hotspot\src\share\vm\prims\jni.cpp, line 709]
Event: 3.242 Thread 0x00000000021db000 Exception <a 'java/io/FileNotFoundException'> (0x000000076afaa450) thrown at [D:\re\puppet\workspace\8-2-build-windows-amd64-cygwin\jdk8u73\6086\hotspot\src\share\vm\prims\jni.cpp, line 709]
Event: 3.243 Thread 0x00000000021db000 Exception <a 'java/io/FileNotFoundException'> (0x000000076afab158) thrown at [D:\re\puppet\workspace\8-2-build-windows-amd64-cygwin\jdk8u73\6086\hotspot\src\share\vm\prims\jni.cpp, line 709]
Event: 3.243 Thread 0x00000000021db000 Exception <a 'java/io/FileNotFoundException'> (0x000000076afabdc8) thrown at [D:\re\puppet\workspace\8-2-build-windows-amd64-cygwin\jdk8u73\6086\hotspot\src\share\vm\prims\jni.cpp, line 709]
Event: 3.244 Thread 0x00000000021db000 Exception <a 'java/io/FileNotFoundException'> (0x000000076afacaf0) thrown at [D:\re\puppet\workspace\8-2-build-windows-amd64-cygwin\jdk8u73\6086\hotspot\src\share\vm\prims\jni.cpp, line 709]

Events (10 events):
Event: 4.237 loading class org/xml/sax/helpers/XMLReaderFactory
Event: 4.237 loading class org/xml/sax/helpers/XMLReaderFactory done
Event: 4.237 loading class org/xml/sax/helpers/SecuritySupport
Event: 4.238 loading class org/xml/sax/helpers/SecuritySupport done
Event: 4.238 loading class org/xml/sax/helpers/SecuritySupport$1
Event: 4.238 loading class org/xml/sax/helpers/SecuritySupport$1 done
Event: 4.238 loading class org/xml/sax/helpers/NewInstance
Event: 4.238 loading class org/xml/sax/helpers/NewInstance done
Event: 4.238 loading class org/apache/xerces/parsers/SAXParser
Event: 4.238 loading class org/apache/xerces/parsers/SAXParser done


Dynamic libraries:
0x000000013f530000 - 0x000000013f567000 	E:\Java\jdk1.8.0_73\bin\java.exe
0x0000000077690000 - 0x000000007783a000 	C:\Windows\SYSTEM32\ntdll.dll
0x0000000077470000 - 0x000000007758f000 	C:\Windows\system32\kernel32.dll
0x000007fefd400000 - 0x000007fefd46a000 	C:\Windows\system32\KERNELBASE.dll
0x000007fefdf10000 - 0x000007fefdfeb000 	C:\Windows\system32\ADVAPI32.dll
0x000007feff680000 - 0x000007feff71f000 	C:\Windows\system32\msvcrt.dll
0x000007fefdb00000 - 0x000007fefdb1f000 	C:\Windows\SYSTEM32\sechost.dll
0x000007feff550000 - 0x000007feff67d000 	C:\Windows\system32\RPCRT4.dll
0x0000000077590000 - 0x000000007768a000 	C:\Windows\system32\USER32.dll
0x000007fefdc30000 - 0x000007fefdc97000 	C:\Windows\system32\GDI32.dll
0x000007feff080000 - 0x000007feff08e000 	C:\Windows\system32\LPK.dll
0x000007feff130000 - 0x000007feff1fa000 	C:\Windows\system32\USP10.dll
0x000007fefbbc0000 - 0x000007fefbdb4000 	C:\Windows\WinSxS\amd64_microsoft.windows.common-controls_6595b64144ccf1df_6.0.7601.18837_none_fa3b1e3d17594757\COMCTL32.dll
0x000007feff200000 - 0x000007feff271000 	C:\Windows\system32\SHLWAPI.dll
0x000007fefd2b0000 - 0x000007fefd307000 	C:\Windows\system32\apphelp.dll
0x000007fef76a0000 - 0x000007fef78a0000 	C:\Windows\AppPatch\AppPatch64\EMET64.dll
0x000007fefed80000 - 0x000007fefedae000 	C:\Windows\system32\IMM32.DLL
0x000007fefdb20000 - 0x000007fefdc29000 	C:\Windows\system32\MSCTF.dll
0x000007fee8530000 - 0x000007fee85d7000 	C:\Program Files\McAfee\Host Intrusion Prevention\HcApi.dll
0x0000000071250000 - 0x000000007125c000 	C:\Program Files\McAfee\Host Intrusion Prevention\HcThe.dll
0x00000000729b0000 - 0x0000000072a82000 	E:\Java\jdk1.8.0_73\jre\bin\msvcr100.dll
0x0000000067a50000 - 0x00000000682e0000 	E:\Java\jdk1.8.0_73\jre\bin\server\jvm.dll
0x000007fef9bf0000 - 0x000007fef9bf9000 	C:\Windows\system32\WSOCK32.dll
0x000007feff930000 - 0x000007feff97d000 	C:\Windows\system32\WS2_32.dll
0x000007fefee30000 - 0x000007fefee38000 	C:\Windows\system32\NSI.dll
0x000007fef8d90000 - 0x000007fef8dcb000 	C:\Windows\system32\WINMM.dll
0x000007fefc480000 - 0x000007fefc48c000 	C:\Windows\system32\VERSION.dll
0x0000000077850000 - 0x0000000077857000 	C:\Windows\system32\PSAPI.DLL
0x0000000072bb0000 - 0x0000000072bbf000 	E:\Java\jdk1.8.0_73\jre\bin\verify.dll
0x0000000072980000 - 0x00000000729a9000 	E:\Java\jdk1.8.0_73\jre\bin\java.dll
0x0000000071280000 - 0x0000000071296000 	E:\Java\jdk1.8.0_73\jre\bin\zip.dll
0x000007fefdff0000 - 0x000007fefed7a000 	C:\Windows\system32\SHELL32.dll
0x000007feff720000 - 0x000007feff923000 	C:\Windows\system32\ole32.dll
0x000007fefd3c0000 - 0x000007fefd3cf000 	C:\Windows\system32\profapi.dll
0x000007fefba90000 - 0x000007fefbbb5000 	C:\Windows\system32\DBGHELP.DLL
0x0000000071230000 - 0x000000007124a000 	E:\Java\jdk1.8.0_73\jre\bin\net.dll
0x000007fefcb00000 - 0x000007fefcb55000 	C:\Windows\system32\mswsock.dll
0x000007fefcc40000 - 0x000007fefcc47000 	C:\Windows\System32\wship6.dll
0x000007fefc550000 - 0x000007fefc557000 	C:\Windows\System32\wshtcpip.dll
0x000007fefc990000 - 0x000007fefc9eb000 	C:\Windows\system32\DNSAPI.dll
0x000007fefab60000 - 0x000007fefab87000 	C:\Windows\system32\IPHLPAPI.DLL
0x000007fefab50000 - 0x000007fefab5b000 	C:\Windows\system32\WINNSI.DLL
0x000007fefa460000 - 0x000007fefa468000 	C:\Windows\system32\rasadhlp.dll
0x000007fefa580000 - 0x000007fefa5d3000 	C:\Windows\System32\fwpuclnt.dll

VM Arguments:
java_command: com.teradata.xcore.net.Poster xserver ../cfg/properties/xserver.xml BCM_MASTER ../bin/ScheduleIn_TrilliumWrapper_ITA.xml
java_class_path (initial): bin;.;../../..\lib\commons-dbcp2-2.1.jar;../../..\lib\commons-pool2-2.3.jar;;../../..\custom\pngrelease3;../../..\custom\pngrelease3\cfg;../../..\custom\pngrelease3\cfg\properties;../../..\lib\override;../../..\lib\bpe-util.jar;../../..\lib\mdm-server.jar;../../..\lib\bpe-tools.jar;../../..\lib\bpe-mcore.jar;../../..\custom\pngrelease3\cfg;../../..\custom\pngrelease3\cfg\properties;../../..\custom\pngrelease3\cfg\xservice\png;../../..\custom\pngrelease3\cfg\xservice\png\mdm_setup;../../..\cfg\properties;../../..\cfg\xservice\toolkit;../../..\cfg\xservice\toolkit\mdm_setup;../../..\cfg;../../..\lib;../../..\lib\bpe-server.jar;../../..\lib\bpe-services.jar;;../../..\lib\xercesImpl.jar;../../..\lib\xml-apis.jar;../../..\lib\serializer.jar;../../..\lib\xalan.jar;../../..\lib\jdom.jar;../../..\lib\commons-codec-1.10.jar;../../..\lib\commons-httpclient-3.1.jar;../../..\lib\not-yet-commons-ssl.jar;../../..\lib\wsdl4j.jar;../../..\lib\xmlsec.jar;../../..\lib\opensaml.jar;../../..\lib\wss4j.jar;../../..\lib\httpclient.jar;../../..\lib\httpcore.jar;../../..\lib\axiom-api.jar;;../../..\lib\mail.jar;../../..\lib\activation.jar;../../..\lib\jdbc2_0-stdext.jar;../../..\lib\terajdbc4.jar;../../..\lib\tdgssconfig.jar;../../..\lib\bpe-util.jar;../../..\lib\bcm_xservice.jar;../../..\lib\jcert.jar;../../..\web\mdmclient\WEB-INF\bcm\cfg\properties;../../..\web\mdmclient\WEB-INF\bcm\cfg;../../..\web\mdmclient\WEB-INF\lib\bpe-x2.jar;../../..\web\mdmclient\WEB-INF\classes;../../..\web\mdmclient\WEB-INF\lib\log4j.jar;;../../..\lib\poi-3.10.1-20140818.jar;../../..\lib\commons-fileupload.jar;../../..\lib\commons-logging.jar;../../..\lib\poi-ooxml-3.10.1-20140818.jar;../../..\lib\poi-ooxml-schemas-3.10.1-20140818.jar;../../..\lib\poi-scratchpad-3.10.1-20140818.jar;../../..\lib\poi-excelant-3.10.1-20140818.jar;../../..\lib\dom4j.jar;../../..\lib\geronimo-stax-api_1.0_spec.jar;../../..\lib\xmlbeans.jar; ;"E:\Java\jdk1.8.0_73"\lib\tools.jar;../../..\lib\jms.jar;../..
Launcher Type: SUN_STANDARD

Environment Variables:
JAVA_HOME="E:\Java\jdk1.8.0_73"
PATH="E:\Java\jdk1.8.0_73"\bin;C:\ProgramData\Oracle\Java\javapath;C:\Program Files (x86)\Teradata\Teradata Performance Monitor Object 15.00\;C:\Program Files\Teradata\client\15.00\Teradata Parallel Transporter\bin64;C:\Program Files\Teradata\client\15.00\Teradata Parallel Transporter\msg64;C:\Program Files (x86)\Teradata\client\15.00\Teradata Parallel Transporter\bin;C:\Program Files (x86)\Teradata\client\15.00\Teradata Parallel Transporter\msg;C:\Program Files\Teradata\Client\15.00\bin;C:\Program Files (x86)\Teradata\Client\15.00\bin;C:\Program Files\Teradata\Client\15.00\ODBC Driver for Teradata nt-x8664\Lib;C:\Program Files (x86)\Teradata\Client\15.00\ODBC Driver for Teradata\Lib;C:\Program Files\Teradata\Client\15.00\bin\;C:\Program Files (x86)\Teradata\Client\15.00\bin\;C:\Program Files (x86)\Teradata\Client\13.10\bin\;C:\Windows\system32;C:\Windows;C:\Windows\system32\wbem;C:\Windows\system32\windowspowershell\v1.0\;D:\SVVSTools;C:\Windows\System32\WindowsPowerShell\v1.0\;C:\Program Files (x86)\Java\jre1.6.0\bin;C:\usr\local\monitor\c\bin;C:\usr\local\monitor\perl\site\bin;C:\usr\local\monitor\perl\bin;C:\Program Files\McAfee\Solidcore\Tools\GatherInfo;C:\Program Files\McAfee\Solidcore\Tools\Scanalyzer;C:\Program Files\McAfee\Solidcore\;C:\Program Files\McAfee\Solidcore\Tools\ScGetCerts;E:\ScheduleIn\Agent\bin;
USERNAME=VA1UCPPWAPTD10$
OS=Windows_NT
PROCESSOR_IDENTIFIER=Intel64 Family 6 Model 63 Stepping 2, GenuineIntel



---------------  S Y S T E M  ---------------

OS: Windows Server 2008 R2 , 64 bit Build 7601 (6.1.7601.23572)

CPU:total 4 (1 cores per cpu, 1 threads per core) family 6 model 63 stepping 2, cmov, cx8, fxsr, mmx, sse, sse2, sse3, ssse3, sse4.1, sse4.2, popcnt, avx, aes, clmul, tsc, tscinvbit

Memory: 4k page, physical 16776696k(5421972k free), swap 20969140k(1730568k free)

vm_info: Java HotSpot(TM) 64-Bit Server VM (25.73-b02) for windows-amd64 JRE (1.8.0_73-b02), built on Jan 29 2016 17:38:49 by "java_re" with MS VC++ 10.0 (VS2010)

time: Sun Feb 26 13:57:52 2017
elapsed time: 33 seconds (0d 0h 0m 33s)

