#
# There is insufficient memory for the Java Runtime Environment to continue.
# Native memory allocation (malloc) failed to allocate 1528336 bytes for Chunk::new
# Possible reasons:
#   The system is out of physical RAM or swap space
#   In 32 bit mode, the process size limit was hit
# Possible solutions:
#   Reduce memory load on the system
#   Increase physical memory or swap space
#   Check if swap backing store is full
#   Use 64 bit Java on a 64 bit OS
#   Decrease Java heap size (-Xmx/-Xms)
#   Decrease number of Java threads
#   Decrease Java thread stack sizes (-Xss)
#   Set larger code cache with -XX:ReservedCodeCacheSize=
# This output file may be truncated or incomplete.
#
#  Out of Memory Error (allocation.cpp:390), pid=358624, tid=275308
#
# JRE version: Java(TM) SE Runtime Environment (8.0_73-b02) (build 1.8.0_73-b02)
# Java VM: Java HotSpot(TM) 64-Bit Server VM (25.73-b02 mixed mode windows-amd64 compressed oops)
# Failed to write core dump. Call to MiniDumpWriteDump() failed (Error 0x800705af: The paging file is too small for this operation to complete.
)
#

---------------  T H R E A D  ---------------

Current thread (0x000000001bd7f000):  JavaThread "C2 CompilerThread0" daemon [_thread_in_native, id=275308, stack(0x000000001db50000,0x000000001dc50000)]

Stack: [0x000000001db50000,0x000000001dc50000]
[error occurred during error reporting (printing stack bounds), id 0xc0000005]

Native frames: (J=compiled Java code, j=interpreted, Vv=VM code, C=native code)


Current CompileTask:
C2:17721014 6410   !   4       com.teradata.jdbc.jdbc_4.io.TDNetworkIOIF::read (1426 bytes)


---------------  P R O C E S S  ---------------

Java Threads: ( => current thread )
  0x000000001f647800 JavaThread "PooledThread-277" daemon [_thread_blocked, id=358632, stack(0x0000000025b00000,0x0000000025c00000)]
  0x000000001f646800 JavaThread "PooledThread-280" daemon [_thread_blocked, id=354372, stack(0x0000000027b50000,0x0000000027c50000)]
  0x000000001f646000 JavaThread "PooledThread-278" daemon [_thread_blocked, id=274976, stack(0x0000000027a30000,0x0000000027b30000)]
  0x000000001f644800 JavaThread "DestroyJavaVM" [_thread_blocked, id=302936, stack(0x00000000020a0000,0x00000000021a0000)]
  0x000000001f643800 JavaThread "XServer" [_thread_in_native, id=357648, stack(0x0000000027280000,0x0000000027380000)]
  0x000000001f643000 JavaThread "WorkerThread-14" [_thread_blocked, id=303372, stack(0x0000000027880000,0x0000000027980000)]
  0x000000001f642000 JavaThread "WorkerThread-13" [_thread_blocked, id=316076, stack(0x000000001def0000,0x000000001dff0000)]
  0x000000001f62e000 JavaThread "WorkerThread-12" [_thread_in_native, id=358556, stack(0x00000000276d0000,0x00000000277d0000)]
  0x000000001f62d000 JavaThread "WorkerThread-11" [_thread_in_native, id=261604, stack(0x0000000027500000,0x0000000027600000)]
  0x000000001f62c800 JavaThread "WorkerThread-10" [_thread_blocked, id=358744, stack(0x0000000027380000,0x0000000027480000)]
  0x000000001f62b800 JavaThread "WorkerThread-9" [_thread_in_native, id=353528, stack(0x00000000270c0000,0x00000000271c0000)]
  0x000000001f62b000 JavaThread "WorkerThread-8" [_thread_blocked, id=356112, stack(0x0000000026f20000,0x0000000027020000)]
  0x000000001f62a000 JavaThread "WorkerThread-7" [_thread_blocked, id=357544, stack(0x0000000026720000,0x0000000026820000)]
  0x000000001f629800 JavaThread "WorkerThread-6" [_thread_blocked, id=242436, stack(0x0000000026b00000,0x0000000026c00000)]
  0x000000001f628800 JavaThread "WorkerThread-5" [_thread_in_native, id=274996, stack(0x0000000026e20000,0x0000000026f20000)]
  0x000000001f628000 JavaThread "WorkerThread-4" [_thread_blocked, id=274392, stack(0x0000000026c60000,0x0000000026d60000)]
  0x000000001f627000 JavaThread "WorkerThread-3" [_thread_blocked, id=334120, stack(0x00000000264c0000,0x00000000265c0000)]
  0x000000001f626000 JavaThread "WorkerThread-2" [_thread_blocked, id=275288, stack(0x0000000026a00000,0x0000000026b00000)]
  0x000000001f625800 JavaThread "WorkerThread-1" [_thread_blocked, id=351888, stack(0x0000000026850000,0x0000000026950000)]
  0x000000001f624800 JavaThread "WorkerThread-0" [_thread_in_native, id=344988, stack(0x0000000026610000,0x0000000026710000)]
  0x000000001f624000 JavaThread "QuartzScheduler_DatabaseScheduler-NON_CLUSTERED_MisfireHandler" [_thread_in_native, id=357596, stack(0x00000000263a0000,0x00000000264a0000)]
  0x000000001f623000 JavaThread "DatabaseScheduler_QuartzSchedulerThread" [_thread_blocked, id=275216, stack(0x0000000025fb0000,0x00000000260b0000)]
  0x000000001f622800 JavaThread "DatabaseScheduler_Worker-3" [_thread_blocked, id=359060, stack(0x0000000025e70000,0x0000000025f70000)]
  0x000000001f621800 JavaThread "DatabaseScheduler_Worker-2" [_thread_blocked, id=301712, stack(0x0000000025d70000,0x0000000025e70000)]
  0x000000001f621000 JavaThread "DatabaseScheduler_Worker-1" [_thread_blocked, id=274576, stack(0x0000000025c00000,0x0000000025d00000)]
  0x000000001f620000 JavaThread "Thread-44" [_thread_in_native, id=346332, stack(0x0000000023730000,0x0000000023830000)]
  0x000000001e622800 JavaThread "Thread-43" daemon [_thread_blocked, id=359276, stack(0x0000000024470000,0x0000000024570000)]
  0x000000001e621800 JavaThread "Asynch Thread-29" [_thread_blocked, id=358576, stack(0x0000000023ec0000,0x0000000023fc0000)]
  0x000000001e621000 JavaThread "Asynch Thread-28" [_thread_blocked, id=358784, stack(0x0000000024120000,0x0000000024220000)]
  0x000000001e620000 JavaThread "Asynch Thread-27" [_thread_blocked, id=359048, stack(0x0000000024010000,0x0000000024110000)]
  0x000000001e61f800 JavaThread "Asynch Thread-26" [_thread_blocked, id=358036, stack(0x0000000023d70000,0x0000000023e70000)]
  0x000000001e61e800 JavaThread "Asynch Thread-25" [_thread_blocked, id=302752, stack(0x0000000023ba0000,0x0000000023ca0000)]
  0x000000001e61e000 JavaThread "Asynch Thread-24" [_thread_blocked, id=358852, stack(0x0000000023a30000,0x0000000023b30000)]
  0x000000001e61d000 JavaThread "Asynch Thread-23" [_thread_blocked, id=352536, stack(0x0000000023840000,0x0000000023940000)]
  0x000000001e61c800 JavaThread "Asynch Thread-22" [_thread_blocked, id=359184, stack(0x00000000232a0000,0x00000000233a0000)]
  0x000000001e61b800 JavaThread "Asynch Thread-21" [_thread_blocked, id=359112, stack(0x0000000023610000,0x0000000023710000)]
  0x000000001e61b000 JavaThread "Asynch Thread-20" [_thread_blocked, id=358812, stack(0x0000000023420000,0x0000000023520000)]
  0x000000001e61a000 JavaThread "Asynch Thread-19" [_thread_blocked, id=357060, stack(0x0000000022bc0000,0x0000000022cc0000)]
  0x000000001e619800 JavaThread "Asynch Thread-18" [_thread_blocked, id=357184, stack(0x0000000023160000,0x0000000023260000)]
  0x000000001e618800 JavaThread "Asynch Thread-17" [_thread_blocked, id=358680, stack(0x0000000023010000,0x0000000023110000)]
  0x000000001e618000 JavaThread "Asynch Thread-16" [_thread_blocked, id=358420, stack(0x0000000022ee0000,0x0000000022fe0000)]
  0x000000001e617000 JavaThread "Asynch Thread-15" [_thread_blocked, id=356448, stack(0x0000000022d30000,0x0000000022e30000)]
  0x000000001e616800 JavaThread "Asynch Thread-14" [_thread_blocked, id=358880, stack(0x0000000022ab0000,0x0000000022bb0000)]
  0x000000001e615800 JavaThread "Asynch Thread-13" [_thread_blocked, id=358904, stack(0x0000000022940000,0x0000000022a40000)]
  0x000000001e615000 JavaThread "Asynch Thread-12" [_thread_blocked, id=358480, stack(0x00000000227b0000,0x00000000228b0000)]
  0x000000001e614000 JavaThread "Asynch Thread-11" [_thread_blocked, id=358668, stack(0x00000000225f0000,0x00000000226f0000)]
  0x000000001e613000 JavaThread "Asynch Thread-10" [_thread_blocked, id=359028, stack(0x0000000021d20000,0x0000000021e20000)]
  0x000000001f093800 JavaThread "Asynch Thread-9" [_thread_blocked, id=359360, stack(0x00000000223f0000,0x00000000224f0000)]
  0x000000001f093000 JavaThread "Asynch Thread-8" [_thread_blocked, id=359196, stack(0x00000000222d0000,0x00000000223d0000)]
  0x000000001d3e4000 JavaThread "Asynch Thread-7" [_thread_blocked, id=359024, stack(0x0000000022130000,0x0000000022230000)]
  0x000000001f092000 JavaThread "Asynch Thread-6" [_thread_blocked, id=358736, stack(0x000000001e110000,0x000000001e210000)]
  0x000000001e779800 JavaThread "Asynch Thread-5" [_thread_blocked, id=352292, stack(0x0000000021fc0000,0x00000000220c0000)]
  0x000000001f5f5800 JavaThread "Asynch Thread-4" [_thread_blocked, id=345628, stack(0x0000000021e40000,0x0000000021f40000)]
  0x000000001f5f5000 JavaThread "Asynch Thread-3" [_thread_blocked, id=355772, stack(0x0000000021c20000,0x0000000021d20000)]
  0x000000001e652000 JavaThread "Asynch Thread-2" [_thread_blocked, id=358828, stack(0x00000000219c0000,0x0000000021ac0000)]
  0x000000001ee4e000 JavaThread "Asynch Thread-1" [_thread_blocked, id=303392, stack(0x0000000021b10000,0x0000000021c10000)]
  0x000000001e774000 JavaThread "Asynch Thread-0" [_thread_blocked, id=359168, stack(0x0000000020800000,0x0000000020900000)]
  0x000000001eae3000 JavaThread "FileWatcherThread" daemon [_thread_blocked, id=353828, stack(0x000000001fca0000,0x000000001fda0000)]
  0x000000001d2f2000 JavaThread "Service Thread" daemon [_thread_blocked, id=358112, stack(0x000000001dff0000,0x000000001e0f0000)]
  0x000000001d266800 JavaThread "C1 CompilerThread2" daemon [_thread_blocked, id=357640, stack(0x000000001ddf0000,0x000000001def0000)]
  0x000000001d265000 JavaThread "C2 CompilerThread1" daemon [_thread_blocked, id=358728, stack(0x000000001dcb0000,0x000000001ddb0000)]
=>0x000000001bd7f000 JavaThread "C2 CompilerThread0" daemon [_thread_in_native, id=275308, stack(0x000000001db50000,0x000000001dc50000)]
  0x000000001bd7a800 JavaThread "Attach Listener" daemon [_thread_blocked, id=244720, stack(0x000000001d910000,0x000000001da10000)]
  0x000000001bd79000 JavaThread "Signal Dispatcher" daemon [_thread_blocked, id=274488, stack(0x000000001d6e0000,0x000000001d7e0000)]
  0x000000001bd1a800 JavaThread "Finalizer" daemon [_thread_blocked, id=274872, stack(0x000000001d160000,0x000000001d260000)]
  0x000000001bd13800 JavaThread "Reference Handler" daemon [_thread_blocked, id=263696, stack(0x000000001cef0000,0x000000001cff0000)]

Other Threads:
  0x000000001bd10000 VMThread [stack: 0x000000001cdd0000,0x000000001ced0000] [id=358992]
  0x000000001d326000 WatcherThread [stack: 0x000000001e220000,0x000000001e320000] [id=357476]

VM state:not at safepoint (normal execution)

VM Mutex/Monitor currently owned by a thread: None

Heap:
 PSYoungGen      total 1267712K, used 850538K [0x000000076ab00000, 0x00000007c0000000, 0x00000007c0000000)
  eden space 1160192K, 64% used [0x000000076ab00000,0x00000007980db8a0,0x00000007b1800000)
  from space 107520K, 99% used [0x00000007b1800000,0x00000007b80bf068,0x00000007b8100000)
  to   space 130048K, 0% used [0x00000007b8100000,0x00000007b8100000,0x00000007c0000000)
 ParOldGen       total 589824K, used 274685K [0x00000006c0000000, 0x00000006e4000000, 0x000000076ab00000)
  object space 589824K, 46% used [0x00000006c0000000,0x00000006d0c3f6c0,0x00000006e4000000)
 Metaspace       used 26341K, capacity 26766K, committed 27008K, reserved 1073152K
  class space    used 2745K, capacity 2865K, committed 2944K, reserved 1048576K

Card table byte_map: [0x0000000011830000,0x0000000012040000] byte_map_base: 0x000000000e230000

Marking Bits: (ParMarkBitMap*) 0x0000000068260600
 Begin Bits: [0x0000000012b80000, 0x0000000016b80000)
 End Bits:   [0x0000000016b80000, 0x000000001ab80000)

Polling page: 0x0000000000450000

CodeCache: size=245760Kb used=18871Kb max_used=19035Kb free=226888Kb
 bounds [0x0000000002470000, 0x0000000003740000, 0x0000000011470000]
 total_blobs=5343 nmethods=4898 adapters=356
 compilation: enabled

Compilation events (10 events):
Event: 17687.342 Thread 0x000000001d266800 nmethod 6405 0x00000000032b02d0 code [0x00000000032b0600, 0x00000000032b2288]
Event: 17687.342 Thread 0x000000001d266800 6406       3       java.lang.StackTraceElement::isNativeMethod (15 bytes)
Event: 17687.342 Thread 0x000000001d266800 nmethod 6406 0x00000000032aff50 code [0x00000000032b00a0, 0x00000000032b0250]
Event: 17687.343 Thread 0x000000001d266800 6407       1       java.net.InetAddress$InetAddressHolder::getHostName (5 bytes)
Event: 17687.343 Thread 0x000000001d266800 nmethod 6407 0x00000000026cfe50 code [0x00000000026cffa0, 0x00000000026d00b0]
Event: 17688.255 Thread 0x000000001d266800 6408       3       com.teradata.xcore.expression.NumberLiteral::evaluate (12 bytes)
Event: 17688.255 Thread 0x000000001d266800 nmethod 6408 0x0000000002b1dfd0 code [0x0000000002b1e140, 0x0000000002b1e410]
Event: 17688.683 Thread 0x000000001bd7f000 6410   !   4       com.teradata.jdbc.jdbc_4.io.TDNetworkIOIF::read (1426 bytes)
Event: 17688.692 Thread 0x000000001d266800 6411       3       com.teradata.jdbc.jdbc_4.logging.Log::canLog (14 bytes)
Event: 17688.692 Thread 0x000000001d266800 nmethod 6411 0x0000000002a874d0 code [0x0000000002a87620, 0x0000000002a877d0]

GC Heap History (10 events):
Event: 31.396 GC heap before
{Heap before GC invocations=13 (full 1):
 PSYoungGen      total 1325056K, used 1324989K [0x000000076ab00000, 0x00000007c0000000, 0x00000007c0000000)
  eden space 1286144K, 100% used [0x000000076ab00000,0x00000007b9300000,0x00000007b9300000)
  from space 38912K, 99% used [0x00000007b9300000,0x00000007bb8ef748,0x00000007bb900000)
  to   space 56832K, 0% used [0x00000007bc880000,0x00000007bc880000,0x00000007c0000000)
 ParOldGen       total 349696K, used 119685K [0x00000006c0000000, 0x00000006d5580000, 0x000000076ab00000)
  object space 349696K, 34% used [0x00000006c0000000,0x00000006c74e15d0,0x00000006d5580000)
 Metaspace       used 21754K, capacity 22170K, committed 22400K, reserved 1069056K
  class space    used 2449K, capacity 2577K, committed 2688K, reserved 1048576K
Event: 31.444 GC heap after
Heap after GC invocations=13 (full 1):
 PSYoungGen      total 1341952K, used 19951K [0x000000076ab00000, 0x00000007c0000000, 0x00000007c0000000)
  eden space 1285120K, 0% used [0x000000076ab00000,0x000000076ab00000,0x00000007b9200000)
  from space 56832K, 35% used [0x00000007bc880000,0x00000007bdbfbd40,0x00000007c0000000)
  to   space 55808K, 0% used [0x00000007b9200000,0x00000007b9200000,0x00000007bc880000)
 ParOldGen       total 349696K, used 147053K [0x00000006c0000000, 0x00000006d5580000, 0x000000076ab00000)
  object space 349696K, 42% used [0x00000006c0000000,0x00000006c8f9b670,0x00000006d5580000)
 Metaspace       used 21754K, capacity 22170K, committed 22400K, reserved 1069056K
  class space    used 2449K, capacity 2577K, committed 2688K, reserved 1048576K
}
Event: 3857.254 GC heap before
{Heap before GC invocations=14 (full 1):
 PSYoungGen      total 1341952K, used 1305071K [0x000000076ab00000, 0x00000007c0000000, 0x00000007c0000000)
  eden space 1285120K, 100% used [0x000000076ab00000,0x00000007b9200000,0x00000007b9200000)
  from space 56832K, 35% used [0x00000007bc880000,0x00000007bdbfbd40,0x00000007c0000000)
  to   space 55808K, 0% used [0x00000007b9200000,0x00000007b9200000,0x00000007bc880000)
 ParOldGen       total 349696K, used 147053K [0x00000006c0000000, 0x00000006d5580000, 0x000000076ab00000)
  object space 349696K, 42% used [0x00000006c0000000,0x00000006c8f9b670,0x00000006d5580000)
 Metaspace       used 25913K, capacity 26340K, committed 26496K, reserved 1073152K
  class space    used 2745K, capacity 2872K, committed 2944K, reserved 1048576K
Event: 3857.374 GC heap after
Heap after GC invocations=14 (full 1):
 PSYoungGen      total 1340928K, used 55790K [0x000000076ab00000, 0x00000007c0000000, 0x00000007c0000000)
  eden space 1285120K, 0% used [0x000000076ab00000,0x000000076ab00000,0x00000007b9200000)
  from space 55808K, 99% used [0x00000007b9200000,0x00000007bc87b838,0x00000007bc880000)
  to   space 56832K, 0% used [0x00000007bc880000,0x00000007bc880000,0x00000007c0000000)
 ParOldGen       total 349696K, used 220776K [0x00000006c0000000, 0x00000006d5580000, 0x000000076ab00000)
  object space 349696K, 63% used [0x00000006c0000000,0x00000006cd79a348,0x00000006d5580000)
 Metaspace       used 25913K, capacity 26340K, committed 26496K, reserved 1073152K
  class space    used 2745K, capacity 2872K, committed 2944K, reserved 1048576K
}
Event: 10415.233 GC heap before
{Heap before GC invocations=15 (full 1):
 PSYoungGen      total 1340928K, used 1340910K [0x000000076ab00000, 0x00000007c0000000, 0x00000007c0000000)
  eden space 1285120K, 100% used [0x000000076ab00000,0x00000007b9200000,0x00000007b9200000)
  from space 55808K, 99% used [0x00000007b9200000,0x00000007bc87b838,0x00000007bc880000)
  to   space 56832K, 0% used [0x00000007bc880000,0x00000007bc880000,0x00000007c0000000)
 ParOldGen       total 349696K, used 220776K [0x00000006c0000000, 0x00000006d5580000, 0x000000076ab00000)
  object space 349696K, 63% used [0x00000006c0000000,0x00000006cd79a348,0x00000006d5580000)
 Metaspace       used 26202K, capacity 26672K, committed 27008K, reserved 1073152K
  class space    used 2746K, capacity 2874K, committed 2944K, reserved 1048576K
Event: 10415.348 GC heap after
Heap after GC invocations=15 (full 1):
 PSYoungGen      total 1217024K, used 56807K [0x000000076ab00000, 0x00000007c0000000, 0x00000007c0000000)
  eden space 1160192K, 0% used [0x000000076ab00000,0x000000076ab00000,0x00000007b1800000)
  from space 56832K, 99% used [0x00000007bc880000,0x00000007bfff9c68,0x00000007c0000000)
  to   space 118784K, 0% used [0x00000007b1800000,0x00000007b1800000,0x00000007b8c00000)
 ParOldGen       total 349696K, used 293866K [0x00000006c0000000, 0x00000006d5580000, 0x000000076ab00000)
  object space 349696K, 84% used [0x00000006c0000000,0x00000006d1efa880,0x00000006d5580000)
 Metaspace       used 26202K, capacity 26672K, committed 27008K, reserved 1073152K
  class space    used 2746K, capacity 2874K, committed 2944K, reserved 1048576K
}
Event: 10415.348 GC heap before
{Heap before GC invocations=16 (full 2):
 PSYoungGen      total 1217024K, used 56807K [0x000000076ab00000, 0x00000007c0000000, 0x00000007c0000000)
  eden space 1160192K, 0% used [0x000000076ab00000,0x000000076ab00000,0x00000007b1800000)
  from space 56832K, 99% used [0x00000007bc880000,0x00000007bfff9c68,0x00000007c0000000)
  to   space 118784K, 0% used [0x00000007b1800000,0x00000007b1800000,0x00000007b8c00000)
 ParOldGen       total 349696K, used 293866K [0x00000006c0000000, 0x00000006d5580000, 0x000000076ab00000)
  object space 349696K, 84% used [0x00000006c0000000,0x00000006d1efa880,0x00000006d5580000)
 Metaspace       used 26202K, capacity 26672K, committed 27008K, reserved 1073152K
  class space    used 2746K, capacity 2874K, committed 2944K, reserved 1048576K
Event: 10415.905 GC heap after
Heap after GC invocations=16 (full 2):
 PSYoungGen      total 1217024K, used 0K [0x000000076ab00000, 0x00000007c0000000, 0x00000007c0000000)
  eden space 1160192K, 0% used [0x000000076ab00000,0x000000076ab00000,0x00000007b1800000)
  from space 56832K, 0% used [0x00000007bc880000,0x00000007bc880000,0x00000007c0000000)
  to   space 118784K, 0% used [0x00000007b1800000,0x00000007b1800000,0x00000007b8c00000)
 ParOldGen       total 589824K, used 274677K [0x00000006c0000000, 0x00000006e4000000, 0x000000076ab00000)
  object space 589824K, 46% used [0x00000006c0000000,0x00000006d0c3d6c0,0x00000006e4000000)
 Metaspace       used 26174K, capacity 26626K, committed 27008K, reserved 1073152K
  class space    used 2740K, capacity 2863K, committed 2944K, reserved 1048576K
}
Event: 15224.765 GC heap before
{Heap before GC invocations=17 (full 2):
 PSYoungGen      total 1217024K, used 1160192K [0x000000076ab00000, 0x00000007c0000000, 0x00000007c0000000)
  eden space 1160192K, 100% used [0x000000076ab00000,0x00000007b1800000,0x00000007b1800000)
  from space 56832K, 0% used [0x00000007bc880000,0x00000007bc880000,0x00000007c0000000)
  to   space 118784K, 0% used [0x00000007b1800000,0x00000007b1800000,0x00000007b8c00000)
 ParOldGen       total 589824K, used 274677K [0x00000006c0000000, 0x00000006e4000000, 0x000000076ab00000)
  object space 589824K, 46% used [0x00000006c0000000,0x00000006d0c3d6c0,0x00000006e4000000)
 Metaspace       used 26276K, capacity 26702K, committed 27008K, reserved 1073152K
  class space    used 2743K, capacity 2865K, committed 2944K, reserved 1048576K
Event: 15224.827 GC heap after
Heap after GC invocations=17 (full 2):
 PSYoungGen      total 1267712K, used 107260K [0x000000076ab00000, 0x00000007c0000000, 0x00000007c0000000)
  eden space 1160192K, 0% used [0x000000076ab00000,0x000000076ab00000,0x00000007b1800000)
  from space 107520K, 99% used [0x00000007b1800000,0x00000007b80bf068,0x00000007b8100000)
  to   space 130048K, 0% used [0x00000007b8100000,0x00000007b8100000,0x00000007c0000000)
 ParOldGen       total 589824K, used 274685K [0x00000006c0000000, 0x00000006e4000000, 0x000000076ab00000)
  object space 589824K, 46% used [0x00000006c0000000,0x00000006d0c3f6c0,0x00000006e4000000)
 Metaspace       used 26276K, capacity 26702K, committed 27008K, reserved 1073152K
  class space    used 2743K, capacity 2865K, committed 2944K, reserved 1048576K
}

Deoptimization events (10 events):
Event: 17687.290 Thread 0x000000001f62b800 Uncommon trap: reason=unstable_if action=reinterpret pc=0x00000000032872d8 method=com.teradata.jdbc.jdbc_4.logging.Log.canLog(I)Z @ 5
Event: 17687.291 Thread 0x000000001f62b800 Uncommon trap: reason=unloaded action=reinterpret pc=0x0000000002f19630 method=java.net.SocketInputStream.read([BIII)I @ 113
Event: 17687.291 Thread 0x000000001f62b800 Uncommon trap: reason=unstable_if action=reinterpret pc=0x0000000002f1581c method=java.net.AbstractPlainSocketImpl.isConnectionReset()Z @ 15
Event: 17687.291 Thread 0x000000001f62b800 Uncommon trap: reason=unstable_if action=reinterpret pc=0x00000000031b4514 method=com.teradata.jdbc.jdbc_4.logging.Log.canLog(I)Z @ 5
Event: 17687.291 Thread 0x000000001f62b800 Uncommon trap: reason=unstable_if action=reinterpret pc=0x00000000032dbbf0 method=java.text.DecimalFormat.getPositivePrefixFieldPositions()[Ljava/text/FieldPosition; @ 4
Event: 17687.291 Thread 0x000000001f62b800 Uncommon trap: reason=unstable_if action=reinterpret pc=0x0000000002cdc25c method=java.net.AbstractPlainSocketImpl.isClosedOrPending()Z @ 11
Event: 17687.292 Thread 0x000000001f62b800 Uncommon trap: reason=unstable_if action=reinterpret pc=0x00000000031d0d88 method=com.teradata.jdbc.jdbc_4.statemachine.StatementController.runBody(Lcom/teradata/jdbc/jdbc_4/statemachine/TDParcelState;)V @ 66
Event: 17687.292 Thread 0x000000001f62b800 Uncommon trap: reason=unstable_if action=reinterpret pc=0x000000000353dc1c method=com.teradata.jdbc.jdbc_4.io.TDNetworkIOIF.isClosed()Z @ 28
Event: 17687.292 Thread 0x000000001f62b800 Uncommon trap: reason=unstable_if action=reinterpret pc=0x00000000035464e0 method=com.teradata.jdbc.jdbc_4.io.TDNetworkIOIF.isClosed()Z @ 28
Event: 17687.293 Thread 0x000000001f62b800 Uncommon trap: reason=unstable_if action=reinterpret pc=0x00000000028d8ee0 method=com.teradata.jdbc.jdbc_4.io.TDNetworkIOIF.isClosed()Z @ 28

Internal exceptions (10 events):
Event: 10415.908 Thread 0x000000001f623000 Implicit null exception at 0x00000000034b5951 to 0x00000000034b6f55
Event: 10415.916 Thread 0x000000001f623000 Implicit null exception at 0x00000000031e182d to 0x00000000031e2789
Event: 10444.493 Thread 0x000000001f620000 Implicit null exception at 0x000000000357ae60 to 0x000000000357bc3d
Event: 10444.495 Thread 0x000000001f620000 Implicit null exception at 0x00000000031e5b0a to 0x00000000031e5fd5
Event: 14984.484 Thread 0x000000001f626000 Implicit null exception at 0x0000000002ba674e to 0x0000000002ba6cf0
Event: 14984.484 Thread 0x000000001f626000 Implicit null exception at 0x000000000346fed4 to 0x0000000003471877
Event: 17687.276 Thread 0x000000001f62b800 Exception <a 'java/net/SocketTimeoutException': Read timed out> (0x0000000796ba1dd0) thrown at [D:\re\puppet\workspace\8-2-build-windows-amd64-cygwin\jdk8u73\6086\hotspot\src\share\vm\prims\jni.cpp, line 735]
Event: 17687.289 Thread 0x000000001f62b800 Exception <a 'java/net/SocketException': Connection reset by peer: socket write error> (0x0000000796bfd498) thrown at [D:\re\puppet\workspace\8-2-build-windows-amd64-cygwin\jdk8u73\6086\hotspot\src\share\vm\prims\jni.cpp, line 735]
Event: 17687.291 Thread 0x000000001f62b800 Exception <a 'sun/net/ConnectionResetException': > (0x0000000796c490e0) thrown at [D:\re\puppet\workspace\8-2-build-windows-amd64-cygwin\jdk8u73\6086\hotspot\src\share\vm\prims\jni.cpp, line 735]
Event: 17687.291 Thread 0x000000001f62b800 Exception <a 'sun/net/ConnectionResetException': > (0x0000000796c494f8) thrown at [D:\re\puppet\workspace\8-2-build-windows-amd64-cygwin\jdk8u73\6086\hotspot\src\share\vm\prims\jni.cpp, line 735]

Events (10 events):
Event: 17687.342 Thread 0x000000001f62e000 DEOPT UNPACKING pc=0x00000000024b787f sp=0x00000000277cc7e0 mode 0
Event: 17687.342 Executing VM operation: RevokeBias done
Event: 17687.350 Executing VM operation: RevokeBias
Event: 17687.350 Executing VM operation: RevokeBias done
Event: 17687.350 Executing VM operation: RevokeBias
Event: 17687.350 Executing VM operation: RevokeBias done
Event: 17688.253 Executing VM operation: RevokeBias
Event: 17688.253 Executing VM operation: RevokeBias done
Event: 17688.253 Executing VM operation: RevokeBias
Event: 17688.253 Executing VM operation: RevokeBias done


Dynamic libraries:
0x000000013f530000 - 0x000000013f567000 	E:\Java\jdk1.8.0_73\bin\java.exe
0x0000000077690000 - 0x000000007783a000 	C:\Windows\SYSTEM32\ntdll.dll
0x0000000077470000 - 0x000000007758f000 	C:\Windows\system32\kernel32.dll
0x000007fefd400000 - 0x000007fefd46a000 	C:\Windows\system32\KERNELBASE.dll
0x000007fefdf10000 - 0x000007fefdfeb000 	C:\Windows\system32\ADVAPI32.dll
0x000007feff680000 - 0x000007feff71f000 	C:\Windows\system32\msvcrt.dll
0x000007fefdb00000 - 0x000007fefdb1f000 	C:\Windows\SYSTEM32\sechost.dll
0x000007feff550000 - 0x000007feff67d000 	C:\Windows\system32\RPCRT4.dll
0x0000000077590000 - 0x000000007768a000 	C:\Windows\system32\USER32.dll
0x000007fefdc30000 - 0x000007fefdc97000 	C:\Windows\system32\GDI32.dll
0x000007feff080000 - 0x000007feff08e000 	C:\Windows\system32\LPK.dll
0x000007feff130000 - 0x000007feff1fa000 	C:\Windows\system32\USP10.dll
0x000007fefbbc0000 - 0x000007fefbdb4000 	C:\Windows\WinSxS\amd64_microsoft.windows.common-controls_6595b64144ccf1df_6.0.7601.18837_none_fa3b1e3d17594757\COMCTL32.dll
0x000007feff200000 - 0x000007feff271000 	C:\Windows\system32\SHLWAPI.dll
0x000007fefd2b0000 - 0x000007fefd307000 	C:\Windows\system32\apphelp.dll
0x000007fef76a0000 - 0x000007fef78a0000 	C:\Windows\AppPatch\AppPatch64\EMET64.dll
0x000007fefed80000 - 0x000007fefedae000 	C:\Windows\system32\IMM32.DLL
0x000007fefdb20000 - 0x000007fefdc29000 	C:\Windows\system32\MSCTF.dll
0x00000000729b0000 - 0x0000000072a82000 	E:\Java\jdk1.8.0_73\jre\bin\msvcr100.dll
0x0000000067a50000 - 0x00000000682e0000 	E:\Java\jdk1.8.0_73\jre\bin\server\jvm.dll
0x000007fef9bf0000 - 0x000007fef9bf9000 	C:\Windows\system32\WSOCK32.dll
0x000007feff930000 - 0x000007feff97d000 	C:\Windows\system32\WS2_32.dll
0x000007fefee30000 - 0x000007fefee38000 	C:\Windows\system32\NSI.dll
0x000007fef8d90000 - 0x000007fef8dcb000 	C:\Windows\system32\WINMM.dll
0x000007fefc480000 - 0x000007fefc48c000 	C:\Windows\system32\VERSION.dll
0x0000000077850000 - 0x0000000077857000 	C:\Windows\system32\PSAPI.DLL
0x0000000072bb0000 - 0x0000000072bbf000 	E:\Java\jdk1.8.0_73\jre\bin\verify.dll
0x0000000072980000 - 0x00000000729a9000 	E:\Java\jdk1.8.0_73\jre\bin\java.dll
0x0000000071280000 - 0x0000000071296000 	E:\Java\jdk1.8.0_73\jre\bin\zip.dll
0x000007fefdff0000 - 0x000007fefed7a000 	C:\Windows\system32\SHELL32.dll
0x000007feff720000 - 0x000007feff923000 	C:\Windows\system32\ole32.dll
0x000007fefd3c0000 - 0x000007fefd3cf000 	C:\Windows\system32\profapi.dll
0x000007fefcb60000 - 0x000007fefcb78000 	C:\Windows\system32\CRYPTSP.dll
0x000007fefc8a0000 - 0x000007fefc8e7000 	C:\Windows\system32\rsaenh.dll
0x000007fefd5e0000 - 0x000007fefd5fe000 	C:\Windows\system32\USERENV.dll
0x000007fefd1c0000 - 0x000007fefd1cf000 	C:\Windows\system32\CRYPTBASE.dll
0x0000000071230000 - 0x000000007124a000 	E:\Java\jdk1.8.0_73\jre\bin\net.dll
0x000007fefcb00000 - 0x000007fefcb55000 	C:\Windows\system32\mswsock.dll
0x000007fefcc40000 - 0x000007fefcc47000 	C:\Windows\System32\wship6.dll
0x000007fefab60000 - 0x000007fefab87000 	C:\Windows\system32\IPHLPAPI.DLL
0x000007fefab50000 - 0x000007fefab5b000 	C:\Windows\system32\WINNSI.DLL
0x000007fefa550000 - 0x000007fefa561000 	C:\Windows\system32\dhcpcsvc6.DLL
0x000007fefa530000 - 0x000007fefa548000 	C:\Windows\system32\dhcpcsvc.DLL
0x0000000074bd0000 - 0x0000000074be1000 	E:\Java\jdk1.8.0_73\jre\bin\nio.dll
0x0000000074ba0000 - 0x0000000074bc4000 	E:\Java\jdk1.8.0_73\jre\bin\sunec.dll
0x0000000074c00000 - 0x0000000074c0b000 	E:\Java\jdk1.8.0_73\jre\bin\sunmscapi.dll
0x000007fefd610000 - 0x000007fefd77d000 	C:\Windows\system32\CRYPT32.dll
0x000007fefd3d0000 - 0x000007fefd3df000 	C:\Windows\system32\MSASN1.dll
0x000007fefbe90000 - 0x000007fefbea5000 	C:\Windows\system32\NLAapi.dll
0x000007fef9bd0000 - 0x000007fef9be5000 	C:\Windows\system32\napinsp.dll
0x000007fefc990000 - 0x000007fefc9eb000 	C:\Windows\system32\DNSAPI.dll
0x000007fef9c00000 - 0x000007fef9c0b000 	C:\Windows\System32\winrnr.dll
0x000007fefc550000 - 0x000007fefc557000 	C:\Windows\System32\wshtcpip.dll
0x000007fefa460000 - 0x000007fefa468000 	C:\Windows\system32\rasadhlp.dll
0x000007fefa580000 - 0x000007fefa5d3000 	C:\Windows\System32\fwpuclnt.dll
0x0000000074bf0000 - 0x0000000074bfd000 	E:\Java\jdk1.8.0_73\jre\bin\management.dll
0x000007fefba90000 - 0x000007fefbbb5000 	C:\Windows\system32\DBGHELP.DLL

VM Arguments:
jvm_args: -Xms512m -Xmx4096m -Dsun.net.inetaddr.ttl=0 
java_command: com.teradata.xcore.xserver.Xserver xserver.xml bpemeta.xml toolkit.xml toolkit-output.xml toolkit-version.xml toolkit-input.xml userSecurity.xml messaging.xml validation.xml toolkit-netchange.xml E2E.xml dataProfiling.xml dataupload.xml email.xml bpeui.xml timersink.xml hierarchy.xml approval.xml admin_ui.xml ui_workflow.xml scheduler.xml png.xml png-input.xml png-output.xml png-netchange.xml png-version.xml custom_ui_workflow.xml PNG_admin_ui.xml PNG_admin_ui.xml custom_ui_workflow.xml custom_ui_workflow.xml custom_ui_workflow.xml
java_class_path (initial): .;../../..\lib\commons-dbcp2-2.1.jar;../../..\lib\commons-pool2-2.3.jar;;../../..\custom\pngrelease3;../../..\custom\pngrelease3\cfg;../../..\custom\pngrelease3\cfg\properties;../../..\lib\override;../../..\lib\bpe-util.jar;../../..\lib\mdm-server.jar;../../..\lib\bpe-tools.jar;../../..\lib\bpe-mcore.jar;../../..\custom\pngrelease3\cfg;../../..\custom\pngrelease3\cfg\properties;../../..\custom\pngrelease3\cfg\xservice\png;../../..\custom\pngrelease3\cfg\xservice\png\mdm_setup;../../..\cfg\properties;../../..\cfg\xservice\toolkit;../../..\cfg\xservice\toolkit\mdm_setup;../../..\cfg;../../..\lib;../../..\lib\bpe-server.jar;../../..\lib\bpe-services.jar;;../../..\lib\xercesImpl.jar;../../..\lib\xml-apis.jar;../../..\lib\serializer.jar;../../..\lib\xalan.jar;../../..\lib\jdom.jar;../../..\lib\commons-codec-1.10.jar;../../..\lib\commons-httpclient-3.1.jar;../../..\lib\not-yet-commons-ssl.jar;../../..\lib\wsdl4j.jar;../../..\lib\xmlsec.jar;../../..\lib\opensaml.jar;../../..\lib\wss4j.jar;../../..\lib\httpclient.jar;../../..\lib\httpcore.jar;../../..\lib\axiom-api.jar;;../../..\lib\mail.jar;../../..\lib\activation.jar;../../..\lib\jdbc2_0-stdext.jar;../../..\lib\terajdbc4.jar;../../..\lib\tdgssconfig.jar;../../..\lib\bpe-util.jar;../../..\lib\bcm_xservice.jar;../../..\lib\jcert.jar;../../..\web\mdmclient\WEB-INF\bcm\cfg\properties;../../..\web\mdmclient\WEB-INF\bcm\cfg;../../..\web\mdmclient\WEB-INF\lib\bpe-x2.jar;../../..\web\mdmclient\WEB-INF\classes;../../..\web\mdmclient\WEB-INF\lib\log4j.jar;;../../..\lib\poi-3.10.1-20140818.jar;../../..\lib\commons-fileupload.jar;../../..\lib\commons-logging.jar;../../..\lib\poi-ooxml-3.10.1-20140818.jar;../../..\lib\poi-ooxml-schemas-3.10.1-20140818.jar;../../..\lib\poi-scratchpad-3.10.1-20140818.jar;../../..\lib\poi-excelant-3.10.1-20140818.jar;../../..\lib\dom4j.jar;../../..\lib\geronimo-stax-api_1.0_spec.jar;../../..\lib\xmlbeans.jar; ;"E:\Java\jdk1.8.0_73"\lib\tools.jar;../../..\lib\jms.jar;../../..\
Launcher Type: SUN_STANDARD

Environment Variables:
JAVA_HOME="E:\Java\jdk1.8.0_73"
PATH="E:\Java\jdk1.8.0_73"\bin;C:\ProgramData\Oracle\Java\javapath;C:\Program Files (x86)\Teradata\Teradata Performance Monitor Object 15.00\;C:\Program Files\Teradata\client\15.00\Teradata Parallel Transporter\bin64;C:\Program Files\Teradata\client\15.00\Teradata Parallel Transporter\msg64;C:\Program Files (x86)\Teradata\client\15.00\Teradata Parallel Transporter\bin;C:\Program Files (x86)\Teradata\client\15.00\Teradata Parallel Transporter\msg;C:\Program Files\Teradata\Client\15.00\bin;C:\Program Files (x86)\Teradata\Client\15.00\bin;C:\Program Files\Teradata\Client\15.00\ODBC Driver for Teradata nt-x8664\Lib;C:\Program Files (x86)\Teradata\Client\15.00\ODBC Driver for Teradata\Lib;C:\Program Files\Teradata\Client\15.00\bin\;C:\Program Files (x86)\Teradata\Client\15.00\bin\;C:\Program Files (x86)\Teradata\Client\13.10\bin\;C:\Windows\system32;C:\Windows;C:\Windows\system32\wbem;C:\Windows\system32\windowspowershell\v1.0\;D:\SVVSTools;C:\Windows\System32\WindowsPowerShell\v1.0\;C:\Program Files (x86)\Java\jre1.6.0\bin;C:\usr\local\monitor\c\bin;C:\usr\local\monitor\perl\site\bin;C:\usr\local\monitor\perl\bin;C:\Program Files\McAfee\Solidcore\Tools\GatherInfo;C:\Program Files\McAfee\Solidcore\Tools\Scanalyzer;C:\Program Files\McAfee\Solidcore\;C:\Program Files\McAfee\Solidcore\Tools\ScGetCerts;E:\ScheduleIn\Agent\bin
USERNAME=S606878_Admin
OS=Windows_NT
PROCESSOR_IDENTIFIER=Intel64 Family 6 Model 63 Stepping 2, GenuineIntel



---------------  S Y S T E M  ---------------

OS: Windows Server 2008 R2 , 64 bit Build 7601 (6.1.7601.23572)

CPU:total 4 (1 cores per cpu, 1 threads per core) family 6 model 63 stepping 2, cmov, cx8, fxsr, mmx, sse, sse2, sse3, ssse3, sse4.1, sse4.2, popcnt, avx, aes, clmul, tsc, tscinvbit

Memory: 4k page, physical 16776696k(7033136k free), swap 20969140k(7032k free)

vm_info: Java HotSpot(TM) 64-Bit Server VM (25.73-b02) for windows-amd64 JRE (1.8.0_73-b02), built on Jan 29 2016 17:38:49 by "java_re" with MS VC++ 10.0 (VS2010)

time: Thu Mar 02 23:39:37 2017
elapsed time: 17720 seconds (0d 4h 55m 20s)

