#
# There is insufficient memory for the Java Runtime Environment to continue.
# Native memory allocation (malloc) failed to allocate 139232 bytes for Chunk::new
# Possible reasons:
#   The system is out of physical RAM or swap space
#   In 32 bit mode, the process size limit was hit
# Possible solutions:
#   Reduce memory load on the system
#   Increase physical memory or swap space
#   Check if swap backing store is full
#   Use 64 bit Java on a 64 bit OS
#   Decrease Java heap size (-Xmx/-Xms)
#   Decrease number of Java threads
#   Decrease Java thread stack sizes (-Xss)
#   Set larger code cache with -XX:ReservedCodeCacheSize=
# This output file may be truncated or incomplete.
#
#  Out of Memory Error (allocation.cpp:323), pid=68112, tid=68712
#
# JRE version: Java(TM) SE Runtime Environment (7.0_71-b14) (build 1.7.0_71-b14)
# Java VM: Java HotSpot(TM) 64-Bit Server VM (24.71-b01 mixed mode windows-amd64 compressed oops)
# Core dump written. Default location: E:\Teradata\MDM\3.05.02\custom\pngrelease3\bin\hs_err_pid68112.mdmp
#

---------------  T H R E A D  ---------------

Current thread (0x000000000f1d9800):  JavaThread "C2 CompilerThread0" daemon [_thread_in_native, id=68712, stack(0x0000000010b20000,0x0000000010c20000)]

Stack: [0x0000000010b20000,0x0000000010c20000]
[error occurred during error reporting (printing stack bounds), id 0xc0000005]


Current CompileTask:
C2:   5100   20             java.io.Win32FileSystem::normalize (231 bytes)


---------------  P R O C E S S  ---------------

Java Threads: ( => current thread )
  0x000000001144e000 JavaThread "PooledThread-10" daemon [_thread_blocked, id=68956, stack(0x0000000010c30000,0x0000000010d30000)]
  0x000000000f1ed000 JavaThread "Service Thread" daemon [_thread_blocked, id=68720, stack(0x0000000010da0000,0x0000000010ea0000)]
  0x000000000f1df000 JavaThread "C2 CompilerThread1" daemon [_thread_blocked, id=68716, stack(0x0000000010760000,0x0000000010860000)]
=>0x000000000f1d9800 JavaThread "C2 CompilerThread0" daemon [_thread_in_native, id=68712, stack(0x0000000010b20000,0x0000000010c20000)]
  0x000000000f1d8000 JavaThread "Attach Listener" daemon [_thread_blocked, id=68708, stack(0x00000000109e0000,0x0000000010ae0000)]
  0x000000000f1d1000 JavaThread "Signal Dispatcher" daemon [_thread_blocked, id=68704, stack(0x0000000010880000,0x0000000010980000)]
  0x000000000f17a000 JavaThread "Finalizer" daemon [_thread_blocked, id=68684, stack(0x0000000010650000,0x0000000010750000)]
  0x000000000f173000 JavaThread "Reference Handler" daemon [_thread_blocked, id=68680, stack(0x0000000010500000,0x0000000010600000)]
  0x0000000001f2b000 JavaThread "main" [_thread_in_native, id=68208, stack(0x00000000021e0000,0x00000000022e0000)]

Other Threads:
  0x000000000f16d800 VMThread [stack: 0x00000000102b0000,0x00000000103b0000] [id=68676]
  0x0000000010eea800 WatcherThread [stack: 0x0000000011330000,0x0000000011430000] [id=68724]

VM state:not at safepoint (normal execution)

VM Mutex/Monitor currently owned by a thread: None

Heap
 PSYoungGen      total 76800K, used 14539K [0x00000007aaa80000, 0x00000007b0000000, 0x0000000800000000)
  eden space 66048K, 22% used [0x00000007aaa80000,0x00000007ab8b2cd8,0x00000007aeb00000)
  from space 10752K, 0% used [0x00000007af580000,0x00000007af580000,0x00000007b0000000)
  to   space 10752K, 0% used [0x00000007aeb00000,0x00000007aeb00000,0x00000007af580000)
 ParOldGen       total 174592K, used 0K [0x0000000700000000, 0x000000070aa80000, 0x00000007aaa80000)
  object space 174592K, 0% used [0x0000000700000000,0x0000000700000000,0x000000070aa80000)
 PSPermGen       total 21504K, used 4453K [0x00000006fae00000, 0x00000006fc300000, 0x0000000700000000)
  object space 21504K, 20% used [0x00000006fae00000,0x00000006fb2597c0,0x00000006fc300000)

Card table byte_map: [0x00000000052e0000,0x0000000005b10000] byte_map_base: 0x0000000001b09000

Polling page: 0x0000000000110000

Code Cache  [0x00000000022e0000, 0x0000000002550000, 0x00000000052e0000)
 total_blobs=239 nmethods=37 adapters=155 free_code_cache=48691Kb largest_free_block=49842304

Compilation events (10 events):
Event: 1.165 Thread 0x000000000f1d9800 nmethod 15 0x0000000002347390 code [0x00000000023474e0, 0x00000000023479c8]
Event: 1.336 Thread 0x000000000f1df000   16             java.lang.Math::min (11 bytes)
Event: 1.337 Thread 0x000000000f1df000 nmethod 16 0x0000000002344c10 code [0x0000000002344d40, 0x0000000002344d98]
Event: 1.356 Thread 0x000000000f1df000   17             java.io.Win32FileSystem::isSlash (18 bytes)
Event: 1.356 Thread 0x000000000f1df000 nmethod 17 0x00000000023440d0 code [0x0000000002344200, 0x0000000002344278]
Event: 1.361 Thread 0x000000000f1d9800   18             java.lang.AbstractStringBuilder::append (29 bytes)
Event: 1.364 Thread 0x000000000f1d9800 nmethod 18 0x0000000002346d10 code [0x0000000002346e60, 0x0000000002347178]
Event: 1.398 Thread 0x000000000f1df000   19  s          java.lang.StringBuffer::append (8 bytes)
Event: 1.398 Thread 0x000000000f1d9800   20             java.io.Win32FileSystem::normalize (231 bytes)
Event: 1.401 Thread 0x000000000f1df000 nmethod 19 0x0000000002345bd0 code [0x0000000002345d20, 0x00000000023462d8]

GC Heap History (0 events):
No events

Deoptimization events (0 events):
No events

Internal exceptions (10 events):
Event: 1.261 Thread 0x0000000001f2b000 Threw 0x00000007aaf6d700 at C:\re\jdk7u71\1605\hotspot\src\share\vm\prims\jvm.cpp:1281
Event: 1.261 Thread 0x0000000001f2b000 Threw 0x00000007aaf6d928 at C:\re\jdk7u71\1605\hotspot\src\share\vm\prims\jvm.cpp:1281
Event: 1.266 Thread 0x0000000001f2b000 Threw 0x00000007aaf716a0 at C:\re\jdk7u71\1605\hotspot\src\share\vm\prims\jvm.cpp:1281
Event: 1.266 Thread 0x0000000001f2b000 Threw 0x00000007aaf718c8 at C:\re\jdk7u71\1605\hotspot\src\share\vm\prims\jvm.cpp:1281
Event: 1.340 Thread 0x0000000001f2b000 Threw 0x00000007aaf93af8 at C:\re\jdk7u71\1605\hotspot\src\share\vm\prims\jvm.cpp:1281
Event: 1.340 Thread 0x0000000001f2b000 Threw 0x00000007aaf93d20 at C:\re\jdk7u71\1605\hotspot\src\share\vm\prims\jvm.cpp:1281
Event: 1.370 Thread 0x0000000001f2b000 Threw 0x00000007aafa79b8 at C:\re\jdk7u71\1605\hotspot\src\share\vm\prims\jvm.cpp:1281
Event: 1.370 Thread 0x0000000001f2b000 Threw 0x00000007aafa7be0 at C:\re\jdk7u71\1605\hotspot\src\share\vm\prims\jvm.cpp:1281
Event: 1.396 Thread 0x0000000001f2b000 Threw 0x00000007aafba2c0 at C:\re\jdk7u71\1605\hotspot\src\share\vm\prims\jvm.cpp:1281
Event: 1.396 Thread 0x0000000001f2b000 Threw 0x00000007aafba4e8 at C:\re\jdk7u71\1605\hotspot\src\share\vm\prims\jvm.cpp:1281

Events (10 events):
Event: 1.249 loading class 0x0000000010f8e1b0
Event: 1.249 loading class 0x0000000010f8e1b0 done
Event: 1.266 loading class 0x0000000001fb8df0
Event: 1.266 loading class 0x0000000001fb8df0 done
Event: 1.346 loading class 0x0000000001fc3f80
Event: 1.346 loading class 0x0000000010f8e330
Event: 1.347 loading class 0x0000000010f8e330 done
Event: 1.347 loading class 0x0000000001fc3f80 done
Event: 1.347 loading class 0x0000000010f8e400
Event: 1.347 loading class 0x0000000010f8e400 done


Dynamic libraries:
0x000000013fb50000 - 0x000000013fb83000 	C:\Program Files\Java\jdk1.7.0_71\bin\java.exe
0x0000000077040000 - 0x00000000771eb000 	C:\Windows\SYSTEM32\ntdll.dll
0x0000000076cc0000 - 0x0000000076ddf000 	C:\Windows\system32\kernel32.dll
0x000007fefd5b0000 - 0x000007fefd61a000 	C:\Windows\system32\KERNELBASE.dll
0x000007feff270000 - 0x000007feff34b000 	C:\Windows\system32\ADVAPI32.dll
0x000007feff0f0000 - 0x000007feff18f000 	C:\Windows\system32\msvcrt.dll
0x000007fefd920000 - 0x000007fefd93f000 	C:\Windows\SYSTEM32\sechost.dll
0x000007fefeeb0000 - 0x000007fefefdd000 	C:\Windows\system32\RPCRT4.dll
0x0000000076de0000 - 0x0000000076eda000 	C:\Windows\system32\USER32.dll
0x000007fefdb20000 - 0x000007fefdb87000 	C:\Windows\system32\GDI32.dll
0x000007fefebc0000 - 0x000007fefebce000 	C:\Windows\system32\LPK.dll
0x000007fefdcc0000 - 0x000007fefdd8a000 	C:\Windows\system32\USP10.dll
0x000007fefbed0000 - 0x000007fefc0c4000 	C:\Windows\WinSxS\amd64_microsoft.windows.common-controls_6595b64144ccf1df_6.0.7601.18837_none_fa3b1e3d17594757\COMCTL32.dll
0x000007fefdbf0000 - 0x000007fefdc61000 	C:\Windows\system32\SHLWAPI.dll
0x000007fefee00000 - 0x000007fefee2e000 	C:\Windows\system32\IMM32.DLL
0x000007fefefe0000 - 0x000007feff0e9000 	C:\Windows\system32\MSCTF.dll
0x000000006d670000 - 0x000000006d742000 	C:\Program Files\Java\jdk1.7.0_71\jre\bin\msvcr100.dll
0x0000000068b00000 - 0x00000000692d3000 	C:\Program Files\Java\jdk1.7.0_71\jre\bin\server\jvm.dll
0x000007fefabb0000 - 0x000007fefabb9000 	C:\Windows\system32\WSOCK32.dll
0x000007fefdc70000 - 0x000007fefdcbd000 	C:\Windows\system32\WS2_32.dll
0x000007fefd910000 - 0x000007fefd918000 	C:\Windows\system32\NSI.dll
0x000007fef9770000 - 0x000007fef97ab000 	C:\Windows\system32\WINMM.dll
0x0000000077210000 - 0x0000000077217000 	C:\Windows\system32\PSAPI.DLL
0x0000000073670000 - 0x000000007367f000 	C:\Program Files\Java\jdk1.7.0_71\jre\bin\verify.dll
0x000000006ecd0000 - 0x000000006ecf8000 	C:\Program Files\Java\jdk1.7.0_71\jre\bin\java.dll
0x00000000733f0000 - 0x0000000073405000 	C:\Program Files\Java\jdk1.7.0_71\jre\bin\zip.dll
0x000007fef9030000 - 0x000007fef9155000 	C:\Windows\system32\DBGHELP.DLL
0x00000000735c0000 - 0x00000000735d9000 	C:\Program Files\Java\jdk1.7.0_71\jre\bin\net.dll
0x000007fefccd0000 - 0x000007fefcd25000 	C:\Windows\system32\mswsock.dll
0x000007fefccc0000 - 0x000007fefccc7000 	C:\Windows\System32\wship6.dll
0x000007fefcb50000 - 0x000007fefcbab000 	C:\Windows\system32\DNSAPI.dll
0x000007fefb650000 - 0x000007fefb677000 	C:\Windows\system32\IPHLPAPI.DLL
0x000007fefb4d0000 - 0x000007fefb4db000 	C:\Windows\system32\WINNSI.DLL
0x000007fefc6a0000 - 0x000007fefc6a7000 	C:\Windows\System32\wshtcpip.dll
0x000007fefaba0000 - 0x000007fefaba8000 	C:\Windows\system32\rasadhlp.dll
0x000007fefad60000 - 0x000007fefadb3000 	C:\Windows\System32\fwpuclnt.dll

VM Arguments:
java_command: com.teradata.xcore.net.Poster http://10.138.21.18:14444 //10.138.21.18/Teradata/MDM/3.05.02/custom/pngrelease3/bin/pngMDM_Trillium_CPUUtil_DEU.xml
Launcher Type: SUN_STANDARD

Environment Variables:
JAVA_HOME="C:\Program Files\Java\jdk1.7.0_71"
PATH="C:\Program Files\Java\jdk1.7.0_71"\bin;"C:\Program Files\Java\jdk1.7.0_71"\bin;C:\Program Files (x86)\Teradata\Teradata Performance Monitor Object 15.00\;C:\Program Files\Teradata\client\15.00\Teradata Parallel Transporter\bin64;C:\Program Files\Teradata\client\15.00\Teradata Parallel Transporter\msg64;C:\Program Files (x86)\Teradata\client\15.00\Teradata Parallel Transporter\bin;C:\Program Files (x86)\Teradata\client\15.00\Teradata Parallel Transporter\msg;C:\Program Files\Teradata\Client\15.00\bin;C:\Program Files (x86)\Teradata\Client\15.00\bin;C:\Program Files\Teradata\Client\15.00\ODBC Driver for Teradata nt-x8664\Lib;C:\Program Files (x86)\Teradata\Client\15.00\ODBC Driver for Teradata\Lib;C:\Program Files\Teradata\Client\15.00\bin\;C:\Program Files (x86)\Teradata\Client\15.00\bin\;C:\Program Files (x86)\Teradata\Client\13.10\bin\;C:\Windows\system32;C:\Windows;C:\Windows\system32\wbem;C:\Windows\system32\windowspowershell\v1.0\;D:\SVVSTools;C:\Windows\System32\WindowsPowerShell\v1.0\;C:\Program Files (x86)\Java\jre1.6.0\bin;C:\usr\local\monitor\c\bin;C:\usr\local\monitor\perl\site\bin;C:\usr\local\monitor\perl\bin;C:\Program Files\McAfee\Solidcore\Tools\GatherInfo;C:\Program Files\McAfee\Solidcore\Tools\Scanalyzer;C:\Program Files\McAfee\Solidcore\;C:\Program Files\McAfee\Solidcore\Tools\ScGetCerts;E:\ScheduleIn\Agent\bin
USERNAME=S606878_Admin
OS=Windows_NT
PROCESSOR_IDENTIFIER=Intel64 Family 6 Model 63 Stepping 2, GenuineIntel



---------------  S Y S T E M  ---------------

OS: Windows Server 2008 R2 , 64 bit Build 7601 Service Pack 1

CPU:total 4 (1 cores per cpu, 1 threads per core) family 6 model 63 stepping 2, cmov, cx8, fxsr, mmx, sse, sse2, sse3, ssse3, sse4.1, sse4.2, popcnt, avx, aes, tsc, tscinvbit

Memory: 4k page, physical 16776696k(6674032k free), swap 20969140k(1440444k free)

vm_info: Java HotSpot(TM) 64-Bit Server VM (24.71-b01) for windows-amd64 JRE (1.7.0_71-b14), built on Sep 26 2014 16:16:12 by "java_re" with unknown MS VC++:1600

time: Mon Aug 08 09:17:29 2016
elapsed time: 5 seconds

