#
# There is insufficient memory for the Java Runtime Environment to continue.
# Native memory allocation (malloc) failed to allocate 32744 bytes for ChunkPool::allocate
# Possible reasons:
#   The system is out of physical RAM or swap space
#   In 32 bit mode, the process size limit was hit
# Possible solutions:
#   Reduce memory load on the system
#   Increase physical memory or swap space
#   Check if swap backing store is full
#   Use 64 bit Java on a 64 bit OS
#   Decrease Java heap size (-Xmx/-Xms)
#   Decrease number of Java threads
#   Decrease Java thread stack sizes (-Xss)
#   Set larger code cache with -XX:ReservedCodeCacheSize=
# This output file may be truncated or incomplete.
#
#  Out of Memory Error (allocation.cpp:211), pid=115916, tid=118188
#
# JRE version: Java(TM) SE Runtime Environment (7.0_71-b14) (build 1.7.0_71-b14)
# Java VM: Java HotSpot(TM) 64-Bit Server VM (24.71-b01 mixed mode windows-amd64 compressed oops)
# Failed to write core dump. 
#

---------------  T H R E A D  ---------------

Current thread (0x000000000f4af800):  JavaThread "C2 CompilerThread0" daemon [_thread_in_native, id=118188, stack(0x0000000010e50000,0x0000000010f50000)]

Stack: [0x0000000010e50000,0x0000000010f50000]
[error occurred during error reporting (printing stack bounds), id 0xc0000005]


[error occurred during error reporting (printing native stack), id 0xc0000005]


Current CompileTask:
C2:   2433    1             java.lang.String::hashCode (55 bytes)


---------------  P R O C E S S  ---------------

Java Threads: ( => current thread )
  0x000000000f4bb000 JavaThread "Service Thread" daemon [_thread_blocked, id=118224, stack(0x0000000011150000,0x0000000011250000)]
  0x000000000f4b2000 JavaThread "C2 CompilerThread1" daemon [_thread_blocked, id=118204, stack(0x0000000010f50000,0x0000000011050000)]
=>0x000000000f4af800 JavaThread "C2 CompilerThread0" daemon [_thread_in_native, id=118188, stack(0x0000000010e50000,0x0000000010f50000)]
  0x000000000f4ad800 JavaThread "Attach Listener" daemon [_thread_blocked, id=118184, stack(0x0000000010c80000,0x0000000010d80000)]
  0x000000000f4a6800 JavaThread "Signal Dispatcher" daemon [_thread_blocked, id=118180, stack(0x0000000010ae0000,0x0000000010be0000)]
  0x000000000f44a000 JavaThread "Finalizer" daemon [_thread_blocked, id=118156, stack(0x00000000106a0000,0x00000000107a0000)]
  0x000000000f443000 JavaThread "Reference Handler" daemon [_thread_blocked, id=118152, stack(0x0000000010520000,0x0000000010620000)]
  0x0000000001ddb000 JavaThread "main" [_thread_in_native, id=117004, stack(0x0000000002180000,0x0000000002280000)]

Other Threads:
  0x000000000f43d000 VMThread [stack: 0x0000000010370000,0x0000000010470000] [id=118056]
  0x0000000011260800 WatcherThread [stack: 0x0000000011730000,0x0000000011830000] [id=118228]

VM state:not at safepoint (normal execution)

VM Mutex/Monitor currently owned by a thread: None

Heap
 PSYoungGen      total 76800K, used 3963K [0x00000007aaa80000, 0x00000007b0000000, 0x0000000800000000)
  eden space 66048K, 6% used [0x00000007aaa80000,0x00000007aae5ec98,0x00000007aeb00000)
  from space 10752K, 0% used [0x00000007af580000,0x00000007af580000,0x00000007b0000000)
  to   space 10752K, 0% used [0x00000007aeb00000,0x00000007aeb00000,0x00000007af580000)
 ParOldGen       total 174592K, used 0K [0x0000000700000000, 0x000000070aa80000, 0x00000007aaa80000)
  object space 174592K, 0% used [0x0000000700000000,0x0000000700000000,0x000000070aa80000)
 PSPermGen       total 21504K, used 2866K [0x00000006fae00000, 0x00000006fc300000, 0x0000000700000000)
  object space 21504K, 13% used [0x00000006fae00000,0x00000006fb0ccaa0,0x00000006fc300000)

Card table byte_map: [0x0000000005280000,0x0000000005ab0000] byte_map_base: 0x0000000001aa9000

Polling page: 0x0000000000210000

Code Cache  [0x0000000002280000, 0x00000000024f0000, 0x0000000005280000)
 total_blobs=170 nmethods=0 adapters=137 free_code_cache=48769Kb largest_free_block=49939968

Compilation events (1 events):
Event: 2.225 Thread 0x000000000f4af800    1             java.lang.String::hashCode (55 bytes)

GC Heap History (0 events):
No events

Deoptimization events (0 events):
No events

Internal exceptions (2 events):
Event: 1.919 Thread 0x0000000001ddb000 Threw 0x00000007aaa8b9c0 at C:\re\jdk7u71\1605\hotspot\src\share\vm\prims\jni.cpp:3991
Event: 2.083 Thread 0x0000000001ddb000 Threw 0x00000007aaafee20 at C:\re\jdk7u71\1605\hotspot\src\share\vm\prims\jni.cpp:743

Events (10 events):
Event: 2.052 loading class 0x0000000001e73770 done
Event: 2.082 loading class 0x0000000001e20c70
Event: 2.082 loading class 0x0000000001e20c70 done
Event: 2.084 loading class 0x0000000001e2cc80
Event: 2.084 loading class 0x0000000001e2cc80 done
Event: 2.085 Thread 0x000000000f4a6800 Thread added: 0x000000000f4a6800
Event: 2.085 Thread 0x000000000f4ad800 Thread added: 0x000000000f4ad800
Event: 2.085 Thread 0x000000000f4af800 Thread added: 0x000000000f4af800
Event: 2.205 Thread 0x000000000f4b2000 Thread added: 0x000000000f4b2000
Event: 2.225 Thread 0x000000000f4bb000 Thread added: 0x000000000f4bb000


Dynamic libraries:
0x000000013fb50000 - 0x000000013fb83000 	C:\Program Files\Java\jdk1.7.0_71\bin\java.exe
0x0000000077040000 - 0x00000000771eb000 	C:\Windows\SYSTEM32\ntdll.dll
0x0000000076cc0000 - 0x0000000076ddf000 	C:\Windows\system32\kernel32.dll
0x000007fefd5b0000 - 0x000007fefd61a000 	C:\Windows\system32\KERNELBASE.dll
0x000007feff270000 - 0x000007feff34b000 	C:\Windows\system32\ADVAPI32.dll
0x000007feff0f0000 - 0x000007feff18f000 	C:\Windows\system32\msvcrt.dll
0x000007fefd920000 - 0x000007fefd93f000 	C:\Windows\SYSTEM32\sechost.dll
0x000007fefeeb0000 - 0x000007fefefdd000 	C:\Windows\system32\RPCRT4.dll
0x0000000076de0000 - 0x0000000076eda000 	C:\Windows\system32\USER32.dll
0x000007fefdb20000 - 0x000007fefdb87000 	C:\Windows\system32\GDI32.dll
0x000007fefebc0000 - 0x000007fefebce000 	C:\Windows\system32\LPK.dll
0x000007fefdcc0000 - 0x000007fefdd8a000 	C:\Windows\system32\USP10.dll
0x000007fefbed0000 - 0x000007fefc0c4000 	C:\Windows\WinSxS\amd64_microsoft.windows.common-controls_6595b64144ccf1df_6.0.7601.18837_none_fa3b1e3d17594757\COMCTL32.dll
0x000007fefdbf0000 - 0x000007fefdc61000 	C:\Windows\system32\SHLWAPI.dll
0x000007fefee00000 - 0x000007fefee2e000 	C:\Windows\system32\IMM32.DLL
0x000007fefefe0000 - 0x000007feff0e9000 	C:\Windows\system32\MSCTF.dll
0x000000006d670000 - 0x000000006d742000 	C:\Program Files\Java\jdk1.7.0_71\jre\bin\msvcr100.dll
0x0000000068b00000 - 0x00000000692d3000 	C:\Program Files\Java\jdk1.7.0_71\jre\bin\server\jvm.dll
0x000007fefabb0000 - 0x000007fefabb9000 	C:\Windows\system32\WSOCK32.dll
0x000007fefdc70000 - 0x000007fefdcbd000 	C:\Windows\system32\WS2_32.dll
0x000007fefd910000 - 0x000007fefd918000 	C:\Windows\system32\NSI.dll
0x000007fef9770000 - 0x000007fef97ab000 	C:\Windows\system32\WINMM.dll
0x0000000077210000 - 0x0000000077217000 	C:\Windows\system32\PSAPI.DLL
0x0000000073670000 - 0x000000007367f000 	C:\Program Files\Java\jdk1.7.0_71\jre\bin\verify.dll
0x000000006ecd0000 - 0x000000006ecf8000 	C:\Program Files\Java\jdk1.7.0_71\jre\bin\java.dll
0x00000000733f0000 - 0x0000000073405000 	C:\Program Files\Java\jdk1.7.0_71\jre\bin\zip.dll
0x000007fefdd90000 - 0x000007fefeb1a000 	C:\Windows\system32\SHELL32.dll
0x000007fefebd0000 - 0x000007fefedd3000 	C:\Windows\system32\ole32.dll

VM Arguments:
java_command: com.teradata.xcore.net.Poster xserver ../cfg/properties/xserver.xml BCM_MASTER ../bin/ScheduleIn_TrilliumWrapper_CHN.xml
Launcher Type: SUN_STANDARD

Environment Variables:
JAVA_HOME="C:\Program Files\Java\jdk1.7.0_71"
PATH="C:\Program Files\Java\jdk1.7.0_71"\bin;C:\Program Files (x86)\Teradata\Teradata Performance Monitor Object 15.00\;C:\Program Files\Teradata\client\15.00\Teradata Parallel Transporter\bin64;C:\Program Files\Teradata\client\15.00\Teradata Parallel Transporter\msg64;C:\Program Files (x86)\Teradata\client\15.00\Teradata Parallel Transporter\bin;C:\Program Files (x86)\Teradata\client\15.00\Teradata Parallel Transporter\msg;C:\Program Files\Teradata\Client\15.00\bin;C:\Program Files (x86)\Teradata\Client\15.00\bin;C:\Program Files\Teradata\Client\15.00\ODBC Driver for Teradata nt-x8664\Lib;C:\Program Files (x86)\Teradata\Client\15.00\ODBC Driver for Teradata\Lib;C:\Program Files\Teradata\Client\15.00\bin\;C:\Program Files (x86)\Teradata\Client\15.00\bin\;C:\Program Files (x86)\Teradata\Client\13.10\bin\;C:\Windows\system32;C:\Windows;C:\Windows\system32\wbem;C:\Windows\system32\windowspowershell\v1.0\;D:\SVVSTools;C:\Windows\System32\WindowsPowerShell\v1.0\;C:\Program Files (x86)\Java\jre1.6.0\bin;C:\usr\local\monitor\c\bin;C:\usr\local\monitor\perl\site\bin;C:\usr\local\monitor\perl\bin;C:\Program Files\McAfee\Solidcore\Tools\GatherInfo;C:\Program Files\McAfee\Solidcore\Tools\Scanalyzer;C:\Program Files\McAfee\Solidcore\;C:\Program Files\McAfee\Solidcore\Tools\ScGetCerts;E:\ScheduleIn\Agent\bin;
USERNAME=VA1UCPPWAPTD10$
OS=Windows_NT
PROCESSOR_IDENTIFIER=Intel64 Family 6 Model 63 Stepping 2, GenuineIntel



---------------  S Y S T E M  ---------------

OS: Windows Server 2008 R2 , 64 bit Build 7601 Service Pack 1

CPU:total 4 (1 cores per cpu, 1 threads per core) family 6 model 63 stepping 2, cmov, cx8, fxsr, mmx, sse, sse2, sse3, ssse3, sse4.1, sse4.2, popcnt, avx, aes, tsc, tscinvbit

Memory: 4k page, physical 16776696k(6355288k free), swap 20969140k(463320k free)

vm_info: Java HotSpot(TM) 64-Bit Server VM (24.71-b01) for windows-amd64 JRE (1.7.0_71-b14), built on Sep 26 2014 16:16:12 by "java_re" with unknown MS VC++:1600

time: Sun Aug 14 09:07:40 2016
elapsed time: 2 seconds

