#
# There is insufficient memory for the Java Runtime Environment to continue.
# Native memory allocation (malloc) failed to allocate 278176 bytes for Chunk::new
# Possible reasons:
#   The system is out of physical RAM or swap space
#   In 32 bit mode, the process size limit was hit
# Possible solutions:
#   Reduce memory load on the system
#   Increase physical memory or swap space
#   Check if swap backing store is full
#   Use 64 bit Java on a 64 bit OS
#   Decrease Java heap size (-Xmx/-Xms)
#   Decrease number of Java threads
#   Decrease Java thread stack sizes (-Xss)
#   Set larger code cache with -XX:ReservedCodeCacheSize=
# This output file may be truncated or incomplete.
#
#  Out of Memory Error (allocation.cpp:323), pid=64376, tid=64540
#
# JRE version: Java(TM) SE Runtime Environment (7.0_71-b14) (build 1.7.0_71-b14)
# Java VM: Java HotSpot(TM) 64-Bit Server VM (24.71-b01 mixed mode windows-amd64 compressed oops)
# Core dump written. Default location: E:\Teradata\MDM\3.05.02\custom\pngrelease3\bin\hs_err_pid64376.mdmp
#

---------------  T H R E A D  ---------------

Current thread (0x000000000f358800):  JavaThread "C2 CompilerThread0" daemon [_thread_in_native, id=64540, stack(0x0000000010b10000,0x0000000010c10000)]

Stack: [0x0000000010b10000,0x0000000010c10000]
[error occurred during error reporting (printing stack bounds), id 0xc0000005]


[error occurred during error reporting (printing native stack), id 0xc0000005]


Current CompileTask:
C2:   6585   29   !         java.net.URL::<init> (543 bytes)


---------------  P R O C E S S  ---------------

Java Threads: ( => current thread )
  0x00000000116be800 JavaThread "PooledThread-10" daemon [_thread_blocked, id=65040, stack(0x0000000012160000,0x0000000012260000)]
  0x000000000f35c800 JavaThread "Service Thread" daemon [_thread_blocked, id=64548, stack(0x0000000010f20000,0x0000000011020000)]
  0x000000000f35a800 JavaThread "C2 CompilerThread1" daemon [_thread_blocked, id=64544, stack(0x0000000010ce0000,0x0000000010de0000)]
=>0x000000000f358800 JavaThread "C2 CompilerThread0" daemon [_thread_in_native, id=64540, stack(0x0000000010b10000,0x0000000010c10000)]
  0x000000000f357000 JavaThread "Attach Listener" daemon [_thread_blocked, id=64536, stack(0x00000000109c0000,0x0000000010ac0000)]
  0x000000000f350000 JavaThread "Signal Dispatcher" daemon [_thread_blocked, id=64532, stack(0x0000000010830000,0x0000000010930000)]
  0x000000000f2f4800 JavaThread "Finalizer" daemon [_thread_blocked, id=62028, stack(0x00000000106f0000,0x00000000107f0000)]
  0x000000000f2f3000 JavaThread "Reference Handler" daemon [_thread_blocked, id=63776, stack(0x0000000010520000,0x0000000010620000)]
  0x0000000001dcb000 JavaThread "main" [_thread_blocked, id=64004, stack(0x00000000021b0000,0x00000000022b0000)]

Other Threads:
  0x000000000f2ed800 VMThread [stack: 0x0000000010360000,0x0000000010460000] [id=64064]
  0x0000000011048800 WatcherThread [stack: 0x0000000010260000,0x0000000010360000] [id=64552]

VM state:not at safepoint (normal execution)

VM Mutex/Monitor currently owned by a thread: None

Heap
 PSYoungGen      total 76800K, used 14543K [0x00000007aaa80000, 0x00000007b0000000, 0x0000000800000000)
  eden space 66048K, 22% used [0x00000007aaa80000,0x00000007ab8b3f20,0x00000007aeb00000)
  from space 10752K, 0% used [0x00000007af580000,0x00000007af580000,0x00000007b0000000)
  to   space 10752K, 0% used [0x00000007aeb00000,0x00000007aeb00000,0x00000007af580000)
 ParOldGen       total 174592K, used 0K [0x0000000700000000, 0x000000070aa80000, 0x00000007aaa80000)
  object space 174592K, 0% used [0x0000000700000000,0x0000000700000000,0x000000070aa80000)
 PSPermGen       total 21504K, used 5430K [0x00000006fae00000, 0x00000006fc300000, 0x0000000700000000)
  object space 21504K, 25% used [0x00000006fae00000,0x00000006fb34db20,0x00000006fc300000)

Card table byte_map: [0x00000000052b0000,0x0000000005ae0000] byte_map_base: 0x0000000001ad9000

Polling page: 0x0000000000110000

Code Cache  [0x00000000022b0000, 0x0000000002520000, 0x00000000052b0000)
 total_blobs=276 nmethods=39 adapters=190 free_code_cache=48660Kb largest_free_block=49825920

Compilation events (10 events):
Event: 2.719 Thread 0x000000000f35a800   25             java.lang.String::getChars (62 bytes)
Event: 2.734 Thread 0x000000000f358800 nmethod 23 0x0000000002314e10 code [0x0000000002314f60, 0x0000000002315018]
Event: 2.735 Thread 0x000000000f35a800 nmethod 25 0x0000000002314a10 code [0x0000000002314b60, 0x0000000002314c98]
Event: 2.991 Thread 0x000000000f358800   26             java.lang.AbstractStringBuilder::append (48 bytes)
Event: 2.994 Thread 0x000000000f358800 nmethod 26 0x0000000002319f90 code [0x000000000231a0e0, 0x000000000231a498]
Event: 3.002 Thread 0x000000000f35a800   27             java.lang.StringBuilder::append (8 bytes)
Event: 3.006 Thread 0x000000000f35a800 nmethod 27 0x000000000231f590 code [0x000000000231f6e0, 0x000000000231fa98]
Event: 3.055 Thread 0x000000000f35a800   28             java.lang.String::startsWith (7 bytes)
Event: 3.057 Thread 0x000000000f35a800 nmethod 28 0x000000000231f110 code [0x000000000231f260, 0x000000000231f418]
Event: 3.067 Thread 0x000000000f358800   29   !         java.net.URL::<init> (543 bytes)

GC Heap History (0 events):
No events

Deoptimization events (0 events):
No events

Internal exceptions (10 events):
Event: 3.061 Thread 0x0000000001dcb000 Threw 0x00000007ab226438 at C:\re\jdk7u71\1605\hotspot\src\share\vm\prims\jvm.cpp:1281
Event: 3.065 Thread 0x0000000001dcb000 Threw 0x00000007ab231678 at C:\re\jdk7u71\1605\hotspot\src\share\vm\prims\jvm.cpp:1281
Event: 3.066 Thread 0x0000000001dcb000 Threw 0x00000007ab23d308 at C:\re\jdk7u71\1605\hotspot\src\share\vm\prims\jvm.cpp:1281
Event: 3.068 Thread 0x0000000001dcb000 Threw 0x00000007ab2478e8 at C:\re\jdk7u71\1605\hotspot\src\share\vm\prims\jvm.cpp:1281
Event: 3.068 Thread 0x0000000001dcb000 Threw 0x00000007ab254c28 at C:\re\jdk7u71\1605\hotspot\src\share\vm\prims\jvm.cpp:1281
Event: 3.069 Thread 0x0000000001dcb000 Threw 0x00000007ab2633f0 at C:\re\jdk7u71\1605\hotspot\src\share\vm\prims\jvm.cpp:1281
Event: 3.071 Thread 0x0000000001dcb000 Threw 0x00000007ab273538 at C:\re\jdk7u71\1605\hotspot\src\share\vm\prims\jvm.cpp:1281
Event: 3.072 Thread 0x0000000001dcb000 Threw 0x00000007ab27ee28 at C:\re\jdk7u71\1605\hotspot\src\share\vm\prims\jvm.cpp:1281
Event: 3.074 Thread 0x0000000001dcb000 Threw 0x00000007ab28cc18 at C:\re\jdk7u71\1605\hotspot\src\share\vm\prims\jvm.cpp:1281
Event: 3.075 Thread 0x0000000001dcb000 Threw 0x00000007ab297b20 at C:\re\jdk7u71\1605\hotspot\src\share\vm\prims\jvm.cpp:1281

Events (10 events):
Event: 3.071 loading class 0x000000001132a230
Event: 3.071 loading class 0x000000001132a230 done
Event: 3.071 loading class 0x0000000011328e50
Event: 3.071 loading class 0x0000000011328e50 done
Event: 3.072 loading class 0x0000000011327ff0
Event: 3.072 loading class 0x0000000011327ff0 done
Event: 3.074 loading class 0x0000000011329580
Event: 3.074 loading class 0x0000000011329580 done
Event: 3.075 loading class 0x0000000011330610
Event: 3.075 loading class 0x0000000011330610 done


Dynamic libraries:
0x000000013f160000 - 0x000000013f193000 	C:\Program Files\Java\jdk1.7.0_71\bin\java.exe
0x0000000077c90000 - 0x0000000077e3b000 	C:\Windows\SYSTEM32\ntdll.dll
0x0000000077b70000 - 0x0000000077c8f000 	C:\Windows\system32\kernel32.dll
0x000007fefe2a0000 - 0x000007fefe30a000 	C:\Windows\system32\KERNELBASE.dll
0x000007feff580000 - 0x000007feff65b000 	C:\Windows\system32\ADVAPI32.dll
0x000007feff4e0000 - 0x000007feff57f000 	C:\Windows\system32\msvcrt.dll
0x000007feffa00000 - 0x000007feffa1f000 	C:\Windows\SYSTEM32\sechost.dll
0x000007feff6e0000 - 0x000007feff80d000 	C:\Windows\system32\RPCRT4.dll
0x0000000077a70000 - 0x0000000077b6a000 	C:\Windows\system32\USER32.dll
0x000007fefe4c0000 - 0x000007fefe527000 	C:\Windows\system32\GDI32.dll
0x000007feff4d0000 - 0x000007feff4de000 	C:\Windows\system32\LPK.dll
0x000007feff400000 - 0x000007feff4ca000 	C:\Windows\system32\USP10.dll
0x000007fefcb30000 - 0x000007fefcd24000 	C:\Windows\WinSxS\amd64_microsoft.windows.common-controls_6595b64144ccf1df_6.0.7601.18837_none_fa3b1e3d17594757\COMCTL32.dll
0x000007feff660000 - 0x000007feff6d1000 	C:\Windows\system32\SHLWAPI.dll
0x000007feffb30000 - 0x000007feffb5e000 	C:\Windows\system32\IMM32.DLL
0x000007feffa20000 - 0x000007feffb29000 	C:\Windows\system32\MSCTF.dll
0x000000006c6c0000 - 0x000000006c792000 	C:\Program Files\Java\jdk1.7.0_71\jre\bin\msvcr100.dll
0x000000006b240000 - 0x000000006ba13000 	C:\Program Files\Java\jdk1.7.0_71\jre\bin\server\jvm.dll
0x000007fefb800000 - 0x000007fefb809000 	C:\Windows\system32\WSOCK32.dll
0x000007feffd70000 - 0x000007feffdbd000 	C:\Windows\system32\WS2_32.dll
0x000007feff8b0000 - 0x000007feff8b8000 	C:\Windows\system32\NSI.dll
0x000007fefa3c0000 - 0x000007fefa3fb000 	C:\Windows\system32\WINMM.dll
0x0000000077e60000 - 0x0000000077e67000 	C:\Windows\system32\PSAPI.DLL
0x000000006f8e0000 - 0x000000006f8ef000 	C:\Program Files\Java\jdk1.7.0_71\jre\bin\verify.dll
0x000000006f8b0000 - 0x000000006f8d8000 	C:\Program Files\Java\jdk1.7.0_71\jre\bin\java.dll
0x000000006f890000 - 0x000000006f8a5000 	C:\Program Files\Java\jdk1.7.0_71\jre\bin\zip.dll
0x000007fef9c10000 - 0x000007fef9d35000 	C:\Windows\system32\DBGHELP.DLL
0x000000006f840000 - 0x000000006f859000 	C:\Program Files\Java\jdk1.7.0_71\jre\bin\net.dll
0x000007fefd920000 - 0x000007fefd975000 	C:\Windows\system32\mswsock.dll
0x000007fefd910000 - 0x000007fefd917000 	C:\Windows\System32\wship6.dll
0x000007fefd7a0000 - 0x000007fefd7fb000 	C:\Windows\system32\DNSAPI.dll
0x000007fefc130000 - 0x000007fefc157000 	C:\Windows\system32\IPHLPAPI.DLL
0x000007fefc120000 - 0x000007fefc12b000 	C:\Windows\system32\WINNSI.DLL
0x000007fefd2f0000 - 0x000007fefd2f7000 	C:\Windows\System32\wshtcpip.dll
0x000007fefb7f0000 - 0x000007fefb7f8000 	C:\Windows\system32\rasadhlp.dll
0x000007fefb8f0000 - 0x000007fefb943000 	C:\Windows\System32\fwpuclnt.dll
0x000000006f820000 - 0x000000006f831000 	C:\Program Files\Java\jdk1.7.0_71\jre\bin\nio.dll

VM Arguments:
java_command: com.teradata.xcore.net.Poster http://10.138.21.18:14444 //10.138.21.18/Teradata/MDM/3.05.02/custom/pngrelease3/bin/pngMDM_Trillium_CPUUtil_DEU.xml
Launcher Type: SUN_STANDARD

Environment Variables:
JAVA_HOME="C:\Program Files\Java\jdk1.7.0_71"
PATH="C:\Program Files\Java\jdk1.7.0_71"\bin;"C:\Program Files\Java\jdk1.7.0_71"\bin;C:\Program Files (x86)\Teradata\Teradata Performance Monitor Object 15.00\;C:\Program Files\Teradata\client\15.00\Teradata Parallel Transporter\bin64;C:\Program Files\Teradata\client\15.00\Teradata Parallel Transporter\msg64;C:\Program Files (x86)\Teradata\client\15.00\Teradata Parallel Transporter\bin;C:\Program Files (x86)\Teradata\client\15.00\Teradata Parallel Transporter\msg;C:\Program Files\Teradata\Client\15.00\bin;C:\Program Files (x86)\Teradata\Client\15.00\bin;C:\Program Files\Teradata\Client\15.00\ODBC Driver for Teradata nt-x8664\Lib;C:\Program Files (x86)\Teradata\Client\15.00\ODBC Driver for Teradata\Lib;C:\Program Files\Teradata\Client\15.00\bin\;C:\Program Files (x86)\Teradata\Client\15.00\bin\;C:\Program Files (x86)\Teradata\Client\13.10\bin\;C:\Windows\system32;C:\Windows;C:\Windows\system32\wbem;C:\Windows\system32\windowspowershell\v1.0\;D:\SVVSTools;C:\Windows\System32\WindowsPowerShell\v1.0\;C:\Program Files (x86)\Java\jre1.6.0\bin;C:\usr\local\monitor\c\bin;C:\usr\local\monitor\perl\site\bin;C:\usr\local\monitor\perl\bin;C:\Program Files\McAfee\Solidcore\Tools\GatherInfo;C:\Program Files\McAfee\Solidcore\Tools\Scanalyzer;C:\Program Files\McAfee\Solidcore\;C:\Program Files\McAfee\Solidcore\Tools\ScGetCerts;E:\ScheduleIn\Agent\bin
USERNAME=S606878_Admin
OS=Windows_NT
PROCESSOR_IDENTIFIER=Intel64 Family 6 Model 63 Stepping 2, GenuineIntel



---------------  S Y S T E M  ---------------

OS: Windows Server 2008 R2 , 64 bit Build 7601 Service Pack 1

CPU:total 4 (1 cores per cpu, 1 threads per core) family 6 model 63 stepping 2, cmov, cx8, fxsr, mmx, sse, sse2, sse3, ssse3, sse4.1, sse4.2, popcnt, avx, aes, tsc, tscinvbit

Memory: 4k page, physical 16776696k(9503136k free), swap 20969140k(7008924k free)

vm_info: Java HotSpot(TM) 64-Bit Server VM (24.71-b01) for windows-amd64 JRE (1.7.0_71-b14), built on Sep 26 2014 16:16:12 by "java_re" with unknown MS VC++:1600

time: Mon Jul 18 05:09:45 2016
elapsed time: 6 seconds

