#
# There is insufficient memory for the Java Runtime Environment to continue.
# Native memory allocation (malloc) failed to allocate 32744 bytes for ChunkPool::allocate
# Possible reasons:
#   The system is out of physical RAM or swap space
#   In 32 bit mode, the process size limit was hit
# Possible solutions:
#   Reduce memory load on the system
#   Increase physical memory or swap space
#   Check if swap backing store is full
#   Use 64 bit Java on a 64 bit OS
#   Decrease Java heap size (-Xmx/-Xms)
#   Decrease number of Java threads
#   Decrease Java thread stack sizes (-Xss)
#   Set larger code cache with -XX:ReservedCodeCacheSize=
# This output file may be truncated or incomplete.
#
#  Out of Memory Error (allocation.cpp:273), pid=186096, tid=187776
#
# JRE version: Java(TM) SE Runtime Environment (8.0_73-b02) (build 1.8.0_73-b02)
# Java VM: Java HotSpot(TM) 64-Bit Server VM (25.73-b02 mixed mode windows-amd64 compressed oops)
# Core dump written. Default location: E:\Teradata\MDM\3.05.02\custom\pngrelease3\bin\hs_err_pid186096.mdmp
#

---------------  T H R E A D  ---------------

Current thread (0x000000001d693800):  JavaThread "C2 CompilerThread0" daemon [_thread_in_vm, id=187776, stack(0x000000001dbf0000,0x000000001dcf0000)]

Stack: [0x000000001dbf0000,0x000000001dcf0000]
[error occurred during error reporting (printing stack bounds), id 0xc0000005]

Native frames: (J=compiled Java code, j=interpreted, Vv=VM code, C=native code)


---------------  P R O C E S S  ---------------

Java Threads: ( => current thread )
=>0x000000001d693800 JavaThread "C2 CompilerThread0" daemon [_thread_in_vm, id=187776, stack(0x000000001dbf0000,0x000000001dcf0000)]
  0x000000001c1df000 JavaThread "Attach Listener" daemon [_thread_blocked, id=187744, stack(0x000000001d2f0000,0x000000001d3f0000)]
  0x000000001c1de000 JavaThread "Signal Dispatcher" daemon [_thread_blocked, id=187628, stack(0x000000001dab0000,0x000000001dbb0000)]
  0x000000001c175800 JavaThread "Finalizer" daemon [_thread_blocked, id=188580, stack(0x000000001d590000,0x000000001d690000)]
  0x000000001c174000 JavaThread "Reference Handler" daemon [_thread_blocked, id=189080, stack(0x000000001d420000,0x000000001d520000)]
  0x000000000231f800 JavaThread "main" [_thread_in_vm, id=188788, stack(0x0000000002530000,0x0000000002630000)]

Other Threads:
  0x000000001c16e800 VMThread [stack: 0x000000001d1d0000,0x000000001d2d0000] [id=183048]

VM state:not at safepoint (normal execution)

VM Mutex/Monitor currently owned by a thread:  ([mutex/lock_event])
[0x0000000002198a80] Threads_lock - owner thread: 0x000000000231f800

Heap:
 PSYoungGen      total 76288K, used 1310K [0x000000076ab00000, 0x0000000770000000, 0x00000007c0000000)
  eden space 65536K, 2% used [0x000000076ab00000,0x000000076ac47af0,0x000000076eb00000)
  from space 10752K, 0% used [0x000000076f580000,0x000000076f580000,0x0000000770000000)
  to   space 10752K, 0% used [0x000000076eb00000,0x000000076eb00000,0x000000076f580000)
 ParOldGen       total 175104K, used 0K [0x00000006c0000000, 0x00000006cab00000, 0x000000076ab00000)
  object space 175104K, 0% used [0x00000006c0000000,0x00000006c0000000,0x00000006cab00000)
 Metaspace       used 2058K, capacity 4480K, committed 4480K, reserved 1056768K
  class space    used 226K, capacity 384K, committed 384K, reserved 1048576K

Card table byte_map: [0x0000000011cc0000,0x00000000124d0000] byte_map_base: 0x000000000e6c0000

Marking Bits: (ParMarkBitMap*) 0x0000000068db0600
 Begin Bits: [0x0000000012fe0000, 0x0000000016fe0000)
 End Bits:   [0x0000000016fe0000, 0x000000001afe0000)

Polling page: 0x00000000001a0000

CodeCache: size=245760Kb used=432Kb max_used=434Kb free=245327Kb
 bounds [0x0000000002900000, 0x0000000002b70000, 0x0000000011900000]
 total_blobs=161 nmethods=0 adapters=126
 compilation: enabled

Compilation events (0 events):
No events

GC Heap History (0 events):
No events

Deoptimization events (0 events):
No events

Internal exceptions (3 events):
Event: 0.669 Thread 0x000000000231f800 Exception <a 'java/lang/NoSuchMethodError': Method sun.misc.Unsafe.defineClass(Ljava/lang/String;[BII)Ljava/lang/Class; name or signature does not match> (0x000000076ab0ebb0) thrown at [D:\re\puppet\workspace\8-2-build-windows-amd64-cygwin\jdk8u73\6086\hot­@{
Event: 0.669 Thread 0x000000000231f800 Exception <a 'java/lang/NoSuchMethodError': Method sun.misc.Unsafe.prefetchRead(Ljava/lang/Object;J)V name or signature does not match> (0x000000076ab0ee98) thrown at [D:\re\puppet\workspace\8-2-build-windows-amd64-cygwin\jdk8u73\6086\hotspot\src\share\vm\ô´™S±Òõ?
Event: 1.364 Thread 0x000000000231f800 Exception <a 'java/io/IOException'> (0x000000076ab86858) thrown at [D:\re\puppet\workspace\8-2-build-windows-amd64-cygwin\jdk8u73\6086\hotspot\src\share\vm\prims\jni.cpp, line 709]

Events (10 events):
Event: 0.708 loading class sun/net/www/protocol/jar/Handler done
Event: 0.710 loading class sun/misc/Launcher$AppClassLoader$1
Event: 0.710 loading class sun/misc/Launcher$AppClassLoader$1 done
Event: 1.364 loading class java/io/IOException
Event: 1.364 loading class java/io/IOException done
Event: 1.366 loading class java/lang/SystemClassLoaderAction
Event: 1.366 loading class java/lang/SystemClassLoaderAction done
Event: 1.366 Thread 0x000000001c1de000 Thread added: 0x000000001c1de000
Event: 1.367 Thread 0x000000001c1df000 Thread added: 0x000000001c1df000
Event: 1.367 Thread 0x000000001d693800 Thread added: 0x000000001d693800


Dynamic libraries:
0x000000013fa70000 - 0x000000013faa7000 	E:\Java\jdk1.8.0_73\bin\java.exe
0x0000000077430000 - 0x00000000775da000 	C:\Windows\SYSTEM32\ntdll.dll
0x0000000077310000 - 0x000000007742f000 	C:\Windows\system32\kernel32.dll
0x000007fefd470000 - 0x000007fefd4da000 	C:\Windows\system32\KERNELBASE.dll
0x000007fefd520000 - 0x000007fefd5fb000 	C:\Windows\system32\ADVAPI32.dll
0x000007fefd960000 - 0x000007fefd9ff000 	C:\Windows\system32\msvcrt.dll
0x000007feff220000 - 0x000007feff23f000 	C:\Windows\SYSTEM32\sechost.dll
0x000007fefd7e0000 - 0x000007fefd90d000 	C:\Windows\system32\RPCRT4.dll
0x0000000077210000 - 0x000000007730a000 	C:\Windows\system32\USER32.dll
0x000007fefda00000 - 0x000007fefda67000 	C:\Windows\system32\GDI32.dll
0x000007feff450000 - 0x000007feff45e000 	C:\Windows\system32\LPK.dll
0x000007fefde40000 - 0x000007fefdf0a000 	C:\Windows\system32\USP10.dll
0x000007fefba30000 - 0x000007fefbc24000 	C:\Windows\WinSxS\amd64_microsoft.windows.common-controls_6595b64144ccf1df_6.0.7601.18837_none_fa3b1e3d17594757\COMCTL32.dll
0x000007fefecc0000 - 0x000007fefed31000 	C:\Windows\system32\SHLWAPI.dll
0x000007fefcf60000 - 0x000007fefcfb7000 	C:\Windows\system32\apphelp.dll
0x000007fef75f0000 - 0x000007fef77f0000 	C:\Windows\AppPatch\AppPatch64\EMET64.dll
0x000007fefdd00000 - 0x000007fefdd2e000 	C:\Windows\system32\IMM32.DLL
0x000007fefdd30000 - 0x000007fefde39000 	C:\Windows\system32\MSCTF.dll
0x000007fedd200000 - 0x000007fedd2a7000 	C:\Program Files\McAfee\Host Intrusion Prevention\HcApi.dll
0x0000000074100000 - 0x000000007410c000 	C:\Program Files\McAfee\Host Intrusion Prevention\HcThe.dll
0x0000000071cc0000 - 0x0000000071d92000 	E:\Java\jdk1.8.0_73\jre\bin\msvcr100.dll
0x00000000685a0000 - 0x0000000068e30000 	E:\Java\jdk1.8.0_73\jre\bin\server\jvm.dll
0x000007fef9990000 - 0x000007fef9999000 	C:\Windows\system32\WSOCK32.dll
0x000007fefd910000 - 0x000007fefd95d000 	C:\Windows\system32\WS2_32.dll
0x000007feff210000 - 0x000007feff218000 	C:\Windows\system32\NSI.dll
0x000007fef8b10000 - 0x000007fef8b4b000 	C:\Windows\system32\WINMM.dll
0x000007fefc220000 - 0x000007fefc22c000 	C:\Windows\system32\VERSION.dll
0x0000000077600000 - 0x0000000077607000 	C:\Windows\system32\PSAPI.DLL
0x0000000072d30000 - 0x0000000072d3f000 	E:\Java\jdk1.8.0_73\jre\bin\verify.dll
0x00000000723f0000 - 0x0000000072419000 	E:\Java\jdk1.8.0_73\jre\bin\java.dll
0x00000000724e0000 - 0x00000000724f6000 	E:\Java\jdk1.8.0_73\jre\bin\zip.dll
0x000007fefdf10000 - 0x000007fefec9a000 	C:\Windows\system32\SHELL32.dll
0x000007feff240000 - 0x000007feff443000 	C:\Windows\system32\ole32.dll
0x000007fefd170000 - 0x000007fefd17f000 	C:\Windows\system32\profapi.dll
0x000007fefb760000 - 0x000007fefb885000 	C:\Windows\system32\DBGHELP.DLL

VM Arguments:
java_command: com.teradata.xcore.net.Poster xserver ../cfg/properties/xserver.xml BCM_MASTER ../bin/ScheduleIn_TrilliumWrapper_GRC.xml
java_class_path (initial): bin;.;../../..\lib\commons-dbcp2-2.1.jar;../../..\lib\commons-pool2-2.3.jar;;../../..\custom\pngrelease3;../../..\custom\pngrelease3\cfg;../../..\custom\pngrelease3\cfg\properties;../../..\lib\override;../../..\lib\bpe-util.jar;../../..\lib\mdm-server.jar;../../..\lib\bpe-tools.jar;../../..\lib\bpe-mcore.jar;../../..\custom\pngrelease3\cfg;../../..\custom\pngrelease3\cfg\properties;../../..\custom\pngrelease3\cfg\xservice\png;../../..\custom\pngrelease3\cfg\xservice\png\mdm_setup;../../..\cfg\properties;../../..\cfg\xservice\toolkit;../../..\cfg\xservice\toolkit\mdm_setup;../../..\cfg;../../..\lib;../../..\lib\bpe-server.jar;../../..\lib\bpe-services.jar;;../../..\lib\xercesImpl.jar;../../..\lib\xml-apis.jar;../../..\lib\serializer.jar;../../..\lib\xalan.jar;../../..\lib\jdom.jar;../../..\lib\commons-codec-1.10.jar;../../..\lib\commons-httpclient-3.1.jar;../../..\lib\not-yet-commons-ssl.jar;../../..\lib\wsdl4j.jar;../../..\lib\xmlsec.jar;../../..\lib\opensaml.jar;../../..\lib\wss4j.jar;../../..\lib\httpclient.jar;../../..\lib\httpcore.jar;../../..\lib\axiom-api.jar;;../../..\lib\mail.jar;../../..\lib\activation.jar;../../..\lib\jdbc2_0-stdext.jar;../../..\lib\terajdbc4.jar;../../..\lib\tdgssconfig.jar;../../..\lib\bpe-util.jar;../../..\lib\bcm_xservice.jar;../../..\lib\jcert.jar;../../..\web\mdmclient\WEB-INF\bcm\cfg\properties;../../..\web\mdmclient\WEB-INF\bcm\cfg;../../..\web\mdmclient\WEB-INF\lib\bpe-x2.jar;../../..\web\mdmclient\WEB-INF\classes;../../..\web\mdmclient\WEB-INF\lib\log4j.jar;;../../..\lib\poi-3.10.1-20140818.jar;../../..\lib\commons-fileupload.jar;../../..\lib\commons-logging.jar;../../..\lib\poi-ooxml-3.10.1-20140818.jar;../../..\lib\poi-ooxml-schemas-3.10.1-20140818.jar;../../..\lib\poi-scratchpad-3.10.1-20140818.jar;../../..\lib\poi-excelant-3.10.1-20140818.jar;../../..\lib\dom4j.jar;../../..\lib\geronimo-stax-api_1.0_spec.jar;../../..\lib\xmlbeans.jar; ;"E:\Java\jdk1.8.0_73"\lib\tools.jar;../../..\lib\jms.jar;../..
Launcher Type: SUN_STANDARD

Environment Variables:
JAVA_HOME="E:\Java\jdk1.8.0_73"
PATH="E:\Java\jdk1.8.0_73"\bin;C:\ProgramData\Oracle\Java\javapath;C:\Program Files (x86)\Teradata\Teradata Performance Monitor Object 15.00\;C:\Program Files\Teradata\client\15.00\Teradata Parallel Transporter\bin64;C:\Program Files\Teradata\client\15.00\Teradata Parallel Transporter\msg64;C:\Program Files (x86)\Teradata\client\15.00\Teradata Parallel Transporter\bin;C:\Program Files (x86)\Teradata\client\15.00\Teradata Parallel Transporter\msg;C:\Program Files\Teradata\Client\15.00\bin;C:\Program Files (x86)\Teradata\Client\15.00\bin;C:\Program Files\Teradata\Client\15.00\ODBC Driver for Teradata nt-x8664\Lib;C:\Program Files (x86)\Teradata\Client\15.00\ODBC Driver for Teradata\Lib;C:\Program Files\Teradata\Client\15.00\bin\;C:\Program Files (x86)\Teradata\Client\15.00\bin\;C:\Program Files (x86)\Teradata\Client\13.10\bin\;C:\Windows\system32;C:\Windows;C:\Windows\system32\wbem;C:\Windows\system32\windowspowershell\v1.0\;D:\SVVSTools;C:\Windows\System32\WindowsPowerShell\v1.0\;C:\Program Files (x86)\Java\jre1.6.0\bin;C:\usr\local\monitor\c\bin;C:\usr\local\monitor\perl\site\bin;C:\usr\local\monitor\perl\bin;C:\Program Files\McAfee\Solidcore\Tools\GatherInfo;C:\Program Files\McAfee\Solidcore\Tools\Scanalyzer;C:\Program Files\McAfee\Solidcore\;C:\Program Files\McAfee\Solidcore\Tools\ScGetCerts;E:\ScheduleIn\Agent\bin;
USERNAME=VA1UCPPWAPTD10$
OS=Windows_NT
PROCESSOR_IDENTIFIER=Intel64 Family 6 Model 63 Stepping 2, GenuineIntel



---------------  S Y S T E M  ---------------

OS: Windows Server 2008 R2 , 64 bit Build 7601 (6.1.7601.23572)

CPU:total 4 (1 cores per cpu, 1 threads per core) family 6 model 63 stepping 2, cmov, cx8, fxsr, mmx, sse, sse2, sse3, ssse3, sse4.1, sse4.2, popcnt, avx, aes, clmul, tsc, tscinvbit

Memory: 4k page, physical 16776696k(2785264k free), swap 20969140k(13208k free)

vm_info: Java HotSpot(TM) 64-Bit Server VM (25.73-b02) for windows-amd64 JRE (1.8.0_73-b02), built on Jan 29 2016 17:38:49 by "java_re" with MS VC++ 10.0 (VS2010)

time: Sat Jan 14 05:16:26 2017
elapsed time: 16 seconds (0d 0h 0m 16s)

