#
# There is insufficient memory for the Java Runtime Environment to continue.
# Native memory allocation (malloc) failed to allocate 63776 bytes for Chunk::new
# Possible reasons:
#   The system is out of physical RAM or swap space
#   In 32 bit mode, the process size limit was hit
# Possible solutions:
#   Reduce memory load on the system
#   Increase physical memory or swap space
#   Check if swap backing store is full
#   Use 64 bit Java on a 64 bit OS
#   Decrease Java heap size (-Xmx/-Xms)
#   Decrease number of Java threads
#   Decrease Java thread stack sizes (-Xss)
#   Set larger code cache with -XX:ReservedCodeCacheSize=
# This output file may be truncated or incomplete.
#
#  Out of Memory Error (allocation.cpp:323), pid=23756, tid=7192
#
# JRE version: Java(TM) SE Runtime Environment (7.0_71-b14) (build 1.7.0_71-b14)
# Java VM: Java HotSpot(TM) 64-Bit Server VM (24.71-b01 mixed mode windows-amd64 compressed oops)
# Core dump written. Default location: E:\Teradata\MDM\3.05.02\custom\pngrelease3\bin\hs_err_pid23756.mdmp
#

---------------  T H R E A D  ---------------

Current thread (0x000000000f2b7800):  JavaThread "C2 CompilerThread1" daemon [_thread_in_native, id=7192, stack(0x0000000010cf0000,0x0000000010df0000)]

Stack: [0x0000000010cf0000,0x0000000010df0000]
[error occurred during error reporting (printing stack bounds), id 0xc0000005]


[error occurred during error reporting (printing native stack), id 0xc0000005]


Current CompileTask:
C2:   5146    6             java.io.Win32FileSystem::normalize (143 bytes)


---------------  P R O C E S S  ---------------

Java Threads: ( => current thread )
  0x000000000f2b8800 JavaThread "Service Thread" daemon [_thread_blocked, id=17228, stack(0x0000000010ee0000,0x0000000010fe0000)]
=>0x000000000f2b7800 JavaThread "C2 CompilerThread1" daemon [_thread_in_native, id=7192, stack(0x0000000010cf0000,0x0000000010df0000)]
  0x000000000f2b1000 JavaThread "C2 CompilerThread0" daemon [_thread_blocked, id=20836, stack(0x0000000010aa0000,0x0000000010ba0000)]
  0x000000000f2af800 JavaThread "Attach Listener" daemon [_thread_blocked, id=6064, stack(0x0000000010550000,0x0000000010650000)]
  0x000000000f2a7800 JavaThread "Signal Dispatcher" daemon [_thread_blocked, id=26812, stack(0x0000000010890000,0x0000000010990000)]
  0x000000000f24a000 JavaThread "Finalizer" daemon [_thread_blocked, id=33256, stack(0x0000000010680000,0x0000000010780000)]
  0x000000000f242800 JavaThread "Reference Handler" daemon [_thread_blocked, id=11216, stack(0x0000000006400000,0x0000000006500000)]
  0x0000000001e4b000 JavaThread "main" [_thread_in_vm, id=6416, stack(0x0000000001f90000,0x0000000002090000)]

Other Threads:
  0x000000000f23d000 VMThread [stack: 0x00000000103b0000,0x00000000104b0000] [id=24928]
  0x0000000011028800 WatcherThread [stack: 0x0000000011520000,0x0000000011620000] [id=18068]

VM state:not at safepoint (normal execution)

VM Mutex/Monitor currently owned by a thread: None

Heap
 PSYoungGen      total 76800K, used 13224K [0x00000007aaa80000, 0x00000007b0000000, 0x0000000800000000)
  eden space 66048K, 20% used [0x00000007aaa80000,0x00000007ab76a208,0x00000007aeb00000)
  from space 10752K, 0% used [0x00000007af580000,0x00000007af580000,0x00000007b0000000)
  to   space 10752K, 0% used [0x00000007aeb00000,0x00000007aeb00000,0x00000007af580000)
 ParOldGen       total 174592K, used 0K [0x0000000700000000, 0x000000070aa80000, 0x00000007aaa80000)
  object space 174592K, 0% used [0x0000000700000000,0x0000000700000000,0x000000070aa80000)
 PSPermGen       total 21504K, used 3911K [0x00000006fae00000, 0x00000006fc300000, 0x0000000700000000)
  object space 21504K, 18% used [0x00000006fae00000,0x00000006fb1d2198,0x00000006fc300000)

Card table byte_map: [0x0000000005200000,0x0000000005a30000] byte_map_base: 0x0000000001a29000

Polling page: 0x0000000000110000

Code Cache  [0x0000000002140000, 0x00000000023b0000, 0x0000000005140000)
 total_blobs=222 nmethods=34 adapters=142 free_code_cache=48685Kb largest_free_block=49828416

Compilation events (10 events):
Event: 0.655 Thread 0x000000000f2b1000 nmethod 1 0x000000000219ed50 code [0x000000000219ee80, 0x000000000219f078]
Event: 0.661 Thread 0x000000000f2b7800    2             java.lang.String::indexOf (70 bytes)
Event: 0.664 Thread 0x000000000f2b7800 nmethod 2 0x000000000219e550 code [0x000000000219e6a0, 0x000000000219e848]
Event: 0.822 Thread 0x000000000f2b1000    3             java.lang.String::charAt (29 bytes)
Event: 0.822 Thread 0x000000000f2b1000 nmethod 3 0x00000000021a1150 code [0x00000000021a1280, 0x00000000021a1338]
Event: 0.933 Thread 0x000000000f2b7800    4             java.lang.String::indexOf (166 bytes)
Event: 0.939 Thread 0x000000000f2b7800 nmethod 4 0x000000000219f410 code [0x000000000219f560, 0x000000000219f998]
Event: 1.356 Thread 0x000000000f2b1000    5             java.lang.String::replace (127 bytes)
Event: 1.361 Thread 0x000000000f2b7800    6             java.io.Win32FileSystem::normalize (143 bytes)
Event: 1.364 Thread 0x000000000f2b1000 nmethod 5 0x00000000021a23d0 code [0x00000000021a2520, 0x00000000021a2998]

GC Heap History (0 events):
No events

Deoptimization events (0 events):
No events

Internal exceptions (10 events):
Event: 0.659 Thread 0x0000000001e4b000 Threw 0x00000007aab100a0 at C:\re\jdk7u71\1605\hotspot\src\share\vm\prims\jvm.cpp:1281
Event: 0.659 Thread 0x0000000001e4b000 Threw 0x00000007aab101c8 at C:\re\jdk7u71\1605\hotspot\src\share\vm\prims\jvm.cpp:1281
Event: 0.940 Thread 0x0000000001e4b000 Threw 0x00000007aab3f2a0 at C:\re\jdk7u71\1605\hotspot\src\share\vm\prims\jvm.cpp:1281
Event: 0.999 Thread 0x0000000001e4b000 Threw 0x00000007aab48d18 at C:\re\jdk7u71\1605\hotspot\src\share\vm\prims\jvm.cpp:1281
Event: 1.043 Thread 0x0000000001e4b000 Threw 0x00000007aab54b10 at C:\re\jdk7u71\1605\hotspot\src\share\vm\prims\jvm.cpp:1281
Event: 1.093 Thread 0x0000000001e4b000 Threw 0x00000007aab5f6d0 at C:\re\jdk7u71\1605\hotspot\src\share\vm\prims\jvm.cpp:1281
Event: 1.273 Thread 0x0000000001e4b000 Threw 0x00000007aab692d0 at C:\re\jdk7u71\1605\hotspot\src\share\vm\prims\jvm.cpp:1281
Event: 1.292 Thread 0x0000000001e4b000 Threw 0x00000007aab73418 at C:\re\jdk7u71\1605\hotspot\src\share\vm\prims\jvm.cpp:1281
Event: 1.348 Thread 0x0000000001e4b000 Threw 0x00000007aab8e8d0 at C:\re\jdk7u71\1605\hotspot\src\share\vm\prims\jvm.cpp:1281
Event: 1.368 Thread 0x0000000001e4b000 Threw 0x00000007aab97ee8 at C:\re\jdk7u71\1605\hotspot\src\share\vm\prims\jvm.cpp:1281

Events (10 events):
Event: 1.273 loading class 0x00000000110a5e60
Event: 1.273 loading class 0x00000000110a5e60 done
Event: 1.292 loading class 0x0000000001e91860
Event: 1.292 loading class 0x0000000001e91860 done
Event: 1.292 loading class 0x00000000110a5de0
Event: 1.292 loading class 0x00000000110a5de0 done
Event: 1.348 loading class 0x00000000110cb610
Event: 1.348 loading class 0x00000000110cb610 done
Event: 1.368 loading class 0x00000000110cb650
Event: 1.368 loading class 0x00000000110cb650 done


Dynamic libraries:
0x000000013f2e0000 - 0x000000013f313000 	C:\Program Files\Java\jdk1.7.0_71\bin\java.exe
0x0000000077540000 - 0x00000000776e9000 	C:\Windows\SYSTEM32\ntdll.dll
0x0000000076e40000 - 0x0000000076f5f000 	C:\Windows\system32\kernel32.dll
0x000007fefdab0000 - 0x000007fefdb1b000 	C:\Windows\system32\KERNELBASE.dll
0x000007fefe0f0000 - 0x000007fefe1cb000 	C:\Windows\system32\ADVAPI32.dll
0x000007fefde70000 - 0x000007fefdf0f000 	C:\Windows\system32\msvcrt.dll
0x000007fefe760000 - 0x000007fefe77f000 	C:\Windows\SYSTEM32\sechost.dll
0x000007fefe4b0000 - 0x000007fefe5dd000 	C:\Windows\system32\RPCRT4.dll
0x0000000077220000 - 0x000000007731a000 	C:\Windows\system32\USER32.dll
0x000007feff6d0000 - 0x000007feff737000 	C:\Windows\system32\GDI32.dll
0x000007fefe820000 - 0x000007fefe82e000 	C:\Windows\system32\LPK.dll
0x000007fefe1d0000 - 0x000007fefe29a000 	C:\Windows\system32\USP10.dll
0x000007fefc420000 - 0x000007fefc614000 	C:\Windows\WinSxS\amd64_microsoft.windows.common-controls_6595b64144ccf1df_6.0.7601.18837_none_fa3b1e3d17594757\COMCTL32.dll
0x000007fefddf0000 - 0x000007fefde61000 	C:\Windows\system32\SHLWAPI.dll
0x000007feff740000 - 0x000007feff76e000 	C:\Windows\system32\IMM32.DLL
0x000007fefe600000 - 0x000007fefe709000 	C:\Windows\system32\MSCTF.dll
0x00000000726b0000 - 0x0000000072782000 	C:\Program Files\Java\jdk1.7.0_71\jre\bin\msvcr100.dll
0x0000000070370000 - 0x0000000070b43000 	C:\Program Files\Java\jdk1.7.0_71\jre\bin\server\jvm.dll
0x000007fefa240000 - 0x000007fefa249000 	C:\Windows\system32\WSOCK32.dll
0x000007fefe710000 - 0x000007fefe75d000 	C:\Windows\system32\WS2_32.dll
0x000007feff660000 - 0x000007feff668000 	C:\Windows\system32\NSI.dll
0x000007fef6730000 - 0x000007fef676b000 	C:\Windows\system32\WINMM.dll
0x0000000077700000 - 0x0000000077707000 	C:\Windows\system32\PSAPI.DLL
0x0000000073ac0000 - 0x0000000073acf000 	C:\Program Files\Java\jdk1.7.0_71\jre\bin\verify.dll
0x00000000729e0000 - 0x0000000072a08000 	C:\Program Files\Java\jdk1.7.0_71\jre\bin\java.dll
0x00000000738c0000 - 0x00000000738d5000 	C:\Program Files\Java\jdk1.7.0_71\jre\bin\zip.dll
0x000007feec370000 - 0x000007feec495000 	C:\Windows\system32\DBGHELP.DLL

VM Arguments:
java_command: com.teradata.xcore.net.Poster http://143.30.195.7:14444 //143.30.195.7/Teradata/MDM/3.05.02/custom/pngrelease3/bin/pngMDM_Trillium_invokeTestTrilliumService_NLD.xml
Launcher Type: SUN_STANDARD

Environment Variables:
JAVA_HOME="C:\Program Files\Java\jdk1.7.0_71"
PATH="C:\Program Files\Java\jdk1.7.0_71"\bin;"C:\Program Files\Java\jdk1.7.0_71"\bin;C:\Program Files (x86)\Teradata\Teradata Performance Monitor Object 15.00\;C:\Program Files\Teradata\client\15.00\Teradata Parallel Transporter\bin64;C:\Program Files\Teradata\client\15.00\Teradata Parallel Transporter\msg64;C:\Program Files (x86)\Teradata\client\15.00\Teradata Parallel Transporter\bin;C:\Program Files (x86)\Teradata\client\15.00\Teradata Parallel Transporter\msg;C:\Program Files\Teradata\Client\15.00\bin;C:\Program Files (x86)\Teradata\Client\15.00\bin;C:\Program Files\Teradata\Client\15.00\ODBC Driver for Teradata nt-x8664\Lib;C:\Program Files (x86)\Teradata\Client\15.00\ODBC Driver for Teradata\Lib;C:\Program Files\Teradata\Client\15.00\bin\;C:\Program Files (x86)\Teradata\Client\15.00\bin\;C:\Program Files (x86)\Teradata\Client\13.10\bin\;c:\perl64\site\bin;c:\perl64\bin;C:\Windows\system32;C:\Windows;C:\Windows\system32\wbem;C:\Windows\system32\windowspowershell\v1.0\;D:\SVVSTools;C:\Windows\System32\WindowsPowerShell\v1.0\;C:\usr\local\monitor\c\bin;C:\usr\local\monitor\perl\site\bin;C:\usr\local\monitor\perl\bin;C:\Program Files (x86)\Java\jre1.6.0\bin
USERNAME=s606878_admin
OS=Windows_NT
PROCESSOR_IDENTIFIER=Intel64 Family 6 Model 15 Stepping 1, GenuineIntel



---------------  S Y S T E M  ---------------

OS: Windows Server 2008 R2 , 64 bit Build 7601 Service Pack 1

CPU:total 4 (1 cores per cpu, 1 threads per core) family 6 model 15 stepping 1, cmov, cx8, fxsr, mmx, sse, sse2, sse3, ssse3, tsc, tscinvbit

Memory: 4k page, physical 16776760k(6829308k free), swap 20969208k(12686844k free)

vm_info: Java HotSpot(TM) 64-Bit Server VM (24.71-b01) for windows-amd64 JRE (1.7.0_71-b14), built on Sep 26 2014 16:16:12 by "java_re" with unknown MS VC++:1600

time: Fri Feb 19 13:51:51 2016
elapsed time: 5 seconds

