#
# There is insufficient memory for the Java Runtime Environment to continue.
# Native memory allocation (malloc) failed to allocate 273296 bytes for Chunk::new
# Possible reasons:
#   The system is out of physical RAM or swap space
#   In 32 bit mode, the process size limit was hit
# Possible solutions:
#   Reduce memory load on the system
#   Increase physical memory or swap space
#   Check if swap backing store is full
#   Use 64 bit Java on a 64 bit OS
#   Decrease Java heap size (-Xmx/-Xms)
#   Decrease number of Java threads
#   Decrease Java thread stack sizes (-Xss)
#   Set larger code cache with -XX:ReservedCodeCacheSize=
# This output file may be truncated or incomplete.
#
#  Out of Memory Error (allocation.cpp:390), pid=106436, tid=107192
#
# JRE version: Java(TM) SE Runtime Environment (8.0_73-b02) (build 1.8.0_73-b02)
# Java VM: Java HotSpot(TM) 64-Bit Server VM (25.73-b02 mixed mode windows-amd64 compressed oops)
# Core dump written. Default location: E:\Teradata\MDM\3.05.02\custom\pngrelease3\bin\hs_err_pid106436.mdmp
#

---------------  T H R E A D  ---------------

Current thread (0x000000001d373800):  JavaThread "C2 CompilerThread0" daemon [_thread_in_native, id=107192, stack(0x000000001db50000,0x000000001dc50000)]

Stack: [0x000000001db50000,0x000000001dc50000]
[error occurred during error reporting (printing stack bounds), id 0xc0000005]

Native frames: (J=compiled Java code, j=interpreted, Vv=VM code, C=native code)


Current CompileTask:
C2:  51615  346   !   4       java.net.URL::<init> (543 bytes)


---------------  P R O C E S S  ---------------

Java Threads: ( => current thread )
  0x000000001e37b800 JavaThread "PooledThread-10" daemon [_thread_blocked, id=104124, stack(0x000000001eb60000,0x000000001ec60000)]
  0x000000001d3d7000 JavaThread "Service Thread" daemon [_thread_blocked, id=106016, stack(0x000000001dee0000,0x000000001dfe0000)]
  0x000000001d3d4000 JavaThread "C1 CompilerThread2" daemon [_thread_blocked, id=106628, stack(0x000000001dd40000,0x000000001de40000)]
  0x000000001d3cf000 JavaThread "C2 CompilerThread1" daemon [_thread_blocked, id=105896, stack(0x000000001cea0000,0x000000001cfa0000)]
=>0x000000001d373800 JavaThread "C2 CompilerThread0" daemon [_thread_in_native, id=107192, stack(0x000000001db50000,0x000000001dc50000)]
  0x000000001bfbf000 JavaThread "Attach Listener" daemon [_thread_blocked, id=102748, stack(0x000000001d980000,0x000000001da80000)]
  0x000000001bf55800 JavaThread "Finalizer" daemon [_thread_blocked, id=100060, stack(0x000000001d140000,0x000000001d240000)]
  0x000000001bf54000 JavaThread "Reference Handler" daemon [_thread_blocked, id=100928, stack(0x000000001d270000,0x000000001d370000)]
  0x00000000020bf800 JavaThread "main" [_thread_blocked, id=32588, stack(0x00000000021b0000,0x00000000022b0000)]

Other Threads:
  0x000000001bf4e800 VMThread [stack: 0x000000001cff0000,0x000000001d0f0000] [id=105648]

VM state:at safepoint (normal execution)

VM Mutex/Monitor currently owned by a thread:  ([mutex/lock_event])
[0x0000000001fd8a80] Threads_lock - owner thread: 0x000000001bf4e800

Heap:
 PSYoungGen      total 76288K, used 18370K [0x000000076ab00000, 0x0000000770000000, 0x00000007c0000000)
  eden space 65536K, 28% used [0x000000076ab00000,0x000000076bcf0b70,0x000000076eb00000)
  from space 10752K, 0% used [0x000000076f580000,0x000000076f580000,0x0000000770000000)
  to   space 10752K, 0% used [0x000000076eb00000,0x000000076eb00000,0x000000076f580000)
 ParOldGen       total 175104K, used 0K [0x00000006c0000000, 0x00000006cab00000, 0x000000076ab00000)
  object space 175104K, 0% used [0x00000006c0000000,0x00000006c0000000,0x00000006cab00000)
 Metaspace       used 5452K, capacity 5844K, committed 6144K, reserved 1056768K
  class space    used 604K, capacity 656K, committed 768K, reserved 1048576K

Card table byte_map: [0x0000000011940000,0x0000000012150000] byte_map_base: 0x000000000e340000

Marking Bits: (ParMarkBitMap*) 0x00000000694d0600
 Begin Bits: [0x0000000012dc0000, 0x0000000016dc0000)
 End Bits:   [0x0000000016dc0000, 0x000000001adc0000)

Polling page: 0x0000000001dd0000

CodeCache: size=245760Kb used=2007Kb max_used=2009Kb free=243752Kb
 bounds [0x0000000002580000, 0x00000000027f0000, 0x0000000011580000]
 total_blobs=627 nmethods=346 adapters=194
 compilation: enabled

Compilation events (10 events):
Event: 15.746 Thread 0x000000001d3cf000 nmethod 337 0x00000000027771d0 code [0x0000000002777320, 0x0000000002777728]
Event: 15.748 Thread 0x000000001d3d4000  342       3       java.util.Calendar::internalSet (8 bytes)
Event: 15.748 Thread 0x000000001d3d4000 nmethod 342 0x0000000002775f90 code [0x00000000027760e0, 0x0000000002776250]
Event: 15.749 Thread 0x000000001d3d4000  344       3       java.lang.String::indexOf (166 bytes)
Event: 15.749 Thread 0x000000001d3d4000 nmethod 344 0x0000000002774e10 code [0x0000000002774fc0, 0x0000000002775610]
Event: 44.177 Thread 0x000000001d3d4000  347       1       java.util.HashMap::afterNodeInsertion (1 bytes)
Event: 44.177 Thread 0x000000001d373800  346   !   4       java.net.URL::<init> (543 bytes)
Event: 44.177 Thread 0x000000001d3d4000 nmethod 347 0x0000000002774b50 code [0x0000000002774ca0, 0x0000000002774db0]
Event: 44.177 Thread 0x000000001d3d4000  345       1       java.nio.Buffer::position (5 bytes)
Event: 44.177 Thread 0x000000001d3d4000 nmethod 345 0x0000000002774890 code [0x00000000027749e0, 0x0000000002774af0]

GC Heap History (0 events):
No events

Deoptimization events (3 events):
Event: 2.489 Thread 0x00000000020bf800 Uncommon trap: reason=unstable_if action=reinterpret pc=0x0000000002699148 method=java.lang.String.hashCode()I @ 14
Event: 2.762 Thread 0x00000000020bf800 Uncommon trap: reason=unstable_if action=reinterpret pc=0x00000000026dca9c method=java.lang.String.startsWith(Ljava/lang/String;I)Z @ 25
Event: 15.728 Thread 0x00000000020bf800 Uncommon trap: reason=unstable_if action=reinterpret pc=0x00000000026bcab4 method=java.lang.String.indexOf([CII[CIII)I @ 134

Internal exceptions (10 events):
Event: 5.795 Thread 0x00000000020bf800 Exception <a 'java/io/FileNotFoundException'> (0x000000076afabd28) thrown at [D:\re\puppet\workspace\8-2-build-windows-amd64-cygwin\jdk8u73\6086\hotspot\src\share\vm\prims\jni.cpp, line 709]
Event: 5.795 Thread 0x00000000020bf800 Exception <a 'java/io/FileNotFoundException'> (0x000000076afaca50) thrown at [D:\re\puppet\workspace\8-2-build-windows-amd64-cygwin\jdk8u73\6086\hotspot\src\share\vm\prims\jni.cpp, line 709]
Event: 6.142 Thread 0x00000000020bf800 Exception <a 'java/security/PrivilegedActionException'> (0x000000076b13c558) thrown at [D:\re\puppet\workspace\8-2-build-windows-amd64-cygwin\jdk8u73\6086\hotspot\src\share\vm\prims\jvm.cpp, line 1386]
Event: 6.142 Thread 0x00000000020bf800 Exception <a 'java/security/PrivilegedActionException'> (0x000000076b13c950) thrown at [D:\re\puppet\workspace\8-2-build-windows-amd64-cygwin\jdk8u73\6086\hotspot\src\share\vm\prims\jvm.cpp, line 1386]
Event: 6.142 Thread 0x00000000020bf800 Exception <a 'java/security/PrivilegedActionException'> (0x000000076b13f3d8) thrown at [D:\re\puppet\workspace\8-2-build-windows-amd64-cygwin\jdk8u73\6086\hotspot\src\share\vm\prims\jvm.cpp, line 1386]
Event: 6.142 Thread 0x00000000020bf800 Exception <a 'java/security/PrivilegedActionException'> (0x000000076b13f7d0) thrown at [D:\re\puppet\workspace\8-2-build-windows-amd64-cygwin\jdk8u73\6086\hotspot\src\share\vm\prims\jvm.cpp, line 1386]
Event: 6.671 Thread 0x00000000020bf800 Exception <a 'java/security/PrivilegedActionException'> (0x000000076b1c8b68) thrown at [D:\re\puppet\workspace\8-2-build-windows-amd64-cygwin\jdk8u73\6086\hotspot\src\share\vm\prims\jvm.cpp, line 1386]
Event: 6.671 Thread 0x00000000020bf800 Exception <a 'java/security/PrivilegedActionException'> (0x000000076b1c8f60) thrown at [D:\re\puppet\workspace\8-2-build-windows-amd64-cygwin\jdk8u73\6086\hotspot\src\share\vm\prims\jvm.cpp, line 1386]
Event: 6.684 Thread 0x00000000020bf800 Exception <a 'java/security/PrivilegedActionException'> (0x000000076b1d7638) thrown at [D:\re\puppet\workspace\8-2-build-windows-amd64-cygwin\jdk8u73\6086\hotspot\src\share\vm\prims\jvm.cpp, line 1386]
Event: 6.684 Thread 0x00000000020bf800 Exception <a 'java/security/PrivilegedActionException'> (0x000000076b1d7a30) thrown at [D:\re\puppet\workspace\8-2-build-windows-amd64-cygwin\jdk8u73\6086\hotspot\src\share\vm\prims\jvm.cpp, line 1386]

Events (10 events):
Event: 44.176 loading class com/teradata/xcore/net/NetSnapShot
Event: 44.176 loading class com/teradata/xcore/net/NetSnapShot done
Event: 44.176 loading class com/teradata/xcore/util/Util
Event: 44.176 loading class com/teradata/xcore/util/Util done
Event: 44.196 loading class java/lang/Shutdown
Event: 44.196 loading class java/lang/Shutdown done
Event: 44.196 loading class java/lang/Shutdown$Lock
Event: 44.196 loading class java/lang/Shutdown$Lock done
Event: 44.196 Thread 0x000000001bfbe000 Thread exited: 0x000000001bfbe000
Event: 44.196 Executing VM operation: Exit


Dynamic libraries:
0x000000013f5a0000 - 0x000000013f5d7000 	E:\Java\jdk1.8.0_73\bin\java.exe
0x0000000077b10000 - 0x0000000077cba000 	C:\Windows\SYSTEM32\ntdll.dll
0x00000000778f0000 - 0x0000000077a0f000 	C:\Windows\system32\kernel32.dll
0x000007fefd890000 - 0x000007fefd8fa000 	C:\Windows\system32\KERNELBASE.dll
0x000007feff510000 - 0x000007feff5eb000 	C:\Windows\system32\ADVAPI32.dll
0x000007feffd80000 - 0x000007feffe1f000 	C:\Windows\system32\msvcrt.dll
0x000007feff780000 - 0x000007feff79f000 	C:\Windows\SYSTEM32\sechost.dll
0x000007feff980000 - 0x000007feffaad000 	C:\Windows\system32\RPCRT4.dll
0x0000000077a10000 - 0x0000000077b0a000 	C:\Windows\system32\USER32.dll
0x000007feffcd0000 - 0x000007feffd37000 	C:\Windows\system32\GDI32.dll
0x000007feffd40000 - 0x000007feffd4e000 	C:\Windows\system32\LPK.dll
0x000007feffbf0000 - 0x000007feffcba000 	C:\Windows\system32\USP10.dll
0x000007fefc1c0000 - 0x000007fefc3b4000 	C:\Windows\WinSxS\amd64_microsoft.windows.common-controls_6595b64144ccf1df_6.0.7601.18837_none_fa3b1e3d17594757\COMCTL32.dll
0x000007feffb70000 - 0x000007feffbe1000 	C:\Windows\system32\SHLWAPI.dll
0x000007fefd640000 - 0x000007fefd697000 	C:\Windows\system32\apphelp.dll
0x000007fef7830000 - 0x000007fef7a30000 	C:\Windows\AppPatch\AppPatch64\EMET64.dll
0x000007feffd50000 - 0x000007feffd7e000 	C:\Windows\system32\IMM32.DLL
0x000007fefdf40000 - 0x000007fefe049000 	C:\Windows\system32\MSCTF.dll
0x000007fef64b0000 - 0x000007fef6557000 	C:\Program Files\McAfee\Host Intrusion Prevention\HcApi.dll
0x0000000073440000 - 0x000000007344c000 	C:\Program Files\McAfee\Host Intrusion Prevention\HcThe.dll
0x000000006c4d0000 - 0x000000006c5a2000 	E:\Java\jdk1.8.0_73\jre\bin\msvcr100.dll
0x0000000068cc0000 - 0x0000000069550000 	E:\Java\jdk1.8.0_73\jre\bin\server\jvm.dll
0x000007fefa1f0000 - 0x000007fefa1f9000 	C:\Windows\system32\WSOCK32.dll
0x000007fefede0000 - 0x000007fefee2d000 	C:\Windows\system32\WS2_32.dll
0x000007feffcc0000 - 0x000007feffcc8000 	C:\Windows\system32\NSI.dll
0x000007fef9370000 - 0x000007fef93ab000 	C:\Windows\system32\WINMM.dll
0x000007fefc900000 - 0x000007fefc90c000 	C:\Windows\system32\VERSION.dll
0x0000000077ce0000 - 0x0000000077ce7000 	C:\Windows\system32\PSAPI.DLL
0x000000006d500000 - 0x000000006d50f000 	E:\Java\jdk1.8.0_73\jre\bin\verify.dll
0x000000006cdd0000 - 0x000000006cdf9000 	E:\Java\jdk1.8.0_73\jre\bin\java.dll
0x000000006d4e0000 - 0x000000006d4f6000 	E:\Java\jdk1.8.0_73\jre\bin\zip.dll
0x000007fefe050000 - 0x000007fefedda000 	C:\Windows\system32\SHELL32.dll
0x000007feff280000 - 0x000007feff483000 	C:\Windows\system32\ole32.dll
0x000007fefd850000 - 0x000007fefd85f000 	C:\Windows\system32\profapi.dll
0x000000006cdb0000 - 0x000000006cdca000 	E:\Java\jdk1.8.0_73\jre\bin\net.dll
0x000007fefcf80000 - 0x000007fefcfd5000 	C:\Windows\system32\mswsock.dll
0x000007fefd130000 - 0x000007fefd137000 	C:\Windows\System32\wship6.dll
0x000007fefc9d0000 - 0x000007fefc9d7000 	C:\Windows\System32\wshtcpip.dll
0x000007fefcce0000 - 0x000007fefcd3b000 	C:\Windows\system32\DNSAPI.dll
0x000007fefafe0000 - 0x000007fefb007000 	C:\Windows\system32\IPHLPAPI.DLL
0x000007fefafd0000 - 0x000007fefafdb000 	C:\Windows\system32\WINNSI.DLL
0x000007fefa8e0000 - 0x000007fefa8e8000 	C:\Windows\system32\rasadhlp.dll
0x000007fefaa00000 - 0x000007fefaa53000 	C:\Windows\System32\fwpuclnt.dll
0x000007fefbeb0000 - 0x000007fefbfd5000 	C:\Windows\system32\DBGHELP.DLL

VM Arguments:
java_command: com.teradata.xcore.net.Poster xserver ../cfg/properties/xserver.xml BCM_MASTER ../bin/ScheduleIn_TrilliumWrapper_IRL.xml
java_class_path (initial): bin;.;../../..\lib\commons-dbcp2-2.1.jar;../../..\lib\commons-pool2-2.3.jar;;../../..\custom\pngrelease3;../../..\custom\pngrelease3\cfg;../../..\custom\pngrelease3\cfg\properties;../../..\lib\override;../../..\lib\bpe-util.jar;../../..\lib\mdm-server.jar;../../..\lib\bpe-tools.jar;../../..\lib\bpe-mcore.jar;../../..\custom\pngrelease3\cfg;../../..\custom\pngrelease3\cfg\properties;../../..\custom\pngrelease3\cfg\xservice\png;../../..\custom\pngrelease3\cfg\xservice\png\mdm_setup;../../..\cfg\properties;../../..\cfg\xservice\toolkit;../../..\cfg\xservice\toolkit\mdm_setup;../../..\cfg;../../..\lib;../../..\lib\bpe-server.jar;../../..\lib\bpe-services.jar;;../../..\lib\xercesImpl.jar;../../..\lib\xml-apis.jar;../../..\lib\serializer.jar;../../..\lib\xalan.jar;../../..\lib\jdom.jar;../../..\lib\commons-codec-1.10.jar;../../..\lib\commons-httpclient-3.1.jar;../../..\lib\not-yet-commons-ssl.jar;../../..\lib\wsdl4j.jar;../../..\lib\xmlsec.jar;../../..\lib\opensaml.jar;../../..\lib\wss4j.jar;../../..\lib\httpclient.jar;../../..\lib\httpcore.jar;../../..\lib\axiom-api.jar;;../../..\lib\mail.jar;../../..\lib\activation.jar;../../..\lib\jdbc2_0-stdext.jar;../../..\lib\terajdbc4.jar;../../..\lib\tdgssconfig.jar;../../..\lib\bpe-util.jar;../../..\lib\bcm_xservice.jar;../../..\lib\jcert.jar;../../..\web\mdmclient\WEB-INF\bcm\cfg\properties;../../..\web\mdmclient\WEB-INF\bcm\cfg;../../..\web\mdmclient\WEB-INF\lib\bpe-x2.jar;../../..\web\mdmclient\WEB-INF\classes;../../..\web\mdmclient\WEB-INF\lib\log4j.jar;;../../..\lib\poi-3.10.1-20140818.jar;../../..\lib\commons-fileupload.jar;../../..\lib\commons-logging.jar;../../..\lib\poi-ooxml-3.10.1-20140818.jar;../../..\lib\poi-ooxml-schemas-3.10.1-20140818.jar;../../..\lib\poi-scratchpad-3.10.1-20140818.jar;../../..\lib\poi-excelant-3.10.1-20140818.jar;../../..\lib\dom4j.jar;../../..\lib\geronimo-stax-api_1.0_spec.jar;../../..\lib\xmlbeans.jar; ;"E:\Java\jdk1.8.0_73"\lib\tools.jar;../../..\lib\jms.jar;../..
Launcher Type: SUN_STANDARD

Environment Variables:
JAVA_HOME="E:\Java\jdk1.8.0_73"
PATH="E:\Java\jdk1.8.0_73"\bin;C:\ProgramData\Oracle\Java\javapath;C:\Program Files (x86)\Teradata\Teradata Performance Monitor Object 15.00\;C:\Program Files\Teradata\client\15.00\Teradata Parallel Transporter\bin64;C:\Program Files\Teradata\client\15.00\Teradata Parallel Transporter\msg64;C:\Program Files (x86)\Teradata\client\15.00\Teradata Parallel Transporter\bin;C:\Program Files (x86)\Teradata\client\15.00\Teradata Parallel Transporter\msg;C:\Program Files\Teradata\Client\15.00\bin;C:\Program Files (x86)\Teradata\Client\15.00\bin;C:\Program Files\Teradata\Client\15.00\ODBC Driver for Teradata nt-x8664\Lib;C:\Program Files (x86)\Teradata\Client\15.00\ODBC Driver for Teradata\Lib;C:\Program Files\Teradata\Client\15.00\bin\;C:\Program Files (x86)\Teradata\Client\15.00\bin\;C:\Program Files (x86)\Teradata\Client\13.10\bin\;C:\Windows\system32;C:\Windows;C:\Windows\system32\wbem;C:\Windows\system32\windowspowershell\v1.0\;D:\SVVSTools;C:\Windows\System32\WindowsPowerShell\v1.0\;C:\Program Files (x86)\Java\jre1.6.0\bin;C:\usr\local\monitor\c\bin;C:\usr\local\monitor\perl\site\bin;C:\usr\local\monitor\perl\bin;C:\Program Files\McAfee\Solidcore\Tools\GatherInfo;C:\Program Files\McAfee\Solidcore\Tools\Scanalyzer;C:\Program Files\McAfee\Solidcore\;C:\Program Files\McAfee\Solidcore\Tools\ScGetCerts;E:\ScheduleIn\Agent\bin;
USERNAME=VA1UCPPWAPTD10$
OS=Windows_NT
PROCESSOR_IDENTIFIER=Intel64 Family 6 Model 63 Stepping 2, GenuineIntel



---------------  S Y S T E M  ---------------

OS: Windows Server 2008 R2 , 64 bit Build 7601 (6.1.7601.23569)

CPU:total 4 (1 cores per cpu, 1 threads per core) family 6 model 63 stepping 2, cmov, cx8, fxsr, mmx, sse, sse2, sse3, ssse3, sse4.1, sse4.2, popcnt, avx, aes, clmul, tsc, tscinvbit

Memory: 4k page, physical 16776696k(5383556k free), swap 20969140k(1211160k free)

vm_info: Java HotSpot(TM) 64-Bit Server VM (25.73-b02) for windows-amd64 JRE (1.8.0_73-b02), built on Jan 29 2016 17:38:49 by "java_re" with MS VC++ 10.0 (VS2010)

time: Fri Dec 09 21:09:00 2016
elapsed time: 51 seconds (0d 0h 0m 51s)

