#
# There is insufficient memory for the Java Runtime Environment to continue.
# Native memory allocation (malloc) failed to allocate 151056 bytes for Chunk::new
# Possible reasons:
#   The system is out of physical RAM or swap space
#   In 32 bit mode, the process size limit was hit
# Possible solutions:
#   Reduce memory load on the system
#   Increase physical memory or swap space
#   Check if swap backing store is full
#   Use 64 bit Java on a 64 bit OS
#   Decrease Java heap size (-Xmx/-Xms)
#   Decrease number of Java threads
#   Decrease Java thread stack sizes (-Xss)
#   Set larger code cache with -XX:ReservedCodeCacheSize=
# This output file may be truncated or incomplete.
#
#  Out of Memory Error (allocation.cpp:390), pid=129728, tid=127440
#
# JRE version: Java(TM) SE Runtime Environment (8.0_73-b02) (build 1.8.0_73-b02)
# Java VM: Java HotSpot(TM) 64-Bit Server VM (25.73-b02 mixed mode windows-amd64 compressed oops)
# Core dump written. Default location: E:\Teradata\MDM\3.05.02\custom\pngrelease3\bin\hs_err_pid129728.mdmp
#

---------------  T H R E A D  ---------------

Current thread (0x000000001c36f800):  JavaThread "C2 CompilerThread0" daemon [_thread_in_native, id=127440, stack(0x000000001dcc0000,0x000000001ddc0000)]

Stack: [0x000000001dcc0000,0x000000001ddc0000]
[error occurred during error reporting (printing stack bounds), id 0xc0000005]

Native frames: (J=compiled Java code, j=interpreted, Vv=VM code, C=native code)


Current CompileTask:
C2:  12341  258  s    4       sun.misc.URLClassPath::getNextLoader (88 bytes)


---------------  P R O C E S S  ---------------

Java Threads: ( => current thread )
  0x000000001e6ce800 JavaThread "PooledThread-10" daemon [_thread_blocked, id=128552, stack(0x000000001f070000,0x000000001f170000)]
  0x000000001d549800 JavaThread "Service Thread" daemon [_thread_blocked, id=125760, stack(0x000000001e120000,0x000000001e220000)]
  0x000000001d545000 JavaThread "C1 CompilerThread2" daemon [_thread_blocked, id=127484, stack(0x000000001df40000,0x000000001e040000)]
  0x000000001d542000 JavaThread "C2 CompilerThread1" daemon [_thread_blocked, id=126980, stack(0x000000001ddd0000,0x000000001ded0000)]
=>0x000000001c36f800 JavaThread "C2 CompilerThread0" daemon [_thread_in_native, id=127440, stack(0x000000001dcc0000,0x000000001ddc0000)]
  0x000000001c36d000 JavaThread "Attach Listener" daemon [_thread_blocked, id=126804, stack(0x000000001d950000,0x000000001da50000)]
  0x000000001c36c000 JavaThread "Signal Dispatcher" daemon [_thread_blocked, id=129900, stack(0x000000001dad0000,0x000000001dbd0000)]
  0x000000001c30f000 JavaThread "Finalizer" daemon [_thread_blocked, id=129624, stack(0x000000001d440000,0x000000001d540000)]
  0x000000001c307800 JavaThread "Reference Handler" daemon [_thread_blocked, id=129596, stack(0x000000001d250000,0x000000001d350000)]
  0x000000000213b000 JavaThread "main" [_thread_blocked, id=128300, stack(0x0000000002490000,0x0000000002590000)]

Other Threads:
  0x000000001c302800 VMThread [stack: 0x000000001d110000,0x000000001d210000] [id=129712]
  0x000000001d5ee800 WatcherThread [stack: 0x000000001e3d0000,0x000000001e4d0000] [id=125968]

VM state:not at safepoint (normal execution)

VM Mutex/Monitor currently owned by a thread: None

Heap:
 PSYoungGen      total 76288K, used 17059K [0x000000076ab00000, 0x0000000770000000, 0x00000007c0000000)
  eden space 65536K, 26% used [0x000000076ab00000,0x000000076bba8fa8,0x000000076eb00000)
  from space 10752K, 0% used [0x000000076f580000,0x000000076f580000,0x0000000770000000)
  to   space 10752K, 0% used [0x000000076eb00000,0x000000076eb00000,0x000000076f580000)
 ParOldGen       total 175104K, used 0K [0x00000006c0000000, 0x00000006cab00000, 0x000000076ab00000)
  object space 175104K, 0% used [0x00000006c0000000,0x00000006c0000000,0x00000006cab00000)
 Metaspace       used 5436K, capacity 5780K, committed 6144K, reserved 1056768K
  class space    used 606K, capacity 656K, committed 768K, reserved 1048576K

Card table byte_map: [0x0000000011c20000,0x0000000012430000] byte_map_base: 0x000000000e620000

Marking Bits: (ParMarkBitMap*) 0x0000000068db0600
 Begin Bits: [0x0000000013170000, 0x0000000017170000)
 End Bits:   [0x0000000017170000, 0x000000001b170000)

Polling page: 0x00000000002b0000

CodeCache: size=245760Kb used=1920Kb max_used=1936Kb free=243839Kb
 bounds [0x0000000002860000, 0x0000000002ad0000, 0x0000000011860000]
 total_blobs=611 nmethods=330 adapters=194
 compilation: enabled

Compilation events (10 events):
Event: 3.448 Thread 0x000000001d545000 nmethod 250 0x0000000002a0c2d0 code [0x0000000002a0c480, 0x0000000002a0ccb8]
Event: 3.481 Thread 0x000000001c36f800  254       4       java.lang.String::startsWith (7 bytes)
Event: 3.483 Thread 0x000000001c36f800 nmethod 254 0x0000000002a10750 code [0x0000000002a108a0, 0x0000000002a10a58]
Event: 3.485 Thread 0x000000001d545000  255       3       java.util.jar.Attributes::getValue (9 bytes)
Event: 3.485 Thread 0x000000001d545000 nmethod 255 0x0000000002a10150 code [0x0000000002a102c0, 0x0000000002a10628]
Event: 3.485 Thread 0x000000001d545000  256       3       java.util.jar.Attributes::get (11 bytes)
Event: 3.485 Thread 0x000000001d545000 nmethod 256 0x0000000002a0fd10 code [0x0000000002a0fe80, 0x0000000002a100a8]
Event: 3.487 Thread 0x000000001d542000  257       4       java.lang.CharacterDataLatin1::toUpperCase (53 bytes)
Event: 3.488 Thread 0x000000001d542000 nmethod 257 0x0000000002a0e550 code [0x0000000002a0e680, 0x0000000002a0e758]
Event: 3.494 Thread 0x000000001c36f800  258  s    4       sun.misc.URLClassPath::getNextLoader (88 bytes)

GC Heap History (0 events):
No events

Deoptimization events (3 events):
Event: 1.092 Thread 0x000000000213b000 Uncommon trap: reason=unstable_if action=reinterpret pc=0x000000000297b588 method=java.lang.String.hashCode()I @ 14
Event: 1.296 Thread 0x000000000213b000 Uncommon trap: reason=unstable_if action=reinterpret pc=0x00000000029bbb1c method=java.lang.String.startsWith(Ljava/lang/String;I)Z @ 25
Event: 2.524 Thread 0x000000000213b000 Uncommon trap: reason=unstable_if action=reinterpret pc=0x00000000029a40b4 method=java.lang.String.indexOf([CII[CIII)I @ 123

Internal exceptions (10 events):
Event: 0.939 Thread 0x000000000213b000 Exception <a 'java/security/PrivilegedActionException'> (0x000000076abaa8f0) thrown at [D:\re\puppet\workspace\8-2-build-windows-amd64-cygwin\jdk8u73\6086\hotspot\src\share\vm\prims\jvm.cpp, line 1386]
Event: 1.236 Thread 0x000000000213b000 Exception <a 'java/lang/UnsatisfiedLinkError'> (0x000000076af50418) thrown at [D:\re\puppet\workspace\8-2-build-windows-amd64-cygwin\jdk8u73\6086\hotspot\src\share\vm\oops\instanceKlass.cpp, line 948]
Event: 2.531 Thread 0x000000000213b000 Exception <a 'java/security/PrivilegedActionException'> (0x000000076b13c8b8) thrown at [D:\re\puppet\workspace\8-2-build-windows-amd64-cygwin\jdk8u73\6086\hotspot\src\share\vm\prims\jvm.cpp, line 1386]
Event: 2.531 Thread 0x000000000213b000 Exception <a 'java/security/PrivilegedActionException'> (0x000000076b13ccb0) thrown at [D:\re\puppet\workspace\8-2-build-windows-amd64-cygwin\jdk8u73\6086\hotspot\src\share\vm\prims\jvm.cpp, line 1386]
Event: 2.532 Thread 0x000000000213b000 Exception <a 'java/security/PrivilegedActionException'> (0x000000076b13f738) thrown at [D:\re\puppet\workspace\8-2-build-windows-amd64-cygwin\jdk8u73\6086\hotspot\src\share\vm\prims\jvm.cpp, line 1386]
Event: 2.532 Thread 0x000000000213b000 Exception <a 'java/security/PrivilegedActionException'> (0x000000076b13fb30) thrown at [D:\re\puppet\workspace\8-2-build-windows-amd64-cygwin\jdk8u73\6086\hotspot\src\share\vm\prims\jvm.cpp, line 1386]
Event: 2.858 Thread 0x000000000213b000 Exception <a 'java/security/PrivilegedActionException'> (0x000000076b1c8908) thrown at [D:\re\puppet\workspace\8-2-build-windows-amd64-cygwin\jdk8u73\6086\hotspot\src\share\vm\prims\jvm.cpp, line 1386]
Event: 2.858 Thread 0x000000000213b000 Exception <a 'java/security/PrivilegedActionException'> (0x000000076b1c8d00) thrown at [D:\re\puppet\workspace\8-2-build-windows-amd64-cygwin\jdk8u73\6086\hotspot\src\share\vm\prims\jvm.cpp, line 1386]
Event: 2.873 Thread 0x000000000213b000 Exception <a 'java/security/PrivilegedActionException'> (0x000000076b1d73d8) thrown at [D:\re\puppet\workspace\8-2-build-windows-amd64-cygwin\jdk8u73\6086\hotspot\src\share\vm\prims\jvm.cpp, line 1386]
Event: 2.873 Thread 0x000000000213b000 Exception <a 'java/security/PrivilegedActionException'> (0x000000076b1d77d0) thrown at [D:\re\puppet\workspace\8-2-build-windows-amd64-cygwin\jdk8u73\6086\hotspot\src\share\vm\prims\jvm.cpp, line 1386]

Events (10 events):
Event: 3.494 loading class org/apache/xerces/impl/dv/dtd/IDREFDatatypeValidator
Event: 3.494 loading class org/apache/xerces/impl/dv/dtd/IDREFDatatypeValidator done
Event: 3.495 loading class org/apache/xerces/impl/dv/dtd/ListDatatypeValidator
Event: 3.495 loading class org/apache/xerces/impl/dv/dtd/ListDatatypeValidator done
Event: 3.497 loading class org/apache/xerces/impl/dv/dtd/ENTITYDatatypeValidator
Event: 3.497 loading class org/apache/xerces/impl/dv/dtd/ENTITYDatatypeValidator done
Event: 3.500 loading class org/apache/xerces/impl/dv/dtd/NOTATIONDatatypeValidator
Event: 3.500 loading class org/apache/xerces/impl/dv/dtd/NOTATIONDatatypeValidator done
Event: 3.501 loading class org/apache/xerces/impl/dv/dtd/NMTOKENDatatypeValidator
Event: 3.501 loading class org/apache/xerces/impl/dv/dtd/NMTOKENDatatypeValidator done


Dynamic libraries:
0x000000013fa70000 - 0x000000013faa7000 	E:\Java\jdk1.8.0_73\bin\java.exe
0x0000000077430000 - 0x00000000775da000 	C:\Windows\SYSTEM32\ntdll.dll
0x0000000077310000 - 0x000000007742f000 	C:\Windows\system32\kernel32.dll
0x000007fefd470000 - 0x000007fefd4da000 	C:\Windows\system32\KERNELBASE.dll
0x000007fefd520000 - 0x000007fefd5fb000 	C:\Windows\system32\ADVAPI32.dll
0x000007fefd960000 - 0x000007fefd9ff000 	C:\Windows\system32\msvcrt.dll
0x000007feff220000 - 0x000007feff23f000 	C:\Windows\SYSTEM32\sechost.dll
0x000007fefd7e0000 - 0x000007fefd90d000 	C:\Windows\system32\RPCRT4.dll
0x0000000077210000 - 0x000000007730a000 	C:\Windows\system32\USER32.dll
0x000007fefda00000 - 0x000007fefda67000 	C:\Windows\system32\GDI32.dll
0x000007feff450000 - 0x000007feff45e000 	C:\Windows\system32\LPK.dll
0x000007fefde40000 - 0x000007fefdf0a000 	C:\Windows\system32\USP10.dll
0x000007fefba30000 - 0x000007fefbc24000 	C:\Windows\WinSxS\amd64_microsoft.windows.common-controls_6595b64144ccf1df_6.0.7601.18837_none_fa3b1e3d17594757\COMCTL32.dll
0x000007fefecc0000 - 0x000007fefed31000 	C:\Windows\system32\SHLWAPI.dll
0x000007fefcf60000 - 0x000007fefcfb7000 	C:\Windows\system32\apphelp.dll
0x000007fef75f0000 - 0x000007fef77f0000 	C:\Windows\AppPatch\AppPatch64\EMET64.dll
0x000007fefdd00000 - 0x000007fefdd2e000 	C:\Windows\system32\IMM32.DLL
0x000007fefdd30000 - 0x000007fefde39000 	C:\Windows\system32\MSCTF.dll
0x000007fef6650000 - 0x000007fef66f7000 	C:\Program Files\McAfee\Host Intrusion Prevention\HcApi.dll
0x0000000074870000 - 0x000000007487c000 	C:\Program Files\McAfee\Host Intrusion Prevention\HcThe.dll
0x0000000071cc0000 - 0x0000000071d92000 	E:\Java\jdk1.8.0_73\jre\bin\msvcr100.dll
0x00000000685a0000 - 0x0000000068e30000 	E:\Java\jdk1.8.0_73\jre\bin\server\jvm.dll
0x000007fef9990000 - 0x000007fef9999000 	C:\Windows\system32\WSOCK32.dll
0x000007fefd910000 - 0x000007fefd95d000 	C:\Windows\system32\WS2_32.dll
0x000007feff210000 - 0x000007feff218000 	C:\Windows\system32\NSI.dll
0x000007fef8b10000 - 0x000007fef8b4b000 	C:\Windows\system32\WINMM.dll
0x000007fefc220000 - 0x000007fefc22c000 	C:\Windows\system32\VERSION.dll
0x0000000077600000 - 0x0000000077607000 	C:\Windows\system32\PSAPI.DLL
0x0000000072d30000 - 0x0000000072d3f000 	E:\Java\jdk1.8.0_73\jre\bin\verify.dll
0x00000000723f0000 - 0x0000000072419000 	E:\Java\jdk1.8.0_73\jre\bin\java.dll
0x00000000724e0000 - 0x00000000724f6000 	E:\Java\jdk1.8.0_73\jre\bin\zip.dll
0x000007fefdf10000 - 0x000007fefec9a000 	C:\Windows\system32\SHELL32.dll
0x000007feff240000 - 0x000007feff443000 	C:\Windows\system32\ole32.dll
0x000007fefd170000 - 0x000007fefd17f000 	C:\Windows\system32\profapi.dll
0x000007fefb760000 - 0x000007fefb885000 	C:\Windows\system32\DBGHELP.DLL
0x00000000724c0000 - 0x00000000724da000 	E:\Java\jdk1.8.0_73\jre\bin\net.dll
0x000007fefc900000 - 0x000007fefc955000 	C:\Windows\system32\mswsock.dll
0x000007fefc8f0000 - 0x000007fefc8f7000 	C:\Windows\System32\wship6.dll
0x000007fefc780000 - 0x000007fefc7db000 	C:\Windows\system32\DNSAPI.dll
0x000007fefa8f0000 - 0x000007fefa917000 	C:\Windows\system32\IPHLPAPI.DLL
0x000007fefa8e0000 - 0x000007fefa8eb000 	C:\Windows\system32\WINNSI.DLL
0x000007fefc2f0000 - 0x000007fefc2f7000 	C:\Windows\System32\wshtcpip.dll
0x000007fefa200000 - 0x000007fefa208000 	C:\Windows\system32\rasadhlp.dll
0x000007fefa320000 - 0x000007fefa373000 	C:\Windows\System32\fwpuclnt.dll

VM Arguments:
java_command: com.teradata.xcore.net.Poster http://10.138.21.18:14444 //10.138.21.18/Teradata/MDM/3.05.02/custom/pngrelease3/bin/pngMDM_Trillium_invokeTestTrilliumService_ESP.xml
java_class_path (initial): bin;.;../../..\lib\commons-dbcp2-2.1.jar;../../..\lib\commons-pool2-2.3.jar;;../../..\custom\pngrelease3;../../..\custom\pngrelease3\cfg;../../..\custom\pngrelease3\cfg\properties;../../..\lib\override;../../..\lib\bpe-util.jar;../../..\lib\mdm-server.jar;../../..\lib\bpe-tools.jar;../../..\lib\bpe-mcore.jar;../../..\custom\pngrelease3\cfg;../../..\custom\pngrelease3\cfg\properties;../../..\custom\pngrelease3\cfg\xservice\png;../../..\custom\pngrelease3\cfg\xservice\png\mdm_setup;../../..\cfg\properties;../../..\cfg\xservice\toolkit;../../..\cfg\xservice\toolkit\mdm_setup;../../..\cfg;../../..\lib;../../..\lib\bpe-server.jar;../../..\lib\bpe-services.jar;;../../..\lib\xercesImpl.jar;../../..\lib\xml-apis.jar;../../..\lib\serializer.jar;../../..\lib\xalan.jar;../../..\lib\jdom.jar;../../..\lib\commons-codec-1.10.jar;../../..\lib\commons-httpclient-3.1.jar;../../..\lib\not-yet-commons-ssl.jar;../../..\lib\wsdl4j.jar;../../..\lib\xmlsec.jar;../../..\lib\opensaml.jar;../../..\lib\wss4j.jar;../../..\lib\httpclient.jar;../../..\lib\httpcore.jar;../../..\lib\axiom-api.jar;;../../..\lib\mail.jar;../../..\lib\activation.jar;../../..\lib\jdbc2_0-stdext.jar;../../..\lib\terajdbc4.jar;../../..\lib\tdgssconfig.jar;../../..\lib\bpe-util.jar;../../..\lib\bcm_xservice.jar;../../..\lib\jcert.jar;../../..\web\mdmclient\WEB-INF\bcm\cfg\properties;../../..\web\mdmclient\WEB-INF\bcm\cfg;../../..\web\mdmclient\WEB-INF\lib\bpe-x2.jar;../../..\web\mdmclient\WEB-INF\classes;../../..\web\mdmclient\WEB-INF\lib\log4j.jar;;../../..\lib\poi-3.10.1-20140818.jar;../../..\lib\commons-fileupload.jar;../../..\lib\commons-logging.jar;../../..\lib\poi-ooxml-3.10.1-20140818.jar;../../..\lib\poi-ooxml-schemas-3.10.1-20140818.jar;../../..\lib\poi-scratchpad-3.10.1-20140818.jar;../../..\lib\poi-excelant-3.10.1-20140818.jar;../../..\lib\dom4j.jar;../../..\lib\geronimo-stax-api_1.0_spec.jar;../../..\lib\xmlbeans.jar; ;"E:\Java\jdk1.8.0_73"\lib\tools.jar;../../..\lib\jms.jar;../..
Launcher Type: SUN_STANDARD

Environment Variables:
JAVA_HOME="E:\Java\jdk1.8.0_73"
PATH="E:\Java\jdk1.8.0_73"\bin;"E:\Java\jdk1.8.0_73"\bin;C:\ProgramData\Oracle\Java\javapath;C:\Program Files (x86)\Teradata\Teradata Performance Monitor Object 15.00\;C:\Program Files\Teradata\client\15.00\Teradata Parallel Transporter\bin64;C:\Program Files\Teradata\client\15.00\Teradata Parallel Transporter\msg64;C:\Program Files (x86)\Teradata\client\15.00\Teradata Parallel Transporter\bin;C:\Program Files (x86)\Teradata\client\15.00\Teradata Parallel Transporter\msg;C:\Program Files\Teradata\Client\15.00\bin;C:\Program Files (x86)\Teradata\Client\15.00\bin;C:\Program Files\Teradata\Client\15.00\ODBC Driver for Teradata nt-x8664\Lib;C:\Program Files (x86)\Teradata\Client\15.00\ODBC Driver for Teradata\Lib;C:\Program Files\Teradata\Client\15.00\bin\;C:\Program Files (x86)\Teradata\Client\15.00\bin\;C:\Program Files (x86)\Teradata\Client\13.10\bin\;C:\Windows\system32;C:\Windows;C:\Windows\system32\wbem;C:\Windows\system32\windowspowershell\v1.0\;D:\SVVSTools;C:\Windows\System32\WindowsPowerShell\v1.0\;C:\Program Files (x86)\Java\jre1.6.0\bin;C:\usr\local\monitor\c\bin;C:\usr\local\monitor\perl\site\bin;C:\usr\local\monitor\perl\bin;C:\Program Files\McAfee\Solidcore\Tools\GatherInfo;C:\Program Files\McAfee\Solidcore\Tools\Scanalyzer;C:\Program Files\McAfee\Solidcore\;C:\Program Files\McAfee\Solidcore\Tools\ScGetCerts;E:\ScheduleIn\Agent\bin
USERNAME=S606878_Admin
OS=Windows_NT
PROCESSOR_IDENTIFIER=Intel64 Family 6 Model 63 Stepping 2, GenuineIntel



---------------  S Y S T E M  ---------------

OS: Windows Server 2008 R2 , 64 bit Build 7601 (6.1.7601.23572)

CPU:total 4 (1 cores per cpu, 1 threads per core) family 6 model 63 stepping 2, cmov, cx8, fxsr, mmx, sse, sse2, sse3, ssse3, sse4.1, sse4.2, popcnt, avx, aes, clmul, tsc, tscinvbit

Memory: 4k page, physical 16776696k(6965668k free), swap 20969140k(386780k free)

vm_info: Java HotSpot(TM) 64-Bit Server VM (25.73-b02) for windows-amd64 JRE (1.8.0_73-b02), built on Jan 29 2016 17:38:49 by "java_re" with MS VC++ 10.0 (VS2010)

time: Sun Jan 08 21:13:54 2017
elapsed time: 12 seconds (0d 0h 0m 12s)

