#
# A fatal error has been detected by the Java Runtime Environment:
#
#  EXCEPTION_ACCESS_VIOLATION (0xc0000005) at pc=0x0000000067c619a7, pid=301352, tid=302788
#
# JRE version: Java(TM) SE Runtime Environment (8.0_73-b02) (build 1.8.0_73-b02)
# Java VM: Java HotSpot(TM) 64-Bit Server VM (25.73-b02 mixed mode windows-amd64 compressed oops)
# Problematic frame:
# V  [jvm.dll+0x2119a7]
#
# Failed to write core dump. 
#
# If you would like to submit a bug report, please visit:
#   http://bugreport.java.com/bugreport/crash.jsp
#

---------------  T H R E A D  ---------------

Current thread (0x000000001e2d5000):  JavaThread "SocketCreator-0" daemon [_thread_in_vm, id=302788, stack(0x000000001eb00000,0x000000001ec00000)]

siginfo: ExceptionCode=0xc0000005, writing address 0x000000001ebf96b0

Registers:
RAX=0x000000001ebf96b0, RBX=0x0000000000000007, RCX=0x0000000000006000, RDX=0x0000000000000006
RSP=0x000000001ebff6b0, RBP=0x0000000000000000, RSI=0x000000001ebff6b0, RDI=0x0000000000000007
R8 =0x0000000000000006, R9 =0x000000001e2f13e0, R10=0x000000001ba3e598, R11=0x000000001eb0a178
R12=0x000000001e2f13e0, R13=0x000000001e2d5000, R14=0x000000001ebff778, R15=0x000000001ba3e598
RIP=0x0000000067c619a7, EFLAGS=0x0000000000010202

Top of Stack: (sp=0x000000001ebff6b0)
0x000000001ebff6b0:   0000000100000027 000000000020bed0
0x000000001ebff6c0:   000000001e2d5000 000000001e2f13e0
0x000000001ebff6d0:   00000000ffffffff 0000000067c628d7
0x000000001ebff6e0:   000000001ebff7e0 000000001ba3e598
0x000000001ebff6f0:   000000001e2d5000 0000000067b0f603
0x000000001ebff700:   000000001ebff740 000000001e2d5000
0x000000001ebff710:   000000001ebff7d0 000000001e2d5000
0x000000001ebff720:   000000001ba3e598 000000001e2d5000
0x000000001ebff730:   0000000002881540 000000001e2d5000
0x000000001ebff740:   000000001ba3e598 000000001e2d5000
0x000000001ebff750:   000000001b58d508 000000001e2d5000
0x000000001ebff760:   0000000000000001 000000001ba3e598
0x000000001ebff770:   000000001e2d5000 000000001d3d4fc0
0x000000001ebff780:   000000001e2d5000 0000000067b10aed
0x000000001ebff790:   000000001ebffa98 00000007c00069a0
0x000000001ebff7a0:   00000007c007eb10 0000000000000000 

Instructions: (pc=0x0000000067c619a7)
0x0000000067c61987:   48 89 6c 24 30 33 ed 66 90 e8 5b 37 08 00 ff c3
0x0000000067c61997:   48 63 c8 48 8b c6 48 0f af cf 48 ff c7 48 2b c1
0x0000000067c619a7:   89 28 48 63 c3 48 3b 05 dd ac 58 00 7e db 48 8b
0x0000000067c619b7:   6c 24 30 48 8b 5c 24 38 48 8b 74 24 40 48 83 c4 


Register to memory mapping:

RAX=0x000000001ebf96b0 is pointing into the stack for thread: 0x000000001e2d5000
RBX=0x0000000000000007 is an unknown value
RCX=0x0000000000006000 is an unknown value
RDX=0x0000000000000006 is an unknown value
RSP=0x000000001ebff6b0 is pointing into the stack for thread: 0x000000001e2d5000
RBP=0x0000000000000000 is an unknown value
RSI=0x000000001ebff6b0 is pointing into the stack for thread: 0x000000001e2d5000
RDI=0x0000000000000007 is an unknown value
R8 =0x0000000000000006 is an unknown value
R9 =0x000000001e2f13e0 is an unknown value
R10={method} {0x000000001ba3e5a0} 'run' '()V' in 'com/teradata/xcore/net/util/PooledThread'
R11=0x000000001eb0a178 is pointing into the stack for thread: 0x000000001e2d5000
R12=0x000000001e2f13e0 is an unknown value
R13=0x000000001e2d5000 is a thread
R14=0x000000001ebff778 is pointing into the stack for thread: 0x000000001e2d5000
R15={method} {0x000000001ba3e5a0} 'run' '()V' in 'com/teradata/xcore/net/util/PooledThread'


Stack: [0x000000001eb00000,0x000000001ec00000],  sp=0x000000001ebff6b0,  free space=1021k
Native frames: (J=compiled Java code, j=interpreted, Vv=VM code, C=native code)


---------------  P R O C E S S  ---------------

Java Threads: ( => current thread )
=>0x000000001e2d5000 JavaThread "SocketCreator-0" daemon [_thread_in_vm, id=302788, stack(0x000000001eb00000,0x000000001ec00000)]
  0x000000001d3cf800 JavaThread "Service Thread" daemon [_thread_blocked, id=301160, stack(0x000000001de60000,0x000000001df60000)]
  0x000000001d3cc800 JavaThread "C1 CompilerThread2" daemon [_thread_blocked, id=294296, stack(0x000000001dfa0000,0x000000001e0a0000)]
  0x000000001d3cb000 JavaThread "C2 CompilerThread1" daemon [_thread_blocked, id=298168, stack(0x000000001dd20000,0x000000001de20000)]
  0x000000001d370800 JavaThread "C2 CompilerThread0" daemon [_thread_blocked, id=301396, stack(0x000000001db80000,0x000000001dc80000)]
  0x000000001bf5c000 JavaThread "Attach Listener" daemon [_thread_blocked, id=292732, stack(0x000000001d9c0000,0x000000001dac0000)]
  0x000000001bf5a000 JavaThread "Signal Dispatcher" daemon [_thread_blocked, id=300284, stack(0x000000001d8a0000,0x000000001d9a0000)]
  0x000000001bef5800 JavaThread "Finalizer" daemon [_thread_blocked, id=301580, stack(0x000000001d270000,0x000000001d370000)]
  0x000000001bef4800 JavaThread "Reference Handler" daemon [_thread_blocked, id=299248, stack(0x000000001d150000,0x000000001d250000)]
  0x000000000214f800 JavaThread "main" [_thread_blocked, id=301836, stack(0x00000000024a0000,0x00000000025a0000)]

Other Threads:
  0x000000001beef000 VMThread [stack: 0x000000001cfe0000,0x000000001d0e0000] [id=301548]
  0x000000001d3fa000 WatcherThread [stack: 0x000000001e0b0000,0x000000001e1b0000] [id=299600]

VM state:not at safepoint (normal execution)

VM Mutex/Monitor currently owned by a thread: None

Heap:
 PSYoungGen      total 76288K, used 14438K [0x000000076ab00000, 0x0000000770000000, 0x00000007c0000000)
  eden space 65536K, 22% used [0x000000076ab00000,0x000000076b9198f0,0x000000076eb00000)
  from space 10752K, 0% used [0x000000076f580000,0x000000076f580000,0x0000000770000000)
  to   space 10752K, 0% used [0x000000076eb00000,0x000000076eb00000,0x000000076f580000)
 ParOldGen       total 175104K, used 0K [0x00000006c0000000, 0x00000006cab00000, 0x000000076ab00000)
  object space 175104K, 0% used [0x00000006c0000000,0x00000006c0000000,0x00000006cab00000)
 Metaspace       used 4151K, capacity 5516K, committed 5760K, reserved 1056768K
  class space    used 463K, capacity 520K, committed 640K, reserved 1048576K

Card table byte_map: [0x0000000011c30000,0x0000000012440000] byte_map_base: 0x000000000e630000

Marking Bits: (ParMarkBitMap*) 0x0000000068260600
 Begin Bits: [0x0000000012d60000, 0x0000000016d60000)
 End Bits:   [0x0000000016d60000, 0x000000001ad60000)

Polling page: 0x00000000004a0000

CodeCache: size=245760Kb used=1823Kb max_used=1823Kb free=243936Kb
 bounds [0x0000000002870000, 0x0000000002ae0000, 0x0000000011870000]
 total_blobs=546 nmethods=304 adapters=155
 compilation: enabled

Compilation events (10 events):
Event: 9.047 Thread 0x000000001d3cc800  300  s    3       sun.misc.Resource::cachedInputStream (20 bytes)
Event: 9.047 Thread 0x000000001d3cc800 nmethod 300 0x0000000002a35990 code [0x0000000002a35b00, 0x0000000002a35ee8]
Event: 9.047 Thread 0x000000001d3cc800  301       3       java.util.zip.ZipFile$ZipFileInflaterInputStream::fill (80 bytes)
Event: 9.048 Thread 0x000000001d3cc800 nmethod 301 0x0000000002a35f90 code [0x0000000002a36120, 0x0000000002a36528]
Event: 9.048 Thread 0x000000001d3cc800  302       3       java.security.CodeSource::getCertificates (98 bytes)
Event: 9.048 Thread 0x000000001d3cc800 nmethod 302 0x0000000002a36710 code [0x0000000002a36940, 0x0000000002a37538]
Event: 9.049 Thread 0x000000001d3cc800  303       3       java.util.WeakHashMap::put (162 bytes)
Event: 9.050 Thread 0x000000001d3cc800 nmethod 303 0x0000000002a37950 code [0x0000000002a37b80, 0x0000000002a38a38]
Event: 9.050 Thread 0x000000001d3cc800  304       3       java.util.WeakHashMap$Entry::<init> (24 bytes)
Event: 9.050 Thread 0x000000001d3cc800 nmethod 304 0x0000000002a390d0 code [0x0000000002a39240, 0x0000000002a39590]

GC Heap History (0 events):
No events

Deoptimization events (2 events):
Event: 2.043 Thread 0x000000000214f800 Uncommon trap: reason=unstable_if action=reinterpret pc=0x0000000002984fc8 method=java.lang.String.hashCode()I @ 14
Event: 2.103 Thread 0x000000000214f800 Uncommon trap: reason=unstable_if action=reinterpret pc=0x00000000029cc45c method=java.lang.String.startsWith(Ljava/lang/String;I)Z @ 25

Internal exceptions (10 events):
Event: 2.618 Thread 0x000000000214f800 Exception <a 'java/io/FileNotFoundException'> (0x000000076afabd28) thrown at [D:\re\puppet\workspace\8-2-build-windows-amd64-cygwin\jdk8u73\6086\hotspot\src\share\vm\prims\jni.cpp, line 709]
Event: 2.618 Thread 0x000000000214f800 Exception <a 'java/io/FileNotFoundException'> (0x000000076afaca50) thrown at [D:\re\puppet\workspace\8-2-build-windows-amd64-cygwin\jdk8u73\6086\hotspot\src\share\vm\prims\jni.cpp, line 709]
Event: 2.856 Thread 0x000000000214f800 Exception <a 'java/security/PrivilegedActionException'> (0x000000076b13c378) thrown at [D:\re\puppet\workspace\8-2-build-windows-amd64-cygwin\jdk8u73\6086\hotspot\src\share\vm\prims\jvm.cpp, line 1386]
Event: 2.856 Thread 0x000000000214f800 Exception <a 'java/security/PrivilegedActionException'> (0x000000076b13c770) thrown at [D:\re\puppet\workspace\8-2-build-windows-amd64-cygwin\jdk8u73\6086\hotspot\src\share\vm\prims\jvm.cpp, line 1386]
Event: 2.857 Thread 0x000000000214f800 Exception <a 'java/security/PrivilegedActionException'> (0x000000076b13f1f8) thrown at [D:\re\puppet\workspace\8-2-build-windows-amd64-cygwin\jdk8u73\6086\hotspot\src\share\vm\prims\jvm.cpp, line 1386]
Event: 2.857 Thread 0x000000000214f800 Exception <a 'java/security/PrivilegedActionException'> (0x000000076b13f5f0) thrown at [D:\re\puppet\workspace\8-2-build-windows-amd64-cygwin\jdk8u73\6086\hotspot\src\share\vm\prims\jvm.cpp, line 1386]
Event: 3.940 Thread 0x000000000214f800 Exception <a 'java/security/PrivilegedActionException'> (0x000000076b1c8e40) thrown at [D:\re\puppet\workspace\8-2-build-windows-amd64-cygwin\jdk8u73\6086\hotspot\src\share\vm\prims\jvm.cpp, line 1386]
Event: 3.940 Thread 0x000000000214f800 Exception <a 'java/security/PrivilegedActionException'> (0x000000076b1c9238) thrown at [D:\re\puppet\workspace\8-2-build-windows-amd64-cygwin\jdk8u73\6086\hotspot\src\share\vm\prims\jvm.cpp, line 1386]
Event: 3.954 Thread 0x000000000214f800 Exception <a 'java/security/PrivilegedActionException'> (0x000000076b1d7910) thrown at [D:\re\puppet\workspace\8-2-build-windows-amd64-cygwin\jdk8u73\6086\hotspot\src\share\vm\prims\jvm.cpp, line 1386]
Event: 3.954 Thread 0x000000000214f800 Exception <a 'java/security/PrivilegedActionException'> (0x000000076b1d7d08) thrown at [D:\re\puppet\workspace\8-2-build-windows-amd64-cygwin\jdk8u73\6086\hotspot\src\share\vm\prims\jvm.cpp, line 1386]

Events (10 events):
Event: 9.045 loading class com/teradata/xcore/net/util/SocketFactory done
Event: 9.045 loading class com/teradata/xcore/net/util/SocketFactory$1
Event: 9.045 loading class com/teradata/xcore/net/util/SocketFactory$1 done
Event: 9.046 loading class com/teradata/xcore/net/util/ThreadPool
Event: 9.046 loading class com/teradata/xcore/net/util/ThreadPool done
Event: 9.049 loading class com/teradata/xcore/net/util/PooledThread
Event: 9.049 loading class com/teradata/xcore/net/util/PooledThread done
Event: 9.050 loading class java/lang/IllegalThreadStateException
Event: 9.050 loading class java/lang/IllegalThreadStateException done
Event: 9.051 Thread 0x000000001e2d5000 Thread added: 0x000000001e2d5000


Dynamic libraries:
0x000000013f530000 - 0x000000013f567000 	E:\Java\jdk1.8.0_73\bin\java.exe
0x0000000077690000 - 0x000000007783a000 	C:\Windows\SYSTEM32\ntdll.dll
0x0000000077470000 - 0x000000007758f000 	C:\Windows\system32\kernel32.dll
0x000007fefd400000 - 0x000007fefd46a000 	C:\Windows\system32\KERNELBASE.dll
0x000007fefdf10000 - 0x000007fefdfeb000 	C:\Windows\system32\ADVAPI32.dll
0x000007feff680000 - 0x000007feff71f000 	C:\Windows\system32\msvcrt.dll
0x000007fefdb00000 - 0x000007fefdb1f000 	C:\Windows\SYSTEM32\sechost.dll
0x000007feff550000 - 0x000007feff67d000 	C:\Windows\system32\RPCRT4.dll
0x0000000077590000 - 0x000000007768a000 	C:\Windows\system32\USER32.dll
0x000007fefdc30000 - 0x000007fefdc97000 	C:\Windows\system32\GDI32.dll
0x000007feff080000 - 0x000007feff08e000 	C:\Windows\system32\LPK.dll
0x000007feff130000 - 0x000007feff1fa000 	C:\Windows\system32\USP10.dll
0x000007fefbbc0000 - 0x000007fefbdb4000 	C:\Windows\WinSxS\amd64_microsoft.windows.common-controls_6595b64144ccf1df_6.0.7601.18837_none_fa3b1e3d17594757\COMCTL32.dll
0x000007feff200000 - 0x000007feff271000 	C:\Windows\system32\SHLWAPI.dll
0x000007fefd2b0000 - 0x000007fefd307000 	C:\Windows\system32\apphelp.dll
0x000007fef76a0000 - 0x000007fef78a0000 	C:\Windows\AppPatch\AppPatch64\EMET64.dll
0x000007fefed80000 - 0x000007fefedae000 	C:\Windows\system32\IMM32.DLL
0x000007fefdb20000 - 0x000007fefdc29000 	C:\Windows\system32\MSCTF.dll
0x000007fee8530000 - 0x000007fee85d7000 	C:\Program Files\McAfee\Host Intrusion Prevention\HcApi.dll
0x0000000071250000 - 0x000000007125c000 	C:\Program Files\McAfee\Host Intrusion Prevention\HcThe.dll
0x00000000729b0000 - 0x0000000072a82000 	E:\Java\jdk1.8.0_73\jre\bin\msvcr100.dll
0x0000000067a50000 - 0x00000000682e0000 	E:\Java\jdk1.8.0_73\jre\bin\server\jvm.dll
0x000007fef9bf0000 - 0x000007fef9bf9000 	C:\Windows\system32\WSOCK32.dll
0x000007feff930000 - 0x000007feff97d000 	C:\Windows\system32\WS2_32.dll
0x000007fefee30000 - 0x000007fefee38000 	C:\Windows\system32\NSI.dll
0x000007fef8d90000 - 0x000007fef8dcb000 	C:\Windows\system32\WINMM.dll
0x000007fefc480000 - 0x000007fefc48c000 	C:\Windows\system32\VERSION.dll
0x0000000077850000 - 0x0000000077857000 	C:\Windows\system32\PSAPI.DLL
0x0000000072bb0000 - 0x0000000072bbf000 	E:\Java\jdk1.8.0_73\jre\bin\verify.dll
0x0000000072980000 - 0x00000000729a9000 	E:\Java\jdk1.8.0_73\jre\bin\java.dll
0x0000000071280000 - 0x0000000071296000 	E:\Java\jdk1.8.0_73\jre\bin\zip.dll
0x000007fefdff0000 - 0x000007fefed7a000 	C:\Windows\system32\SHELL32.dll
0x000007feff720000 - 0x000007feff923000 	C:\Windows\system32\ole32.dll
0x000007fefd3c0000 - 0x000007fefd3cf000 	C:\Windows\system32\profapi.dll

VM Arguments:
java_command: com.teradata.xcore.net.Poster xserver ../cfg/properties/xserver.xml BCM_MASTER ../bin/ScheduleIn_TrilliumWrapper_KOR.xml
java_class_path (initial): bin;.;../../..\lib\commons-dbcp2-2.1.jar;../../..\lib\commons-pool2-2.3.jar;;../../..\custom\pngrelease3;../../..\custom\pngrelease3\cfg;../../..\custom\pngrelease3\cfg\properties;../../..\lib\override;../../..\lib\bpe-util.jar;../../..\lib\mdm-server.jar;../../..\lib\bpe-tools.jar;../../..\lib\bpe-mcore.jar;../../..\custom\pngrelease3\cfg;../../..\custom\pngrelease3\cfg\properties;../../..\custom\pngrelease3\cfg\xservice\png;../../..\custom\pngrelease3\cfg\xservice\png\mdm_setup;../../..\cfg\properties;../../..\cfg\xservice\toolkit;../../..\cfg\xservice\toolkit\mdm_setup;../../..\cfg;../../..\lib;../../..\lib\bpe-server.jar;../../..\lib\bpe-services.jar;;../../..\lib\xercesImpl.jar;../../..\lib\xml-apis.jar;../../..\lib\serializer.jar;../../..\lib\xalan.jar;../../..\lib\jdom.jar;../../..\lib\commons-codec-1.10.jar;../../..\lib\commons-httpclient-3.1.jar;../../..\lib\not-yet-commons-ssl.jar;../../..\lib\wsdl4j.jar;../../..\lib\xmlsec.jar;../../..\lib\opensaml.jar;../../..\lib\wss4j.jar;../../..\lib\httpclient.jar;../../..\lib\httpcore.jar;../../..\lib\axiom-api.jar;;../../..\lib\mail.jar;../../..\lib\activation.jar;../../..\lib\jdbc2_0-stdext.jar;../../..\lib\terajdbc4.jar;../../..\lib\tdgssconfig.jar;../../..\lib\bpe-util.jar;../../..\lib\bcm_xservice.jar;../../..\lib\jcert.jar;../../..\web\mdmclient\WEB-INF\bcm\cfg\properties;../../..\web\mdmclient\WEB-INF\bcm\cfg;../../..\web\mdmclient\WEB-INF\lib\bpe-x2.jar;../../..\web\mdmclient\WEB-INF\classes;../../..\web\mdmclient\WEB-INF\lib\log4j.jar;;../../..\lib\poi-3.10.1-20140818.jar;../../..\lib\commons-fileupload.jar;../../..\lib\commons-logging.jar;../../..\lib\poi-ooxml-3.10.1-20140818.jar;../../..\lib\poi-ooxml-schemas-3.10.1-20140818.jar;../../..\lib\poi-scratchpad-3.10.1-20140818.jar;../../..\lib\poi-excelant-3.10.1-20140818.jar;../../..\lib\dom4j.jar;../../..\lib\geronimo-stax-api_1.0_spec.jar;../../..\lib\xmlbeans.jar; ;"E:\Java\jdk1.8.0_73"\lib\tools.jar;../../..\lib\jms.jar;../..
Launcher Type: SUN_STANDARD

Environment Variables:
JAVA_HOME="E:\Java\jdk1.8.0_73"
PATH="E:\Java\jdk1.8.0_73"\bin;C:\ProgramData\Oracle\Java\javapath;C:\Program Files (x86)\Teradata\Teradata Performance Monitor Object 15.00\;C:\Program Files\Teradata\client\15.00\Teradata Parallel Transporter\bin64;C:\Program Files\Teradata\client\15.00\Teradata Parallel Transporter\msg64;C:\Program Files (x86)\Teradata\client\15.00\Teradata Parallel Transporter\bin;C:\Program Files (x86)\Teradata\client\15.00\Teradata Parallel Transporter\msg;C:\Program Files\Teradata\Client\15.00\bin;C:\Program Files (x86)\Teradata\Client\15.00\bin;C:\Program Files\Teradata\Client\15.00\ODBC Driver for Teradata nt-x8664\Lib;C:\Program Files (x86)\Teradata\Client\15.00\ODBC Driver for Teradata\Lib;C:\Program Files\Teradata\Client\15.00\bin\;C:\Program Files (x86)\Teradata\Client\15.00\bin\;C:\Program Files (x86)\Teradata\Client\13.10\bin\;C:\Windows\system32;C:\Windows;C:\Windows\system32\wbem;C:\Windows\system32\windowspowershell\v1.0\;D:\SVVSTools;C:\Windows\System32\WindowsPowerShell\v1.0\;C:\Program Files (x86)\Java\jre1.6.0\bin;C:\usr\local\monitor\c\bin;C:\usr\local\monitor\perl\site\bin;C:\usr\local\monitor\perl\bin;C:\Program Files\McAfee\Solidcore\Tools\GatherInfo;C:\Program Files\McAfee\Solidcore\Tools\Scanalyzer;C:\Program Files\McAfee\Solidcore\;C:\Program Files\McAfee\Solidcore\Tools\ScGetCerts;E:\ScheduleIn\Agent\bin;
USERNAME=VA1UCPPWAPTD10$
OS=Windows_NT
PROCESSOR_IDENTIFIER=Intel64 Family 6 Model 63 Stepping 2, GenuineIntel



---------------  S Y S T E M  ---------------

OS: Windows Server 2008 R2 , 64 bit Build 7601 (6.1.7601.23572)

CPU:total 4 (1 cores per cpu, 1 threads per core) family 6 model 63 stepping 2, cmov, cx8, fxsr, mmx, sse, sse2, sse3, ssse3, sse4.1, sse4.2, popcnt, avx, aes, clmul, tsc, tscinvbit

Memory: 4k page, physical 16776696k(8663440k free), swap 20969140k(5004k free)

vm_info: Java HotSpot(TM) 64-Bit Server VM (25.73-b02) for windows-amd64 JRE (1.8.0_73-b02), built on Jan 29 2016 17:38:49 by "java_re" with MS VC++ 10.0 (VS2010)

time: Mon Feb 27 03:48:20 2017
elapsed time: 9 seconds (0d 0h 0m 9s)

