#
# There is insufficient memory for the Java Runtime Environment to continue.
# Native memory allocation (malloc) failed to allocate 32744 bytes for ChunkPool::allocate
# Possible reasons:
#   The system is out of physical RAM or swap space
#   In 32 bit mode, the process size limit was hit
# Possible solutions:
#   Reduce memory load on the system
#   Increase physical memory or swap space
#   Check if swap backing store is full
#   Use 64 bit Java on a 64 bit OS
#   Decrease Java heap size (-Xmx/-Xms)
#   Decrease number of Java threads
#   Decrease Java thread stack sizes (-Xss)
#   Set larger code cache with -XX:ReservedCodeCacheSize=
# This output file may be truncated or incomplete.
#
#  Out of Memory Error (allocation.cpp:273), pid=117368, tid=117680
#
# JRE version: Java(TM) SE Runtime Environment (8.0_73-b02) (build 1.8.0_73-b02)
# Java VM: Java HotSpot(TM) 64-Bit Server VM (25.73-b02 mixed mode windows-amd64 compressed oops)
# Core dump written. Default location: E:\Teradata\MDM\3.05.02\custom\pngrelease3\bin\hs_err_pid117368.mdmp
#

---------------  T H R E A D  ---------------

Current thread (0x000000001d421800):  JavaThread "C2 CompilerThread0" daemon [_thread_in_native, id=117680, stack(0x000000001dde0000,0x000000001dee0000)]

Stack: [0x000000001dde0000,0x000000001dee0000]
[error occurred during error reporting (printing stack bounds), id 0xc0000005]

Native frames: (J=compiled Java code, j=interpreted, Vv=VM code, C=native code)


Current CompileTask:
C2:  49950  361   !   4       java.net.URL::<init> (543 bytes)


---------------  P R O C E S S  ---------------

Java Threads: ( => current thread )
  0x000000001e8ec800 JavaThread "PooledThread-10" daemon [_thread_blocked, id=117268, stack(0x000000001ed50000,0x000000001ee50000)]
  0x000000001d484000 JavaThread "Service Thread" daemon [_thread_blocked, id=117692, stack(0x000000001e1f0000,0x000000001e2f0000)]
  0x000000001d481000 JavaThread "C1 CompilerThread2" daemon [_thread_blocked, id=117688, stack(0x000000001e000000,0x000000001e100000)]
  0x000000001d428800 JavaThread "C2 CompilerThread1" daemon [_thread_blocked, id=117684, stack(0x000000001dc80000,0x000000001dd80000)]
=>0x000000001d421800 JavaThread "C2 CompilerThread0" daemon [_thread_in_native, id=117680, stack(0x000000001dde0000,0x000000001dee0000)]
  0x000000001c2dd000 JavaThread "Attach Listener" daemon [_thread_blocked, id=117676, stack(0x000000001db00000,0x000000001dc00000)]
  0x000000001c2dc000 JavaThread "Signal Dispatcher" daemon [_thread_blocked, id=117672, stack(0x000000001d900000,0x000000001da00000)]
  0x000000001c27b000 JavaThread "Finalizer" daemon [_thread_blocked, id=117640, stack(0x000000001d320000,0x000000001d420000)]
  0x000000001c274000 JavaThread "Reference Handler" daemon [_thread_blocked, id=117636, stack(0x0000000002470000,0x0000000002570000)]
  0x00000000022ef800 JavaThread "main" [_thread_blocked, id=117444, stack(0x0000000002570000,0x0000000002670000)]

Other Threads:
  0x000000001c26e800 VMThread [stack: 0x000000001d150000,0x000000001d250000] [id=117632]
  0x000000001d4af000 WatcherThread [stack: 0x000000001e370000,0x000000001e470000] [id=117704]

VM state:not at safepoint (normal execution)

VM Mutex/Monitor currently owned by a thread: None

Heap:
 PSYoungGen      total 76288K, used 18370K [0x000000076ab00000, 0x0000000770000000, 0x00000007c0000000)
  eden space 65536K, 28% used [0x000000076ab00000,0x000000076bcf0ba0,0x000000076eb00000)
  from space 10752K, 0% used [0x000000076f580000,0x000000076f580000,0x0000000770000000)
  to   space 10752K, 0% used [0x000000076eb00000,0x000000076eb00000,0x000000076f580000)
 ParOldGen       total 175104K, used 0K [0x00000006c0000000, 0x00000006cab00000, 0x000000076ab00000)
  object space 175104K, 0% used [0x00000006c0000000,0x00000006c0000000,0x00000006cab00000)
 Metaspace       used 5456K, capacity 5844K, committed 6144K, reserved 1056768K
  class space    used 604K, capacity 656K, committed 768K, reserved 1048576K

Card table byte_map: [0x0000000011d00000,0x0000000012510000] byte_map_base: 0x000000000e700000

Marking Bits: (ParMarkBitMap*) 0x0000000069d60600
 Begin Bits: [0x00000000130e0000, 0x00000000170e0000)
 End Bits:   [0x00000000170e0000, 0x000000001b0e0000)

Polling page: 0x0000000000390000

CodeCache: size=245760Kb used=2044Kb max_used=2044Kb free=243715Kb
 bounds [0x0000000002940000, 0x0000000002bb0000, 0x0000000011940000]
 total_blobs=644 nmethods=363 adapters=194
 compilation: enabled

Compilation events (10 events):
Event: 2.298 Thread 0x000000001d481000 nmethod 359 0x0000000002b3e990 code [0x0000000002b3eae0, 0x0000000002b3ec50]
Event: 2.298 Thread 0x000000001d481000  356       3       java.io.DataInputStream::readInt (72 bytes)
Event: 2.298 Thread 0x000000001d481000 nmethod 356 0x0000000002b3e010 code [0x0000000002b3e1c0, 0x0000000002b3e768]
Event: 2.298 Thread 0x000000001d481000  357       3       java.util.StringTokenizer::nextToken (92 bytes)
Event: 2.298 Thread 0x000000001d481000 nmethod 357 0x0000000002b3d890 code [0x0000000002b3da40, 0x0000000002b3de78]
Event: 2.298 Thread 0x000000001d481000  358       1       java.lang.Class::getClassLoader0 (5 bytes)
Event: 2.298 Thread 0x000000001d481000 nmethod 358 0x0000000002b3d5d0 code [0x0000000002b3d720, 0x0000000002b3d830]
Event: 2.300 Thread 0x000000001d481000  360       1       java.util.HashMap::afterNodeInsertion (1 bytes)
Event: 2.300 Thread 0x000000001d481000 nmethod 360 0x0000000002b3d0d0 code [0x0000000002b3d220, 0x0000000002b3d330]
Event: 42.222 Thread 0x000000001d421800  361   !   4       java.net.URL::<init> (543 bytes)

GC Heap History (0 events):
No events

Deoptimization events (3 events):
Event: 1.004 Thread 0x00000000022ef800 Uncommon trap: reason=unstable_if action=reinterpret pc=0x0000000002a54fc8 method=java.lang.String.hashCode()I @ 14
Event: 1.054 Thread 0x00000000022ef800 Uncommon trap: reason=unstable_if action=reinterpret pc=0x0000000002a8ab1c method=java.lang.String.startsWith(Ljava/lang/String;I)Z @ 25
Event: 2.177 Thread 0x00000000022ef800 Uncommon trap: reason=unstable_if action=reinterpret pc=0x0000000002a84ef4 method=java.lang.String.indexOf([CII[CIII)I @ 134

Internal exceptions (10 events):
Event: 1.451 Thread 0x00000000022ef800 Exception <a 'java/io/FileNotFoundException'> (0x000000076afabd28) thrown at [D:\re\puppet\workspace\8-2-build-windows-amd64-cygwin\jdk8u73\6086\hotspot\src\share\vm\prims\jni.cpp, line 709]
Event: 1.451 Thread 0x00000000022ef800 Exception <a 'java/io/FileNotFoundException'> (0x000000076afaca50) thrown at [D:\re\puppet\workspace\8-2-build-windows-amd64-cygwin\jdk8u73\6086\hotspot\src\share\vm\prims\jni.cpp, line 709]
Event: 1.598 Thread 0x00000000022ef800 Exception <a 'java/security/PrivilegedActionException'> (0x000000076b13c558) thrown at [D:\re\puppet\workspace\8-2-build-windows-amd64-cygwin\jdk8u73\6086\hotspot\src\share\vm\prims\jvm.cpp, line 1386]
Event: 1.598 Thread 0x00000000022ef800 Exception <a 'java/security/PrivilegedActionException'> (0x000000076b13c950) thrown at [D:\re\puppet\workspace\8-2-build-windows-amd64-cygwin\jdk8u73\6086\hotspot\src\share\vm\prims\jvm.cpp, line 1386]
Event: 1.598 Thread 0x00000000022ef800 Exception <a 'java/security/PrivilegedActionException'> (0x000000076b13f3d8) thrown at [D:\re\puppet\workspace\8-2-build-windows-amd64-cygwin\jdk8u73\6086\hotspot\src\share\vm\prims\jvm.cpp, line 1386]
Event: 1.598 Thread 0x00000000022ef800 Exception <a 'java/security/PrivilegedActionException'> (0x000000076b13f7d0) thrown at [D:\re\puppet\workspace\8-2-build-windows-amd64-cygwin\jdk8u73\6086\hotspot\src\share\vm\prims\jvm.cpp, line 1386]
Event: 1.840 Thread 0x00000000022ef800 Exception <a 'java/security/PrivilegedActionException'> (0x000000076b1c8b68) thrown at [D:\re\puppet\workspace\8-2-build-windows-amd64-cygwin\jdk8u73\6086\hotspot\src\share\vm\prims\jvm.cpp, line 1386]
Event: 1.840 Thread 0x00000000022ef800 Exception <a 'java/security/PrivilegedActionException'> (0x000000076b1c8f60) thrown at [D:\re\puppet\workspace\8-2-build-windows-amd64-cygwin\jdk8u73\6086\hotspot\src\share\vm\prims\jvm.cpp, line 1386]
Event: 1.853 Thread 0x00000000022ef800 Exception <a 'java/security/PrivilegedActionException'> (0x000000076b1d7638) thrown at [D:\re\puppet\workspace\8-2-build-windows-amd64-cygwin\jdk8u73\6086\hotspot\src\share\vm\prims\jvm.cpp, line 1386]
Event: 1.853 Thread 0x00000000022ef800 Exception <a 'java/security/PrivilegedActionException'> (0x000000076b1d7a30) thrown at [D:\re\puppet\workspace\8-2-build-windows-amd64-cygwin\jdk8u73\6086\hotspot\src\share\vm\prims\jvm.cpp, line 1386]

Events (10 events):
Event: 2.297 loading class java/util/Locale$Category
Event: 2.298 loading class java/util/Locale$Category done
Event: 2.298 loading class java/util/Locale$1
Event: 2.299 loading class java/util/Locale$1 done
Event: 2.299 loading class com/teradata/xcore/net/util/StringMap$NullEntry
Event: 2.299 loading class com/teradata/xcore/net/util/StringMap$NullEntry done
Event: 5.075 Executing VM operation: EnableBiasedLocking
Event: 5.075 Executing VM operation: EnableBiasedLocking done
Event: 42.221 loading class com/teradata/xcore/net/util/HttpFields$Field
Event: 42.221 loading class com/teradata/xcore/net/util/HttpFields$Field done


Dynamic libraries:
0x000000013f3d0000 - 0x000000013f407000 	E:\Java\jdk1.8.0_73\bin\java.exe
0x0000000077690000 - 0x000000007783a000 	C:\Windows\SYSTEM32\ntdll.dll
0x0000000077470000 - 0x000000007758f000 	C:\Windows\system32\kernel32.dll
0x000007fefd400000 - 0x000007fefd46a000 	C:\Windows\system32\KERNELBASE.dll
0x000007fefdf10000 - 0x000007fefdfeb000 	C:\Windows\system32\ADVAPI32.dll
0x000007feff680000 - 0x000007feff71f000 	C:\Windows\system32\msvcrt.dll
0x000007fefdb00000 - 0x000007fefdb1f000 	C:\Windows\SYSTEM32\sechost.dll
0x000007feff550000 - 0x000007feff67d000 	C:\Windows\system32\RPCRT4.dll
0x0000000077590000 - 0x000000007768a000 	C:\Windows\system32\USER32.dll
0x000007fefdc30000 - 0x000007fefdc97000 	C:\Windows\system32\GDI32.dll
0x000007feff080000 - 0x000007feff08e000 	C:\Windows\system32\LPK.dll
0x000007feff130000 - 0x000007feff1fa000 	C:\Windows\system32\USP10.dll
0x000007fefbbc0000 - 0x000007fefbdb4000 	C:\Windows\WinSxS\amd64_microsoft.windows.common-controls_6595b64144ccf1df_6.0.7601.18837_none_fa3b1e3d17594757\COMCTL32.dll
0x000007feff200000 - 0x000007feff271000 	C:\Windows\system32\SHLWAPI.dll
0x000007fefd2b0000 - 0x000007fefd307000 	C:\Windows\system32\apphelp.dll
0x000007fef76a0000 - 0x000007fef78a0000 	C:\Windows\AppPatch\AppPatch64\EMET64.dll
0x000007fefed80000 - 0x000007fefedae000 	C:\Windows\system32\IMM32.DLL
0x000007fefdb20000 - 0x000007fefdc29000 	C:\Windows\system32\MSCTF.dll
0x000007fef7310000 - 0x000007fef73b7000 	C:\Program Files\McAfee\Host Intrusion Prevention\HcApi.dll
0x00000000708e0000 - 0x00000000708ec000 	C:\Program Files\McAfee\Host Intrusion Prevention\HcThe.dll
0x000000006d4f0000 - 0x000000006d5c2000 	E:\Java\jdk1.8.0_73\jre\bin\msvcr100.dll
0x0000000069550000 - 0x0000000069de0000 	E:\Java\jdk1.8.0_73\jre\bin\server\jvm.dll
0x000007fef9bf0000 - 0x000007fef9bf9000 	C:\Windows\system32\WSOCK32.dll
0x000007feff930000 - 0x000007feff97d000 	C:\Windows\system32\WS2_32.dll
0x000007fefee30000 - 0x000007fefee38000 	C:\Windows\system32\NSI.dll
0x000007fef8d90000 - 0x000007fef8dcb000 	C:\Windows\system32\WINMM.dll
0x000007fefc480000 - 0x000007fefc48c000 	C:\Windows\system32\VERSION.dll
0x0000000077850000 - 0x0000000077857000 	C:\Windows\system32\PSAPI.DLL
0x000000006d4e0000 - 0x000000006d4ef000 	E:\Java\jdk1.8.0_73\jre\bin\verify.dll
0x000000006d4b0000 - 0x000000006d4d9000 	E:\Java\jdk1.8.0_73\jre\bin\java.dll
0x000000006d490000 - 0x000000006d4a6000 	E:\Java\jdk1.8.0_73\jre\bin\zip.dll
0x000007fefdff0000 - 0x000007fefed7a000 	C:\Windows\system32\SHELL32.dll
0x000007feff720000 - 0x000007feff923000 	C:\Windows\system32\ole32.dll
0x000007fefd3c0000 - 0x000007fefd3cf000 	C:\Windows\system32\profapi.dll
0x000000006d470000 - 0x000000006d48a000 	E:\Java\jdk1.8.0_73\jre\bin\net.dll
0x000007fefcb00000 - 0x000007fefcb55000 	C:\Windows\system32\mswsock.dll
0x000007fefcc40000 - 0x000007fefcc47000 	C:\Windows\System32\wship6.dll
0x000007fefc550000 - 0x000007fefc557000 	C:\Windows\System32\wshtcpip.dll
0x000007fefc990000 - 0x000007fefc9eb000 	C:\Windows\system32\DNSAPI.dll
0x000007fefab60000 - 0x000007fefab87000 	C:\Windows\system32\IPHLPAPI.DLL
0x000007fefab50000 - 0x000007fefab5b000 	C:\Windows\system32\WINNSI.DLL
0x000007fefa460000 - 0x000007fefa468000 	C:\Windows\system32\rasadhlp.dll
0x000007fefa580000 - 0x000007fefa5d3000 	C:\Windows\System32\fwpuclnt.dll
0x000007fefba90000 - 0x000007fefbbb5000 	C:\Windows\system32\DBGHELP.DLL

VM Arguments:
java_command: com.teradata.xcore.net.Poster xserver ../cfg/properties/xserver.xml BCM_MASTER ../bin/ScheduleIn_TrilliumWrapper_FRA.xml
java_class_path (initial): bin;.;../../..\lib\commons-dbcp2-2.1.jar;../../..\lib\commons-pool2-2.3.jar;;../../..\custom\pngrelease3;../../..\custom\pngrelease3\cfg;../../..\custom\pngrelease3\cfg\properties;../../..\lib\override;../../..\lib\bpe-util.jar;../../..\lib\mdm-server.jar;../../..\lib\bpe-tools.jar;../../..\lib\bpe-mcore.jar;../../..\custom\pngrelease3\cfg;../../..\custom\pngrelease3\cfg\properties;../../..\custom\pngrelease3\cfg\xservice\png;../../..\custom\pngrelease3\cfg\xservice\png\mdm_setup;../../..\cfg\properties;../../..\cfg\xservice\toolkit;../../..\cfg\xservice\toolkit\mdm_setup;../../..\cfg;../../..\lib;../../..\lib\bpe-server.jar;../../..\lib\bpe-services.jar;;../../..\lib\xercesImpl.jar;../../..\lib\xml-apis.jar;../../..\lib\serializer.jar;../../..\lib\xalan.jar;../../..\lib\jdom.jar;../../..\lib\commons-codec-1.10.jar;../../..\lib\commons-httpclient-3.1.jar;../../..\lib\not-yet-commons-ssl.jar;../../..\lib\wsdl4j.jar;../../..\lib\xmlsec.jar;../../..\lib\opensaml.jar;../../..\lib\wss4j.jar;../../..\lib\httpclient.jar;../../..\lib\httpcore.jar;../../..\lib\axiom-api.jar;;../../..\lib\mail.jar;../../..\lib\activation.jar;../../..\lib\jdbc2_0-stdext.jar;../../..\lib\terajdbc4.jar;../../..\lib\tdgssconfig.jar;../../..\lib\bpe-util.jar;../../..\lib\bcm_xservice.jar;../../..\lib\jcert.jar;../../..\web\mdmclient\WEB-INF\bcm\cfg\properties;../../..\web\mdmclient\WEB-INF\bcm\cfg;../../..\web\mdmclient\WEB-INF\lib\bpe-x2.jar;../../..\web\mdmclient\WEB-INF\classes;../../..\web\mdmclient\WEB-INF\lib\log4j.jar;;../../..\lib\poi-3.10.1-20140818.jar;../../..\lib\commons-fileupload.jar;../../..\lib\commons-logging.jar;../../..\lib\poi-ooxml-3.10.1-20140818.jar;../../..\lib\poi-ooxml-schemas-3.10.1-20140818.jar;../../..\lib\poi-scratchpad-3.10.1-20140818.jar;../../..\lib\poi-excelant-3.10.1-20140818.jar;../../..\lib\dom4j.jar;../../..\lib\geronimo-stax-api_1.0_spec.jar;../../..\lib\xmlbeans.jar; ;"E:\Java\jdk1.8.0_73"\lib\tools.jar;../../..\lib\jms.jar;../..
Launcher Type: SUN_STANDARD

Environment Variables:
JAVA_HOME="E:\Java\jdk1.8.0_73"
PATH="E:\Java\jdk1.8.0_73"\bin;C:\ProgramData\Oracle\Java\javapath;C:\Program Files (x86)\Teradata\Teradata Performance Monitor Object 15.00\;C:\Program Files\Teradata\client\15.00\Teradata Parallel Transporter\bin64;C:\Program Files\Teradata\client\15.00\Teradata Parallel Transporter\msg64;C:\Program Files (x86)\Teradata\client\15.00\Teradata Parallel Transporter\bin;C:\Program Files (x86)\Teradata\client\15.00\Teradata Parallel Transporter\msg;C:\Program Files\Teradata\Client\15.00\bin;C:\Program Files (x86)\Teradata\Client\15.00\bin;C:\Program Files\Teradata\Client\15.00\ODBC Driver for Teradata nt-x8664\Lib;C:\Program Files (x86)\Teradata\Client\15.00\ODBC Driver for Teradata\Lib;C:\Program Files\Teradata\Client\15.00\bin\;C:\Program Files (x86)\Teradata\Client\15.00\bin\;C:\Program Files (x86)\Teradata\Client\13.10\bin\;C:\Windows\system32;C:\Windows;C:\Windows\system32\wbem;C:\Windows\system32\windowspowershell\v1.0\;D:\SVVSTools;C:\Windows\System32\WindowsPowerShell\v1.0\;C:\Program Files (x86)\Java\jre1.6.0\bin;C:\usr\local\monitor\c\bin;C:\usr\local\monitor\perl\site\bin;C:\usr\local\monitor\perl\bin;C:\Program Files\McAfee\Solidcore\Tools\GatherInfo;C:\Program Files\McAfee\Solidcore\Tools\Scanalyzer;C:\Program Files\McAfee\Solidcore\;C:\Program Files\McAfee\Solidcore\Tools\ScGetCerts;E:\ScheduleIn\Agent\bin;
USERNAME=VA1UCPPWAPTD10$
OS=Windows_NT
PROCESSOR_IDENTIFIER=Intel64 Family 6 Model 63 Stepping 2, GenuineIntel



---------------  S Y S T E M  ---------------

OS: Windows Server 2008 R2 , 64 bit Build 7601 (6.1.7601.23572)

CPU:total 4 (1 cores per cpu, 1 threads per core) family 6 model 63 stepping 2, cmov, cx8, fxsr, mmx, sse, sse2, sse3, ssse3, sse4.1, sse4.2, popcnt, avx, aes, clmul, tsc, tscinvbit

Memory: 4k page, physical 16776696k(6784048k free), swap 20969140k(462936k free)

vm_info: Java HotSpot(TM) 64-Bit Server VM (25.73-b02) for windows-amd64 JRE (1.8.0_73-b02), built on Jan 29 2016 17:38:49 by "java_re" with MS VC++ 10.0 (VS2010)

time: Sun Feb 12 04:13:56 2017
elapsed time: 49 seconds (0d 0h 0m 49s)

