#
# There is insufficient memory for the Java Runtime Environment to continue.
# Native memory allocation (malloc) failed to allocate 43472 bytes for Chunk::new
# Possible reasons:
#   The system is out of physical RAM or swap space
#   In 32 bit mode, the process size limit was hit
# Possible solutions:
#   Reduce memory load on the system
#   Increase physical memory or swap space
#   Check if swap backing store is full
#   Use 64 bit Java on a 64 bit OS
#   Decrease Java heap size (-Xmx/-Xms)
#   Decrease number of Java threads
#   Decrease Java thread stack sizes (-Xss)
#   Set larger code cache with -XX:ReservedCodeCacheSize=
# This output file may be truncated or incomplete.
#
#  Out of Memory Error (allocation.cpp:390), pid=160536, tid=159656
#
# JRE version: Java(TM) SE Runtime Environment (8.0_73-b02) (build 1.8.0_73-b02)
# Java VM: Java HotSpot(TM) 64-Bit Server VM (25.73-b02 mixed mode windows-amd64 compressed oops)
# Core dump written. Default location: E:\Teradata\MDM\3.05.02\custom\pngrelease3\bin\hs_err_pid160536.mdmp
#

---------------  T H R E A D  ---------------

Current thread (0x000000001bffe000):  JavaThread "C2 CompilerThread0" daemon [_thread_in_native, id=159656, stack(0x000000001db50000,0x000000001dc50000)]

Stack: [0x000000001db50000,0x000000001dc50000]
[error occurred during error reporting (printing stack bounds), id 0xc0000005]

Native frames: (J=compiled Java code, j=interpreted, Vv=VM code, C=native code)


Current CompileTask:
C2:  17792  217       4       java.lang.String::indexOf (166 bytes)


---------------  P R O C E S S  ---------------

Java Threads: ( => current thread )
  0x000000001e564000 JavaThread "PooledThread-10" daemon [_thread_blocked, id=161052, stack(0x000000001eb80000,0x000000001ec80000)]
  0x000000001d407000 JavaThread "Service Thread" daemon [_thread_blocked, id=159928, stack(0x000000001de60000,0x000000001df60000)]
  0x000000001d404000 JavaThread "C1 CompilerThread2" daemon [_thread_blocked, id=159188, stack(0x000000001df80000,0x000000001e080000)]
  0x000000001d401000 JavaThread "C2 CompilerThread1" daemon [_thread_in_native, id=159364, stack(0x000000001dd30000,0x000000001de30000)]
=>0x000000001bffe000 JavaThread "C2 CompilerThread0" daemon [_thread_in_native, id=159656, stack(0x000000001db50000,0x000000001dc50000)]
  0x000000001bffb800 JavaThread "Attach Listener" daemon [_thread_blocked, id=158472, stack(0x000000001da20000,0x000000001db20000)]
  0x000000001bffa000 JavaThread "Signal Dispatcher" daemon [_thread_blocked, id=159528, stack(0x000000001d870000,0x000000001d970000)]
  0x000000001bf96800 JavaThread "Finalizer" daemon [_thread_blocked, id=158700, stack(0x000000001d110000,0x000000001d210000)]
  0x000000001bf94800 JavaThread "Reference Handler" daemon [_thread_blocked, id=157592, stack(0x000000001d300000,0x000000001d400000)]
  0x00000000020cb800 JavaThread "main" [_thread_blocked, id=160560, stack(0x0000000002530000,0x0000000002630000)]

Other Threads:
  0x000000001bf8f000 VMThread [stack: 0x000000001d010000,0x000000001d110000] [id=158904]
  0x000000001d4b1000 WatcherThread [stack: 0x000000001e260000,0x000000001e360000] [id=159880]

VM state:not at safepoint (normal execution)

VM Mutex/Monitor currently owned by a thread: None

Heap:
 PSYoungGen      total 76288K, used 17059K [0x000000076ab00000, 0x0000000770000000, 0x00000007c0000000)
  eden space 65536K, 26% used [0x000000076ab00000,0x000000076bba8ec0,0x000000076eb00000)
  from space 10752K, 0% used [0x000000076f580000,0x000000076f580000,0x0000000770000000)
  to   space 10752K, 0% used [0x000000076eb00000,0x000000076eb00000,0x000000076f580000)
 ParOldGen       total 175104K, used 0K [0x00000006c0000000, 0x00000006cab00000, 0x000000076ab00000)
  object space 175104K, 0% used [0x00000006c0000000,0x00000006c0000000,0x00000006cab00000)
 Metaspace       used 5437K, capacity 5780K, committed 6144K, reserved 1056768K
  class space    used 606K, capacity 656K, committed 768K, reserved 1048576K

Card table byte_map: [0x0000000011cc0000,0x00000000124d0000] byte_map_base: 0x000000000e6c0000

Marking Bits: (ParMarkBitMap*) 0x0000000069d60600
 Begin Bits: [0x0000000012e00000, 0x0000000016e00000)
 End Bits:   [0x0000000016e00000, 0x000000001ae00000)

Polling page: 0x0000000000190000

CodeCache: size=245760Kb used=1904Kb max_used=1904Kb free=243855Kb
 bounds [0x0000000002900000, 0x0000000002b70000, 0x0000000011900000]
 total_blobs=613 nmethods=332 adapters=194
 compilation: enabled

Compilation events (10 events):
Event: 6.249 Thread 0x000000001d404000  212       3       java.util.WeakHashMap::maskNull (12 bytes)
Event: 6.249 Thread 0x000000001d404000 nmethod 212 0x0000000002a96b90 code [0x0000000002a96ce0, 0x0000000002a96e70]
Event: 6.249 Thread 0x000000001d404000  213       3       java.util.WeakHashMap::hash (28 bytes)
Event: 6.249 Thread 0x000000001d404000 nmethod 213 0x0000000002a98b90 code [0x0000000002a98d00, 0x0000000002a98f48]
Event: 6.249 Thread 0x000000001d404000  214       3       java.util.WeakHashMap::getTable (9 bytes)
Event: 6.249 Thread 0x000000001d404000 nmethod 214 0x0000000002a987d0 code [0x0000000002a98940, 0x0000000002a98ae8]
Event: 6.249 Thread 0x000000001d404000  215   !   3       java.util.WeakHashMap::expungeStaleEntries (139 bytes)
Event: 6.250 Thread 0x000000001d404000 nmethod 215 0x0000000002a9b950 code [0x0000000002a9bb20, 0x0000000002a9c648]
Event: 6.250 Thread 0x000000001d404000  216       3       java.util.WeakHashMap::indexFor (6 bytes)
Event: 6.250 Thread 0x000000001d404000 nmethod 216 0x0000000002a9b650 code [0x0000000002a9b7a0, 0x0000000002a9b8d0]

GC Heap History (0 events):
No events

Deoptimization events (3 events):
Event: 2.092 Thread 0x00000000020cb800 Uncommon trap: reason=unstable_if action=reinterpret pc=0x0000000002a180c8 method=java.lang.String.hashCode()I @ 14
Event: 2.239 Thread 0x00000000020cb800 Uncommon trap: reason=unstable_if action=reinterpret pc=0x0000000002a59f1c method=java.lang.String.startsWith(Ljava/lang/String;I)Z @ 25
Event: 3.830 Thread 0x00000000020cb800 Uncommon trap: reason=unstable_if action=reinterpret pc=0x0000000002a37134 method=java.lang.String.indexOf([CII[CIII)I @ 123

Internal exceptions (10 events):
Event: 1.979 Thread 0x00000000020cb800 Exception <a 'java/security/PrivilegedActionException'> (0x000000076abaa998) thrown at [D:\re\puppet\workspace\8-2-build-windows-amd64-cygwin\jdk8u73\6086\hotspot\src\share\vm\prims\jvm.cpp, line 1386]
Event: 2.230 Thread 0x00000000020cb800 Exception <a 'java/lang/UnsatisfiedLinkError'> (0x000000076af50500) thrown at [D:\re\puppet\workspace\8-2-build-windows-amd64-cygwin\jdk8u73\6086\hotspot\src\share\vm\oops\instanceKlass.cpp, line 948]
Event: 3.844 Thread 0x00000000020cb800 Exception <a 'java/security/PrivilegedActionException'> (0x000000076b13ca10) thrown at [D:\re\puppet\workspace\8-2-build-windows-amd64-cygwin\jdk8u73\6086\hotspot\src\share\vm\prims\jvm.cpp, line 1386]
Event: 3.844 Thread 0x00000000020cb800 Exception <a 'java/security/PrivilegedActionException'> (0x000000076b13ce08) thrown at [D:\re\puppet\workspace\8-2-build-windows-amd64-cygwin\jdk8u73\6086\hotspot\src\share\vm\prims\jvm.cpp, line 1386]
Event: 3.845 Thread 0x00000000020cb800 Exception <a 'java/security/PrivilegedActionException'> (0x000000076b13f890) thrown at [D:\re\puppet\workspace\8-2-build-windows-amd64-cygwin\jdk8u73\6086\hotspot\src\share\vm\prims\jvm.cpp, line 1386]
Event: 3.845 Thread 0x00000000020cb800 Exception <a 'java/security/PrivilegedActionException'> (0x000000076b13fc88) thrown at [D:\re\puppet\workspace\8-2-build-windows-amd64-cygwin\jdk8u73\6086\hotspot\src\share\vm\prims\jvm.cpp, line 1386]
Event: 4.267 Thread 0x00000000020cb800 Exception <a 'java/security/PrivilegedActionException'> (0x000000076b1c8a50) thrown at [D:\re\puppet\workspace\8-2-build-windows-amd64-cygwin\jdk8u73\6086\hotspot\src\share\vm\prims\jvm.cpp, line 1386]
Event: 4.267 Thread 0x00000000020cb800 Exception <a 'java/security/PrivilegedActionException'> (0x000000076b1c8e48) thrown at [D:\re\puppet\workspace\8-2-build-windows-amd64-cygwin\jdk8u73\6086\hotspot\src\share\vm\prims\jvm.cpp, line 1386]
Event: 4.769 Thread 0x00000000020cb800 Exception <a 'java/security/PrivilegedActionException'> (0x000000076b1d7520) thrown at [D:\re\puppet\workspace\8-2-build-windows-amd64-cygwin\jdk8u73\6086\hotspot\src\share\vm\prims\jvm.cpp, line 1386]
Event: 4.769 Thread 0x00000000020cb800 Exception <a 'java/security/PrivilegedActionException'> (0x000000076b1d7918) thrown at [D:\re\puppet\workspace\8-2-build-windows-amd64-cygwin\jdk8u73\6086\hotspot\src\share\vm\prims\jvm.cpp, line 1386]

Events (10 events):
Event: 6.185 loading class org/apache/xerces/xni/parser/XMLDocumentScanner
Event: 6.185 loading class org/apache/xerces/xni/parser/XMLDocumentScanner done
Event: 6.211 Executing VM operation: EnableBiasedLocking
Event: 6.211 Executing VM operation: EnableBiasedLocking done
Event: 6.223 loading class org/apache/xerces/xni/parser/XMLDocumentSource
Event: 6.223 loading class org/apache/xerces/xni/parser/XMLDocumentSource done
Event: 6.244 loading class org/apache/xerces/impl/dtd/XMLDTDValidatorFilter
Event: 6.244 loading class org/apache/xerces/impl/dtd/XMLDTDValidatorFilter done
Event: 6.244 Thread 0x00000000020cb800 DEOPT PACKING pc=0x0000000002a775b6 sp=0x000000000262b0f0
Event: 6.244 Thread 0x00000000020cb800 DEOPT UNPACKING pc=0x000000000294787f sp=0x000000000262adc8 mode 0


Dynamic libraries:
0x000000013f3d0000 - 0x000000013f407000 	E:\Java\jdk1.8.0_73\bin\java.exe
0x0000000077690000 - 0x000000007783a000 	C:\Windows\SYSTEM32\ntdll.dll
0x0000000077470000 - 0x000000007758f000 	C:\Windows\system32\kernel32.dll
0x000007fefd400000 - 0x000007fefd46a000 	C:\Windows\system32\KERNELBASE.dll
0x000007fefdf10000 - 0x000007fefdfeb000 	C:\Windows\system32\ADVAPI32.dll
0x000007feff680000 - 0x000007feff71f000 	C:\Windows\system32\msvcrt.dll
0x000007fefdb00000 - 0x000007fefdb1f000 	C:\Windows\SYSTEM32\sechost.dll
0x000007feff550000 - 0x000007feff67d000 	C:\Windows\system32\RPCRT4.dll
0x0000000077590000 - 0x000000007768a000 	C:\Windows\system32\USER32.dll
0x000007fefdc30000 - 0x000007fefdc97000 	C:\Windows\system32\GDI32.dll
0x000007feff080000 - 0x000007feff08e000 	C:\Windows\system32\LPK.dll
0x000007feff130000 - 0x000007feff1fa000 	C:\Windows\system32\USP10.dll
0x000007fefbbc0000 - 0x000007fefbdb4000 	C:\Windows\WinSxS\amd64_microsoft.windows.common-controls_6595b64144ccf1df_6.0.7601.18837_none_fa3b1e3d17594757\COMCTL32.dll
0x000007feff200000 - 0x000007feff271000 	C:\Windows\system32\SHLWAPI.dll
0x000007fefd2b0000 - 0x000007fefd307000 	C:\Windows\system32\apphelp.dll
0x000007fef76a0000 - 0x000007fef78a0000 	C:\Windows\AppPatch\AppPatch64\EMET64.dll
0x000007fefed80000 - 0x000007fefedae000 	C:\Windows\system32\IMM32.DLL
0x000007fefdb20000 - 0x000007fefdc29000 	C:\Windows\system32\MSCTF.dll
0x000007fee8530000 - 0x000007fee85d7000 	C:\Program Files\McAfee\Host Intrusion Prevention\HcApi.dll
0x0000000071250000 - 0x000000007125c000 	C:\Program Files\McAfee\Host Intrusion Prevention\HcThe.dll
0x000000006d4f0000 - 0x000000006d5c2000 	E:\Java\jdk1.8.0_73\jre\bin\msvcr100.dll
0x0000000069550000 - 0x0000000069de0000 	E:\Java\jdk1.8.0_73\jre\bin\server\jvm.dll
0x000007fef9bf0000 - 0x000007fef9bf9000 	C:\Windows\system32\WSOCK32.dll
0x000007feff930000 - 0x000007feff97d000 	C:\Windows\system32\WS2_32.dll
0x000007fefee30000 - 0x000007fefee38000 	C:\Windows\system32\NSI.dll
0x000007fef8d90000 - 0x000007fef8dcb000 	C:\Windows\system32\WINMM.dll
0x000007fefc480000 - 0x000007fefc48c000 	C:\Windows\system32\VERSION.dll
0x0000000077850000 - 0x0000000077857000 	C:\Windows\system32\PSAPI.DLL
0x000000006d4e0000 - 0x000000006d4ef000 	E:\Java\jdk1.8.0_73\jre\bin\verify.dll
0x000000006d4b0000 - 0x000000006d4d9000 	E:\Java\jdk1.8.0_73\jre\bin\java.dll
0x000000006d490000 - 0x000000006d4a6000 	E:\Java\jdk1.8.0_73\jre\bin\zip.dll
0x000007fefdff0000 - 0x000007fefed7a000 	C:\Windows\system32\SHELL32.dll
0x000007feff720000 - 0x000007feff923000 	C:\Windows\system32\ole32.dll
0x000007fefd3c0000 - 0x000007fefd3cf000 	C:\Windows\system32\profapi.dll
0x000007fefba90000 - 0x000007fefbbb5000 	C:\Windows\system32\DBGHELP.DLL
0x000000006d470000 - 0x000000006d48a000 	E:\Java\jdk1.8.0_73\jre\bin\net.dll
0x000007fefcb00000 - 0x000007fefcb55000 	C:\Windows\system32\mswsock.dll
0x000007fefcc40000 - 0x000007fefcc47000 	C:\Windows\System32\wship6.dll
0x000007fefc990000 - 0x000007fefc9eb000 	C:\Windows\system32\DNSAPI.dll
0x000007fefab60000 - 0x000007fefab87000 	C:\Windows\system32\IPHLPAPI.DLL
0x000007fefab50000 - 0x000007fefab5b000 	C:\Windows\system32\WINNSI.DLL
0x000007fefc550000 - 0x000007fefc557000 	C:\Windows\System32\wshtcpip.dll
0x000007fefa460000 - 0x000007fefa468000 	C:\Windows\system32\rasadhlp.dll
0x000007fefa580000 - 0x000007fefa5d3000 	C:\Windows\System32\fwpuclnt.dll

VM Arguments:
java_command: com.teradata.xcore.net.Poster http://10.138.21.15:14444 //10.138.21.15/Teradata/MDM/3.05.02/custom/pngrelease3/bin/pngMDM_Trillium_invokeTestTrilliumService_KOR.xml
java_class_path (initial): bin;.;../../..\lib\commons-dbcp2-2.1.jar;../../..\lib\commons-pool2-2.3.jar;;../../..\custom\pngrelease3;../../..\custom\pngrelease3\cfg;../../..\custom\pngrelease3\cfg\properties;../../..\lib\override;../../..\lib\bpe-util.jar;../../..\lib\mdm-server.jar;../../..\lib\bpe-tools.jar;../../..\lib\bpe-mcore.jar;../../..\custom\pngrelease3\cfg;../../..\custom\pngrelease3\cfg\properties;../../..\custom\pngrelease3\cfg\xservice\png;../../..\custom\pngrelease3\cfg\xservice\png\mdm_setup;../../..\cfg\properties;../../..\cfg\xservice\toolkit;../../..\cfg\xservice\toolkit\mdm_setup;../../..\cfg;../../..\lib;../../..\lib\bpe-server.jar;../../..\lib\bpe-services.jar;;../../..\lib\xercesImpl.jar;../../..\lib\xml-apis.jar;../../..\lib\serializer.jar;../../..\lib\xalan.jar;../../..\lib\jdom.jar;../../..\lib\commons-codec-1.10.jar;../../..\lib\commons-httpclient-3.1.jar;../../..\lib\not-yet-commons-ssl.jar;../../..\lib\wsdl4j.jar;../../..\lib\xmlsec.jar;../../..\lib\opensaml.jar;../../..\lib\wss4j.jar;../../..\lib\httpclient.jar;../../..\lib\httpcore.jar;../../..\lib\axiom-api.jar;;../../..\lib\mail.jar;../../..\lib\activation.jar;../../..\lib\jdbc2_0-stdext.jar;../../..\lib\terajdbc4.jar;../../..\lib\tdgssconfig.jar;../../..\lib\bpe-util.jar;../../..\lib\bcm_xservice.jar;../../..\lib\jcert.jar;../../..\web\mdmclient\WEB-INF\bcm\cfg\properties;../../..\web\mdmclient\WEB-INF\bcm\cfg;../../..\web\mdmclient\WEB-INF\lib\bpe-x2.jar;../../..\web\mdmclient\WEB-INF\classes;../../..\web\mdmclient\WEB-INF\lib\log4j.jar;;../../..\lib\poi-3.10.1-20140818.jar;../../..\lib\commons-fileupload.jar;../../..\lib\commons-logging.jar;../../..\lib\poi-ooxml-3.10.1-20140818.jar;../../..\lib\poi-ooxml-schemas-3.10.1-20140818.jar;../../..\lib\poi-scratchpad-3.10.1-20140818.jar;../../..\lib\poi-excelant-3.10.1-20140818.jar;../../..\lib\dom4j.jar;../../..\lib\geronimo-stax-api_1.0_spec.jar;../../..\lib\xmlbeans.jar; ;"E:\Java\jdk1.8.0_73"\lib\tools.jar;../../..\lib\jms.jar;../..
Launcher Type: SUN_STANDARD

Environment Variables:
JAVA_HOME="E:\Java\jdk1.8.0_73"
PATH="E:\Java\jdk1.8.0_73"\bin;"E:\Java\jdk1.8.0_73"\bin;C:\ProgramData\Oracle\Java\javapath;C:\Program Files (x86)\Teradata\Teradata Performance Monitor Object 15.00\;C:\Program Files\Teradata\client\15.00\Teradata Parallel Transporter\bin64;C:\Program Files\Teradata\client\15.00\Teradata Parallel Transporter\msg64;C:\Program Files (x86)\Teradata\client\15.00\Teradata Parallel Transporter\bin;C:\Program Files (x86)\Teradata\client\15.00\Teradata Parallel Transporter\msg;C:\Program Files\Teradata\Client\15.00\bin;C:\Program Files (x86)\Teradata\Client\15.00\bin;C:\Program Files\Teradata\Client\15.00\ODBC Driver for Teradata nt-x8664\Lib;C:\Program Files (x86)\Teradata\Client\15.00\ODBC Driver for Teradata\Lib;C:\Program Files\Teradata\Client\15.00\bin\;C:\Program Files (x86)\Teradata\Client\15.00\bin\;C:\Program Files (x86)\Teradata\Client\13.10\bin\;C:\Windows\system32;C:\Windows;C:\Windows\system32\wbem;C:\Windows\system32\windowspowershell\v1.0\;D:\SVVSTools;C:\Windows\System32\WindowsPowerShell\v1.0\;C:\Program Files (x86)\Java\jre1.6.0\bin;C:\usr\local\monitor\c\bin;C:\usr\local\monitor\perl\site\bin;C:\usr\local\monitor\perl\bin;C:\Program Files\McAfee\Solidcore\Tools\GatherInfo;C:\Program Files\McAfee\Solidcore\Tools\Scanalyzer;C:\Program Files\McAfee\Solidcore\;C:\Program Files\McAfee\Solidcore\Tools\ScGetCerts;E:\ScheduleIn\Agent\bin
USERNAME=S606878_Admin
OS=Windows_NT
PROCESSOR_IDENTIFIER=Intel64 Family 6 Model 63 Stepping 2, GenuineIntel



---------------  S Y S T E M  ---------------

OS: Windows Server 2008 R2 , 64 bit Build 7601 (6.1.7601.23572)

CPU:total 4 (1 cores per cpu, 1 threads per core) family 6 model 63 stepping 2, cmov, cx8, fxsr, mmx, sse, sse2, sse3, ssse3, sse4.1, sse4.2, popcnt, avx, aes, clmul, tsc, tscinvbit

Memory: 4k page, physical 16776696k(7630824k free), swap 20969140k(376324k free)

vm_info: Java HotSpot(TM) 64-Bit Server VM (25.73-b02) for windows-amd64 JRE (1.8.0_73-b02), built on Jan 29 2016 17:38:49 by "java_re" with MS VC++ 10.0 (VS2010)

time: Thu Feb 16 06:36:51 2017
elapsed time: 17 seconds (0d 0h 0m 17s)

