#
# There is insufficient memory for the Java Runtime Environment to continue.
# Native memory allocation (malloc) failed to allocate 151056 bytes for Chunk::new
# Possible reasons:
#   The system is out of physical RAM or swap space
#   In 32 bit mode, the process size limit was hit
# Possible solutions:
#   Reduce memory load on the system
#   Increase physical memory or swap space
#   Check if swap backing store is full
#   Use 64 bit Java on a 64 bit OS
#   Decrease Java heap size (-Xmx/-Xms)
#   Decrease number of Java threads
#   Decrease Java thread stack sizes (-Xss)
#   Set larger code cache with -XX:ReservedCodeCacheSize=
# This output file may be truncated or incomplete.
#
#  Out of Memory Error (allocation.cpp:390), pid=178044, tid=174716
#
# JRE version: Java(TM) SE Runtime Environment (8.0_73-b02) (build 1.8.0_73-b02)
# Java VM: Java HotSpot(TM) 64-Bit Server VM (25.73-b02 mixed mode windows-amd64 compressed oops)
# Failed to write core dump. Call to MiniDumpWriteDump() failed (Error 0x80070008: Not enough storage is available to process this command.
)
#

---------------  T H R E A D  ---------------

Current thread (0x000000001d3b2800):  JavaThread "C2 CompilerThread0" daemon [_thread_in_native, id=174716, stack(0x000000001d7d0000,0x000000001d8d0000)]

Stack: [0x000000001d7d0000,0x000000001d8d0000]
[error occurred during error reporting (printing stack bounds), id 0xc0000005]

Native frames: (J=compiled Java code, j=interpreted, Vv=VM code, C=native code)


Current CompileTask:
C2:   2416  252  s    4       sun.misc.URLClassPath::getNextLoader (88 bytes)


---------------  P R O C E S S  ---------------

Java Threads: ( => current thread )
  0x000000001d431000 JavaThread "Service Thread" daemon [_thread_blocked, id=174764, stack(0x000000001dfa0000,0x000000001e0a0000)]
  0x000000001d3b6000 JavaThread "C1 CompilerThread2" daemon [_thread_blocked, id=173080, stack(0x000000001dde0000,0x000000001dee0000)]
  0x000000001d3b5000 JavaThread "C2 CompilerThread1" daemon [_thread_blocked, id=175584, stack(0x000000001dcc0000,0x000000001ddc0000)]
=>0x000000001d3b2800 JavaThread "C2 CompilerThread0" daemon [_thread_in_native, id=174716, stack(0x000000001d7d0000,0x000000001d8d0000)]
  0x000000001bf2d800 JavaThread "Attach Listener" daemon [_thread_blocked, id=177016, stack(0x000000001db00000,0x000000001dc00000)]
  0x000000001bf2b000 JavaThread "Signal Dispatcher" daemon [_thread_blocked, id=173332, stack(0x000000001d910000,0x000000001da10000)]
  0x000000001bec6000 JavaThread "Finalizer" daemon [_thread_blocked, id=179132, stack(0x000000001d2b0000,0x000000001d3b0000)]
  0x000000001bec4800 JavaThread "Reference Handler" daemon [_thread_blocked, id=179124, stack(0x000000001d040000,0x000000001d140000)]
  0x000000000201a800 JavaThread "main" [_thread_in_native, id=179044, stack(0x0000000002310000,0x0000000002410000)]

Other Threads:
  0x000000001bebf000 VMThread [stack: 0x000000001cf30000,0x000000001d030000] [id=179112]
  0x000000001d460800 WatcherThread [stack: 0x000000001e0c0000,0x000000001e1c0000] [id=177064]

VM state:not at safepoint (normal execution)

VM Mutex/Monitor currently owned by a thread: None

Heap:
 PSYoungGen      total 76288K, used 13127K [0x000000076ab00000, 0x0000000770000000, 0x00000007c0000000)
  eden space 65536K, 20% used [0x000000076ab00000,0x000000076b7d1da8,0x000000076eb00000)
  from space 10752K, 0% used [0x000000076f580000,0x000000076f580000,0x0000000770000000)
  to   space 10752K, 0% used [0x000000076eb00000,0x000000076eb00000,0x000000076f580000)
 ParOldGen       total 175104K, used 0K [0x00000006c0000000, 0x00000006cab00000, 0x000000076ab00000)
  object space 175104K, 0% used [0x00000006c0000000,0x00000006c0000000,0x00000006cab00000)
 Metaspace       used 3938K, capacity 5388K, committed 5760K, reserved 1056768K
  class space    used 444K, capacity 520K, committed 640K, reserved 1048576K

Card table byte_map: [0x0000000011aa0000,0x00000000122b0000] byte_map_base: 0x000000000e4a0000

Marking Bits: (ParMarkBitMap*) 0x0000000068db0600
 Begin Bits: [0x0000000012d30000, 0x0000000016d30000)
 End Bits:   [0x0000000016d30000, 0x000000001ad30000)

Polling page: 0x00000000005a0000

CodeCache: size=245760Kb used=1710Kb max_used=1721Kb free=244049Kb
 bounds [0x00000000026e0000, 0x0000000002950000, 0x00000000116e0000]
 total_blobs=491 nmethods=251 adapters=153
 compilation: enabled

Compilation events (10 events):
Event: 2.300 Thread 0x000000001d3b6000 nmethod 247 0x0000000002889750 code [0x00000000028898a0, 0x0000000002889990]
Event: 2.315 Thread 0x000000001d3b6000  248  s!   3       java.net.URLStreamHandler::getHostAddress (54 bytes)
Event: 2.315 Thread 0x000000001d3b5000  249       4       java.lang.String::startsWith (7 bytes)
Event: 2.316 Thread 0x000000001d3b6000 nmethod 248 0x000000000288b590 code [0x000000000288b720, 0x000000000288bdf8]
Event: 2.316 Thread 0x000000001d3b6000  250       3       java.util.jar.Attributes::getValue (9 bytes)
Event: 2.316 Thread 0x000000001d3b6000 nmethod 250 0x000000000288bf90 code [0x000000000288c100, 0x000000000288c468]
Event: 2.318 Thread 0x000000001d3b5000 nmethod 249 0x0000000002888a10 code [0x0000000002888b60, 0x0000000002888d18]
Event: 2.320 Thread 0x000000001d3b2800  251       4       java.lang.CharacterDataLatin1::toUpperCase (53 bytes)
Event: 2.320 Thread 0x000000001d3b2800 nmethod 251 0x000000000288f350 code [0x000000000288f480, 0x000000000288f558]
Event: 2.327 Thread 0x000000001d3b2800  252  s    4       sun.misc.URLClassPath::getNextLoader (88 bytes)

GC Heap History (0 events):
No events

Deoptimization events (3 events):
Event: 1.111 Thread 0x000000000201a800 Uncommon trap: reason=unstable_if action=reinterpret pc=0x00000000027fb0c8 method=java.lang.String.hashCode()I @ 14
Event: 1.244 Thread 0x000000000201a800 Uncommon trap: reason=unstable_if action=reinterpret pc=0x000000000283c55c method=java.lang.String.startsWith(Ljava/lang/String;I)Z @ 25
Event: 1.944 Thread 0x000000000201a800 Uncommon trap: reason=unstable_if action=reinterpret pc=0x0000000002824434 method=java.lang.String.indexOf([CII[CIII)I @ 123

Internal exceptions (10 events):
Event: 1.007 Thread 0x000000000201a800 Exception <a 'java/security/PrivilegedActionException'> (0x000000076abaa7f8) thrown at [D:\re\puppet\workspace\8-2-build-windows-amd64-cygwin\jdk8u73\6086\hotspot\src\share\vm\prims\jvm.cpp, line 1386]
Event: 1.237 Thread 0x000000000201a800 Exception <a 'java/lang/UnsatisfiedLinkError'> (0x000000076af502c0) thrown at [D:\re\puppet\workspace\8-2-build-windows-amd64-cygwin\jdk8u73\6086\hotspot\src\share\vm\oops\instanceKlass.cpp, line 948]
Event: 1.950 Thread 0x000000000201a800 Exception <a 'java/security/PrivilegedActionException'> (0x000000076b13c688) thrown at [D:\re\puppet\workspace\8-2-build-windows-amd64-cygwin\jdk8u73\6086\hotspot\src\share\vm\prims\jvm.cpp, line 1386]
Event: 1.950 Thread 0x000000000201a800 Exception <a 'java/security/PrivilegedActionException'> (0x000000076b13ca80) thrown at [D:\re\puppet\workspace\8-2-build-windows-amd64-cygwin\jdk8u73\6086\hotspot\src\share\vm\prims\jvm.cpp, line 1386]
Event: 1.950 Thread 0x000000000201a800 Exception <a 'java/security/PrivilegedActionException'> (0x000000076b13f508) thrown at [D:\re\puppet\workspace\8-2-build-windows-amd64-cygwin\jdk8u73\6086\hotspot\src\share\vm\prims\jvm.cpp, line 1386]
Event: 1.950 Thread 0x000000000201a800 Exception <a 'java/security/PrivilegedActionException'> (0x000000076b13f900) thrown at [D:\re\puppet\workspace\8-2-build-windows-amd64-cygwin\jdk8u73\6086\hotspot\src\share\vm\prims\jvm.cpp, line 1386]
Event: 2.169 Thread 0x000000000201a800 Exception <a 'java/security/PrivilegedActionException'> (0x000000076b1c8b10) thrown at [D:\re\puppet\workspace\8-2-build-windows-amd64-cygwin\jdk8u73\6086\hotspot\src\share\vm\prims\jvm.cpp, line 1386]
Event: 2.169 Thread 0x000000000201a800 Exception <a 'java/security/PrivilegedActionException'> (0x000000076b1c8f08) thrown at [D:\re\puppet\workspace\8-2-build-windows-amd64-cygwin\jdk8u73\6086\hotspot\src\share\vm\prims\jvm.cpp, line 1386]
Event: 2.183 Thread 0x000000000201a800 Exception <a 'java/security/PrivilegedActionException'> (0x000000076b1d75e0) thrown at [D:\re\puppet\workspace\8-2-build-windows-amd64-cygwin\jdk8u73\6086\hotspot\src\share\vm\prims\jvm.cpp, line 1386]
Event: 2.183 Thread 0x000000000201a800 Exception <a 'java/security/PrivilegedActionException'> (0x000000076b1d79d8) thrown at [D:\re\puppet\workspace\8-2-build-windows-amd64-cygwin\jdk8u73\6086\hotspot\src\share\vm\prims\jvm.cpp, line 1386]

Events (10 events):
Event: 2.328 loading class org/apache/xerces/impl/dv/dtd/ListDatatypeValidator
Event: 2.328 loading class org/apache/xerces/impl/dv/dtd/ListDatatypeValidator done
Event: 2.331 loading class org/apache/xerces/impl/dv/dtd/ENTITYDatatypeValidator
Event: 2.331 loading class org/apache/xerces/impl/dv/dtd/ENTITYDatatypeValidator done
Event: 2.332 loading class org/apache/xerces/impl/dv/dtd/NOTATIONDatatypeValidator
Event: 2.332 loading class org/apache/xerces/impl/dv/dtd/NOTATIONDatatypeValidator done
Event: 2.333 loading class org/apache/xerces/impl/dv/dtd/NMTOKENDatatypeValidator
Event: 2.333 loading class org/apache/xerces/impl/dv/dtd/NMTOKENDatatypeValidator done
Event: 2.333 loading class org/apache/xerces/impl/validation/ValidationManager
Event: 2.333 loading class org/apache/xerces/impl/validation/ValidationManager done


Dynamic libraries:
0x000000013fa70000 - 0x000000013faa7000 	E:\Java\jdk1.8.0_73\bin\java.exe
0x0000000077430000 - 0x00000000775da000 	C:\Windows\SYSTEM32\ntdll.dll
0x0000000077310000 - 0x000000007742f000 	C:\Windows\system32\kernel32.dll
0x000007fefd470000 - 0x000007fefd4da000 	C:\Windows\system32\KERNELBASE.dll
0x000007fefd520000 - 0x000007fefd5fb000 	C:\Windows\system32\ADVAPI32.dll
0x000007fefd960000 - 0x000007fefd9ff000 	C:\Windows\system32\msvcrt.dll
0x000007feff220000 - 0x000007feff23f000 	C:\Windows\SYSTEM32\sechost.dll
0x000007fefd7e0000 - 0x000007fefd90d000 	C:\Windows\system32\RPCRT4.dll
0x0000000077210000 - 0x000000007730a000 	C:\Windows\system32\USER32.dll
0x000007fefda00000 - 0x000007fefda67000 	C:\Windows\system32\GDI32.dll
0x000007feff450000 - 0x000007feff45e000 	C:\Windows\system32\LPK.dll
0x000007fefde40000 - 0x000007fefdf0a000 	C:\Windows\system32\USP10.dll
0x000007fefba30000 - 0x000007fefbc24000 	C:\Windows\WinSxS\amd64_microsoft.windows.common-controls_6595b64144ccf1df_6.0.7601.18837_none_fa3b1e3d17594757\COMCTL32.dll
0x000007fefecc0000 - 0x000007fefed31000 	C:\Windows\system32\SHLWAPI.dll
0x000007fefcf60000 - 0x000007fefcfb7000 	C:\Windows\system32\apphelp.dll
0x000007fef75f0000 - 0x000007fef77f0000 	C:\Windows\AppPatch\AppPatch64\EMET64.dll
0x000007fefdd00000 - 0x000007fefdd2e000 	C:\Windows\system32\IMM32.DLL
0x000007fefdd30000 - 0x000007fefde39000 	C:\Windows\system32\MSCTF.dll
0x000007fedd200000 - 0x000007fedd2a7000 	C:\Program Files\McAfee\Host Intrusion Prevention\HcApi.dll
0x0000000074100000 - 0x000000007410c000 	C:\Program Files\McAfee\Host Intrusion Prevention\HcThe.dll
0x0000000071cc0000 - 0x0000000071d92000 	E:\Java\jdk1.8.0_73\jre\bin\msvcr100.dll
0x00000000685a0000 - 0x0000000068e30000 	E:\Java\jdk1.8.0_73\jre\bin\server\jvm.dll
0x000007fef9990000 - 0x000007fef9999000 	C:\Windows\system32\WSOCK32.dll
0x000007fefd910000 - 0x000007fefd95d000 	C:\Windows\system32\WS2_32.dll
0x000007feff210000 - 0x000007feff218000 	C:\Windows\system32\NSI.dll
0x000007fef8b10000 - 0x000007fef8b4b000 	C:\Windows\system32\WINMM.dll
0x000007fefc220000 - 0x000007fefc22c000 	C:\Windows\system32\VERSION.dll
0x0000000077600000 - 0x0000000077607000 	C:\Windows\system32\PSAPI.DLL
0x0000000072d30000 - 0x0000000072d3f000 	E:\Java\jdk1.8.0_73\jre\bin\verify.dll
0x00000000723f0000 - 0x0000000072419000 	E:\Java\jdk1.8.0_73\jre\bin\java.dll
0x00000000724e0000 - 0x00000000724f6000 	E:\Java\jdk1.8.0_73\jre\bin\zip.dll
0x000007fefdf10000 - 0x000007fefec9a000 	C:\Windows\system32\SHELL32.dll
0x000007feff240000 - 0x000007feff443000 	C:\Windows\system32\ole32.dll
0x000007fefd170000 - 0x000007fefd17f000 	C:\Windows\system32\profapi.dll
0x000007fefb760000 - 0x000007fefb885000 	C:\Windows\system32\DBGHELP.DLL

VM Arguments:
java_command: com.teradata.xcore.net.Poster http://10.138.21.18:14444 //10.138.21.18/Teradata/MDM/3.05.02/custom/pngrelease3/bin/pngMDM_Trillium_CPUUtil_FRA.xml
java_class_path (initial): bin;.;../../..\lib\commons-dbcp2-2.1.jar;../../..\lib\commons-pool2-2.3.jar;;../../..\custom\pngrelease3;../../..\custom\pngrelease3\cfg;../../..\custom\pngrelease3\cfg\properties;../../..\lib\override;../../..\lib\bpe-util.jar;../../..\lib\mdm-server.jar;../../..\lib\bpe-tools.jar;../../..\lib\bpe-mcore.jar;../../..\custom\pngrelease3\cfg;../../..\custom\pngrelease3\cfg\properties;../../..\custom\pngrelease3\cfg\xservice\png;../../..\custom\pngrelease3\cfg\xservice\png\mdm_setup;../../..\cfg\properties;../../..\cfg\xservice\toolkit;../../..\cfg\xservice\toolkit\mdm_setup;../../..\cfg;../../..\lib;../../..\lib\bpe-server.jar;../../..\lib\bpe-services.jar;;../../..\lib\xercesImpl.jar;../../..\lib\xml-apis.jar;../../..\lib\serializer.jar;../../..\lib\xalan.jar;../../..\lib\jdom.jar;../../..\lib\commons-codec-1.10.jar;../../..\lib\commons-httpclient-3.1.jar;../../..\lib\not-yet-commons-ssl.jar;../../..\lib\wsdl4j.jar;../../..\lib\xmlsec.jar;../../..\lib\opensaml.jar;../../..\lib\wss4j.jar;../../..\lib\httpclient.jar;../../..\lib\httpcore.jar;../../..\lib\axiom-api.jar;;../../..\lib\mail.jar;../../..\lib\activation.jar;../../..\lib\jdbc2_0-stdext.jar;../../..\lib\terajdbc4.jar;../../..\lib\tdgssconfig.jar;../../..\lib\bpe-util.jar;../../..\lib\bcm_xservice.jar;../../..\lib\jcert.jar;../../..\web\mdmclient\WEB-INF\bcm\cfg\properties;../../..\web\mdmclient\WEB-INF\bcm\cfg;../../..\web\mdmclient\WEB-INF\lib\bpe-x2.jar;../../..\web\mdmclient\WEB-INF\classes;../../..\web\mdmclient\WEB-INF\lib\log4j.jar;;../../..\lib\poi-3.10.1-20140818.jar;../../..\lib\commons-fileupload.jar;../../..\lib\commons-logging.jar;../../..\lib\poi-ooxml-3.10.1-20140818.jar;../../..\lib\poi-ooxml-schemas-3.10.1-20140818.jar;../../..\lib\poi-scratchpad-3.10.1-20140818.jar;../../..\lib\poi-excelant-3.10.1-20140818.jar;../../..\lib\dom4j.jar;../../..\lib\geronimo-stax-api_1.0_spec.jar;../../..\lib\xmlbeans.jar; ;"E:\Java\jdk1.8.0_73"\lib\tools.jar;../../..\lib\jms.jar;../..
Launcher Type: SUN_STANDARD

Environment Variables:
JAVA_HOME="E:\Java\jdk1.8.0_73"
PATH="E:\Java\jdk1.8.0_73"\bin;"E:\Java\jdk1.8.0_73"\bin;C:\ProgramData\Oracle\Java\javapath;C:\Program Files (x86)\Teradata\Teradata Performance Monitor Object 15.00\;C:\Program Files\Teradata\client\15.00\Teradata Parallel Transporter\bin64;C:\Program Files\Teradata\client\15.00\Teradata Parallel Transporter\msg64;C:\Program Files (x86)\Teradata\client\15.00\Teradata Parallel Transporter\bin;C:\Program Files (x86)\Teradata\client\15.00\Teradata Parallel Transporter\msg;C:\Program Files\Teradata\Client\15.00\bin;C:\Program Files (x86)\Teradata\Client\15.00\bin;C:\Program Files\Teradata\Client\15.00\ODBC Driver for Teradata nt-x8664\Lib;C:\Program Files (x86)\Teradata\Client\15.00\ODBC Driver for Teradata\Lib;C:\Program Files\Teradata\Client\15.00\bin\;C:\Program Files (x86)\Teradata\Client\15.00\bin\;C:\Program Files (x86)\Teradata\Client\13.10\bin\;C:\Windows\system32;C:\Windows;C:\Windows\system32\wbem;C:\Windows\system32\windowspowershell\v1.0\;D:\SVVSTools;C:\Windows\System32\WindowsPowerShell\v1.0\;C:\Program Files (x86)\Java\jre1.6.0\bin;C:\usr\local\monitor\c\bin;C:\usr\local\monitor\perl\site\bin;C:\usr\local\monitor\perl\bin;C:\Program Files\McAfee\Solidcore\Tools\GatherInfo;C:\Program Files\McAfee\Solidcore\Tools\Scanalyzer;C:\Program Files\McAfee\Solidcore\;C:\Program Files\McAfee\Solidcore\Tools\ScGetCerts;E:\ScheduleIn\Agent\bin
USERNAME=S606878_Admin
OS=Windows_NT
PROCESSOR_IDENTIFIER=Intel64 Family 6 Model 63 Stepping 2, GenuineIntel



---------------  S Y S T E M  ---------------

OS: Windows Server 2008 R2 , 64 bit Build 7601 (6.1.7601.23572)

CPU:total 4 (1 cores per cpu, 1 threads per core) family 6 model 63 stepping 2, cmov, cx8, fxsr, mmx, sse, sse2, sse3, ssse3, sse4.1, sse4.2, popcnt, avx, aes, clmul, tsc, tscinvbit

Memory: 4k page, physical 16776696k(7175408k free), swap 20969140k(3604k free)

vm_info: Java HotSpot(TM) 64-Bit Server VM (25.73-b02) for windows-amd64 JRE (1.8.0_73-b02), built on Jan 29 2016 17:38:49 by "java_re" with MS VC++ 10.0 (VS2010)

time: Fri Jan 13 05:11:29 2017
elapsed time: 2 seconds (0d 0h 0m 2s)

