#
# There is insufficient memory for the Java Runtime Environment to continue.
# Native memory allocation (malloc) failed to allocate 397296 bytes for Chunk::new
# Possible reasons:
#   The system is out of physical RAM or swap space
#   In 32 bit mode, the process size limit was hit
# Possible solutions:
#   Reduce memory load on the system
#   Increase physical memory or swap space
#   Check if swap backing store is full
#   Use 64 bit Java on a 64 bit OS
#   Decrease Java heap size (-Xmx/-Xms)
#   Decrease number of Java threads
#   Decrease Java thread stack sizes (-Xss)
#   Set larger code cache with -XX:ReservedCodeCacheSize=
# This output file may be truncated or incomplete.
#
#  Out of Memory Error (allocation.cpp:390), pid=133004, tid=134188
#
# JRE version: Java(TM) SE Runtime Environment (8.0_73-b02) (build 1.8.0_73-b02)
# Java VM: Java HotSpot(TM) 64-Bit Server VM (25.73-b02 mixed mode windows-amd64 compressed oops)
# Failed to write core dump. Call to MiniDumpWriteDump() failed (Error 0x8007000e: Not enough storage is available to complete this operation.
)
#

---------------  T H R E A D  ---------------

Current thread (0x000000001d5af000):  JavaThread "C2 CompilerThread1" daemon [_thread_in_native, id=134188, stack(0x000000001dd20000,0x000000001de20000)]

Stack: [0x000000001dd20000,0x000000001de20000]
[error occurred during error reporting (printing stack bounds), id 0xc0000005]

Native frames: (J=compiled Java code, j=interpreted, Vv=VM code, C=native code)


Current CompileTask:
C2:   5948  318   !   4       java.net.URL::<init> (543 bytes)


---------------  P R O C E S S  ---------------

Java Threads: ( => current thread )
  0x000000001e49d000 JavaThread "PooledThread-10" daemon [_thread_blocked, id=134448, stack(0x000000001eb20000,0x000000001ec20000)]
  0x000000001d5b7000 JavaThread "Service Thread" daemon [_thread_blocked, id=134200, stack(0x000000001e0b0000,0x000000001e1b0000)]
  0x000000001d5b3800 JavaThread "C1 CompilerThread2" daemon [_thread_blocked, id=134192, stack(0x000000001de70000,0x000000001df70000)]
=>0x000000001d5af000 JavaThread "C2 CompilerThread1" daemon [_thread_in_native, id=134188, stack(0x000000001dd20000,0x000000001de20000)]
  0x000000001d553800 JavaThread "C2 CompilerThread0" daemon [_thread_blocked, id=134152, stack(0x000000001d9d0000,0x000000001dad0000)]
  0x000000001c1bf000 JavaThread "Attach Listener" daemon [_thread_blocked, id=134148, stack(0x000000001d0d0000,0x000000001d1d0000)]
  0x000000001c1be000 JavaThread "Signal Dispatcher" daemon [_thread_blocked, id=125464, stack(0x000000001daf0000,0x000000001dbf0000)]
  0x000000001c155800 JavaThread "Finalizer" daemon [_thread_blocked, id=127076, stack(0x000000001d300000,0x000000001d400000)]
  0x000000001c154000 JavaThread "Reference Handler" daemon [_thread_blocked, id=131612, stack(0x000000001d450000,0x000000001d550000)]
  0x000000000021f800 JavaThread "main" [_thread_blocked, id=126492, stack(0x0000000002480000,0x0000000002580000)]

Other Threads:
  0x000000001c14e800 VMThread [stack: 0x000000001d1e0000,0x000000001d2e0000] [id=130344]
  0x000000001d5e2000 WatcherThread [stack: 0x000000001df70000,0x000000001e070000] [id=134204]

VM state:not at safepoint (normal execution)

VM Mutex/Monitor currently owned by a thread: None

Heap:
 PSYoungGen      total 76288K, used 18370K [0x000000076ab00000, 0x0000000770000000, 0x00000007c0000000)
  eden space 65536K, 28% used [0x000000076ab00000,0x000000076bcf08a8,0x000000076eb00000)
  from space 10752K, 0% used [0x000000076f580000,0x000000076f580000,0x0000000770000000)
  to   space 10752K, 0% used [0x000000076eb00000,0x000000076eb00000,0x000000076f580000)
 ParOldGen       total 175104K, used 0K [0x00000006c0000000, 0x00000006cab00000, 0x000000076ab00000)
  object space 175104K, 0% used [0x00000006c0000000,0x00000006c0000000,0x00000006cab00000)
 Metaspace       used 5434K, capacity 5844K, committed 6144K, reserved 1056768K
  class space    used 603K, capacity 656K, committed 768K, reserved 1048576K

Card table byte_map: [0x0000000011c10000,0x0000000012420000] byte_map_base: 0x000000000e610000

Marking Bits: (ParMarkBitMap*) 0x0000000068db0600
 Begin Bits: [0x0000000012fc0000, 0x0000000016fc0000)
 End Bits:   [0x0000000016fc0000, 0x000000001afc0000)

Polling page: 0x0000000000190000

CodeCache: size=245760Kb used=1940Kb max_used=1940Kb free=243819Kb
 bounds [0x0000000002850000, 0x0000000002ac0000, 0x0000000011850000]
 total_blobs=604 nmethods=323 adapters=194
 compilation: enabled

Compilation events (10 events):
Event: 5.773 Thread 0x000000001d5b3800  320       3       java.util.ArrayList::indexOf (67 bytes)
Event: 5.773 Thread 0x000000001d5b3800 nmethod 320 0x0000000002a320d0 code [0x0000000002a32260, 0x0000000002a32748]
Event: 5.774 Thread 0x000000001d5b3800  321       3       java.util.ArrayList::contains (14 bytes)
Event: 5.774 Thread 0x000000001d5b3800 nmethod 321 0x0000000002a31cd0 code [0x0000000002a31e40, 0x0000000002a32048]
Event: 5.774 Thread 0x000000001d5b3800  323       3       java.util.Stack::empty (13 bytes)
Event: 5.774 Thread 0x000000001d5b3800 nmethod 323 0x0000000002a316d0 code [0x0000000002a31840, 0x0000000002a31c10]
Event: 5.774 Thread 0x000000001d5b3800  322       3       com.teradata.xcore.util.XMLformHandler::getActiveTag (23 bytes)
Event: 5.775 Thread 0x000000001d5b3800 nmethod 322 0x0000000002a34d50 code [0x0000000002a34f20, 0x0000000002a35a58]
Event: 5.775 Thread 0x000000001d5b3800  324       3       org.apache.xerces.util.NamespaceSupport::getDeclaredPrefixCount (17 bytes)
Event: 5.775 Thread 0x000000001d5b3800 nmethod 324 0x0000000002a35e10 code [0x0000000002a35f60, 0x0000000002a36110]

GC Heap History (0 events):
No events

Deoptimization events (3 events):
Event: 1.415 Thread 0x000000000021f800 Uncommon trap: reason=unstable_if action=reinterpret pc=0x0000000002967788 method=java.lang.String.hashCode()I @ 14
Event: 1.473 Thread 0x000000000021f800 Uncommon trap: reason=unstable_if action=reinterpret pc=0x00000000029af4dc method=java.lang.String.startsWith(Ljava/lang/String;I)Z @ 25
Event: 3.625 Thread 0x000000000021f800 Uncommon trap: reason=unstable_if action=reinterpret pc=0x0000000002992b74 method=java.lang.String.indexOf([CII[CIII)I @ 134

Internal exceptions (10 events):
Event: 1.998 Thread 0x000000000021f800 Exception <a 'java/io/FileNotFoundException'> (0x000000076afabd28) thrown at [D:\re\puppet\workspace\8-2-build-windows-amd64-cygwin\jdk8u73\6086\hotspot\src\share\vm\prims\jni.cpp, line 709]
Event: 1.998 Thread 0x000000000021f800 Exception <a 'java/io/FileNotFoundException'> (0x000000076afaca50) thrown at [D:\re\puppet\workspace\8-2-build-windows-amd64-cygwin\jdk8u73\6086\hotspot\src\share\vm\prims\jni.cpp, line 709]
Event: 2.269 Thread 0x000000000021f800 Exception <a 'java/security/PrivilegedActionException'> (0x000000076b13c558) thrown at [D:\re\puppet\workspace\8-2-build-windows-amd64-cygwin\jdk8u73\6086\hotspot\src\share\vm\prims\jvm.cpp, line 1386]
Event: 2.269 Thread 0x000000000021f800 Exception <a 'java/security/PrivilegedActionException'> (0x000000076b13c950) thrown at [D:\re\puppet\workspace\8-2-build-windows-amd64-cygwin\jdk8u73\6086\hotspot\src\share\vm\prims\jvm.cpp, line 1386]
Event: 2.270 Thread 0x000000000021f800 Exception <a 'java/security/PrivilegedActionException'> (0x000000076b13f3d8) thrown at [D:\re\puppet\workspace\8-2-build-windows-amd64-cygwin\jdk8u73\6086\hotspot\src\share\vm\prims\jvm.cpp, line 1386]
Event: 2.270 Thread 0x000000000021f800 Exception <a 'java/security/PrivilegedActionException'> (0x000000076b13f7d0) thrown at [D:\re\puppet\workspace\8-2-build-windows-amd64-cygwin\jdk8u73\6086\hotspot\src\share\vm\prims\jvm.cpp, line 1386]
Event: 2.466 Thread 0x000000000021f800 Exception <a 'java/security/PrivilegedActionException'> (0x000000076b1c8b68) thrown at [D:\re\puppet\workspace\8-2-build-windows-amd64-cygwin\jdk8u73\6086\hotspot\src\share\vm\prims\jvm.cpp, line 1386]
Event: 2.466 Thread 0x000000000021f800 Exception <a 'java/security/PrivilegedActionException'> (0x000000076b1c8f60) thrown at [D:\re\puppet\workspace\8-2-build-windows-amd64-cygwin\jdk8u73\6086\hotspot\src\share\vm\prims\jvm.cpp, line 1386]
Event: 2.487 Thread 0x000000000021f800 Exception <a 'java/security/PrivilegedActionException'> (0x000000076b1d7638) thrown at [D:\re\puppet\workspace\8-2-build-windows-amd64-cygwin\jdk8u73\6086\hotspot\src\share\vm\prims\jvm.cpp, line 1386]
Event: 2.487 Thread 0x000000000021f800 Exception <a 'java/security/PrivilegedActionException'> (0x000000076b1d7a30) thrown at [D:\re\puppet\workspace\8-2-build-windows-amd64-cygwin\jdk8u73\6086\hotspot\src\share\vm\prims\jvm.cpp, line 1386]

Events (10 events):
Event: 3.648 loading class java/util/Locale$1
Event: 3.648 loading class java/util/Locale$1 done
Event: 3.649 loading class com/teradata/xcore/net/util/StringMap$NullEntry
Event: 3.649 loading class com/teradata/xcore/net/util/StringMap$NullEntry done
Event: 5.468 Executing VM operation: EnableBiasedLocking
Event: 5.468 Executing VM operation: EnableBiasedLocking done
Event: 5.745 loading class com/teradata/xcore/net/util/HttpFields$Field
Event: 5.745 loading class com/teradata/xcore/net/util/HttpFields$Field done
Event: 5.775 loading class com/teradata/xcore/util/Util
Event: 5.775 loading class com/teradata/xcore/util/Util done


Dynamic libraries:
0x000000013fa70000 - 0x000000013faa7000 	E:\Java\jdk1.8.0_73\bin\java.exe
0x0000000077430000 - 0x00000000775da000 	C:\Windows\SYSTEM32\ntdll.dll
0x0000000077310000 - 0x000000007742f000 	C:\Windows\system32\kernel32.dll
0x000007fefd470000 - 0x000007fefd4da000 	C:\Windows\system32\KERNELBASE.dll
0x000007fefd520000 - 0x000007fefd5fb000 	C:\Windows\system32\ADVAPI32.dll
0x000007fefd960000 - 0x000007fefd9ff000 	C:\Windows\system32\msvcrt.dll
0x000007feff220000 - 0x000007feff23f000 	C:\Windows\SYSTEM32\sechost.dll
0x000007fefd7e0000 - 0x000007fefd90d000 	C:\Windows\system32\RPCRT4.dll
0x0000000077210000 - 0x000000007730a000 	C:\Windows\system32\USER32.dll
0x000007fefda00000 - 0x000007fefda67000 	C:\Windows\system32\GDI32.dll
0x000007feff450000 - 0x000007feff45e000 	C:\Windows\system32\LPK.dll
0x000007fefde40000 - 0x000007fefdf0a000 	C:\Windows\system32\USP10.dll
0x000007fefba30000 - 0x000007fefbc24000 	C:\Windows\WinSxS\amd64_microsoft.windows.common-controls_6595b64144ccf1df_6.0.7601.18837_none_fa3b1e3d17594757\COMCTL32.dll
0x000007fefecc0000 - 0x000007fefed31000 	C:\Windows\system32\SHLWAPI.dll
0x000007fefcf60000 - 0x000007fefcfb7000 	C:\Windows\system32\apphelp.dll
0x000007fef75f0000 - 0x000007fef77f0000 	C:\Windows\AppPatch\AppPatch64\EMET64.dll
0x000007fefdd00000 - 0x000007fefdd2e000 	C:\Windows\system32\IMM32.DLL
0x000007fefdd30000 - 0x000007fefde39000 	C:\Windows\system32\MSCTF.dll
0x000007fef6650000 - 0x000007fef66f7000 	C:\Program Files\McAfee\Host Intrusion Prevention\HcApi.dll
0x0000000074870000 - 0x000000007487c000 	C:\Program Files\McAfee\Host Intrusion Prevention\HcThe.dll
0x0000000071cc0000 - 0x0000000071d92000 	E:\Java\jdk1.8.0_73\jre\bin\msvcr100.dll
0x00000000685a0000 - 0x0000000068e30000 	E:\Java\jdk1.8.0_73\jre\bin\server\jvm.dll
0x000007fef9990000 - 0x000007fef9999000 	C:\Windows\system32\WSOCK32.dll
0x000007fefd910000 - 0x000007fefd95d000 	C:\Windows\system32\WS2_32.dll
0x000007feff210000 - 0x000007feff218000 	C:\Windows\system32\NSI.dll
0x000007fef8b10000 - 0x000007fef8b4b000 	C:\Windows\system32\WINMM.dll
0x000007fefc220000 - 0x000007fefc22c000 	C:\Windows\system32\VERSION.dll
0x0000000077600000 - 0x0000000077607000 	C:\Windows\system32\PSAPI.DLL
0x0000000072d30000 - 0x0000000072d3f000 	E:\Java\jdk1.8.0_73\jre\bin\verify.dll
0x00000000723f0000 - 0x0000000072419000 	E:\Java\jdk1.8.0_73\jre\bin\java.dll
0x00000000724e0000 - 0x00000000724f6000 	E:\Java\jdk1.8.0_73\jre\bin\zip.dll
0x000007fefdf10000 - 0x000007fefec9a000 	C:\Windows\system32\SHELL32.dll
0x000007feff240000 - 0x000007feff443000 	C:\Windows\system32\ole32.dll
0x000007fefd170000 - 0x000007fefd17f000 	C:\Windows\system32\profapi.dll
0x00000000724c0000 - 0x00000000724da000 	E:\Java\jdk1.8.0_73\jre\bin\net.dll
0x000007fefc900000 - 0x000007fefc955000 	C:\Windows\system32\mswsock.dll
0x000007fefc8f0000 - 0x000007fefc8f7000 	C:\Windows\System32\wship6.dll
0x000007fefc2f0000 - 0x000007fefc2f7000 	C:\Windows\System32\wshtcpip.dll
0x000007fefc780000 - 0x000007fefc7db000 	C:\Windows\system32\DNSAPI.dll
0x000007fefa8f0000 - 0x000007fefa917000 	C:\Windows\system32\IPHLPAPI.DLL
0x000007fefa8e0000 - 0x000007fefa8eb000 	C:\Windows\system32\WINNSI.DLL
0x000007fefa200000 - 0x000007fefa208000 	C:\Windows\system32\rasadhlp.dll
0x000007fefa320000 - 0x000007fefa373000 	C:\Windows\System32\fwpuclnt.dll
0x000007fefb760000 - 0x000007fefb885000 	C:\Windows\system32\DBGHELP.DLL

VM Arguments:
java_command: com.teradata.xcore.net.Poster xserver ../cfg/properties/xserver.xml BCM_MASTER ../bin/ScheduleIn_TrilliumWrapper_SGP.xml
java_class_path (initial): bin;.;../../..\lib\commons-dbcp2-2.1.jar;../../..\lib\commons-pool2-2.3.jar;;../../..\custom\pngrelease3;../../..\custom\pngrelease3\cfg;../../..\custom\pngrelease3\cfg\properties;../../..\lib\override;../../..\lib\bpe-util.jar;../../..\lib\mdm-server.jar;../../..\lib\bpe-tools.jar;../../..\lib\bpe-mcore.jar;../../..\custom\pngrelease3\cfg;../../..\custom\pngrelease3\cfg\properties;../../..\custom\pngrelease3\cfg\xservice\png;../../..\custom\pngrelease3\cfg\xservice\png\mdm_setup;../../..\cfg\properties;../../..\cfg\xservice\toolkit;../../..\cfg\xservice\toolkit\mdm_setup;../../..\cfg;../../..\lib;../../..\lib\bpe-server.jar;../../..\lib\bpe-services.jar;;../../..\lib\xercesImpl.jar;../../..\lib\xml-apis.jar;../../..\lib\serializer.jar;../../..\lib\xalan.jar;../../..\lib\jdom.jar;../../..\lib\commons-codec-1.10.jar;../../..\lib\commons-httpclient-3.1.jar;../../..\lib\not-yet-commons-ssl.jar;../../..\lib\wsdl4j.jar;../../..\lib\xmlsec.jar;../../..\lib\opensaml.jar;../../..\lib\wss4j.jar;../../..\lib\httpclient.jar;../../..\lib\httpcore.jar;../../..\lib\axiom-api.jar;;../../..\lib\mail.jar;../../..\lib\activation.jar;../../..\lib\jdbc2_0-stdext.jar;../../..\lib\terajdbc4.jar;../../..\lib\tdgssconfig.jar;../../..\lib\bpe-util.jar;../../..\lib\bcm_xservice.jar;../../..\lib\jcert.jar;../../..\web\mdmclient\WEB-INF\bcm\cfg\properties;../../..\web\mdmclient\WEB-INF\bcm\cfg;../../..\web\mdmclient\WEB-INF\lib\bpe-x2.jar;../../..\web\mdmclient\WEB-INF\classes;../../..\web\mdmclient\WEB-INF\lib\log4j.jar;;../../..\lib\poi-3.10.1-20140818.jar;../../..\lib\commons-fileupload.jar;../../..\lib\commons-logging.jar;../../..\lib\poi-ooxml-3.10.1-20140818.jar;../../..\lib\poi-ooxml-schemas-3.10.1-20140818.jar;../../..\lib\poi-scratchpad-3.10.1-20140818.jar;../../..\lib\poi-excelant-3.10.1-20140818.jar;../../..\lib\dom4j.jar;../../..\lib\geronimo-stax-api_1.0_spec.jar;../../..\lib\xmlbeans.jar; ;"E:\Java\jdk1.8.0_73"\lib\tools.jar;../../..\lib\jms.jar;../..
Launcher Type: SUN_STANDARD

Environment Variables:
JAVA_HOME="E:\Java\jdk1.8.0_73"
PATH="E:\Java\jdk1.8.0_73"\bin;C:\ProgramData\Oracle\Java\javapath;C:\Program Files (x86)\Teradata\Teradata Performance Monitor Object 15.00\;C:\Program Files\Teradata\client\15.00\Teradata Parallel Transporter\bin64;C:\Program Files\Teradata\client\15.00\Teradata Parallel Transporter\msg64;C:\Program Files (x86)\Teradata\client\15.00\Teradata Parallel Transporter\bin;C:\Program Files (x86)\Teradata\client\15.00\Teradata Parallel Transporter\msg;C:\Program Files\Teradata\Client\15.00\bin;C:\Program Files (x86)\Teradata\Client\15.00\bin;C:\Program Files\Teradata\Client\15.00\ODBC Driver for Teradata nt-x8664\Lib;C:\Program Files (x86)\Teradata\Client\15.00\ODBC Driver for Teradata\Lib;C:\Program Files\Teradata\Client\15.00\bin\;C:\Program Files (x86)\Teradata\Client\15.00\bin\;C:\Program Files (x86)\Teradata\Client\13.10\bin\;C:\Windows\system32;C:\Windows;C:\Windows\system32\wbem;C:\Windows\system32\windowspowershell\v1.0\;D:\SVVSTools;C:\Windows\System32\WindowsPowerShell\v1.0\;C:\Program Files (x86)\Java\jre1.6.0\bin;C:\usr\local\monitor\c\bin;C:\usr\local\monitor\perl\site\bin;C:\usr\local\monitor\perl\bin;C:\Program Files\McAfee\Solidcore\Tools\GatherInfo;C:\Program Files\McAfee\Solidcore\Tools\Scanalyzer;C:\Program Files\McAfee\Solidcore\;C:\Program Files\McAfee\Solidcore\Tools\ScGetCerts;E:\ScheduleIn\Agent\bin;
USERNAME=VA1UCPPWAPTD10$
OS=Windows_NT
PROCESSOR_IDENTIFIER=Intel64 Family 6 Model 63 Stepping 2, GenuineIntel



---------------  S Y S T E M  ---------------

OS: Windows Server 2008 R2 , 64 bit Build 7601 (6.1.7601.23572)

CPU:total 4 (1 cores per cpu, 1 threads per core) family 6 model 63 stepping 2, cmov, cx8, fxsr, mmx, sse, sse2, sse3, ssse3, sse4.1, sse4.2, popcnt, avx, aes, clmul, tsc, tscinvbit

Memory: 4k page, physical 16776696k(7549020k free), swap 20969140k(3772k free)

vm_info: Java HotSpot(TM) 64-Bit Server VM (25.73-b02) for windows-amd64 JRE (1.8.0_73-b02), built on Jan 29 2016 17:38:49 by "java_re" with MS VC++ 10.0 (VS2010)

time: Mon Jan 09 09:27:06 2017
elapsed time: 5 seconds (0d 0h 0m 5s)

