#
# There is insufficient memory for the Java Runtime Environment to continue.
# Native memory allocation (malloc) failed to allocate 103824 bytes for Chunk::new
# Possible reasons:
#   The system is out of physical RAM or swap space
#   In 32 bit mode, the process size limit was hit
# Possible solutions:
#   Reduce memory load on the system
#   Increase physical memory or swap space
#   Check if swap backing store is full
#   Use 64 bit Java on a 64 bit OS
#   Decrease Java heap size (-Xmx/-Xms)
#   Decrease number of Java threads
#   Decrease Java thread stack sizes (-Xss)
#   Set larger code cache with -XX:ReservedCodeCacheSize=
# This output file may be truncated or incomplete.
#
#  Out of Memory Error (allocation.cpp:390), pid=102100, tid=105564
#
# JRE version: Java(TM) SE Runtime Environment (8.0_73-b02) (build 1.8.0_73-b02)
# Java VM: Java HotSpot(TM) 64-Bit Server VM (25.73-b02 mixed mode windows-amd64 compressed oops)
# Core dump written. Default location: E:\Teradata\MDM\3.05.02\custom\pngrelease3\bin\hs_err_pid102100.mdmp
#

---------------  T H R E A D  ---------------

Current thread (0x000000001d318800):  JavaThread "C2 CompilerThread1" daemon [_thread_in_native, id=105564, stack(0x000000001d800000,0x000000001d900000)]

Stack: [0x000000001d800000,0x000000001d900000]
[error occurred during error reporting (printing stack bounds), id 0xc0000005]

Native frames: (J=compiled Java code, j=interpreted, Vv=VM code, C=native code)


Current CompileTask:
C2:   9285  200       4       sun.net.www.ParseUtil::encodePath (336 bytes)


---------------  P R O C E S S  ---------------

Java Threads: ( => current thread )
  0x000000001e5ca000 JavaThread "PooledThread-10" daemon [_thread_blocked, id=108336, stack(0x000000001eea0000,0x000000001efa0000)]
  0x000000001c03f000 JavaThread "Service Thread" daemon [_thread_blocked, id=6736, stack(0x000000001e190000,0x000000001e290000)]
  0x000000001c03e000 JavaThread "C1 CompilerThread2" daemon [_thread_blocked, id=107792, stack(0x000000001deb0000,0x000000001dfb0000)]
=>0x000000001d318800 JavaThread "C2 CompilerThread1" daemon [_thread_in_native, id=105564, stack(0x000000001d800000,0x000000001d900000)]
  0x000000001d315000 JavaThread "C2 CompilerThread0" daemon [_thread_blocked, id=107548, stack(0x000000001dd80000,0x000000001de80000)]
  0x000000001d311000 JavaThread "Attach Listener" daemon [_thread_blocked, id=107308, stack(0x000000001dbb0000,0x000000001dcb0000)]
  0x000000001d310800 JavaThread "Signal Dispatcher" daemon [_thread_blocked, id=52308, stack(0x000000001d9c0000,0x000000001dac0000)]
  0x000000001bfdb800 JavaThread "Finalizer" daemon [_thread_blocked, id=7328, stack(0x000000001d210000,0x000000001d310000)]
  0x000000001bfd4800 JavaThread "Reference Handler" daemon [_thread_blocked, id=107688, stack(0x000000001ce40000,0x000000001cf40000)]
  0x000000000202b000 JavaThread "main" [_thread_in_native, id=105416, stack(0x00000000021e0000,0x00000000022e0000)]

Other Threads:
  0x000000001bfcf000 VMThread [stack: 0x000000001cfb0000,0x000000001d0b0000] [id=102988]
  0x000000001d380800 WatcherThread [stack: 0x000000001e2d0000,0x000000001e3d0000] [id=107400]

VM state:not at safepoint (normal execution)

VM Mutex/Monitor currently owned by a thread: None

Heap:
 PSYoungGen      total 76288K, used 15748K [0x000000076ab00000, 0x0000000770000000, 0x00000007c0000000)
  eden space 65536K, 24% used [0x000000076ab00000,0x000000076ba61270,0x000000076eb00000)
  from space 10752K, 0% used [0x000000076f580000,0x000000076f580000,0x0000000770000000)
  to   space 10752K, 0% used [0x000000076eb00000,0x000000076eb00000,0x000000076f580000)
 ParOldGen       total 175104K, used 0K [0x00000006c0000000, 0x00000006cab00000, 0x000000076ab00000)
  object space 175104K, 0% used [0x00000006c0000000,0x00000006c0000000,0x00000006cab00000)
 Metaspace       used 5407K, capacity 5780K, committed 6144K, reserved 1056768K
  class space    used 603K, capacity 656K, committed 768K, reserved 1048576K

Card table byte_map: [0x0000000011a00000,0x0000000012210000] byte_map_base: 0x000000000e400000

Marking Bits: (ParMarkBitMap*) 0x00000000694d0600
 Begin Bits: [0x0000000012e40000, 0x0000000016e40000)
 End Bits:   [0x0000000016e40000, 0x000000001ae40000)

Polling page: 0x00000000003a0000

CodeCache: size=245760Kb used=1940Kb max_used=1944Kb free=243819Kb
 bounds [0x0000000002640000, 0x00000000028b0000, 0x0000000011640000]
 total_blobs=606 nmethods=326 adapters=193
 compilation: enabled

Compilation events (10 events):
Event: 1.902 Thread 0x000000001c03e000 nmethod 195 0x00000000027d2390 code [0x00000000027d2500, 0x00000000027d2770]
Event: 1.912 Thread 0x000000001c03e000  196       3       java.io.WinNTFileSystem::normalizePrefix (132 bytes)
Event: 1.912 Thread 0x000000001d315000  199       4       java.lang.String::hashCode (55 bytes)
Event: 1.914 Thread 0x000000001c03e000 nmethod 196 0x00000000027d9b50 code [0x00000000027d9e60, 0x00000000027dbe18]
Event: 1.914 Thread 0x000000001c03e000  197       3       java.lang.String::toLowerCase (8 bytes)
Event: 1.914 Thread 0x000000001c03e000 nmethod 197 0x00000000027d1ed0 code [0x00000000027d2040, 0x00000000027d22c8]
Event: 1.914 Thread 0x000000001c03e000  198       3       java.util.Locale::getDefault (4 bytes)
Event: 1.914 Thread 0x000000001c03e000 nmethod 198 0x00000000027d45d0 code [0x00000000027d4720, 0x00000000027d4870]
Event: 1.914 Thread 0x000000001d315000 nmethod 199 0x00000000027d4290 code [0x00000000027d43c0, 0x00000000027d4538]
Event: 1.916 Thread 0x000000001d318800  200       4       sun.net.www.ParseUtil::encodePath (336 bytes)

GC Heap History (0 events):
No events

Deoptimization events (3 events):
Event: 0.827 Thread 0x000000000202b000 Uncommon trap: reason=unstable_if action=reinterpret pc=0x0000000002758948 method=java.lang.String.hashCode()I @ 14
Event: 0.952 Thread 0x000000000202b000 Uncommon trap: reason=unstable_if action=reinterpret pc=0x000000000279a1dc method=java.lang.String.startsWith(Ljava/lang/String;I)Z @ 25
Event: 1.788 Thread 0x000000000202b000 Uncommon trap: reason=unstable_if action=reinterpret pc=0x0000000002779bf4 method=java.lang.String.indexOf([CII[CIII)I @ 123

Internal exceptions (10 events):
Event: 0.622 Thread 0x000000000202b000 Exception <a 'java/lang/NoSuchMethodError': Method sun.misc.Unsafe.defineClass(Ljava/lang/String;[BII)Ljava/lang/Class; name or signature does not match> (0x000000076ab0ec30) thrown at [D:\re\puppet\workspace\8-2-build-windows-amd64-cygwin\jdk8u73\6086\hotðÖýÿåã?
Event: 0.622 Thread 0x000000000202b000 Exception <a 'java/lang/NoSuchMethodError': Method sun.misc.Unsafe.prefetchRead(Ljava/lang/Object;J)V name or signature does not match> (0x000000076ab0ef18) thrown at [D:\re\puppet\workspace\8-2-build-windows-amd64-cygwin\jdk8u73\6086\hotspot\src\share\vm\Ÿ­„^=Cæ?
Event: 0.696 Thread 0x000000000202b000 Exception <a 'java/io/IOException'> (0x000000076ab86938) thrown at [D:\re\puppet\workspace\8-2-build-windows-amd64-cygwin\jdk8u73\6086\hotspot\src\share\vm\prims\jni.cpp, line 709]
Event: 0.748 Thread 0x000000000202b000 Exception <a 'java/security/PrivilegedActionException'> (0x000000076abaa830) thrown at [D:\re\puppet\workspace\8-2-build-windows-amd64-cygwin\jdk8u73\6086\hotspot\src\share\vm\prims\jvm.cpp, line 1386]
Event: 0.748 Thread 0x000000000202b000 Exception <a 'java/security/PrivilegedActionException'> (0x000000076abaaa40) thrown at [D:\re\puppet\workspace\8-2-build-windows-amd64-cygwin\jdk8u73\6086\hotspot\src\share\vm\prims\jvm.cpp, line 1386]
Event: 0.935 Thread 0x000000000202b000 Exception <a 'java/lang/UnsatisfiedLinkError'> (0x000000076ae089e0) thrown at [D:\re\puppet\workspace\8-2-build-windows-amd64-cygwin\jdk8u73\6086\hotspot\src\share\vm\oops\instanceKlass.cpp, line 948]
Event: 1.795 Thread 0x000000000202b000 Exception <a 'java/security/PrivilegedActionException'> (0x000000076aff4e80) thrown at [D:\re\puppet\workspace\8-2-build-windows-amd64-cygwin\jdk8u73\6086\hotspot\src\share\vm\prims\jvm.cpp, line 1386]
Event: 1.795 Thread 0x000000000202b000 Exception <a 'java/security/PrivilegedActionException'> (0x000000076aff5278) thrown at [D:\re\puppet\workspace\8-2-build-windows-amd64-cygwin\jdk8u73\6086\hotspot\src\share\vm\prims\jvm.cpp, line 1386]
Event: 1.795 Thread 0x000000000202b000 Exception <a 'java/security/PrivilegedActionException'> (0x000000076aff7d00) thrown at [D:\re\puppet\workspace\8-2-build-windows-amd64-cygwin\jdk8u73\6086\hotspot\src\share\vm\prims\jvm.cpp, line 1386]
Event: 1.795 Thread 0x000000000202b000 Exception <a 'java/security/PrivilegedActionException'> (0x000000076aff80f8) thrown at [D:\re\puppet\workspace\8-2-build-windows-amd64-cygwin\jdk8u73\6086\hotspot\src\share\vm\prims\jvm.cpp, line 1386]

Events (10 events):
Event: 1.788 Thread 0x000000000202b000 DEOPT PACKING pc=0x0000000002779bf4 sp=0x00000000022dbe70
Event: 1.788 Thread 0x000000000202b000 DEOPT UNPACKING pc=0x000000000268582a sp=0x00000000022dbdd8 mode 2
Event: 1.796 loading class java/net/URLClassLoader$2
Event: 1.796 loading class java/net/URLClassLoader$2 done
Event: 1.846 loading class java/util/LinkedList
Event: 1.846 loading class java/util/AbstractSequentialList
Event: 1.847 loading class java/util/AbstractSequentialList done
Event: 1.847 loading class java/util/LinkedList done
Event: 1.847 loading class java/util/LinkedList$Node
Event: 1.847 loading class java/util/LinkedList$Node done


Dynamic libraries:
0x000000013f5a0000 - 0x000000013f5d7000 	E:\Java\jdk1.8.0_73\bin\java.exe
0x0000000077b10000 - 0x0000000077cba000 	C:\Windows\SYSTEM32\ntdll.dll
0x00000000778f0000 - 0x0000000077a0f000 	C:\Windows\system32\kernel32.dll
0x000007fefd890000 - 0x000007fefd8fa000 	C:\Windows\system32\KERNELBASE.dll
0x000007feff510000 - 0x000007feff5eb000 	C:\Windows\system32\ADVAPI32.dll
0x000007feffd80000 - 0x000007feffe1f000 	C:\Windows\system32\msvcrt.dll
0x000007feff780000 - 0x000007feff79f000 	C:\Windows\SYSTEM32\sechost.dll
0x000007feff980000 - 0x000007feffaad000 	C:\Windows\system32\RPCRT4.dll
0x0000000077a10000 - 0x0000000077b0a000 	C:\Windows\system32\USER32.dll
0x000007feffcd0000 - 0x000007feffd37000 	C:\Windows\system32\GDI32.dll
0x000007feffd40000 - 0x000007feffd4e000 	C:\Windows\system32\LPK.dll
0x000007feffbf0000 - 0x000007feffcba000 	C:\Windows\system32\USP10.dll
0x000007fefc1c0000 - 0x000007fefc3b4000 	C:\Windows\WinSxS\amd64_microsoft.windows.common-controls_6595b64144ccf1df_6.0.7601.18837_none_fa3b1e3d17594757\COMCTL32.dll
0x000007feffb70000 - 0x000007feffbe1000 	C:\Windows\system32\SHLWAPI.dll
0x000007fefd640000 - 0x000007fefd697000 	C:\Windows\system32\apphelp.dll
0x000007fef7830000 - 0x000007fef7a30000 	C:\Windows\AppPatch\AppPatch64\EMET64.dll
0x000007feffd50000 - 0x000007feffd7e000 	C:\Windows\system32\IMM32.DLL
0x000007fefdf40000 - 0x000007fefe049000 	C:\Windows\system32\MSCTF.dll
0x000007fef64b0000 - 0x000007fef6557000 	C:\Program Files\McAfee\Host Intrusion Prevention\HcApi.dll
0x0000000073440000 - 0x000000007344c000 	C:\Program Files\McAfee\Host Intrusion Prevention\HcThe.dll
0x000000006c4d0000 - 0x000000006c5a2000 	E:\Java\jdk1.8.0_73\jre\bin\msvcr100.dll
0x0000000068cc0000 - 0x0000000069550000 	E:\Java\jdk1.8.0_73\jre\bin\server\jvm.dll
0x000007fefa1f0000 - 0x000007fefa1f9000 	C:\Windows\system32\WSOCK32.dll
0x000007fefede0000 - 0x000007fefee2d000 	C:\Windows\system32\WS2_32.dll
0x000007feffcc0000 - 0x000007feffcc8000 	C:\Windows\system32\NSI.dll
0x000007fef9370000 - 0x000007fef93ab000 	C:\Windows\system32\WINMM.dll
0x000007fefc900000 - 0x000007fefc90c000 	C:\Windows\system32\VERSION.dll
0x0000000077ce0000 - 0x0000000077ce7000 	C:\Windows\system32\PSAPI.DLL
0x000000006d500000 - 0x000000006d50f000 	E:\Java\jdk1.8.0_73\jre\bin\verify.dll
0x000000006cdd0000 - 0x000000006cdf9000 	E:\Java\jdk1.8.0_73\jre\bin\java.dll
0x000000006d4e0000 - 0x000000006d4f6000 	E:\Java\jdk1.8.0_73\jre\bin\zip.dll
0x000007fefe050000 - 0x000007fefedda000 	C:\Windows\system32\SHELL32.dll
0x000007feff280000 - 0x000007feff483000 	C:\Windows\system32\ole32.dll
0x000007fefd850000 - 0x000007fefd85f000 	C:\Windows\system32\profapi.dll
0x000007fefbeb0000 - 0x000007fefbfd5000 	C:\Windows\system32\DBGHELP.DLL
0x000000006cdb0000 - 0x000000006cdca000 	E:\Java\jdk1.8.0_73\jre\bin\net.dll
0x000007fefcf80000 - 0x000007fefcfd5000 	C:\Windows\system32\mswsock.dll
0x000007fefd130000 - 0x000007fefd137000 	C:\Windows\System32\wship6.dll
0x000007fefcce0000 - 0x000007fefcd3b000 	C:\Windows\system32\DNSAPI.dll
0x000007fefafe0000 - 0x000007fefb007000 	C:\Windows\system32\IPHLPAPI.DLL
0x000007fefafd0000 - 0x000007fefafdb000 	C:\Windows\system32\WINNSI.DLL
0x000007fefc9d0000 - 0x000007fefc9d7000 	C:\Windows\System32\wshtcpip.dll
0x000007fefa8e0000 - 0x000007fefa8e8000 	C:\Windows\system32\rasadhlp.dll
0x000007fefaa00000 - 0x000007fefaa53000 	C:\Windows\System32\fwpuclnt.dll

VM Arguments:
java_command: com.teradata.xcore.net.Poster http://10.138.21.18:14444 //10.138.21.18/Teradata/MDM/3.05.02/custom/pngrelease3/bin/pngMDM_Trillium_CPUUtil_DNK.xml
java_class_path (initial): bin;.;../../..\lib\commons-dbcp2-2.1.jar;../../..\lib\commons-pool2-2.3.jar;;../../..\custom\pngrelease3;../../..\custom\pngrelease3\cfg;../../..\custom\pngrelease3\cfg\properties;../../..\lib\override;../../..\lib\bpe-util.jar;../../..\lib\mdm-server.jar;../../..\lib\bpe-tools.jar;../../..\lib\bpe-mcore.jar;../../..\custom\pngrelease3\cfg;../../..\custom\pngrelease3\cfg\properties;../../..\custom\pngrelease3\cfg\xservice\png;../../..\custom\pngrelease3\cfg\xservice\png\mdm_setup;../../..\cfg\properties;../../..\cfg\xservice\toolkit;../../..\cfg\xservice\toolkit\mdm_setup;../../..\cfg;../../..\lib;../../..\lib\bpe-server.jar;../../..\lib\bpe-services.jar;;../../..\lib\xercesImpl.jar;../../..\lib\xml-apis.jar;../../..\lib\serializer.jar;../../..\lib\xalan.jar;../../..\lib\jdom.jar;../../..\lib\commons-codec-1.10.jar;../../..\lib\commons-httpclient-3.1.jar;../../..\lib\not-yet-commons-ssl.jar;../../..\lib\wsdl4j.jar;../../..\lib\xmlsec.jar;../../..\lib\opensaml.jar;../../..\lib\wss4j.jar;../../..\lib\httpclient.jar;../../..\lib\httpcore.jar;../../..\lib\axiom-api.jar;;../../..\lib\mail.jar;../../..\lib\activation.jar;../../..\lib\jdbc2_0-stdext.jar;../../..\lib\terajdbc4.jar;../../..\lib\tdgssconfig.jar;../../..\lib\bpe-util.jar;../../..\lib\bcm_xservice.jar;../../..\lib\jcert.jar;../../..\web\mdmclient\WEB-INF\bcm\cfg\properties;../../..\web\mdmclient\WEB-INF\bcm\cfg;../../..\web\mdmclient\WEB-INF\lib\bpe-x2.jar;../../..\web\mdmclient\WEB-INF\classes;../../..\web\mdmclient\WEB-INF\lib\log4j.jar;;../../..\lib\poi-3.10.1-20140818.jar;../../..\lib\commons-fileupload.jar;../../..\lib\commons-logging.jar;../../..\lib\poi-ooxml-3.10.1-20140818.jar;../../..\lib\poi-ooxml-schemas-3.10.1-20140818.jar;../../..\lib\poi-scratchpad-3.10.1-20140818.jar;../../..\lib\poi-excelant-3.10.1-20140818.jar;../../..\lib\dom4j.jar;../../..\lib\geronimo-stax-api_1.0_spec.jar;../../..\lib\xmlbeans.jar; ;"E:\Java\jdk1.8.0_73"\lib\tools.jar;../../..\lib\jms.jar;../..
Launcher Type: SUN_STANDARD

Environment Variables:
JAVA_HOME="E:\Java\jdk1.8.0_73"
PATH="E:\Java\jdk1.8.0_73"\bin;"E:\Java\jdk1.8.0_73"\bin;C:\ProgramData\Oracle\Java\javapath;C:\Program Files (x86)\Teradata\Teradata Performance Monitor Object 15.00\;C:\Program Files\Teradata\client\15.00\Teradata Parallel Transporter\bin64;C:\Program Files\Teradata\client\15.00\Teradata Parallel Transporter\msg64;C:\Program Files (x86)\Teradata\client\15.00\Teradata Parallel Transporter\bin;C:\Program Files (x86)\Teradata\client\15.00\Teradata Parallel Transporter\msg;C:\Program Files\Teradata\Client\15.00\bin;C:\Program Files (x86)\Teradata\Client\15.00\bin;C:\Program Files\Teradata\Client\15.00\ODBC Driver for Teradata nt-x8664\Lib;C:\Program Files (x86)\Teradata\Client\15.00\ODBC Driver for Teradata\Lib;C:\Program Files\Teradata\Client\15.00\bin\;C:\Program Files (x86)\Teradata\Client\15.00\bin\;C:\Program Files (x86)\Teradata\Client\13.10\bin\;C:\Windows\system32;C:\Windows;C:\Windows\system32\wbem;C:\Windows\system32\windowspowershell\v1.0\;D:\SVVSTools;C:\Windows\System32\WindowsPowerShell\v1.0\;C:\Program Files (x86)\Java\jre1.6.0\bin;C:\usr\local\monitor\c\bin;C:\usr\local\monitor\perl\site\bin;C:\usr\local\monitor\perl\bin;C:\Program Files\McAfee\Solidcore\Tools\GatherInfo;C:\Program Files\McAfee\Solidcore\Tools\Scanalyzer;C:\Program Files\McAfee\Solidcore\;C:\Program Files\McAfee\Solidcore\Tools\ScGetCerts;E:\ScheduleIn\Agent\bin
USERNAME=S606878_Admin
OS=Windows_NT
PROCESSOR_IDENTIFIER=Intel64 Family 6 Model 63 Stepping 2, GenuineIntel



---------------  S Y S T E M  ---------------

OS: Windows Server 2008 R2 , 64 bit Build 7601 (6.1.7601.23569)

CPU:total 4 (1 cores per cpu, 1 threads per core) family 6 model 63 stepping 2, cmov, cx8, fxsr, mmx, sse, sse2, sse3, ssse3, sse4.1, sse4.2, popcnt, avx, aes, clmul, tsc, tscinvbit

Memory: 4k page, physical 16776696k(5379208k free), swap 20969140k(1203296k free)

vm_info: Java HotSpot(TM) 64-Bit Server VM (25.73-b02) for windows-amd64 JRE (1.8.0_73-b02), built on Jan 29 2016 17:38:49 by "java_re" with MS VC++ 10.0 (VS2010)

time: Fri Dec 09 21:09:00 2016
elapsed time: 9 seconds (0d 0h 0m 9s)

