#
# There is insufficient memory for the Java Runtime Environment to continue.
# Native memory allocation (malloc) failed to allocate 32784 bytes for Chunk::new
# Possible reasons:
#   The system is out of physical RAM or swap space
#   In 32 bit mode, the process size limit was hit
# Possible solutions:
#   Reduce memory load on the system
#   Increase physical memory or swap space
#   Check if swap backing store is full
#   Use 64 bit Java on a 64 bit OS
#   Decrease Java heap size (-Xmx/-Xms)
#   Decrease number of Java threads
#   Decrease Java thread stack sizes (-Xss)
#   Set larger code cache with -XX:ReservedCodeCacheSize=
# This output file may be truncated or incomplete.
#
#  Out of Memory Error (allocation.cpp:323), pid=87260, tid=89356
#
# JRE version: Java(TM) SE Runtime Environment (7.0_71-b14) (build 1.7.0_71-b14)
# Java VM: Java HotSpot(TM) 64-Bit Server VM (24.71-b01 mixed mode windows-amd64 compressed oops)
# Failed to write core dump. 
#

---------------  T H R E A D  ---------------

Current thread (0x000000000f375800):  JavaThread "C2 CompilerThread1" daemon [_thread_in_native, id=89356, stack(0x0000000010be0000,0x0000000010ce0000)]

Stack: [0x0000000010be0000,0x0000000010ce0000]
[error occurred during error reporting (printing stack bounds), id 0xc0000005]


[error occurred during error reporting (printing native stack), id 0xc0000005]


Current CompileTask:
C2:   6875   29   !         java.net.URL::<init> (543 bytes)


---------------  P R O C E S S  ---------------

Java Threads: ( => current thread )
  0x0000000001ddc000 JavaThread "DestroyJavaVM" [_thread_blocked, id=74564, stack(0x0000000001f50000,0x0000000002050000)]
  0x000000000f378000 JavaThread "Service Thread" daemon [_thread_blocked, id=89360, stack(0x0000000010d70000,0x0000000010e70000)]
=>0x000000000f375800 JavaThread "C2 CompilerThread1" daemon [_thread_in_native, id=89356, stack(0x0000000010be0000,0x0000000010ce0000)]
  0x000000000f368800 JavaThread "C2 CompilerThread0" daemon [_thread_blocked, id=89292, stack(0x0000000010290000,0x0000000010390000)]
  0x000000000f367000 JavaThread "Attach Listener" daemon [_thread_blocked, id=89288, stack(0x00000000109a0000,0x0000000010aa0000)]
  0x000000000f360000 JavaThread "Signal Dispatcher" daemon [_thread_blocked, id=89284, stack(0x0000000010870000,0x0000000010970000)]
  0x000000000f304800 JavaThread "Finalizer" daemon [_thread_blocked, id=89248, stack(0x0000000010640000,0x0000000010740000)]
  0x000000000f303000 JavaThread "Reference Handler" daemon [_thread_blocked, id=89244, stack(0x00000000104f0000,0x00000000105f0000)]

Other Threads:
  0x000000000f2ff800 VMThread [stack: 0x00000000103f0000,0x00000000104f0000] [id=89236]
  0x0000000010ea8800 WatcherThread [stack: 0x0000000011360000,0x0000000011460000] [id=89364]

VM state:not at safepoint (normal execution)

VM Mutex/Monitor currently owned by a thread: None

Heap
 PSYoungGen      total 76800K, used 10575K [0x00000007aaa80000, 0x00000007b0000000, 0x0000000800000000)
  eden space 66048K, 16% used [0x00000007aaa80000,0x00000007ab4d3f58,0x00000007aeb00000)
  from space 10752K, 0% used [0x00000007af580000,0x00000007af580000,0x00000007b0000000)
  to   space 10752K, 0% used [0x00000007aeb00000,0x00000007aeb00000,0x00000007af580000)
 ParOldGen       total 174592K, used 0K [0x0000000700000000, 0x000000070aa80000, 0x00000007aaa80000)
  object space 174592K, 0% used [0x0000000700000000,0x0000000700000000,0x000000070aa80000)
 PSPermGen       total 21504K, used 3718K [0x00000006fae00000, 0x00000006fc300000, 0x0000000700000000)
  object space 21504K, 17% used [0x00000006fae00000,0x00000006fb1a1900,0x00000006fc300000)

Card table byte_map: [0x0000000005230000,0x0000000005a60000] byte_map_base: 0x0000000001a59000

Polling page: 0x0000000000110000

Code Cache  [0x0000000002170000, 0x00000000023e0000, 0x0000000005170000)
 total_blobs=213 nmethods=29 adapters=137 free_code_cache=48702Kb largest_free_block=49843392

Compilation events (10 events):
Event: 6.157 Thread 0x000000000f368800 nmethod 23 0x00000000021d7ad0 code [0x00000000021d7c20, 0x00000000021d7cd8]
Event: 6.175 Thread 0x000000000f375800   25             java.lang.String::getChars (62 bytes)
Event: 6.183 Thread 0x000000000f375800 nmethod 25 0x00000000021d76d0 code [0x00000000021d7820, 0x00000000021d7958]
Event: 6.457 Thread 0x000000000f375800   26             java.lang.AbstractStringBuilder::append (48 bytes)
Event: 6.461 Thread 0x000000000f375800 nmethod 26 0x00000000021dfd50 code [0x00000000021dfea0, 0x00000000021e0258]
Event: 6.649 Thread 0x000000000f368800   27             java.lang.StringBuilder::append (8 bytes)
Event: 6.649 Thread 0x000000000f375800   28             java.lang.String::startsWith (7 bytes)
Event: 6.651 Thread 0x000000000f375800 nmethod 28 0x00000000021d7250 code [0x00000000021d73a0, 0x00000000021d7558]
Event: 6.653 Thread 0x000000000f368800 nmethod 27 0x00000000021ddc10 code [0x00000000021ddd60, 0x00000000021de118]
Event: 6.667 Thread 0x000000000f375800   29   !         java.net.URL::<init> (543 bytes)

GC Heap History (0 events):
No events

Deoptimization events (0 events):
No events

Internal exceptions (10 events):
Event: 6.650 Thread 0x0000000001ddc000 Threw 0x00000007ab1fac98 at C:\re\jdk7u71\1605\hotspot\src\share\vm\prims\jvm.cpp:1281
Event: 6.651 Thread 0x0000000001ddc000 Threw 0x00000007ab205150 at C:\re\jdk7u71\1605\hotspot\src\share\vm\prims\jvm.cpp:1281
Event: 6.657 Thread 0x0000000001ddc000 Threw 0x00000007ab2108d0 at C:\re\jdk7u71\1605\hotspot\src\share\vm\prims\jvm.cpp:1281
Event: 6.659 Thread 0x0000000001ddc000 Threw 0x00000007ab21bbf0 at C:\re\jdk7u71\1605\hotspot\src\share\vm\prims\jvm.cpp:1281
Event: 6.663 Thread 0x0000000001ddc000 Threw 0x00000007ab226128 at C:\re\jdk7u71\1605\hotspot\src\share\vm\prims\jvm.cpp:1281
Event: 6.666 Thread 0x0000000001ddc000 Threw 0x00000007ab231368 at C:\re\jdk7u71\1605\hotspot\src\share\vm\prims\jvm.cpp:1281
Event: 6.667 Thread 0x0000000001ddc000 Threw 0x00000007ab23cff8 at C:\re\jdk7u71\1605\hotspot\src\share\vm\prims\jvm.cpp:1281
Event: 6.668 Thread 0x0000000001ddc000 Threw 0x00000007ab247688 at C:\re\jdk7u71\1605\hotspot\src\share\vm\prims\jvm.cpp:1281
Event: 6.669 Thread 0x0000000001ddc000 Threw 0x00000007ab2549c8 at C:\re\jdk7u71\1605\hotspot\src\share\vm\prims\jvm.cpp:1281
Event: 6.670 Thread 0x0000000001ddc000 Threw 0x00000007ab263190 at C:\re\jdk7u71\1605\hotspot\src\share\vm\prims\jvm.cpp:1281

Events (10 events):
Event: 6.667 loading class 0x0000000010fe1e20
Event: 6.667 loading class 0x0000000010fe1e20 done
Event: 6.668 loading class 0x00000000111f33b0
Event: 6.668 loading class 0x00000000111f33b0 done
Event: 6.669 loading class 0x000000001119a2a0
Event: 6.669 loading class 0x000000001119a2a0 done
Event: 6.670 loading class 0x00000000111f5770
Event: 6.670 loading class 0x00000000111f5770 done
Event: 6.671 loading class 0x00000000111eb8b0
Event: 6.671 loading class 0x00000000111eb8b0 done


Dynamic libraries:
0x000000013f160000 - 0x000000013f193000 	C:\Program Files\Java\jdk1.7.0_71\bin\java.exe
0x0000000077c90000 - 0x0000000077e3b000 	C:\Windows\SYSTEM32\ntdll.dll
0x0000000077b70000 - 0x0000000077c8f000 	C:\Windows\system32\kernel32.dll
0x000007fefe2a0000 - 0x000007fefe30a000 	C:\Windows\system32\KERNELBASE.dll
0x000007feff580000 - 0x000007feff65b000 	C:\Windows\system32\ADVAPI32.dll
0x000007feff4e0000 - 0x000007feff57f000 	C:\Windows\system32\msvcrt.dll
0x000007feffa00000 - 0x000007feffa1f000 	C:\Windows\SYSTEM32\sechost.dll
0x000007feff6e0000 - 0x000007feff80d000 	C:\Windows\system32\RPCRT4.dll
0x0000000077a70000 - 0x0000000077b6a000 	C:\Windows\system32\USER32.dll
0x000007fefe4c0000 - 0x000007fefe527000 	C:\Windows\system32\GDI32.dll
0x000007feff4d0000 - 0x000007feff4de000 	C:\Windows\system32\LPK.dll
0x000007feff400000 - 0x000007feff4ca000 	C:\Windows\system32\USP10.dll
0x000007fefcb30000 - 0x000007fefcd24000 	C:\Windows\WinSxS\amd64_microsoft.windows.common-controls_6595b64144ccf1df_6.0.7601.18837_none_fa3b1e3d17594757\COMCTL32.dll
0x000007feff660000 - 0x000007feff6d1000 	C:\Windows\system32\SHLWAPI.dll
0x000007feffb30000 - 0x000007feffb5e000 	C:\Windows\system32\IMM32.DLL
0x000007feffa20000 - 0x000007feffb29000 	C:\Windows\system32\MSCTF.dll
0x000000006c6c0000 - 0x000000006c792000 	C:\Program Files\Java\jdk1.7.0_71\jre\bin\msvcr100.dll
0x000000006b240000 - 0x000000006ba13000 	C:\Program Files\Java\jdk1.7.0_71\jre\bin\server\jvm.dll
0x000007fefb800000 - 0x000007fefb809000 	C:\Windows\system32\WSOCK32.dll
0x000007feffd70000 - 0x000007feffdbd000 	C:\Windows\system32\WS2_32.dll
0x000007feff8b0000 - 0x000007feff8b8000 	C:\Windows\system32\NSI.dll
0x000007fefa3c0000 - 0x000007fefa3fb000 	C:\Windows\system32\WINMM.dll
0x0000000077e60000 - 0x0000000077e67000 	C:\Windows\system32\PSAPI.DLL
0x000000006f8e0000 - 0x000000006f8ef000 	C:\Program Files\Java\jdk1.7.0_71\jre\bin\verify.dll
0x000000006f8b0000 - 0x000000006f8d8000 	C:\Program Files\Java\jdk1.7.0_71\jre\bin\java.dll
0x000000006f890000 - 0x000000006f8a5000 	C:\Program Files\Java\jdk1.7.0_71\jre\bin\zip.dll

VM Arguments:
java_command: com.teradata.xcore.net.Poster http://10.138.21.18:14444 //10.138.21.18/Teradata/MDM/3.05.02/custom/pngrelease3/bin/pngMDM_Trillium_invokeTestTrilliumService_IRL.xml
Launcher Type: SUN_STANDARD

Environment Variables:
JAVA_HOME="C:\Program Files\Java\jdk1.7.0_71"
PATH="C:\Program Files\Java\jdk1.7.0_71"\bin;"C:\Program Files\Java\jdk1.7.0_71"\bin;C:\Program Files (x86)\Teradata\Teradata Performance Monitor Object 15.00\;C:\Program Files\Teradata\client\15.00\Teradata Parallel Transporter\bin64;C:\Program Files\Teradata\client\15.00\Teradata Parallel Transporter\msg64;C:\Program Files (x86)\Teradata\client\15.00\Teradata Parallel Transporter\bin;C:\Program Files (x86)\Teradata\client\15.00\Teradata Parallel Transporter\msg;C:\Program Files\Teradata\Client\15.00\bin;C:\Program Files (x86)\Teradata\Client\15.00\bin;C:\Program Files\Teradata\Client\15.00\ODBC Driver for Teradata nt-x8664\Lib;C:\Program Files (x86)\Teradata\Client\15.00\ODBC Driver for Teradata\Lib;C:\Program Files\Teradata\Client\15.00\bin\;C:\Program Files (x86)\Teradata\Client\15.00\bin\;C:\Program Files (x86)\Teradata\Client\13.10\bin\;C:\Windows\system32;C:\Windows;C:\Windows\system32\wbem;C:\Windows\system32\windowspowershell\v1.0\;D:\SVVSTools;C:\Windows\System32\WindowsPowerShell\v1.0\;C:\Program Files (x86)\Java\jre1.6.0\bin;C:\usr\local\monitor\c\bin;C:\usr\local\monitor\perl\site\bin;C:\usr\local\monitor\perl\bin;C:\Program Files\McAfee\Solidcore\Tools\GatherInfo;C:\Program Files\McAfee\Solidcore\Tools\Scanalyzer;C:\Program Files\McAfee\Solidcore\;C:\Program Files\McAfee\Solidcore\Tools\ScGetCerts;E:\ScheduleIn\Agent\bin
USERNAME=S606878_Admin
OS=Windows_NT
PROCESSOR_IDENTIFIER=Intel64 Family 6 Model 63 Stepping 2, GenuineIntel



---------------  S Y S T E M  ---------------

OS: Windows Server 2008 R2 , 64 bit Build 7601 Service Pack 1

CPU:total 4 (1 cores per cpu, 1 threads per core) family 6 model 63 stepping 2, cmov, cx8, fxsr, mmx, sse, sse2, sse3, ssse3, sse4.1, sse4.2, popcnt, avx, aes, tsc, tscinvbit

Memory: 4k page, physical 16776696k(10280212k free), swap 20969140k(6192k free)

vm_info: Java HotSpot(TM) 64-Bit Server VM (24.71-b01) for windows-amd64 JRE (1.7.0_71-b14), built on Sep 26 2014 16:16:12 by "java_re" with unknown MS VC++:1600

time: Thu Jul 21 21:06:09 2016
elapsed time: 6 seconds

