#
# There is insufficient memory for the Java Runtime Environment to continue.
# Native memory allocation (malloc) failed to allocate 372304 bytes for Chunk::new
# Possible reasons:
#   The system is out of physical RAM or swap space
#   In 32 bit mode, the process size limit was hit
# Possible solutions:
#   Reduce memory load on the system
#   Increase physical memory or swap space
#   Check if swap backing store is full
#   Use 64 bit Java on a 64 bit OS
#   Decrease Java heap size (-Xmx/-Xms)
#   Decrease number of Java threads
#   Decrease Java thread stack sizes (-Xss)
#   Set larger code cache with -XX:ReservedCodeCacheSize=
# This output file may be truncated or incomplete.
#
#  Out of Memory Error (allocation.cpp:323), pid=173844, tid=174292
#
# JRE version: Java(TM) SE Runtime Environment (7.0_71-b14) (build 1.7.0_71-b14)
# Java VM: Java HotSpot(TM) 64-Bit Server VM (24.71-b01 mixed mode windows-amd64 compressed oops)
# Core dump written. Default location: E:\Teradata\MDM\3.05.02\custom\pngrelease3\bin\hs_err_pid173844.mdmp
#

---------------  T H R E A D  ---------------

Current thread (0x000000000f0aa800):  JavaThread "C2 CompilerThread1" daemon [_thread_in_native, id=174292, stack(0x0000000010a60000,0x0000000010b60000)]

Stack: [0x0000000010a60000,0x0000000010b60000]
[error occurred during error reporting (printing stack bounds), id 0xc0000005]


[error occurred during error reporting (printing native stack), id 0xc0000005]


Current CompileTask:
C2:  12811   19             java.io.Win32FileSystem::normalize (231 bytes)


---------------  P R O C E S S  ---------------

Java Threads: ( => current thread )
  0x0000000001d1c000 JavaThread "DestroyJavaVM" [_thread_blocked, id=174136, stack(0x0000000002090000,0x0000000002190000)]
  0x000000000f0b4800 JavaThread "Service Thread" daemon [_thread_blocked, id=174296, stack(0x0000000010c40000,0x0000000010d40000)]
=>0x000000000f0aa800 JavaThread "C2 CompilerThread1" daemon [_thread_in_native, id=174292, stack(0x0000000010a60000,0x0000000010b60000)]
  0x000000000f0a8800 JavaThread "C2 CompilerThread0" daemon [_thread_blocked, id=174288, stack(0x0000000010950000,0x0000000010a50000)]
  0x000000000f0a7000 JavaThread "Attach Listener" daemon [_thread_blocked, id=174284, stack(0x00000000107f0000,0x00000000108f0000)]
  0x000000000f0a0000 JavaThread "Signal Dispatcher" daemon [_thread_blocked, id=174280, stack(0x0000000010640000,0x0000000010740000)]
  0x000000000f04a000 JavaThread "Finalizer" daemon [_thread_blocked, id=174256, stack(0x0000000010540000,0x0000000010640000)]
  0x000000000f043000 JavaThread "Reference Handler" daemon [_thread_blocked, id=174252, stack(0x00000000100d0000,0x00000000101d0000)]

Other Threads:
  0x000000000f03f800 VMThread [stack: 0x00000000102a0000,0x00000000103a0000] [id=174240]
  0x0000000010db8800 WatcherThread [stack: 0x0000000011210000,0x0000000011310000] [id=174316]

VM state:not at safepoint (normal execution)

VM Mutex/Monitor currently owned by a thread: None

Heap
 PSYoungGen      total 76800K, used 6605K [0x00000007aaa80000, 0x00000007b0000000, 0x0000000800000000)
  eden space 66048K, 10% used [0x00000007aaa80000,0x00000007ab0f3668,0x00000007aeb00000)
  from space 10752K, 0% used [0x00000007af580000,0x00000007af580000,0x00000007b0000000)
  to   space 10752K, 0% used [0x00000007aeb00000,0x00000007aeb00000,0x00000007af580000)
 ParOldGen       total 174592K, used 0K [0x0000000700000000, 0x000000070aa80000, 0x00000007aaa80000)
  object space 174592K, 0% used [0x0000000700000000,0x0000000700000000,0x000000070aa80000)
 PSPermGen       total 21504K, used 3186K [0x00000006fae00000, 0x00000006fc300000, 0x0000000700000000)
  object space 21504K, 14% used [0x00000006fae00000,0x00000006fb11ca88,0x00000006fc300000)

Card table byte_map: [0x0000000005190000,0x00000000059c0000] byte_map_base: 0x00000000019b9000

Polling page: 0x0000000000210000

Code Cache  [0x0000000002190000, 0x0000000002400000, 0x0000000005190000)
 total_blobs=203 nmethods=19 adapters=137 free_code_cache=48738Kb largest_free_block=49892352

Compilation events (10 events):
Event: 1.428 Thread 0x000000000f0aa800 nmethod 15 0x00000000021f32d0 code [0x00000000021f3420, 0x00000000021f3908]
Event: 1.559 Thread 0x000000000f0a8800   16             java.lang.Math::min (11 bytes)
Event: 1.560 Thread 0x000000000f0a8800 nmethod 16 0x00000000021f1750 code [0x00000000021f1880, 0x00000000021f18d8]
Event: 1.577 Thread 0x000000000f0aa800   17             java.io.Win32FileSystem::isSlash (18 bytes)
Event: 1.578 Thread 0x000000000f0aa800 nmethod 17 0x00000000021f3010 code [0x00000000021f3140, 0x00000000021f31b8]
Event: 1.579 Thread 0x000000000f0a8800   18             java.lang.AbstractStringBuilder::append (29 bytes)
Event: 1.582 Thread 0x000000000f0a8800 nmethod 18 0x00000000021f9810 code [0x00000000021f9960, 0x00000000021f9c78]
Event: 1.606 Thread 0x000000000f0aa800   19             java.io.Win32FileSystem::normalize (231 bytes)
Event: 1.606 Thread 0x000000000f0a8800   20  s          java.lang.StringBuffer::append (8 bytes)
Event: 1.610 Thread 0x000000000f0a8800 nmethod 20 0x00000000021f5490 code [0x00000000021f55e0, 0x00000000021f5b98]

GC Heap History (0 events):
No events

Deoptimization events (0 events):
No events

Internal exceptions (10 events):
Event: 1.562 Thread 0x0000000001d1c000 Threw 0x00000007aae49790 at C:\re\jdk7u71\1605\hotspot\src\share\vm\prims\jvm.cpp:1281
Event: 1.562 Thread 0x0000000001d1c000 Threw 0x00000007aae499b8 at C:\re\jdk7u71\1605\hotspot\src\share\vm\prims\jvm.cpp:1281
Event: 1.589 Thread 0x0000000001d1c000 Threw 0x00000007aae5d650 at C:\re\jdk7u71\1605\hotspot\src\share\vm\prims\jvm.cpp:1281
Event: 1.589 Thread 0x0000000001d1c000 Threw 0x00000007aae5d878 at C:\re\jdk7u71\1605\hotspot\src\share\vm\prims\jvm.cpp:1281
Event: 1.607 Thread 0x0000000001d1c000 Threw 0x00000007aae6fef8 at C:\re\jdk7u71\1605\hotspot\src\share\vm\prims\jvm.cpp:1281
Event: 1.607 Thread 0x0000000001d1c000 Threw 0x00000007aae70120 at C:\re\jdk7u71\1605\hotspot\src\share\vm\prims\jvm.cpp:1281
Event: 1.618 Thread 0x0000000001d1c000 Threw 0x00000007aae77a10 at C:\re\jdk7u71\1605\hotspot\src\share\vm\prims\jvm.cpp:1281
Event: 1.618 Thread 0x0000000001d1c000 Threw 0x00000007aae77c38 at C:\re\jdk7u71\1605\hotspot\src\share\vm\prims\jvm.cpp:1281
Event: 1.618 Thread 0x0000000001d1c000 Threw 0x00000007aae78a60 at C:\re\jdk7u71\1605\hotspot\src\share\vm\prims\jvm.cpp:1281
Event: 1.618 Thread 0x0000000001d1c000 Threw 0x00000007aae78c88 at C:\re\jdk7u71\1605\hotspot\src\share\vm\prims\jvm.cpp:1281

Events (10 events):
Event: 1.520 loading class 0x0000000010e26200
Event: 1.520 loading class 0x0000000010e26200 done
Event: 1.527 loading class 0x0000000001da8d30
Event: 1.527 loading class 0x0000000001da8d30 done
Event: 1.571 loading class 0x0000000001db3ec0
Event: 1.571 loading class 0x0000000010e26380
Event: 1.571 loading class 0x0000000010e26380 done
Event: 1.571 loading class 0x0000000001db3ec0 done
Event: 1.572 loading class 0x0000000010e26450
Event: 1.572 loading class 0x0000000010e26450 done


Dynamic libraries:
0x000000013fb50000 - 0x000000013fb83000 	C:\Program Files\Java\jdk1.7.0_71\bin\java.exe
0x0000000077040000 - 0x00000000771eb000 	C:\Windows\SYSTEM32\ntdll.dll
0x0000000076cc0000 - 0x0000000076ddf000 	C:\Windows\system32\kernel32.dll
0x000007fefd5b0000 - 0x000007fefd61a000 	C:\Windows\system32\KERNELBASE.dll
0x000007feff270000 - 0x000007feff34b000 	C:\Windows\system32\ADVAPI32.dll
0x000007feff0f0000 - 0x000007feff18f000 	C:\Windows\system32\msvcrt.dll
0x000007fefd920000 - 0x000007fefd93f000 	C:\Windows\SYSTEM32\sechost.dll
0x000007fefeeb0000 - 0x000007fefefdd000 	C:\Windows\system32\RPCRT4.dll
0x0000000076de0000 - 0x0000000076eda000 	C:\Windows\system32\USER32.dll
0x000007fefdb20000 - 0x000007fefdb87000 	C:\Windows\system32\GDI32.dll
0x000007fefebc0000 - 0x000007fefebce000 	C:\Windows\system32\LPK.dll
0x000007fefdcc0000 - 0x000007fefdd8a000 	C:\Windows\system32\USP10.dll
0x000007fefbed0000 - 0x000007fefc0c4000 	C:\Windows\WinSxS\amd64_microsoft.windows.common-controls_6595b64144ccf1df_6.0.7601.18837_none_fa3b1e3d17594757\COMCTL32.dll
0x000007fefdbf0000 - 0x000007fefdc61000 	C:\Windows\system32\SHLWAPI.dll
0x000007fefee00000 - 0x000007fefee2e000 	C:\Windows\system32\IMM32.DLL
0x000007fefefe0000 - 0x000007feff0e9000 	C:\Windows\system32\MSCTF.dll
0x000000006d670000 - 0x000000006d742000 	C:\Program Files\Java\jdk1.7.0_71\jre\bin\msvcr100.dll
0x0000000068b00000 - 0x00000000692d3000 	C:\Program Files\Java\jdk1.7.0_71\jre\bin\server\jvm.dll
0x000007fefabb0000 - 0x000007fefabb9000 	C:\Windows\system32\WSOCK32.dll
0x000007fefdc70000 - 0x000007fefdcbd000 	C:\Windows\system32\WS2_32.dll
0x000007fefd910000 - 0x000007fefd918000 	C:\Windows\system32\NSI.dll
0x000007fef9770000 - 0x000007fef97ab000 	C:\Windows\system32\WINMM.dll
0x0000000077210000 - 0x0000000077217000 	C:\Windows\system32\PSAPI.DLL
0x0000000073670000 - 0x000000007367f000 	C:\Program Files\Java\jdk1.7.0_71\jre\bin\verify.dll
0x000000006ecd0000 - 0x000000006ecf8000 	C:\Program Files\Java\jdk1.7.0_71\jre\bin\java.dll
0x00000000733f0000 - 0x0000000073405000 	C:\Program Files\Java\jdk1.7.0_71\jre\bin\zip.dll
0x000007fef9030000 - 0x000007fef9155000 	C:\Windows\system32\DBGHELP.DLL

VM Arguments:
java_command: com.teradata.xcore.net.Poster http://10.138.21.18:14444 //10.138.21.18/Teradata/MDM/3.05.02/custom/pngrelease3/bin/pngMDM_Trillium_invokeTestTrilliumService_PRT.xml
Launcher Type: SUN_STANDARD

Environment Variables:
JAVA_HOME="C:\Program Files\Java\jdk1.7.0_71"
PATH="C:\Program Files\Java\jdk1.7.0_71"\bin;"C:\Program Files\Java\jdk1.7.0_71"\bin;C:\Program Files (x86)\Teradata\Teradata Performance Monitor Object 15.00\;C:\Program Files\Teradata\client\15.00\Teradata Parallel Transporter\bin64;C:\Program Files\Teradata\client\15.00\Teradata Parallel Transporter\msg64;C:\Program Files (x86)\Teradata\client\15.00\Teradata Parallel Transporter\bin;C:\Program Files (x86)\Teradata\client\15.00\Teradata Parallel Transporter\msg;C:\Program Files\Teradata\Client\15.00\bin;C:\Program Files (x86)\Teradata\Client\15.00\bin;C:\Program Files\Teradata\Client\15.00\ODBC Driver for Teradata nt-x8664\Lib;C:\Program Files (x86)\Teradata\Client\15.00\ODBC Driver for Teradata\Lib;C:\Program Files\Teradata\Client\15.00\bin\;C:\Program Files (x86)\Teradata\Client\15.00\bin\;C:\Program Files (x86)\Teradata\Client\13.10\bin\;C:\Windows\system32;C:\Windows;C:\Windows\system32\wbem;C:\Windows\system32\windowspowershell\v1.0\;D:\SVVSTools;C:\Windows\System32\WindowsPowerShell\v1.0\;C:\Program Files (x86)\Java\jre1.6.0\bin;C:\usr\local\monitor\c\bin;C:\usr\local\monitor\perl\site\bin;C:\usr\local\monitor\perl\bin;C:\Program Files\McAfee\Solidcore\Tools\GatherInfo;C:\Program Files\McAfee\Solidcore\Tools\Scanalyzer;C:\Program Files\McAfee\Solidcore\;C:\Program Files\McAfee\Solidcore\Tools\ScGetCerts;E:\ScheduleIn\Agent\bin
USERNAME=S606878_Admin
OS=Windows_NT
PROCESSOR_IDENTIFIER=Intel64 Family 6 Model 63 Stepping 2, GenuineIntel



---------------  S Y S T E M  ---------------

OS: Windows Server 2008 R2 , 64 bit Build 7601 Service Pack 1

CPU:total 4 (1 cores per cpu, 1 threads per core) family 6 model 63 stepping 2, cmov, cx8, fxsr, mmx, sse, sse2, sse3, ssse3, sse4.1, sse4.2, popcnt, avx, aes, tsc, tscinvbit

Memory: 4k page, physical 16776696k(6807608k free), swap 20969140k(914004k free)

vm_info: Java HotSpot(TM) 64-Bit Server VM (24.71-b01) for windows-amd64 JRE (1.7.0_71-b14), built on Sep 26 2014 16:16:12 by "java_re" with unknown MS VC++:1600

time: Fri Aug 19 05:06:04 2016
elapsed time: 12 seconds

