#
# There is insufficient memory for the Java Runtime Environment to continue.
# Native memory allocation (malloc) failed to allocate 337296 bytes for Chunk::new
# Possible reasons:
#   The system is out of physical RAM or swap space
#   In 32 bit mode, the process size limit was hit
# Possible solutions:
#   Reduce memory load on the system
#   Increase physical memory or swap space
#   Check if swap backing store is full
#   Use 64 bit Java on a 64 bit OS
#   Decrease Java heap size (-Xmx/-Xms)
#   Decrease number of Java threads
#   Decrease Java thread stack sizes (-Xss)
#   Set larger code cache with -XX:ReservedCodeCacheSize=
# This output file may be truncated or incomplete.
#
#  Out of Memory Error (allocation.cpp:390), pid=249436, tid=2564
#
# JRE version: Java(TM) SE Runtime Environment (8.0_73-b02) (build 1.8.0_73-b02)
# Java VM: Java HotSpot(TM) 64-Bit Server VM (25.73-b02 mixed mode windows-amd64 compressed oops)
# Core dump written. Default location: E:\Teradata\MDM\3.05.02\custom\pngrelease3\bin\hs_err_pid249436.mdmp
#

---------------  T H R E A D  ---------------

Current thread (0x000000001d462800):  JavaThread "C2 CompilerThread1" daemon [_thread_in_native, id=2564, stack(0x000000001de70000,0x000000001df70000)]

Stack: [0x000000001de70000,0x000000001df70000]
[error occurred during error reporting (printing stack bounds), id 0xc0000005]

Native frames: (J=compiled Java code, j=interpreted, Vv=VM code, C=native code)


Current CompileTask:
C2:  28345  327   !   4       java.net.URL::<init> (543 bytes)


---------------  P R O C E S S  ---------------

Java Threads: ( => current thread )
  0x000000001e3b7800 JavaThread "PooledThread-10" daemon [_thread_blocked, id=247976, stack(0x000000001ead0000,0x000000001ebd0000)]
  0x000000001d4cf800 JavaThread "Service Thread" daemon [_thread_blocked, id=249636, stack(0x000000001dfc0000,0x000000001e0c0000)]
  0x000000001d464800 JavaThread "C1 CompilerThread2" daemon [_thread_blocked, id=249336, stack(0x000000001dcf0000,0x000000001ddf0000)]
=>0x000000001d462800 JavaThread "C2 CompilerThread1" daemon [_thread_in_native, id=2564, stack(0x000000001de70000,0x000000001df70000)]
  0x000000001c02f800 JavaThread "C2 CompilerThread0" daemon [_thread_blocked, id=249020, stack(0x000000001dac0000,0x000000001dbc0000)]
  0x000000001c02b000 JavaThread "Attach Listener" daemon [_thread_blocked, id=249376, stack(0x000000001dbe0000,0x000000001dce0000)]
  0x000000001c02a000 JavaThread "Signal Dispatcher" daemon [_thread_blocked, id=249580, stack(0x000000001d9a0000,0x000000001daa0000)]
  0x000000001bfc5800 JavaThread "Finalizer" daemon [_thread_blocked, id=248896, stack(0x000000001d360000,0x000000001d460000)]
  0x000000001bfc4000 JavaThread "Reference Handler" daemon [_thread_blocked, id=248948, stack(0x000000001d030000,0x000000001d130000)]
  0x000000000222f800 JavaThread "main" [_thread_blocked, id=249084, stack(0x00000000024e0000,0x00000000025e0000)]

Other Threads:
  0x000000001bfbe800 VMThread [stack: 0x000000001d1e0000,0x000000001d2e0000] [id=248592]
  0x000000001d4f6000 WatcherThread [stack: 0x000000001e150000,0x000000001e250000] [id=249332]

VM state:not at safepoint (normal execution)

VM Mutex/Monitor currently owned by a thread: None

Heap:
 PSYoungGen      total 76288K, used 18370K [0x000000076ab00000, 0x0000000770000000, 0x00000007c0000000)
  eden space 65536K, 28% used [0x000000076ab00000,0x000000076bcf0970,0x000000076eb00000)
  from space 10752K, 0% used [0x000000076f580000,0x000000076f580000,0x0000000770000000)
  to   space 10752K, 0% used [0x000000076eb00000,0x000000076eb00000,0x000000076f580000)
 ParOldGen       total 175104K, used 0K [0x00000006c0000000, 0x00000006cab00000, 0x000000076ab00000)
  object space 175104K, 0% used [0x00000006c0000000,0x00000006c0000000,0x00000006cab00000)
 Metaspace       used 5438K, capacity 5844K, committed 6144K, reserved 1056768K
  class space    used 603K, capacity 656K, committed 768K, reserved 1048576K

Card table byte_map: [0x0000000011c70000,0x0000000012480000] byte_map_base: 0x000000000e670000

Marking Bits: (ParMarkBitMap*) 0x0000000068260600
 Begin Bits: [0x0000000012e30000, 0x0000000016e30000)
 End Bits:   [0x0000000016e30000, 0x000000001ae30000)

Polling page: 0x0000000000290000

CodeCache: size=245760Kb used=1905Kb max_used=1911Kb free=243854Kb
 bounds [0x00000000028b0000, 0x0000000002b20000, 0x00000000118b0000]
 total_blobs=612 nmethods=331 adapters=194
 compilation: enabled

Compilation events (10 events):
Event: 3.774 Thread 0x000000001d464800 nmethod 324 0x0000000002a8a3d0 code [0x0000000002a8a520, 0x0000000002a8a690]
Event: 3.776 Thread 0x000000001d464800  326       3       java.lang.String::indexOf (166 bytes)
Event: 3.776 Thread 0x000000001d464800 nmethod 326 0x0000000002a89250 code [0x0000000002a89400, 0x0000000002a89a50]
Event: 4.007 Thread 0x000000001d462800  327   !   4       java.net.URL::<init> (543 bytes)
Event: 4.008 Thread 0x000000001d464800  328       1       java.nio.Buffer::position (5 bytes)
Event: 4.008 Thread 0x000000001d464800 nmethod 328 0x0000000002a88f90 code [0x0000000002a890e0, 0x0000000002a891f0]
Event: 4.009 Thread 0x000000001c02f800  329       4       java.net.URLStreamHandler::setURL (40 bytes)
Event: 4.012 Thread 0x000000001c02f800 nmethod 329 0x0000000002a88950 code [0x0000000002a88aa0, 0x0000000002a88dd8]
Event: 4.012 Thread 0x000000001c02f800  330   !   4       java.net.URL::set (114 bytes)
Event: 4.013 Thread 0x000000001c02f800 nmethod 330 0x0000000002a8ebd0 code [0x0000000002a8ed20, 0x0000000002a8f018]

GC Heap History (0 events):
No events

Deoptimization events (3 events):
Event: 1.283 Thread 0x000000000222f800 Uncommon trap: reason=unstable_if action=reinterpret pc=0x00000000029c3988 method=java.lang.String.hashCode()I @ 14
Event: 1.498 Thread 0x000000000222f800 Uncommon trap: reason=unstable_if action=reinterpret pc=0x00000000029e441c method=java.lang.String.startsWith(Ljava/lang/String;I)Z @ 25
Event: 3.746 Thread 0x000000000222f800 Uncommon trap: reason=unstable_if action=reinterpret pc=0x00000000029e7174 method=java.lang.String.indexOf([CII[CIII)I @ 134

Internal exceptions (10 events):
Event: 1.827 Thread 0x000000000222f800 Exception <a 'java/io/FileNotFoundException'> (0x000000076afabd28) thrown at [D:\re\puppet\workspace\8-2-build-windows-amd64-cygwin\jdk8u73\6086\hotspot\src\share\vm\prims\jni.cpp, line 709]
Event: 1.828 Thread 0x000000000222f800 Exception <a 'java/io/FileNotFoundException'> (0x000000076afaca50) thrown at [D:\re\puppet\workspace\8-2-build-windows-amd64-cygwin\jdk8u73\6086\hotspot\src\share\vm\prims\jni.cpp, line 709]
Event: 1.931 Thread 0x000000000222f800 Exception <a 'java/security/PrivilegedActionException'> (0x000000076b13c650) thrown at [D:\re\puppet\workspace\8-2-build-windows-amd64-cygwin\jdk8u73\6086\hotspot\src\share\vm\prims\jvm.cpp, line 1386]
Event: 1.931 Thread 0x000000000222f800 Exception <a 'java/security/PrivilegedActionException'> (0x000000076b13ca48) thrown at [D:\re\puppet\workspace\8-2-build-windows-amd64-cygwin\jdk8u73\6086\hotspot\src\share\vm\prims\jvm.cpp, line 1386]
Event: 1.932 Thread 0x000000000222f800 Exception <a 'java/security/PrivilegedActionException'> (0x000000076b13f4d0) thrown at [D:\re\puppet\workspace\8-2-build-windows-amd64-cygwin\jdk8u73\6086\hotspot\src\share\vm\prims\jvm.cpp, line 1386]
Event: 1.932 Thread 0x000000000222f800 Exception <a 'java/security/PrivilegedActionException'> (0x000000076b13f8c8) thrown at [D:\re\puppet\workspace\8-2-build-windows-amd64-cygwin\jdk8u73\6086\hotspot\src\share\vm\prims\jvm.cpp, line 1386]
Event: 2.474 Thread 0x000000000222f800 Exception <a 'java/security/PrivilegedActionException'> (0x000000076b1c8900) thrown at [D:\re\puppet\workspace\8-2-build-windows-amd64-cygwin\jdk8u73\6086\hotspot\src\share\vm\prims\jvm.cpp, line 1386]
Event: 2.474 Thread 0x000000000222f800 Exception <a 'java/security/PrivilegedActionException'> (0x000000076b1c8cf8) thrown at [D:\re\puppet\workspace\8-2-build-windows-amd64-cygwin\jdk8u73\6086\hotspot\src\share\vm\prims\jvm.cpp, line 1386]
Event: 2.500 Thread 0x000000000222f800 Exception <a 'java/security/PrivilegedActionException'> (0x000000076b1d73d0) thrown at [D:\re\puppet\workspace\8-2-build-windows-amd64-cygwin\jdk8u73\6086\hotspot\src\share\vm\prims\jvm.cpp, line 1386]
Event: 2.500 Thread 0x000000000222f800 Exception <a 'java/security/PrivilegedActionException'> (0x000000076b1d77c8) thrown at [D:\re\puppet\workspace\8-2-build-windows-amd64-cygwin\jdk8u73\6086\hotspot\src\share\vm\prims\jvm.cpp, line 1386]

Events (10 events):
Event: 3.772 loading class java/math/RoundingMode
Event: 3.772 loading class java/math/RoundingMode done
Event: 3.775 loading class java/util/Locale$Category
Event: 3.775 loading class java/util/Locale$Category done
Event: 3.775 loading class java/util/Locale$1
Event: 3.775 loading class java/util/Locale$1 done
Event: 3.775 loading class com/teradata/xcore/net/util/StringMap$NullEntry
Event: 3.775 loading class com/teradata/xcore/net/util/StringMap$NullEntry done
Event: 3.924 loading class com/teradata/xcore/net/util/HttpFields$Field
Event: 3.924 loading class com/teradata/xcore/net/util/HttpFields$Field done


Dynamic libraries:
0x000000013f530000 - 0x000000013f567000 	E:\Java\jdk1.8.0_73\bin\java.exe
0x0000000077690000 - 0x000000007783a000 	C:\Windows\SYSTEM32\ntdll.dll
0x0000000077470000 - 0x000000007758f000 	C:\Windows\system32\kernel32.dll
0x000007fefd400000 - 0x000007fefd46a000 	C:\Windows\system32\KERNELBASE.dll
0x000007fefdf10000 - 0x000007fefdfeb000 	C:\Windows\system32\ADVAPI32.dll
0x000007feff680000 - 0x000007feff71f000 	C:\Windows\system32\msvcrt.dll
0x000007fefdb00000 - 0x000007fefdb1f000 	C:\Windows\SYSTEM32\sechost.dll
0x000007feff550000 - 0x000007feff67d000 	C:\Windows\system32\RPCRT4.dll
0x0000000077590000 - 0x000000007768a000 	C:\Windows\system32\USER32.dll
0x000007fefdc30000 - 0x000007fefdc97000 	C:\Windows\system32\GDI32.dll
0x000007feff080000 - 0x000007feff08e000 	C:\Windows\system32\LPK.dll
0x000007feff130000 - 0x000007feff1fa000 	C:\Windows\system32\USP10.dll
0x000007fefbbc0000 - 0x000007fefbdb4000 	C:\Windows\WinSxS\amd64_microsoft.windows.common-controls_6595b64144ccf1df_6.0.7601.18837_none_fa3b1e3d17594757\COMCTL32.dll
0x000007feff200000 - 0x000007feff271000 	C:\Windows\system32\SHLWAPI.dll
0x000007fefd2b0000 - 0x000007fefd307000 	C:\Windows\system32\apphelp.dll
0x000007fef76a0000 - 0x000007fef78a0000 	C:\Windows\AppPatch\AppPatch64\EMET64.dll
0x000007fefed80000 - 0x000007fefedae000 	C:\Windows\system32\IMM32.DLL
0x000007fefdb20000 - 0x000007fefdc29000 	C:\Windows\system32\MSCTF.dll
0x000007fee8530000 - 0x000007fee85d7000 	C:\Program Files\McAfee\Host Intrusion Prevention\HcApi.dll
0x0000000071250000 - 0x000000007125c000 	C:\Program Files\McAfee\Host Intrusion Prevention\HcThe.dll
0x00000000729b0000 - 0x0000000072a82000 	E:\Java\jdk1.8.0_73\jre\bin\msvcr100.dll
0x0000000067a50000 - 0x00000000682e0000 	E:\Java\jdk1.8.0_73\jre\bin\server\jvm.dll
0x000007fef9bf0000 - 0x000007fef9bf9000 	C:\Windows\system32\WSOCK32.dll
0x000007feff930000 - 0x000007feff97d000 	C:\Windows\system32\WS2_32.dll
0x000007fefee30000 - 0x000007fefee38000 	C:\Windows\system32\NSI.dll
0x000007fef8d90000 - 0x000007fef8dcb000 	C:\Windows\system32\WINMM.dll
0x000007fefc480000 - 0x000007fefc48c000 	C:\Windows\system32\VERSION.dll
0x0000000077850000 - 0x0000000077857000 	C:\Windows\system32\PSAPI.DLL
0x0000000072bb0000 - 0x0000000072bbf000 	E:\Java\jdk1.8.0_73\jre\bin\verify.dll
0x0000000072980000 - 0x00000000729a9000 	E:\Java\jdk1.8.0_73\jre\bin\java.dll
0x0000000071280000 - 0x0000000071296000 	E:\Java\jdk1.8.0_73\jre\bin\zip.dll
0x000007fefdff0000 - 0x000007fefed7a000 	C:\Windows\system32\SHELL32.dll
0x000007feff720000 - 0x000007feff923000 	C:\Windows\system32\ole32.dll
0x000007fefd3c0000 - 0x000007fefd3cf000 	C:\Windows\system32\profapi.dll
0x0000000071230000 - 0x000000007124a000 	E:\Java\jdk1.8.0_73\jre\bin\net.dll
0x000007fefcb00000 - 0x000007fefcb55000 	C:\Windows\system32\mswsock.dll
0x000007fefcc40000 - 0x000007fefcc47000 	C:\Windows\System32\wship6.dll
0x000007fefc550000 - 0x000007fefc557000 	C:\Windows\System32\wshtcpip.dll
0x000007fefc990000 - 0x000007fefc9eb000 	C:\Windows\system32\DNSAPI.dll
0x000007fefab60000 - 0x000007fefab87000 	C:\Windows\system32\IPHLPAPI.DLL
0x000007fefab50000 - 0x000007fefab5b000 	C:\Windows\system32\WINNSI.DLL
0x000007fefa460000 - 0x000007fefa468000 	C:\Windows\system32\rasadhlp.dll
0x000007fefa580000 - 0x000007fefa5d3000 	C:\Windows\System32\fwpuclnt.dll
0x000007fefba90000 - 0x000007fefbbb5000 	C:\Windows\system32\DBGHELP.DLL

VM Arguments:
java_command: com.teradata.xcore.net.Poster xserver ../cfg/properties/xserver.xml BCM_MASTER ../bin/ScheduleIn_TrilliumWrapper_ISR.xml
java_class_path (initial): bin;.;../../..\lib\commons-dbcp2-2.1.jar;../../..\lib\commons-pool2-2.3.jar;;../../..\custom\pngrelease3;../../..\custom\pngrelease3\cfg;../../..\custom\pngrelease3\cfg\properties;../../..\lib\override;../../..\lib\bpe-util.jar;../../..\lib\mdm-server.jar;../../..\lib\bpe-tools.jar;../../..\lib\bpe-mcore.jar;../../..\custom\pngrelease3\cfg;../../..\custom\pngrelease3\cfg\properties;../../..\custom\pngrelease3\cfg\xservice\png;../../..\custom\pngrelease3\cfg\xservice\png\mdm_setup;../../..\cfg\properties;../../..\cfg\xservice\toolkit;../../..\cfg\xservice\toolkit\mdm_setup;../../..\cfg;../../..\lib;../../..\lib\bpe-server.jar;../../..\lib\bpe-services.jar;;../../..\lib\xercesImpl.jar;../../..\lib\xml-apis.jar;../../..\lib\serializer.jar;../../..\lib\xalan.jar;../../..\lib\jdom.jar;../../..\lib\commons-codec-1.10.jar;../../..\lib\commons-httpclient-3.1.jar;../../..\lib\not-yet-commons-ssl.jar;../../..\lib\wsdl4j.jar;../../..\lib\xmlsec.jar;../../..\lib\opensaml.jar;../../..\lib\wss4j.jar;../../..\lib\httpclient.jar;../../..\lib\httpcore.jar;../../..\lib\axiom-api.jar;;../../..\lib\mail.jar;../../..\lib\activation.jar;../../..\lib\jdbc2_0-stdext.jar;../../..\lib\terajdbc4.jar;../../..\lib\tdgssconfig.jar;../../..\lib\bpe-util.jar;../../..\lib\bcm_xservice.jar;../../..\lib\jcert.jar;../../..\web\mdmclient\WEB-INF\bcm\cfg\properties;../../..\web\mdmclient\WEB-INF\bcm\cfg;../../..\web\mdmclient\WEB-INF\lib\bpe-x2.jar;../../..\web\mdmclient\WEB-INF\classes;../../..\web\mdmclient\WEB-INF\lib\log4j.jar;;../../..\lib\poi-3.10.1-20140818.jar;../../..\lib\commons-fileupload.jar;../../..\lib\commons-logging.jar;../../..\lib\poi-ooxml-3.10.1-20140818.jar;../../..\lib\poi-ooxml-schemas-3.10.1-20140818.jar;../../..\lib\poi-scratchpad-3.10.1-20140818.jar;../../..\lib\poi-excelant-3.10.1-20140818.jar;../../..\lib\dom4j.jar;../../..\lib\geronimo-stax-api_1.0_spec.jar;../../..\lib\xmlbeans.jar; ;"E:\Java\jdk1.8.0_73"\lib\tools.jar;../../..\lib\jms.jar;../..
Launcher Type: SUN_STANDARD

Environment Variables:
JAVA_HOME="E:\Java\jdk1.8.0_73"
PATH="E:\Java\jdk1.8.0_73"\bin;C:\ProgramData\Oracle\Java\javapath;C:\Program Files (x86)\Teradata\Teradata Performance Monitor Object 15.00\;C:\Program Files\Teradata\client\15.00\Teradata Parallel Transporter\bin64;C:\Program Files\Teradata\client\15.00\Teradata Parallel Transporter\msg64;C:\Program Files (x86)\Teradata\client\15.00\Teradata Parallel Transporter\bin;C:\Program Files (x86)\Teradata\client\15.00\Teradata Parallel Transporter\msg;C:\Program Files\Teradata\Client\15.00\bin;C:\Program Files (x86)\Teradata\Client\15.00\bin;C:\Program Files\Teradata\Client\15.00\ODBC Driver for Teradata nt-x8664\Lib;C:\Program Files (x86)\Teradata\Client\15.00\ODBC Driver for Teradata\Lib;C:\Program Files\Teradata\Client\15.00\bin\;C:\Program Files (x86)\Teradata\Client\15.00\bin\;C:\Program Files (x86)\Teradata\Client\13.10\bin\;C:\Windows\system32;C:\Windows;C:\Windows\system32\wbem;C:\Windows\system32\windowspowershell\v1.0\;D:\SVVSTools;C:\Windows\System32\WindowsPowerShell\v1.0\;C:\Program Files (x86)\Java\jre1.6.0\bin;C:\usr\local\monitor\c\bin;C:\usr\local\monitor\perl\site\bin;C:\usr\local\monitor\perl\bin;C:\Program Files\McAfee\Solidcore\Tools\GatherInfo;C:\Program Files\McAfee\Solidcore\Tools\Scanalyzer;C:\Program Files\McAfee\Solidcore\;C:\Program Files\McAfee\Solidcore\Tools\ScGetCerts;E:\ScheduleIn\Agent\bin;
USERNAME=VA1UCPPWAPTD10$
OS=Windows_NT
PROCESSOR_IDENTIFIER=Intel64 Family 6 Model 63 Stepping 2, GenuineIntel



---------------  S Y S T E M  ---------------

OS: Windows Server 2008 R2 , 64 bit Build 7601 (6.1.7601.23572)

CPU:total 4 (1 cores per cpu, 1 threads per core) family 6 model 63 stepping 2, cmov, cx8, fxsr, mmx, sse, sse2, sse3, ssse3, sse4.1, sse4.2, popcnt, avx, aes, clmul, tsc, tscinvbit

Memory: 4k page, physical 16776696k(4799388k free), swap 20969140k(913788k free)

vm_info: Java HotSpot(TM) 64-Bit Server VM (25.73-b02) for windows-amd64 JRE (1.8.0_73-b02), built on Jan 29 2016 17:38:49 by "java_re" with MS VC++ 10.0 (VS2010)

time: Thu Feb 23 10:49:58 2017
elapsed time: 28 seconds (0d 0h 0m 28s)

