#
# There is insufficient memory for the Java Runtime Environment to continue.
# Native memory allocation (malloc) failed to allocate 50496 bytes for Chunk::new
# Possible reasons:
#   The system is out of physical RAM or swap space
#   In 32 bit mode, the process size limit was hit
# Possible solutions:
#   Reduce memory load on the system
#   Increase physical memory or swap space
#   Check if swap backing store is full
#   Use 64 bit Java on a 64 bit OS
#   Decrease Java heap size (-Xmx/-Xms)
#   Decrease number of Java threads
#   Decrease Java thread stack sizes (-Xss)
#   Set larger code cache with -XX:ReservedCodeCacheSize=
# This output file may be truncated or incomplete.
#
#  Out of Memory Error (allocation.cpp:390), pid=312844, tid=313564
#
# JRE version: Java(TM) SE Runtime Environment (8.0_73-b02) (build 1.8.0_73-b02)
# Java VM: Java HotSpot(TM) 64-Bit Server VM (25.73-b02 mixed mode windows-amd64 compressed oops)
# Failed to write core dump. 
#

---------------  T H R E A D  ---------------

Current thread (0x000000001d632800):  JavaThread "C2 CompilerThread1" daemon [_thread_in_native, id=313564, stack(0x0000000012ab0000,0x0000000012bb0000)]

Stack: [0x0000000012ab0000,0x0000000012bb0000]
[error occurred during error reporting (printing stack bounds), id 0xc0000005]

Native frames: (J=compiled Java code, j=interpreted, Vv=VM code, C=native code)


Current CompileTask:
C2:   6476  209       4       java.lang.String::indexOf (166 bytes)


---------------  P R O C E S S  ---------------

Java Threads: ( => current thread )
  0x000000001d635000 JavaThread "Service Thread" daemon [_thread_blocked, id=313596, stack(0x000000001dd60000,0x000000001de60000)]
  0x000000001d633800 JavaThread "C1 CompilerThread2" daemon [_thread_blocked, id=313592, stack(0x000000001de60000,0x000000001df60000)]
=>0x000000001d632800 JavaThread "C2 CompilerThread1" daemon [_thread_in_native, id=313564, stack(0x0000000012ab0000,0x0000000012bb0000)]
  0x000000001d630800 JavaThread "C2 CompilerThread0" daemon [_thread_blocked, id=311940, stack(0x000000001dae0000,0x000000001dbe0000)]
  0x000000001c13b800 JavaThread "Attach Listener" daemon [_thread_blocked, id=313536, stack(0x000000001dbf0000,0x000000001dcf0000)]
  0x000000001c139000 JavaThread "Signal Dispatcher" daemon [_thread_blocked, id=313664, stack(0x000000001d2b0000,0x000000001d3b0000)]
  0x000000001c0d5800 JavaThread "Finalizer" daemon [_thread_blocked, id=312304, stack(0x000000001d530000,0x000000001d630000)]
  0x000000001c0d4800 JavaThread "Reference Handler" daemon [_thread_blocked, id=312896, stack(0x000000001d3f0000,0x000000001d4f0000)]
  0x0000000001fda000 JavaThread "main" [_thread_in_native, id=313832, stack(0x00000000022e0000,0x00000000023e0000)]

Other Threads:
  0x000000001c0cf000 VMThread [stack: 0x000000001d110000,0x000000001d210000] [id=313192]
  0x000000001d6f2800 WatcherThread [stack: 0x000000001df90000,0x000000001e090000] [id=313600]

VM state:not at safepoint (normal execution)

VM Mutex/Monitor currently owned by a thread: None

Heap:
 PSYoungGen      total 76288K, used 7884K [0x000000076ab00000, 0x0000000770000000, 0x00000007c0000000)
  eden space 65536K, 12% used [0x000000076ab00000,0x000000076b2b3008,0x000000076eb00000)
  from space 10752K, 0% used [0x000000076f580000,0x000000076f580000,0x0000000770000000)
  to   space 10752K, 0% used [0x000000076eb00000,0x000000076eb00000,0x000000076f580000)
 ParOldGen       total 175104K, used 0K [0x00000006c0000000, 0x00000006cab00000, 0x000000076ab00000)
  object space 175104K, 0% used [0x00000006c0000000,0x00000006c0000000,0x00000006cab00000)
 Metaspace       used 3340K, capacity 4812K, committed 5120K, reserved 1056768K
  class space    used 374K, capacity 456K, committed 512K, reserved 1048576K

Card table byte_map: [0x0000000011a70000,0x0000000012280000] byte_map_base: 0x000000000e470000

Marking Bits: (ParMarkBitMap*) 0x0000000068260600
 Begin Bits: [0x0000000012f40000, 0x0000000016f40000)
 End Bits:   [0x0000000016f40000, 0x000000001af40000)

Polling page: 0x0000000001cc0000

CodeCache: size=245760Kb used=1618Kb max_used=1619Kb free=244141Kb
 bounds [0x00000000026b0000, 0x0000000002920000, 0x00000000116b0000]
 total_blobs=450 nmethods=215 adapters=148
 compilation: enabled

Compilation events (10 events):
Event: 5.720 Thread 0x000000001d633800  207       3       java.lang.String::equalsIgnoreCase (48 bytes)
Event: 5.720 Thread 0x000000001d633800 nmethod 207 0x0000000002841110 code [0x0000000002841280, 0x00000000028415e8]
Event: 5.720 Thread 0x000000001d633800  205       3       java.io.InputStream::<init> (5 bytes)
Event: 5.720 Thread 0x000000001d633800 nmethod 205 0x0000000002840d10 code [0x0000000002840e80, 0x0000000002841030]
Event: 5.720 Thread 0x000000001d633800  206       1       java.net.URLClassLoader::access$000 (5 bytes)
Event: 5.720 Thread 0x000000001d633800 nmethod 206 0x0000000002840a50 code [0x0000000002840ba0, 0x0000000002840c90]
Event: 5.721 Thread 0x000000001d633800  208       1       java.security.CodeSource::getLocation (5 bytes)
Event: 5.721 Thread 0x000000001d633800 nmethod 208 0x0000000002840750 code [0x00000000028408a0, 0x00000000028409b0]
Event: 6.204 Thread 0x000000001d632800  209       4       java.lang.String::indexOf (166 bytes)
Event: 6.205 Thread 0x000000001d630800  210       4       java.lang.String::<init> (82 bytes)

GC Heap History (0 events):
No events

Deoptimization events (3 events):
Event: 3.648 Thread 0x0000000001fda000 Uncommon trap: reason=unstable_if action=reinterpret pc=0x00000000027cb648 method=java.lang.String.hashCode()I @ 14
Event: 3.833 Thread 0x0000000001fda000 Uncommon trap: reason=unstable_if action=reinterpret pc=0x0000000002806a5c method=java.lang.String.startsWith(Ljava/lang/String;I)Z @ 25
Event: 4.292 Thread 0x0000000001fda000 Uncommon trap: reason=unstable_if action=reinterpret pc=0x00000000027ee0b4 method=java.lang.String.indexOf([CII[CIII)I @ 123

Internal exceptions (10 events):
Event: 2.532 Thread 0x0000000001fda000 Exception <a 'java/security/PrivilegedActionException'> (0x000000076abaa7f8) thrown at [D:\re\puppet\workspace\8-2-build-windows-amd64-cygwin\jdk8u73\6086\hotspot\src\share\vm\prims\jvm.cpp, line 1386]
Event: 3.825 Thread 0x0000000001fda000 Exception <a 'java/lang/UnsatisfiedLinkError'> (0x000000076af50338) thrown at [D:\re\puppet\workspace\8-2-build-windows-amd64-cygwin\jdk8u73\6086\hotspot\src\share\vm\oops\instanceKlass.cpp, line 948]
Event: 4.298 Thread 0x0000000001fda000 Exception <a 'java/security/PrivilegedActionException'> (0x000000076b13c740) thrown at [D:\re\puppet\workspace\8-2-build-windows-amd64-cygwin\jdk8u73\6086\hotspot\src\share\vm\prims\jvm.cpp, line 1386]
Event: 4.298 Thread 0x0000000001fda000 Exception <a 'java/security/PrivilegedActionException'> (0x000000076b13cb38) thrown at [D:\re\puppet\workspace\8-2-build-windows-amd64-cygwin\jdk8u73\6086\hotspot\src\share\vm\prims\jvm.cpp, line 1386]
Event: 4.298 Thread 0x0000000001fda000 Exception <a 'java/security/PrivilegedActionException'> (0x000000076b13f5c0) thrown at [D:\re\puppet\workspace\8-2-build-windows-amd64-cygwin\jdk8u73\6086\hotspot\src\share\vm\prims\jvm.cpp, line 1386]
Event: 4.298 Thread 0x0000000001fda000 Exception <a 'java/security/PrivilegedActionException'> (0x000000076b13f9b8) thrown at [D:\re\puppet\workspace\8-2-build-windows-amd64-cygwin\jdk8u73\6086\hotspot\src\share\vm\prims\jvm.cpp, line 1386]
Event: 4.794 Thread 0x0000000001fda000 Exception <a 'java/security/PrivilegedActionException'> (0x000000076b1c8a50) thrown at [D:\re\puppet\workspace\8-2-build-windows-amd64-cygwin\jdk8u73\6086\hotspot\src\share\vm\prims\jvm.cpp, line 1386]
Event: 4.794 Thread 0x0000000001fda000 Exception <a 'java/security/PrivilegedActionException'> (0x000000076b1c8e48) thrown at [D:\re\puppet\workspace\8-2-build-windows-amd64-cygwin\jdk8u73\6086\hotspot\src\share\vm\prims\jvm.cpp, line 1386]
Event: 4.813 Thread 0x0000000001fda000 Exception <a 'java/security/PrivilegedActionException'> (0x000000076b1d7520) thrown at [D:\re\puppet\workspace\8-2-build-windows-amd64-cygwin\jdk8u73\6086\hotspot\src\share\vm\prims\jvm.cpp, line 1386]
Event: 4.813 Thread 0x0000000001fda000 Exception <a 'java/security/PrivilegedActionException'> (0x000000076b1d7918) thrown at [D:\re\puppet\workspace\8-2-build-windows-amd64-cygwin\jdk8u73\6086\hotspot\src\share\vm\prims\jvm.cpp, line 1386]

Events (10 events):
Event: 5.718 loading class org/apache/xerces/xni/parser/XMLComponent
Event: 5.718 loading class org/apache/xerces/xni/parser/XMLComponent done
Event: 5.719 loading class org/apache/xerces/xni/parser/XMLDTDScanner
Event: 5.719 loading class org/apache/xerces/xni/parser/XMLDTDScanner done
Event: 5.719 loading class org/apache/xerces/xni/parser/XMLDTDSource
Event: 5.719 loading class org/apache/xerces/xni/parser/XMLDTDSource done
Event: 5.720 loading class org/apache/xerces/xni/parser/XMLDTDContentModelSource
Event: 5.720 loading class org/apache/xerces/xni/parser/XMLDTDContentModelSource done
Event: 6.204 loading class org/apache/xerces/xni/parser/XMLDocumentScanner
Event: 6.204 loading class org/apache/xerces/xni/parser/XMLDocumentScanner done


Dynamic libraries:
0x000000013f530000 - 0x000000013f567000 	E:\Java\jdk1.8.0_73\bin\java.exe
0x0000000077690000 - 0x000000007783a000 	C:\Windows\SYSTEM32\ntdll.dll
0x0000000077470000 - 0x000000007758f000 	C:\Windows\system32\kernel32.dll
0x000007fefd400000 - 0x000007fefd46a000 	C:\Windows\system32\KERNELBASE.dll
0x000007fefdf10000 - 0x000007fefdfeb000 	C:\Windows\system32\ADVAPI32.dll
0x000007feff680000 - 0x000007feff71f000 	C:\Windows\system32\msvcrt.dll
0x000007fefdb00000 - 0x000007fefdb1f000 	C:\Windows\SYSTEM32\sechost.dll
0x000007feff550000 - 0x000007feff67d000 	C:\Windows\system32\RPCRT4.dll
0x0000000077590000 - 0x000000007768a000 	C:\Windows\system32\USER32.dll
0x000007fefdc30000 - 0x000007fefdc97000 	C:\Windows\system32\GDI32.dll
0x000007feff080000 - 0x000007feff08e000 	C:\Windows\system32\LPK.dll
0x000007feff130000 - 0x000007feff1fa000 	C:\Windows\system32\USP10.dll
0x000007fefbbc0000 - 0x000007fefbdb4000 	C:\Windows\WinSxS\amd64_microsoft.windows.common-controls_6595b64144ccf1df_6.0.7601.18837_none_fa3b1e3d17594757\COMCTL32.dll
0x000007feff200000 - 0x000007feff271000 	C:\Windows\system32\SHLWAPI.dll
0x000007fefd2b0000 - 0x000007fefd307000 	C:\Windows\system32\apphelp.dll
0x000007fef76a0000 - 0x000007fef78a0000 	C:\Windows\AppPatch\AppPatch64\EMET64.dll
0x000007fefed80000 - 0x000007fefedae000 	C:\Windows\system32\IMM32.DLL
0x000007fefdb20000 - 0x000007fefdc29000 	C:\Windows\system32\MSCTF.dll
0x000007fee8530000 - 0x000007fee85d7000 	C:\Program Files\McAfee\Host Intrusion Prevention\HcApi.dll
0x0000000071250000 - 0x000000007125c000 	C:\Program Files\McAfee\Host Intrusion Prevention\HcThe.dll
0x00000000729b0000 - 0x0000000072a82000 	E:\Java\jdk1.8.0_73\jre\bin\msvcr100.dll
0x0000000067a50000 - 0x00000000682e0000 	E:\Java\jdk1.8.0_73\jre\bin\server\jvm.dll
0x000007fef9bf0000 - 0x000007fef9bf9000 	C:\Windows\system32\WSOCK32.dll
0x000007feff930000 - 0x000007feff97d000 	C:\Windows\system32\WS2_32.dll
0x000007fefee30000 - 0x000007fefee38000 	C:\Windows\system32\NSI.dll
0x000007fef8d90000 - 0x000007fef8dcb000 	C:\Windows\system32\WINMM.dll
0x000007fefc480000 - 0x000007fefc48c000 	C:\Windows\system32\VERSION.dll
0x0000000077850000 - 0x0000000077857000 	C:\Windows\system32\PSAPI.DLL
0x0000000072bb0000 - 0x0000000072bbf000 	E:\Java\jdk1.8.0_73\jre\bin\verify.dll
0x0000000072980000 - 0x00000000729a9000 	E:\Java\jdk1.8.0_73\jre\bin\java.dll
0x0000000071280000 - 0x0000000071296000 	E:\Java\jdk1.8.0_73\jre\bin\zip.dll
0x000007fefdff0000 - 0x000007fefed7a000 	C:\Windows\system32\SHELL32.dll
0x000007feff720000 - 0x000007feff923000 	C:\Windows\system32\ole32.dll
0x000007fefd3c0000 - 0x000007fefd3cf000 	C:\Windows\system32\profapi.dll

VM Arguments:
java_command: com.teradata.xcore.net.Poster http://10.138.21.18:14444 //10.138.21.18/Teradata/MDM/3.05.02/custom/pngrelease3/bin/pngMDM_Trillium_CPUUtil_PRT.xml
java_class_path (initial): bin;.;../../..\lib\commons-dbcp2-2.1.jar;../../..\lib\commons-pool2-2.3.jar;;../../..\custom\pngrelease3;../../..\custom\pngrelease3\cfg;../../..\custom\pngrelease3\cfg\properties;../../..\lib\override;../../..\lib\bpe-util.jar;../../..\lib\mdm-server.jar;../../..\lib\bpe-tools.jar;../../..\lib\bpe-mcore.jar;../../..\custom\pngrelease3\cfg;../../..\custom\pngrelease3\cfg\properties;../../..\custom\pngrelease3\cfg\xservice\png;../../..\custom\pngrelease3\cfg\xservice\png\mdm_setup;../../..\cfg\properties;../../..\cfg\xservice\toolkit;../../..\cfg\xservice\toolkit\mdm_setup;../../..\cfg;../../..\lib;../../..\lib\bpe-server.jar;../../..\lib\bpe-services.jar;;../../..\lib\xercesImpl.jar;../../..\lib\xml-apis.jar;../../..\lib\serializer.jar;../../..\lib\xalan.jar;../../..\lib\jdom.jar;../../..\lib\commons-codec-1.10.jar;../../..\lib\commons-httpclient-3.1.jar;../../..\lib\not-yet-commons-ssl.jar;../../..\lib\wsdl4j.jar;../../..\lib\xmlsec.jar;../../..\lib\opensaml.jar;../../..\lib\wss4j.jar;../../..\lib\httpclient.jar;../../..\lib\httpcore.jar;../../..\lib\axiom-api.jar;;../../..\lib\mail.jar;../../..\lib\activation.jar;../../..\lib\jdbc2_0-stdext.jar;../../..\lib\terajdbc4.jar;../../..\lib\tdgssconfig.jar;../../..\lib\bpe-util.jar;../../..\lib\bcm_xservice.jar;../../..\lib\jcert.jar;../../..\web\mdmclient\WEB-INF\bcm\cfg\properties;../../..\web\mdmclient\WEB-INF\bcm\cfg;../../..\web\mdmclient\WEB-INF\lib\bpe-x2.jar;../../..\web\mdmclient\WEB-INF\classes;../../..\web\mdmclient\WEB-INF\lib\log4j.jar;;../../..\lib\poi-3.10.1-20140818.jar;../../..\lib\commons-fileupload.jar;../../..\lib\commons-logging.jar;../../..\lib\poi-ooxml-3.10.1-20140818.jar;../../..\lib\poi-ooxml-schemas-3.10.1-20140818.jar;../../..\lib\poi-scratchpad-3.10.1-20140818.jar;../../..\lib\poi-excelant-3.10.1-20140818.jar;../../..\lib\dom4j.jar;../../..\lib\geronimo-stax-api_1.0_spec.jar;../../..\lib\xmlbeans.jar; ;"E:\Java\jdk1.8.0_73"\lib\tools.jar;../../..\lib\jms.jar;../..
Launcher Type: SUN_STANDARD

Environment Variables:
JAVA_HOME="E:\Java\jdk1.8.0_73"
PATH="E:\Java\jdk1.8.0_73"\bin;"E:\Java\jdk1.8.0_73"\bin;C:\ProgramData\Oracle\Java\javapath;C:\Program Files (x86)\Teradata\Teradata Performance Monitor Object 15.00\;C:\Program Files\Teradata\client\15.00\Teradata Parallel Transporter\bin64;C:\Program Files\Teradata\client\15.00\Teradata Parallel Transporter\msg64;C:\Program Files (x86)\Teradata\client\15.00\Teradata Parallel Transporter\bin;C:\Program Files (x86)\Teradata\client\15.00\Teradata Parallel Transporter\msg;C:\Program Files\Teradata\Client\15.00\bin;C:\Program Files (x86)\Teradata\Client\15.00\bin;C:\Program Files\Teradata\Client\15.00\ODBC Driver for Teradata nt-x8664\Lib;C:\Program Files (x86)\Teradata\Client\15.00\ODBC Driver for Teradata\Lib;C:\Program Files\Teradata\Client\15.00\bin\;C:\Program Files (x86)\Teradata\Client\15.00\bin\;C:\Program Files (x86)\Teradata\Client\13.10\bin\;C:\Windows\system32;C:\Windows;C:\Windows\system32\wbem;C:\Windows\system32\windowspowershell\v1.0\;D:\SVVSTools;C:\Windows\System32\WindowsPowerShell\v1.0\;C:\Program Files (x86)\Java\jre1.6.0\bin;C:\usr\local\monitor\c\bin;C:\usr\local\monitor\perl\site\bin;C:\usr\local\monitor\perl\bin;C:\Program Files\McAfee\Solidcore\Tools\GatherInfo;C:\Program Files\McAfee\Solidcore\Tools\Scanalyzer;C:\Program Files\McAfee\Solidcore\;C:\Program Files\McAfee\Solidcore\Tools\ScGetCerts;E:\ScheduleIn\Agent\bin
USERNAME=S606878_Admin
OS=Windows_NT
PROCESSOR_IDENTIFIER=Intel64 Family 6 Model 63 Stepping 2, GenuineIntel



---------------  S Y S T E M  ---------------

OS: Windows Server 2008 R2 , 64 bit Build 7601 (6.1.7601.23572)

CPU:total 4 (1 cores per cpu, 1 threads per core) family 6 model 63 stepping 2, cmov, cx8, fxsr, mmx, sse, sse2, sse3, ssse3, sse4.1, sse4.2, popcnt, avx, aes, clmul, tsc, tscinvbit

Memory: 4k page, physical 16776696k(7725360k free), swap 20969140k(4428k free)

vm_info: Java HotSpot(TM) 64-Bit Server VM (25.73-b02) for windows-amd64 JRE (1.8.0_73-b02), built on Jan 29 2016 17:38:49 by "java_re" with MS VC++ 10.0 (VS2010)

time: Mon Feb 27 21:42:18 2017
elapsed time: 6 seconds (0d 0h 0m 6s)

