JvmtiExport can_access_local_variables 0
JvmtiExport can_hotswap_or_post_breakpoint 0
JvmtiExport can_post_on_exceptions 0
# 207 ciObject found
ciMethod java/lang/Object <init> ()V 4097 1 30192 0 0
ciMethod java/lang/String <init> ([CII)V 4097 1 5729 0 -1
ciMethod java/lang/String <init> ([CZ)V 2073 1 1874 0 0
ciMethod java/lang/String length ()I 4097 1 36426 0 0
ciMethod java/lang/String charAt (I)C 4097 1 103197 0 160
ciMethod java/lang/String codePointAt (I)I 0 0 1 0 -1
ciMethod java/lang/String equalsIgnoreCase (Ljava/lang/String;)Z 393 1 1064 0 -1
ciMethod java/lang/String regionMatches (ZILjava/lang/String;II)Z 2105 401 5524 0 1952
ciMethod java/lang/String startsWith (Ljava/lang/String;I)Z 2049 1113 6614 0 416
ciMethod java/lang/String startsWith (Ljava/lang/String;)Z 2617 1 25647 0 0
ciMethod java/lang/String endsWith (Ljava/lang/String;)Z 2073 1 12152 0 -1
ciMethod java/lang/String indexOf (I)I 4097 1 11755 0 -1
ciMethod java/lang/String indexOf (II)I 1897 49153 850 0 352
ciMethod java/lang/String indexOfSupplementary (II)I 0 0 1 0 -1
ciMethod java/lang/String lastIndexOf (I)I 2057 1 6262 0 -1
ciMethod java/lang/String lastIndexOf (II)I 1001 41041 2143 0 -1
ciMethod java/lang/String indexOf (Ljava/lang/String;)I 2105 1 8184 0 -1
ciMethod java/lang/String indexOf (Ljava/lang/String;I)I 2057 1 13587 0 -1
ciMethod java/lang/String substring (I)Ljava/lang/String; 737 1 360 0 -1
ciMethod java/lang/String substring (II)Ljava/lang/String; 2049 1 5408 0 928
ciMethod java/lang/String replace (CC)Ljava/lang/String; 1601 50233 1139 0 1152
ciMethod java/lang/String toLowerCase (Ljava/util/Locale;)Ljava/lang/String; 1729 16441 484 0 0
ciMethod java/lang/String toLowerCase ()Ljava/lang/String; 1473 1 385 0 0
ciMethod java/lang/String trim ()Ljava/lang/String; 2057 3457 449 0 -1
ciMethod java/lang/Class forName (Ljava/lang/String;)Ljava/lang/Class; 89 1 11 0 -1
ciMethod java/lang/Class newInstance ()Ljava/lang/Object; 233 1 29 0 -1
ciMethod java/lang/ClassLoader loadClass (Ljava/lang/String;)Ljava/lang/Class; 2049 1 335 0 -1
ciMethod java/lang/ClassLoader getSystemClassLoader ()Ljava/lang/ClassLoader; 105 1 13 0 -1
ciMethod java/lang/System getSecurityManager ()Ljava/lang/SecurityManager; 3073 1 4352 0 -1
ciMethod java/lang/System arraycopy (Ljava/lang/Object;ILjava/lang/Object;II)V 20481 1 2560 0 -1
ciMethod java/util/Hashtable get (Ljava/lang/Object;)Ljava/lang/Object; 2049 961 389 0 -1
ciMethod java/util/Hashtable put (Ljava/lang/Object;Ljava/lang/Object;)Ljava/lang/Object; 1449 593 181 0 -1
ciMethod java/lang/StringBuilder <init> ()V 3361 1 6512 0 -1
ciMethod java/lang/StringBuilder append (Ljava/lang/String;)Ljava/lang/StringBuilder; 4097 1 18239 0 -1
ciMethod java/lang/StringBuilder toString ()Ljava/lang/String; 3361 1 6521 0 -1
ciMethod java/net/URL <init> (Ljava/net/URL;Ljava/lang/String;Ljava/net/URLStreamHandler;)V 2065 4209 5378 0 -1
ciMethod java/net/URL isValidProtocol (Ljava/lang/String;)Z 1 1 1 0 0
ciMethod java/net/URL checkSpecifyHandler (Ljava/lang/SecurityManager;)V 0 0 1 0 -1
ciMethod java/net/URL getQuery ()Ljava/lang/String; 1153 1 144 0 -1
ciMethod java/net/URL getPath ()Ljava/lang/String; 1177 1 147 0 -1
ciMethod java/net/URL getUserInfo ()Ljava/lang/String; 1041 1 130 0 -1
ciMethod java/net/URL getAuthority ()Ljava/lang/String; 1225 1 153 0 -1
ciMethod java/net/URL getPort ()I 1105 1 138 0 -1
ciMethod java/net/URL getProtocol ()Ljava/lang/String; 1025 1 128 0 -1
ciMethod java/net/URL getHost ()Ljava/lang/String; 1073 1 134 0 -1
ciMethod java/net/URL getRef ()Ljava/lang/String; 1209 1 151 0 -1
ciMethod java/net/URL getURLStreamHandler (Ljava/lang/String;)Ljava/net/URLStreamHandler; 697 9 96 0 0
ciMethod java/lang/Character charCount (I)I 17 1 34 0 -1
ciMethod java/lang/Character toChars (I[CI)I 0 0 1 0 -1
ciMethod java/lang/Character toChars (I)[C 0 0 1 0 -1
ciMethod java/lang/Character isLetter (C)Z 9 1 1 0 -1
ciMethod java/lang/Character isLetterOrDigit (C)Z 25 1 3 0 -1
ciMethod java/lang/Character toLowerCase (C)C 3089 1 7201 0 0
ciMethod java/lang/Character toLowerCase (I)I 4097 1 11479 0 0
ciMethod java/lang/Character toUpperCase (C)C 2081 1 7382 0 0
ciMethod java/lang/Character toUpperCase (I)I 2081 1 7382 0 0
ciMethod java/lang/Integer parseInt (Ljava/lang/String;)I 0 0 4 0 -1
ciMethod java/security/AccessController doPrivileged (Ljava/security/PrivilegedAction;)Ljava/lang/Object; 1329 1 166 0 -1
ciMethod sun/security/action/GetPropertyAction <init> (Ljava/lang/String;Ljava/lang/String;)V 105 1 13 0 -1
ciMethodData java/lang/Object <init> ()V 2 30192 orig 264 168 161 183 104 0 0 0 0 128 4 77 27 0 0 0 0 32 1 0 0 0 0 0 0 0 0 0 0 0 0 0 0 0 0 0 0 0 0 0 0 0 0 0 0 0 0 0 0 0 0 0 0 0 0 0 0 0 0 0 0 0 0 0 0 0 0 0 0 0 0 0 0 0 0 0 0 0 0 0 0 77 68 79 32 101 120 116 114 97 32 100 97 116 97 32 108 111 99 107 0 0 0 0 0 0 0 0 0 0 0 0 0 0 0 0 0 0 0 0 0 0 0 0 0 0 0 0 0 0 0 0 0 0 0 0 0 0 0 0 0 0 0 0 0 0 0 0 0 0 0 0 0 0 0 0 0 0 0 0 0 0 0 0 0 0 0 0 0 0 0 0 0 0 0 0 0 0 0 0 0 0 0 0 0 1 0 0 0 0 0 0 0 1 0 0 0 0 0 0 0 1 0 0 0 0 0 0 0 0 0 0 0 0 0 0 0 0 2 0 0 129 159 3 0 1 0 0 0 0 0 0 0 0 0 0 0 2 0 0 0 0 0 3 0 1 0 0 0 0 0 0 0 255 255 255 255 0 0 0 0 0 0 0 0 data 0 oops 0
ciMethod java/net/URLStreamHandlerFactory createURLStreamHandler (Ljava/lang/String;)Ljava/net/URLStreamHandler; 0 0 1 0 -1
ciMethod java/util/StringTokenizer <init> (Ljava/lang/String;Ljava/lang/String;)V 33 1 4 0 -1
ciMethod java/util/StringTokenizer hasMoreTokens ()Z 2161 1 399 0 -1
ciMethod java/util/StringTokenizer nextToken ()Ljava/lang/String; 3153 1 394 0 -1
ciMethod java/util/Locale getDefault ()Ljava/util/Locale; 1473 1 388 0 0
ciMethod java/util/Locale getLanguage ()Ljava/lang/String; 289 1 127 0 -1
ciMethod java/lang/CharacterData toLowerCase (I)I 0 0 1 0 -1
ciMethod java/lang/CharacterData toUpperCase (I)I 0 0 1 0 -1
ciMethod java/lang/CharacterData of (I)Ljava/lang/CharacterData; 4097 1 5632 0 96
ciMethod java/lang/CharacterDataLatin1 getProperties (I)I 4097 1 13404 0 0
ciMethod java/lang/CharacterDataLatin1 toLowerCase (I)I 4097 1 5664 0 160
ciMethod java/lang/CharacterDataLatin1 toUpperCase (I)I 3169 1 5850 0 160
ciMethodData java/lang/String charAt (I)C 2 103197 orig 264 168 161 183 104 0 0 0 0 104 61 77 27 0 0 0 0 120 1 0 0 32 0 0 0 0 0 0 0 0 0 0 0 0 0 0 0 0 0 0 0 0 0 0 0 0 0 0 0 0 0 0 0 0 0 0 0 0 0 0 0 0 0 0 0 0 0 0 0 0 0 0 0 0 0 0 0 0 0 0 0 77 68 79 32 101 120 116 114 97 32 100 97 116 97 32 108 111 99 107 0 0 0 0 0 0 0 0 0 0 0 0 0 0 0 0 0 0 0 0 0 0 0 0 0 0 0 0 0 0 0 0 0 0 0 0 0 0 0 0 0 0 0 0 0 0 0 0 0 0 0 0 0 0 0 0 0 0 0 0 0 0 0 0 0 0 0 0 0 0 0 0 0 0 0 0 0 0 0 0 0 0 0 0 0 25 0 0 0 0 0 0 0 0 0 0 0 0 0 0 0 1 0 0 0 0 0 0 0 0 0 0 0 0 0 0 0 0 2 0 0 233 136 12 0 1 0 0 0 0 0 0 0 0 0 0 0 2 0 0 0 0 0 0 0 0 0 0 0 80 0 0 0 255 255 255 255 7 0 1 0 0 0 0 0 data 10 0x10007 0x0 0x40 0x1911d 0xa0007 0x1911d 0x30 0x0 0x120002 0x0 oops 0
ciMethodData java/lang/Character toLowerCase (I)I 2 11479 orig 264 168 161 183 104 0 0 0 0 16 162 86 27 0 0 0 0 136 1 0 0 0 0 0 0 0 0 0 0 0 0 0 0 0 0 0 0 0 0 0 0 0 0 0 0 0 0 0 0 0 0 0 0 0 0 0 0 0 0 0 0 0 0 0 0 0 0 0 0 0 0 0 0 0 0 0 0 0 0 0 0 77 68 79 32 101 120 116 114 97 32 100 97 116 97 32 108 111 99 107 0 0 0 0 0 0 0 0 0 0 0 0 0 0 0 0 0 0 0 0 0 0 0 0 0 0 0 0 0 0 0 0 0 0 0 0 0 0 0 0 0 0 0 0 0 0 0 0 0 0 0 0 0 0 0 0 0 0 0 0 0 0 0 0 0 0 0 0 0 0 0 0 0 0 0 0 0 0 0 0 0 0 0 0 0 0 0 0 0 0 0 0 0 0 0 0 0 0 0 0 0 0 0 0 0 0 0 0 0 0 0 0 0 0 0 0 0 0 2 0 0 185 86 1 0 1 0 0 0 0 0 0 0 0 0 0 0 2 0 0 0 0 0 3 0 2 0 0 0 64 0 0 0 255 255 255 255 2 0 1 0 0 0 0 0 data 8 0x10002 0x2ad7 0x50005 0x0 0x1d55f6b0 0x2ad7 0x0 0x0 oops 1