JvmtiExport can_access_local_variables 0
JvmtiExport can_hotswap_or_post_breakpoint 0
JvmtiExport can_post_on_exceptions 0
# 166 ciObject found
ciMethod java/lang/Object <init> ()V 4097 1 5450 0 -1
ciMethod java/lang/String <init> ([CII)V 4097 1 2094 0 -1
ciMethod java/lang/String length ()I 4097 1 5830 0 -1
ciMethod java/lang/String charAt (I)C 4097 1 22312 0 -1
ciMethod java/lang/String startsWith (Ljava/lang/String;I)Z 2049 1113 3112 0 -1
ciMethod java/lang/String startsWith (Ljava/lang/String;)Z 2297 1 2071 0 -1
ciMethod java/lang/String endsWith (Ljava/lang/String;)Z 2057 1 1041 0 -1
ciMethod java/lang/String indexOf (I)I 4097 1 1428 0 -1
ciMethod java/lang/String indexOf (II)I 1897 49153 846 0 -1
ciMethod java/lang/String lastIndexOf (I)I 2057 1 610 0 -1
ciMethod java/lang/String lastIndexOf (II)I 1009 41441 626 0 -1
ciMethod java/lang/String indexOf (Ljava/lang/String;)I 2049 1 648 0 -1
ciMethod java/lang/String indexOf (Ljava/lang/String;I)I 2057 1 1274 0 -1
ciMethod java/lang/String indexOf ([CII[CIII)I 1609 49153 892 0 -1
ciMethod java/lang/String substring (I)Ljava/lang/String; 705 1 88 0 -1
ciMethod java/lang/String substring (II)Ljava/lang/String; 2993 1 1452 0 -1
ciMethod java/lang/AbstractStringBuilder <init> (I)V 3905 1 1086 0 -1
ciMethod java/lang/AbstractStringBuilder append (Ljava/lang/String;)Ljava/lang/AbstractStringBuilder; 4097 1 2334 0 -1
ciMethod java/lang/AbstractStringBuilder append (I)Ljava/lang/AbstractStringBuilder; 0 0 1 0 -1
ciMethod java/lang/StringBuilder <init> ()V 3361 1 933 0 -1
ciMethod java/lang/StringBuilder append (Ljava/lang/String;)Ljava/lang/StringBuilder; 4097 1 2226 0 -1
ciMethod java/lang/StringBuilder append (I)Ljava/lang/StringBuilder; 0 0 1 0 -1
ciMethod java/lang/StringBuilder toString ()Ljava/lang/String; 3361 1 934 0 -1
ciMethod java/net/URL getQuery ()Ljava/lang/String; 1025 1 128 0 -1
ciMethod java/net/URL getPath ()Ljava/lang/String; 1033 1 129 0 -1
ciMethod java/net/URL getUserInfo ()Ljava/lang/String; 1025 1 128 0 -1
ciMethod java/net/URL getAuthority ()Ljava/lang/String; 1025 1 128 0 -1
ciMethod java/net/URL getPort ()I 1025 1 128 0 -1
ciMethod java/net/URL getProtocol ()Ljava/lang/String; 1049 1 131 0 -1
ciMethod java/net/URL getHost ()Ljava/lang/String; 1073 1 134 0 -1
ciMethod java/net/URL getRef ()Ljava/lang/String; 1025 1 128 0 -1
ciMethod java/lang/Integer parseInt (Ljava/lang/String;I)I 0 0 1 0 -1
ciMethod java/lang/Integer parseInt (Ljava/lang/String;)I 0 0 1 0 -1
ciMethodData java/lang/Object <init> ()V 2 5450 orig 264 168 161 2 104 0 0 0 0 128 4 110 27 0 0 0 0 32 1 0 0 0 0 0 0 0 0 0 0 0 0 0 0 0 0 0 0 0 0 0 0 0 0 0 0 0 0 0 0 0 0 0 0 0 0 0 0 0 0 0 0 0 0 0 0 0 0 0 0 0 0 0 0 0 0 0 0 0 0 0 0 77 68 79 32 101 120 116 114 97 32 100 97 116 97 32 108 111 99 107 0 0 0 0 0 0 0 0 0 0 0 0 0 0 0 0 0 0 0 0 0 0 0 0 0 0 0 0 0 0 0 0 0 0 0 0 0 0 0 0 0 0 0 0 0 0 0 0 0 0 0 0 0 0 0 0 0 0 0 0 0 0 0 0 0 0 0 0 0 0 0 0 0 0 0 0 0 0 0 0 0 0 0 0 0 0 0 0 0 0 0 0 0 0 0 0 0 0 0 0 0 0 0 0 0 0 0 0 0 0 0 0 0 0 0 0 0 0 2 0 0 81 154 0 0 1 0 0 0 0 0 0 0 0 0 0 0 2 0 0 0 0 0 3 0 1 0 0 0 0 0 0 0 255 255 255 255 0 0 0 0 0 0 0 0 data 0 oops 0
ciMethod java/lang/IllegalArgumentException <init> (Ljava/lang/String;)V 0 0 1 0 -1
ciMethodData java/lang/String charAt (I)C 2 22312 orig 264 168 161 2 104 0 0 0 0 104 61 110 27 0 0 0 0 120 1 0 0 32 0 0 0 0 0 0 0 0 0 0 0 0 0 0 0 0 0 0 0 0 0 0 0 0 0 0 0 0 0 0 0 0 0 0 0 0 0 0 0 0 0 0 0 0 0 0 0 0 0 0 0 0 0 0 0 0 0 0 0 77 68 79 32 101 120 116 114 97 32 100 97 116 97 32 108 111 99 107 0 0 0 0 0 0 0 0 0 0 0 0 0 0 0 0 0 0 0 0 0 0 0 0 0 0 0 0 0 0 0 0 0 0 0 0 0 0 0 0 0 0 0 0 0 0 0 0 0 0 0 0 0 0 0 0 0 0 0 0 0 0 0 0 0 0 0 0 0 0 0 0 0 0 0 0 0 0 0 0 0 0 0 0 0 0 0 0 0 0 0 0 0 0 0 0 0 0 0 0 0 0 0 0 0 0 0 0 0 0 0 0 0 0 0 0 0 0 2 0 0 65 169 2 0 1 0 0 0 0 0 0 0 0 0 0 0 2 0 0 0 0 0 0 0 0 0 0 0 80 0 0 0 255 255 255 255 7 0 1 0 0 0 0 0 data 10 0x10007 0x0 0x40 0x5528 0xa0007 0x5528 0x30 0x0 0x120002 0x0 oops 0
ciMethod java/net/URLStreamHandler parseURL (Ljava/net/URL;Ljava/lang/String;II)V 2081 1 388 0 -1
ciMethod java/net/URLStreamHandler setURL (Ljava/net/URL;Ljava/lang/String;Ljava/lang/String;ILjava/lang/String;Ljava/lang/String;Ljava/lang/String;Ljava/lang/String;Ljava/lang/String;)V 3081 1 424 0 -1
ciMethodData java/lang/String indexOf ([CII[CIII)I 2 43058 orig 264 168 161 2 104 0 0 0 0 144 87 110 27 0 0 0 0 56 3 0 0 120 0 0 0 0 0 0 0 0 0 0 0 0 0 0 0 0 0 0 0 0 0 0 0 0 0 0 0 0 0 0 0 0 0 0 0 0 0 0 0 0 0 0 0 0 0 0 0 0 0 0 0 0 0 0 0 0 0 0 0 77 68 79 32 101 120 116 114 97 32 100 97 116 97 32 108 111 99 107 0 0 0 0 0 0 0 0 0 0 0 0 0 0 0 0 0 0 0 0 0 0 0 0 0 0 0 0 0 0 0 0 0 0 0 0 0 0 0 0 0 0 0 0 0 0 0 0 0 0 0 0 0 0 0 0 0 0 0 0 0 0 0 0 0 0 0 0 0 0 0 0 0 0 0 0 0 0 0 0 0 0 0 0 0 0 0 0 0 0 0 0 0 0 0 0 0 0 0 0 0 0 0 0 0 0 0 0 0 0 0 0 0 0 0 0 0 0 24 0 0 153 21 0 0 145 129 4 0 0 0 0 0 0 0 0 0 2 0 0 0 3 0 35 0 2 0 0 0 224 1 0 0 255 255 255 255 7 0 3 0 0 0 0 0 data 60 0x30007 0x2b2 0x58 0x1 0x80007 0x1 0x38 0x0 0xc0003 0x0 0x18 0x130007 0x2b2 0x20 0x0 0x1b0007 0x2b2 0x20 0x0 0x390007 0x29e 0x148 0x1708 0x420007 0x21d 0x78 0x14eb 0x4c0007 0x29e 0x58 0x8b68 0x550007 0x124d 0x38 0x791b 0x580003 0x791b 0xffffffffffffffc0 0x5f0007 0x29e 0x98 0x146a 0x7b0007 0x14 0x58 0x1456 0x860007 0x1456 0x38 0x0 0x8f0003 0x0 0xffffffffffffffc0 0x960007 0x1456 0x20 0x14 0xa10003 0x16f4 0xfffffffffffffed0 oops 0
ciMethodData java/lang/String length ()I 2 5830 orig 264 168 161 2 104 0 0 0 0 24 60 110 27 0 0 0 0 32 1 0 0 0 0 0 0 0 0 0 0 0 0 0 0 0 0 0 0 0 0 0 0 0 0 0 0 0 0 0 0 0 0 0 0 0 0 0 0 0 0 0 0 0 0 0 0 0 0 0 0 0 0 0 0 0 0 0 0 0 0 0 0 77 68 79 32 101 120 116 114 97 32 100 97 116 97 32 108 111 99 107 0 0 0 0 0 0 0 0 0 0 0 0 0 0 0 0 0 0 0 0 0 0 0 0 0 0 0 0 0 0 0 0 0 0 0 0 0 0 0 0 0 0 0 0 0 0 0 0 0 0 0 0 0 0 0 0 0 0 0 0 0 0 0 0 0 0 0 0 0 0 0 0 0 0 0 0 0 0 0 0 0 0 0 0 0 0 0 0 0 0 0 0 0 0 0 0 0 0 0 0 0 0 0 0 0 0 0 0 0 0 0 0 0 0 0 0 0 0 2 0 0 49 166 0 0 1 0 0 0 0 0 0 0 0 0 0 0 2 0 0 0 0 0 3 0 1 0 0 0 0 0 0 0 255 255 255 255 0 0 0 0 0 0 0 0 data 0 oops 0
ciMethodData java/lang/String <init> ([CII)V 2 2094 orig 264 168 161 2 104 0 0 0 0 88 49 110 27 0 0 0 0 80 2 0 0 208 0 0 0 0 0 0 0 0 0 0 0 0 0 0 0 0 0 0 0 0 0 0 0 0 0 0 0 0 0 0 0 0 0 0 0 0 0 0 0 0 0 0 0 0 0 0 0 0 0 0 0 0 0 0 0 0 0 0 0 77 68 79 32 101 120 116 114 97 32 100 97 116 97 32 108 111 99 107 0 0 0 0 0 0 0 0 0 0 0 0 0 0 0 0 0 0 0 0 0 0 0 0 0 0 0 0 0 0 0 0 0 0 0 0 0 0 0 0 0 0 0 0 0 0 0 0 0 0 0 0 0 0 0 0 0 0 0 0 0 0 0 0 0 0 0 0 0 0 0 0 0 0 0 0 0 0 0 0 0 0 0 0 0 0 0 0 0 0 0 0 0 0 0 0 0 0 0 0 0 0 0 0 0 0 0 0 0 0 0 0 0 0 0 0 0 0 2 0 0 113 49 0 0 1 0 0 0 0 0 0 0 0 0 0 0 2 0 0 0 0 0 14 0 2 0 0 0 240 0 0 0 255 255 255 255 2 0 1 0 0 0 0 0 data 30 0x10002 0x62e 0x50007 0x62e 0x30 0x0 0xd0002 0x0 0x120007 0x62e 0x70 0x0 0x160007 0x0 0x30 0x0 0x1e0002 0x0 0x250007 0x0 0x20 0x0 0x370007 0x62e 0x30 0x0 0x410002 0x0 0x4b0002 0x62e oops 0
ciMethodData java/lang/String indexOf (II)I 2 30835 orig 264 168 161 2 104 0 0 0 0 48 81 110 27 0 0 0 0 16 2 0 0 88 0 0 0 0 0 0 0 0 0 0 0 0 0 0 0 0 0 0 0 0 0 0 0 0 0 0 0 0 0 0 0 0 0 0 0 0 0 0 0 0 0 0 0 0 0 0 0 0 0 0 0 0 0 0 0 0 0 0 0 77 68 79 32 101 120 116 114 97 32 100 97 116 97 32 108 111 99 107 0 0 0 0 0 0 0 0 0 0 0 0 0 0 0 0 0 0 0 0 0 0 0 0 0 0 0 0 0 0 0 0 0 0 0 0 0 0 0 0 0 0 0 0 0 0 0 0 0 0 0 0 0 0 0 0 0 0 0 0 0 0 0 0 0 0 0 0 0 0 0 0 0 0 0 0 0 0 0 0 0 0 0 0 0 0 0 0 0 0 0 0 0 0 0 0 0 0 0 0 0 0 0 0 0 0 0 0 0 0 0 0 0 0 0 0 0 0 24 0 0 9 19 0 0 153 3 3 0 0 0 0 0 0 0 0 0 2 0 0 0 1 0 15 0 2 0 0 0 224 0 0 0 255 255 255 255 7 0 7 0 0 0 0 0 data 28 0x70007 0x261 0x38 0x0 0xc0003 0x0 0x38 0x110007 0x233 0x20 0x2e 0x190007 0x0 0x78 0x233 0x280007 0x18b 0x58 0x610b 0x310007 0x6063 0x20 0xa8 0x3a0003 0x6063 0xffffffffffffffc0 0x420002 0x0 oops 0
ciMethodData java/lang/StringBuilder append (Ljava/lang/String;)Ljava/lang/StringBuilder; 2 2226 orig 264 168 161 2 104 0 0 0 0 56 120 117 27 0 0 0 0 56 1 0 0 0 0 0 0 0 0 0 0 0 0 0 0 0 0 0 0 0 0 0 0 0 0 0 0 0 0 0 0 0 0 0 0 0 0 0 0 0 0 0 0 0 0 0 0 0 0 0 0 0 0 0 0 0 0 0 0 0 0 0 0 77 68 79 32 101 120 116 114 97 32 100 97 116 97 32 108 111 99 107 0 0 0 0 0 0 0 0 0 0 0 0 0 0 0 0 0 0 0 0 0 0 0 0 0 0 0 0 0 0 0 0 0 0 0 0 0 0 0 0 0 0 0 0 0 0 0 0 0 0 0 0 0 0 0 0 0 0 0 0 0 0 0 0 0 0 0 0 0 0 0 0 0 0 0 0 0 0 0 0 0 0 0 0 0 0 0 0 0 0 0 0 0 0 0 0 0 0 0 0 0 0 0 0 0 0 0 0 0 0 0 0 0 0 0 0 0 0 2 0 0 145 53 0 0 1 0 0 0 0 0 0 0 0 0 0 0 2 0 0 0 0 0 3 0 2 0 0 0 16 0 0 0 255 255 255 255 2 0 2 0 0 0 0 0 data 2 0x20002 0x6b2 oops 0
ciMethodData java/lang/AbstractStringBuilder append (Ljava/lang/String;)Ljava/lang/AbstractStringBuilder; 2 2334 orig 264 168 161 2 104 0 0 0 0 40 68 117 27 0 0 0 0 240 1 0 0 32 0 0 0 0 0 0 0 0 0 0 0 0 0 0 0 0 0 0 0 0 0 0 0 0 0 0 0 0 0 0 0 0 0 0 0 0 0 0 0 0 0 0 0 0 0 0 0 0 0 0 0 0 0 0 0 0 0 0 0 77 68 79 32 101 120 116 114 97 32 100 97 116 97 32 108 111 99 107 0 0 0 0 0 0 0 0 0 0 0 0 0 0 0 0 0 0 0 0 0 0 0 0 0 0 0 0 0 0 0 0 0 0 0 0 0 0 0 0 0 0 0 0 0 0 0 0 0 0 0 0 0 0 0 0 0 0 0 0 0 0 0 0 0 0 0 0 0 0 0 0 0 0 0 0 0 0 0 0 0 0 0 0 0 0 0 0 0 0 0 0 0 0 0 0 0 0 0 0 0 0 0 0 0 0 0 0 0 0 0 0 0 0 0 0 0 0 2 0 0 241 56 0 0 1 0 0 0 0 0 0 0 0 0 0 0 2 0 0 0 0 0 9 0 2 0 0 0 160 0 0 0 255 255 255 255 7 0 1 0 0 0 0 0 data 20 0x10007 0x71e 0x30 0x0 0x50002 0x0 0xa0005 0x102 0x2111e20 0x61c 0x0 0x0 0x150002 0x71e 0x230005 0x102 0x2111e20 0x61c 0x0 0x0 oops 2