JvmtiExport can_access_local_variables 0
JvmtiExport can_hotswap_or_post_breakpoint 0
JvmtiExport can_post_on_exceptions 0
# 213 ciObject found
ciMethod java/lang/Object <init> ()V 4097 1 32619 0 0
ciMethod java/lang/String <init> ([CII)V 4097 1 7538 0 -1
ciMethod java/lang/String <init> ([CZ)V 1785 1 1803 0 0
ciMethod java/lang/String length ()I 4097 1 36739 0 0
ciMethod java/lang/String charAt (I)C 4097 1 101796 0 160
ciMethod java/lang/String codePointAt (I)I 0 0 1 0 -1
ciMethod java/lang/String equalsIgnoreCase (Ljava/lang/String;)Z 409 1 1074 0 -1
ciMethod java/lang/String regionMatches (ZILjava/lang/String;II)Z 2049 401 5508 0 1952
ciMethod java/lang/String startsWith (Ljava/lang/String;I)Z 3081 5897 6659 0 416
ciMethod java/lang/String startsWith (Ljava/lang/String;)Z 2137 1 25809 0 384
ciMethod java/lang/String endsWith (Ljava/lang/String;)Z 2057 1 12287 0 -1
ciMethod java/lang/String indexOf (I)I 4097 1 11714 0 -1
ciMethod java/lang/String indexOf (II)I 1897 49153 843 0 352
ciMethod java/lang/String indexOfSupplementary (II)I 0 0 1 0 -1
ciMethod java/lang/String lastIndexOf (I)I 2057 1 6326 0 -1
ciMethod java/lang/String lastIndexOf (II)I 1025 42225 2188 0 -1
ciMethod java/lang/String indexOf (Ljava/lang/String;)I 2049 1 8279 0 -1
ciMethod java/lang/String indexOf (Ljava/lang/String;I)I 3249 1 13745 0 -1
ciMethod java/lang/String substring (I)Ljava/lang/String; 697 1 362 0 -1
ciMethod java/lang/String substring (II)Ljava/lang/String; 3073 1 7938 0 928
ciMethod java/lang/String replace (CC)Ljava/lang/String; 1025 31745 927 0 1152
ciMethod java/lang/String toLowerCase (Ljava/util/Locale;)Ljava/lang/String; 1729 16441 484 0 0
ciMethod java/lang/String toLowerCase ()Ljava/lang/String; 1473 1 385 0 0
ciMethod java/lang/String trim ()Ljava/lang/String; 2201 3873 459 0 -1
ciMethod java/lang/Class forName (Ljava/lang/String;)Ljava/lang/Class; 97 1 12 0 -1
ciMethod java/lang/Class newInstance ()Ljava/lang/Object; 265 1 33 0 -1
ciMethod java/lang/ClassLoader loadClass (Ljava/lang/String;)Ljava/lang/Class; 2049 1 340 0 -1
ciMethod java/lang/ClassLoader getSystemClassLoader ()Ljava/lang/ClassLoader; 129 1 16 0 -1
ciMethod java/lang/System getSecurityManager ()Ljava/lang/SecurityManager; 4097 1 4426 0 -1
ciMethod java/lang/System arraycopy (Ljava/lang/Object;ILjava/lang/Object;II)V 20481 1 2560 0 -1
ciMethod java/util/Hashtable get (Ljava/lang/Object;)Ljava/lang/Object; 2049 961 394 0 -1
ciMethod java/util/Hashtable put (Ljava/lang/Object;Ljava/lang/Object;)Ljava/lang/Object; 1465 593 183 0 -1
ciMethod java/lang/StringBuilder <init> ()V 3361 1 6576 0 -1
ciMethod java/lang/StringBuilder append (Ljava/lang/String;)Ljava/lang/StringBuilder; 4097 1 18429 0 -1
ciMethod java/lang/StringBuilder toString ()Ljava/lang/String; 3361 1 6585 0 -1
ciMethod java/net/URL <init> (Ljava/net/URL;Ljava/lang/String;Ljava/net/URLStreamHandler;)V 2201 4489 5440 0 -1
ciMethod java/net/URL isValidProtocol (Ljava/lang/String;)Z 1 1 1 0 0
ciMethod java/net/URL checkSpecifyHandler (Ljava/lang/SecurityManager;)V 0 0 1 0 -1
ciMethod java/net/URL getQuery ()Ljava/lang/String; 1025 1 128 0 -1
ciMethod java/net/URL getPath ()Ljava/lang/String; 1025 1 128 0 -1
ciMethod java/net/URL getUserInfo ()Ljava/lang/String; 1025 1 128 0 -1
ciMethod java/net/URL getAuthority ()Ljava/lang/String; 1025 1 128 0 -1
ciMethod java/net/URL getPort ()I 1025 1 128 0 -1
ciMethod java/net/URL getProtocol ()Ljava/lang/String; 1401 1 175 0 -1
ciMethod java/net/URL getHost ()Ljava/lang/String; 1073 1 134 0 -1
ciMethod java/net/URL getRef ()Ljava/lang/String; 1033 1 129 0 -1
ciMethod java/net/URL getURLStreamHandler (Ljava/lang/String;)Ljava/net/URLStreamHandler; 697 9 96 0 0
ciMethod java/lang/Character charCount (I)I 17 1 34 0 -1
ciMethod java/lang/Character toChars (I[CI)I 0 0 1 0 -1
ciMethod java/lang/Character toChars (I)[C 0 0 1 0 -1
ciMethod java/lang/Character isLetter (C)Z 9 1 1 0 -1
ciMethod java/lang/Character isLetterOrDigit (C)Z 25 1 3 0 -1
ciMethod java/lang/Character toLowerCase (C)C 4097 1 7183 0 0
ciMethod java/lang/Character toLowerCase (I)I 4097 1 11461 0 0
ciMethod java/lang/Character toUpperCase (C)C 2049 1 7364 0 0
ciMethod java/lang/Character toUpperCase (I)I 2049 1 7364 0 0
ciMethod java/lang/Integer parseInt (Ljava/lang/String;)I 0 0 5 0 -1
ciMethod java/security/AccessController doPrivileged (Ljava/security/PrivilegedAction;)Ljava/lang/Object; 1417 1 177 0 -1
ciMethod sun/security/action/GetPropertyAction <init> (Ljava/lang/String;Ljava/lang/String;)V 105 1 13 0 -1
ciMethodData java/lang/Object <init> ()V 2 32625 orig 264 168 161 41 105 0 0 0 0 128 4 92 27 0 0 0 0 32 1 0 0 0 0 0 0 0 0 0 0 0 0 0 0 0 0 0 0 0 0 0 0 0 0 0 0 0 0 0 0 0 0 0 0 0 0 0 0 0 0 0 0 0 0 0 0 0 0 0 0 0 0 0 0 0 0 0 0 0 0 0 0 77 68 79 32 101 120 116 114 97 32 100 97 116 97 32 108 111 99 107 0 0 0 0 0 0 0 0 0 0 0 0 0 0 0 0 0 0 0 0 0 0 0 0 0 0 0 0 0 0 0 0 0 0 0 0 0 0 0 0 0 0 0 0 0 0 0 0 0 0 0 0 0 0 0 0 0 0 0 0 0 0 0 0 0 0 0 0 0 0 0 0 0 0 0 0 0 0 0 0 0 0 0 0 0 1 0 0 0 0 0 0 0 1 0 0 0 0 0 0 0 1 0 0 0 0 0 0 0 0 0 0 0 0 0 0 0 0 2 0 0 137 235 3 0 1 0 0 0 0 0 0 0 0 0 0 0 2 0 0 0 0 0 3 0 1 0 0 0 0 0 0 0 255 255 255 255 0 0 0 0 0 0 0 0 data 0 oops 0
ciMethod java/net/URLStreamHandlerFactory createURLStreamHandler (Ljava/lang/String;)Ljava/net/URLStreamHandler; 0 0 1 0 -1
ciMethod java/util/StringTokenizer <init> (Ljava/lang/String;Ljava/lang/String;)V 33 1 4 0 -1
ciMethod java/util/StringTokenizer hasMoreTokens ()Z 3193 1 399 0 -1
ciMethod java/util/StringTokenizer nextToken ()Ljava/lang/String; 3153 1 394 0 -1
ciMethod java/util/Locale getDefault ()Ljava/util/Locale; 1473 1 389 0 0
ciMethod java/util/Locale getLanguage ()Ljava/lang/String; 289 1 127 0 -1
ciMethod java/lang/CharacterData toLowerCase (I)I 0 0 1 0 -1
ciMethod java/lang/CharacterData toUpperCase (I)I 0 0 1 0 -1
ciMethod java/lang/CharacterData of (I)Ljava/lang/CharacterData; 4097 1 5646 0 96
ciMethod java/lang/CharacterDataLatin1 getProperties (I)I 4097 1 13105 0 0
ciMethod java/lang/CharacterDataLatin1 toLowerCase (I)I 4097 1 5664 0 160
ciMethod java/lang/CharacterDataLatin1 toUpperCase (I)I 3073 1 5548 0 160
ciMethodData java/lang/String charAt (I)C 2 101796 orig 264 168 161 41 105 0 0 0 0 104 61 92 27 0 0 0 0 120 1 0 0 32 0 0 0 0 0 0 0 0 0 0 0 0 0 0 0 0 0 0 0 0 0 0 0 0 0 0 0 0 0 0 0 0 0 0 0 0 0 0 0 0 0 0 0 0 0 0 0 0 0 0 0 0 0 0 0 0 0 0 0 77 68 79 32 101 120 116 114 97 32 100 97 116 97 32 108 111 99 107 0 0 0 0 0 0 0 0 0 0 0 0 0 0 0 0 0 0 0 0 0 0 0 0 0 0 0 0 0 0 0 0 0 0 0 0 0 0 0 0 0 0 0 0 0 0 0 0 0 0 0 0 0 0 0 0 0 0 0 0 0 0 0 0 0 0 0 0 0 0 0 0 0 0 0 0 0 0 0 0 0 0 0 0 0 25 0 0 0 0 0 0 0 0 0 0 0 0 0 0 0 1 0 0 0 0 0 0 0 0 0 0 0 0 0 0 0 0 2 0 0 33 93 12 0 1 0 0 0 0 0 0 0 0 0 0 0 2 0 0 0 0 0 0 0 0 0 0 0 80 0 0 0 255 255 255 255 7 0 1 0 0 0 0 0 data 10 0x10007 0x0 0x40 0x18ba4 0xa0007 0x18ba4 0x30 0x0 0x120002 0x0 oops 0
ciMethodData java/lang/Character toLowerCase (I)I 2 11461 orig 264 168 161 41 105 0 0 0 0 16 162 101 27 0 0 0 0 136 1 0 0 0 0 0 0 0 0 0 0 0 0 0 0 0 0 0 0 0 0 0 0 0 0 0 0 0 0 0 0 0 0 0 0 0 0 0 0 0 0 0 0 0 0 0 0 0 0 0 0 0 0 0 0 0 0 0 0 0 0 0 0 77 68 79 32 101 120 116 114 97 32 100 97 116 97 32 108 111 99 107 0 0 0 0 0 0 0 0 0 0 0 0 0 0 0 0 0 0 0 0 0 0 0 0 0 0 0 0 0 0 0 0 0 0 0 0 0 0 0 0 0 0 0 0 0 0 0 0 0 0 0 0 0 0 0 0 0 0 0 0 0 0 0 0 0 0 0 0 0 0 0 0 0 0 0 0 0 0 0 0 0 0 0 0 0 0 0 0 0 0 0 0 0 0 0 0 0 0 0 0 0 0 0 0 0 0 0 0 0 0 0 0 0 0 0 0 0 0 2 0 0 41 86 1 0 1 0 0 0 0 0 0 0 0 0 0 0 2 0 0 0 0 0 3 0 2 0 0 0 64 0 0 0 255 255 255 255 2 0 1 0 0 0 0 0 data 8 0x10002 0x2ac5 0x50005 0x0 0x1d415ef0 0x2ac5 0x0 0x0 oops 1