Microsoft (R) Windows Script Host Version 5.7
Copyright (C) Microsoft Corporation. All rights reserved.

BTEQ 13.10.00.03 Tue Feb 21 13:29:13 2012
 
+---------+---------+---------+---------+---------+---------+---------+----
/***********************************************************************************************************
SCRIPT:               TSS_MATCH_CLEANUP.BTEQ 
DESCRIPTION:          THIS SCRIPT CLEANS UP MLOAD ERROR TABLES
DEPENDENCY:           
INPUT:                TRILLIUM OUTPUT
OUTPUT:               TRILLIUM OUTPUT
ERRORS:
SPECIAL INSTRUCTIONS:

CHANGE LOG:
VERSION              DATE                 AUTHOR                          CHANGES
1.00                 01/21/2011           TERADATA                        INITIAL VERSION
2.00                 10/31/2011           TERADATA                        CHANGES FOR ||ELISM
***********************************************************************************************************/

.RUN FILE \\10.36.32.4\Teradata\MDM\3.04.01.00\custom\pngrelease3\logon\LOGON.
txt;
+---------+---------+---------+---------+---------+---------+---------+----
.LOGON 10.36.32.14/mdm,

 *** Logon successfully completed.
 *** Teradata Database Release is 13.10.01.01                   
 *** Teradata Database Version is 13.10.01.01                     
 *** Transaction Semantics are BTET.
 *** Session Character Set Name is 'ASCII'.
 
 *** Total elapsed time was 1 second.
 
+---------+---------+---------+---------+---------+---------+---------+----
.SET ERROROUT STDOUT;
 *** Error messages now directed to STDOUT.
+---------+---------+---------+---------+---------+---------+---------+----
.SET SESSION CHARSET 'UTF8';
+---------+---------+---------+---------+---------+---------+---------+----
.SET ERRORLEVEL (3807, 2580) SEVERITY 0;
+---------+---------+---------+---------+---------+---------+---------+----

DATABASE MDM;

 *** New default database accepted. 
 *** Total elapsed time was 1 second.


+---------+---------+---------+---------+---------+---------+---------+----


DROP TABLE LOGTBL_TRILLIUM_OUTPUT1_TWN;
 *** Failure 3807 Object ''LOGTBL_TRILLIUM_OUTPUT1_TWN'' does not exist.
                Statement# 1, Info =0 
 *** Total elapsed time was 1 second.


+---------+---------+---------+---------+---------+---------+---------+----
.IF ERRORLEVEL > 0 THEN .GOTO EXIT;
+---------+---------+---------+---------+---------+---------+---------+----
DROP TABLE WT_TRILLIUM_OUTPUT1_TWN;
 *** Failure 3807 Object ''WT_TRILLIUM_OUTPUT1_TWN'' does not exist.
                Statement# 1, Info =0 
 *** Total elapsed time was 1 second.


+---------+---------+---------+---------+---------+---------+---------+----
.IF ERRORLEVEL > 0 THEN .GOTO EXIT;
+---------+---------+---------+---------+---------+---------+---------+----
DROP TABLE ET_TRILLIUM_OUTPUT1_TWN;

 *** Table has been dropped. 
 *** Total elapsed time was 1 second.


+---------+---------+---------+---------+---------+---------+---------+----
.IF ERRORLEVEL > 0 THEN .GOTO EXIT;
+---------+---------+---------+---------+---------+---------+---------+----
DROP TABLE UV_TRILLIUM_OUTPUT1_TWN;
 *** Failure 3807 Object ''UV_TRILLIUM_OUTPUT1_TWN'' does not exist.
                Statement# 1, Info =0 
 *** Total elapsed time was 1 second.


+---------+---------+---------+---------+---------+---------+---------+----
.IF ERRORLEVEL > 0 THEN .GOTO EXIT;
+---------+---------+---------+---------+---------+---------+---------+----
RELEASE MLOAD TRILLIUM_OUTPUT1_TWN;
 *** Failure 2580 MLoad not active on table TRILLIUM_OUTPUT1_TWN.
                Statement# 1, Info =0 
 *** Total elapsed time was 1 second.


+---------+---------+---------+---------+---------+---------+---------+----
.IF ERRORLEVEL > 0 THEN .GOTO EXIT;
+---------+---------+---------+---------+---------+---------+---------+----

INSERT INTO MDM.LOAD_INFO
(
LOAD_ID,
PROCESS_NAME,
PROCESS_START_TIME,
PROCESS_END_TIME,
STATUS,
SYS_CREATION_DATE,
SYS_LAST_MODIFIED_DATE,
CNTRY_NAME,
BATCH_ID) 
SELECT
LOAD.LOAD_ID,
'Trillium Load',
CAST(CURRENT_TIMESTAMP(0) AS VARCHAR(19)),
CAST(CURRENT_TIMESTAMP(0) AS VARCHAR(19)),
'In Progress',
CAST(CURRENT_TIMESTAMP(0) AS VARCHAR(19)),
CAST(CURRENT_TIMESTAMP(0) AS VARCHAR(19)),
'TWN',
LI.BATCH_ID
FROM MDM.MDM_LOAD_CONTROL LOAD
INNER JOIN LOAD_INFO LI
ON LOAD.LOAD_ID = LI.LOAD_ID
AND LI.PROCESS_NAME='Match Input Load'
AND LI.STATUS = 'Success'
AND LI.CNTRY_NAME = 'TWN'

LEFT OUTER JOIN LOAD_INFO LII
ON LOAD.LOAD_ID = LII.LOAD_ID
AND LII.PROCESS_NAME='Wrapper'

WHERE LII.LOAD_ID IS NULL
GROUP BY
LOAD.LOAD_ID,
LI.BATCH_ID
;

 *** Insert completed. One row added. 
 *** Total elapsed time was 1 second.


+---------+---------+---------+---------+---------+---------+---------+----

.LABEL EXIT
+---------+---------+---------+---------+---------+---------+---------+----

.IF ERRORLEVEL > 4 THEN .GOTO ERR ;
+---------+---------+---------+---------+---------+---------+---------+----
.IF ERRORLEVEL <= 4 THEN .GOTO WARN;
.GOTO WARN;
+---------+---------+---------+---------+---------+---------+---------+----

.LABEL ERR
+---------+---------+---------+---------+---------+---------+---------+----
.QUIT 1
 *** Skipped.
+---------+---------+---------+---------+---------+---------+---------+----

.LABEL WARN
+---------+---------+---------+---------+---------+---------+---------+----
.QUIT 0
 *** You are now logged off from the DBC.
 *** Exiting BTEQ...
 *** RC (return code) = 0 
Microsoft (R) Windows Script Host Version 5.7
Copyright (C) Microsoft Corporation. All rights reserved.

**** 13:29:15 UTY2407 Run time parameters in effect are: UTF-8.
     ========================================================================
     =                                                                      =
     =          MultiLoad Utility    Release MLOD.13.10.00.006              =
     =          Platform WIN32                                              =
     =                                                                      =
     ========================================================================
     =                                                                      =
     =     Copyright 1990-2010 Teradata Corporation. ALL RIGHTS RESERVED.   =
     =                                                                      =
     ========================================================================
**** 13:29:15 UTY2411 Processing start date: TUE FEB 21, 2012
     ========================================================================
     =                                                                      =
     =          Logon/Connection                                            =
     =                                                                      =
     ========================================================================
0001 /*******************************************************************************
     ****************************
     SCRIPT:               CNSMR_TSS_MATCH_STG.MLD 
     DESCRIPTION:          This script loads the TRILLIUM OUTPUT table from the
     file that is given by Trillium
     DEPENDENCY:           TRILLIUM MATCH SCRIPT
     INPUT:                TRILLIUM OUTPUT FILE
     OUTPUT:               TRILLIUM OUTPUT
     ERRORS:
     SPECIAL INSTRUCTIONS: In case of failure, Mload cleanup needs to be
     performed and script to restart from top.
     CHANGE LOG:
     VERSION              DATE                 AUTHOR                         
     CHANGES
     1.00                 01/21/2011           TERADATA                       
     INITIAL VERSION
     2.00                 10/31/2011           TERADATA                       
     CHANGES FOR ||ELISM
     ***************************************************************************
     ********************************/
     .RUN FILE
     \\10.36.32.4\Teradata\MDM\3.04.01.00\custom\pngrelease3\logon\LOGON.txt;
0002 .LOGON 10.36.32.14/mdm,;
**** 13:29:15 UTY6214 Reminder: A .Logtable statement must be entered for a
     successful logon.
     ========================================================================
     =                                                                      =
     =          Processing Control Statements                               =
     =                                                                      =
     ========================================================================

0003 .LOGTABLE MDM.LOGTBL_TRILLIUM_OUTPUT1_TWN;
**** 13:29:15 UTY8400 Teradata Database Release: 13.10.01.01
**** 13:29:15 UTY8400 Teradata Database Version: 13.10.01.01
**** 13:29:15 UTY8601 Character set specified: UTF8                          
**** 13:29:15 UTY8400 Current RDBMS has interval support
**** 13:29:15 UTY8400 Current RDBMS has UDT support
**** 13:29:15 UTY8400 Current RDBMS has TASM support
**** 13:29:15 UTY8400 Maximum supported buffer size: 1M
**** 13:29:15 UTY8400 Data Encryption supported by RDBMS server
**** 13:29:15 UTY6211 A successful connect was made to the RDBMS.
**** 13:29:15 UTY6217 Logtable 'MDM.LOGTBL_TRILLIUM_OUTPUT1_TWN' has been
     created.

0004 .SET DBASE_TARGETTABLE TO 'MDM';
0005 .SET DBASE_WORKTABLE   TO 'MDM';
0006 .SET DBASE_ETTABLE     TO 'MDM';
0007 .SET DBASE_UVTABLE     TO 'MDM';
0008 .SET TARGETTABLE       TO 'TRILLIUM_OUTPUT1_TWN';

0009 .BEGIN IMPORT MLOAD
            TABLES &DBASE_TARGETTABLE..&TARGETTABLE
        WORKTABLES &DBASE_WORKTABLE..WT_&TARGETTABLE
       ERRORTABLES &DBASE_ETTABLE..ET_&TARGETTABLE
                   &DBASE_UVTABLE..UV_&TARGETTABLE;
**** 13:29:15 UTY2402 Previous statement modified to:
0010 .BEGIN IMPORT MLOAD
            TABLES MDM.TRILLIUM_OUTPUT1_TWN
        WORKTABLES MDM.WT_TRILLIUM_OUTPUT1_TWN
       ERRORTABLES MDM.ET_TRILLIUM_OUTPUT1_TWN
                   MDM.UV_TRILLIUM_OUTPUT1_TWN;
     ========================================================================
     =                                                                      =
     =          Processing MultiLoad Statements                             =
     =                                                                      =
     ========================================================================
              
0011 .LAYOUT DATAIN_LAYOUT INDICATORS;       
0012 .FIELD LEGAL_ENT_NBR 1 VARCHAR(10);
0013 .FIELD MKTNG_PGM_NBR * VARCHAR(6);
0014 .FIELD REGIS_CNSMR_ID_VAL * VARCHAR(300);
0015 .FIELD FULL_NAME  * VARCHAR(300);
0016 .FIELD BRTH_DATE  * VARCHAR(10);
0017 .FIELD CLEANSED_EMAIL_1	* VARCHAR(600);
0018 .FIELD CLEANSED_PHONE_1	* VARCHAR(300);
0019 .FIELD DPEND_NAME * VARCHAR(300);
0020 .FIELD PET_NAME	* VARCHAR(300);
0021 .FIELD USER_NAME  * VARCHAR(300);
0022 .FIELD LANG_CODE  * VARCHAR(100);
0023 .FIELD SYS_SOURCE * VARCHAR(20);
0024 .FIELD SYS_NC_TYPE * VARCHAR(10);
0025 .FIELD SYS_CREATION_DATE * VARCHAR(20);
0026 .FIELD PR_REV_GROUP * VARCHAR(30);
0027 .FIELD PR_NAME_FORM_01 * VARCHAR(10);
0028 .FIELD DR_NAME_GENER * VARCHAR(150);
0029 .FIELD DR_NAME_SUFFIX * VARCHAR(150);
0030 .FIELD DR_NAME_GENDER * VARCHAR(10);
0031 .FIELD WIN_KEY * VARCHAR(100);
0032 .FIELD REFERENCE_MATCHED_LEV1_PATTERN * VARCHAR(3);
0033 .FIELD REFERENCE_MATCHED_LEV2_PATTERN * VARCHAR(3);
0034 .FIELD DR_BUSINESS_NAME	* VARCHAR(300);
0035 .FIELD DR_ALIAS_ACCOUNT	* VARCHAR(300);
0036 .FIELD DR_ALIAS_CONTACT	* VARCHAR(300);
0037 .FIELD DR_FIRST_NAME * VARCHAR(300);
0038 .FIELD DR_MIDDLE_NAME * VARCHAR(300);
0039 .FIELD DR_LAST_NAME * VARCHAR(300);
0040 .FIELD DR_MRMRS	* VARCHAR(150);
0041 .FIELD DR_COUNTRY_NAME * VARCHAR(20);
0042 .FIELD DR_REGION_NAME * VARCHAR(300);
0043 .FIELD DR_CITY_NAME * VARCHAR(300);
0044 .FIELD DR_POSTAL_CODE * VARCHAR(150);
0045 .FIELD DR_STREET_NAME * VARCHAR(180);
0046 .FIELD DR_HOUSE_NUMBER1	* VARCHAR(150);
0047 .FIELD DR_HOUSE_NUMBER2	* VARCHAR(150);
0048 .FIELD DR_ADDRESS * VARCHAR(300);
0049 .FIELD DR_ADDRESS2 * VARCHAR(300);
0050 .FIELD DR_ADDRESS3 * VARCHAR(300);
0051 .FIELD REFERENCE_HOUSEHOLD_ID * VARCHAR(16);
0052 .FIELD EMAIL_IND * VARCHAR(1);
0053 .FIELD REFERENCE_LEGAL_ENTITY_KEY * VARCHAR(16);
0054 .FIELD REFERENCE_REGISTRATION_KEY * VARCHAR(16);
0055 .FIELD REGIS_DATE * VARCHAR(100);
0056 .FIELD GOUT_MATCH_LEVEL * VARCHAR(30);
0057 .FIELD ADDRESS_CONTACT * VARCHAR(30);
0058 .FIELD ADDRESS_SUBSCRPTN * VARCHAR(30);
0059 .FIELD EMAIL_CONTACT * VARCHAR(30);
0060 .FIELD EMAIL_SUBSCRPTN * VARCHAR(30);
0061 .FIELD PHONE_CONTACT * VARCHAR(30);
0062 .FIELD PHONE_SUBSCRPTN * VARCHAR(30);
0063 .FIELD SYS_TARGET_ID * VARCHAR(10);

0064 .DML LABEL INSERT_DML;
0065 INSERT INTO &DBASE_TARGETTABLE..&TARGETTABLE
     (
      LEGAL_ENT_NBR                     
     ,MKTNG_PGM_NBR			  
     ,REGIS_CNSMR_ID_VAL		  
     ,FULL_NAME                         
     ,BRTH_DATE                         
     ,CLEANSED_EMAIL_1		  
     ,CLEANSED_PHONE_1		  
     ,DPEND_NAME			  
     ,PET_NAME			  
     ,CNSMR_USER_NAME                         
     ,LANG_CODE                         
     ,PR_REV_GROUP			  
     ,PR_NAME_FORM_01			  
     ,DR_NAME_GENER			  
     ,DR_NAME_SUFFIX			  
     ,DR_NAME_GENDER			  
     ,WINDOW_KEY_01 			  
     ,REFERENCE_MATCHED_LEV1_PATTERN	  
     ,REFERENCE_MATCHED_LEV2_PATTERN	  
     ,DR_BUSINESS_NAME		  
     ,DR_ALIAS_ACCOUNT		  
     ,DR_ALIAS_CONTACT		  
     ,DR_FIRST_NAME			  
     ,DR_MIDDLE_NAME			  
     ,DR_LAST_NAME			  
     ,DR_MRMRS			  
     ,DR_COUNTRY_NAME			  
     ,DR_REGION_NAME			  
     ,DR_CITY_NAME			  
     ,DR_POSTAL_CODE			  
     ,DR_STREET_NAME			  
     ,DR_HOUSE_NUMBER1		  
     ,DR_HOUSE_NUMBER2		  
     ,DR_ADDRESS			  
     ,REFERENCE_HOUSEHOLD_ID		  
     ,REFERENCE_LEGALENTITYKEY	  
     ,REFERENCE_REGISTRATIONKEY
     ,STATUS
     ,SYS_SOURCE       
     ,SYS_NC_TYPE      
     ,SYS_CREATION_DATE
     ,EMAIL_IND
     ,DR_ADDRESS2
     ,DR_ADDRESS3
     ,REGIS_DATE
     ,GOUT_MATCH_LEVEL
     ,ADDRESS_CONTACT
     ,ADDRESS_SUBSCRPTN
     ,EMAIL_CONTACT
     ,EMAIL_SUBSCRPTN
     ,PHONE_CONTACT
     ,PHONE_SUBSCRPTN
     ,SYS_TARGET_ID
     )
     VALUES(
      :LEGAL_ENT_NBR                     
     ,:MKTNG_PGM_NBR			  
     ,:REGIS_CNSMR_ID_VAL		  
     ,:FULL_NAME                         
     ,:BRTH_DATE                         
     ,:CLEANSED_EMAIL_1		  
     ,:CLEANSED_PHONE_1		  
     ,:DPEND_NAME			  
     ,:PET_NAME			  
     ,:USER_NAME                         
     ,:LANG_CODE                         
     ,:PR_REV_GROUP			  
     ,:PR_NAME_FORM_01			  
     ,:DR_NAME_GENER			  
     ,:DR_NAME_SUFFIX			  
     ,:DR_NAME_GENDER			  
     ,:WIN_KEY 			  
     ,:REFERENCE_MATCHED_LEV1_PATTERN	  
     ,:REFERENCE_MATCHED_LEV2_PATTERN	  
     ,:DR_BUSINESS_NAME		  
     ,:DR_ALIAS_ACCOUNT		  
     ,:DR_ALIAS_CONTACT		  
     ,:DR_FIRST_NAME			  
     ,:DR_MIDDLE_NAME			  
     ,:DR_LAST_NAME			  
     ,:DR_MRMRS			  
     ,:DR_COUNTRY_NAME			  
     ,:DR_REGION_NAME			  
     ,:DR_CITY_NAME			  
     ,:DR_POSTAL_CODE			  
     ,:DR_STREET_NAME			  
     ,:DR_HOUSE_NUMBER1		  
     ,:DR_HOUSE_NUMBER2		  
     ,:DR_ADDRESS			  
     ,:REFERENCE_HOUSEHOLD_ID		  
     ,:REFERENCE_LEGAL_ENTITY_KEY	  
     ,:REFERENCE_REGISTRATION_KEY	 
     ,'IN PROCESS'
     ,:SYS_SOURCE       
     ,:SYS_NC_TYPE      
     ,:SYS_CREATION_DATE
     ,:EMAIL_IND
     ,:DR_ADDRESS2
     ,:DR_ADDRESS3
     ,:REGIS_DATE
     ,:GOUT_MATCH_LEVEL
     ,:ADDRESS_CONTACT
     ,:ADDRESS_SUBSCRPTN
     ,:EMAIL_CONTACT
     ,:EMAIL_SUBSCRPTN
     ,:PHONE_CONTACT
     ,:PHONE_SUBSCRPTN
     ,:SYS_TARGET_ID
     );
**** 13:29:15 UTY2402 Previous statement modified to:
0066 INSERT INTO MDM.TRILLIUM_OUTPUT1_TWN
     (
      LEGAL_ENT_NBR                     
     ,MKTNG_PGM_NBR			  
     ,REGIS_CNSMR_ID_VAL		  
     ,FULL_NAME                         
     ,BRTH_DATE                         
     ,CLEANSED_EMAIL_1		  
     ,CLEANSED_PHONE_1		  
     ,DPEND_NAME			  
     ,PET_NAME			  
     ,CNSMR_USER_NAME                         
     ,LANG_CODE                         
     ,PR_REV_GROUP			  
     ,PR_NAME_FORM_01			  
     ,DR_NAME_GENER			  
     ,DR_NAME_SUFFIX			  
     ,DR_NAME_GENDER			  
     ,WINDOW_KEY_01 			  
     ,REFERENCE_MATCHED_LEV1_PATTERN	  
     ,REFERENCE_MATCHED_LEV2_PATTERN	  
     ,DR_BUSINESS_NAME		  
     ,DR_ALIAS_ACCOUNT		  
     ,DR_ALIAS_CONTACT		  
     ,DR_FIRST_NAME			  
     ,DR_MIDDLE_NAME			  
     ,DR_LAST_NAME			  
     ,DR_MRMRS			  
     ,DR_COUNTRY_NAME			  
     ,DR_REGION_NAME			  
     ,DR_CITY_NAME			  
     ,DR_POSTAL_CODE			  
     ,DR_STREET_NAME			  
     ,DR_HOUSE_NUMBER1		  
     ,DR_HOUSE_NUMBER2		  
     ,DR_ADDRESS			  
     ,REFERENCE_HOUSEHOLD_ID		  
     ,REFERENCE_LEGALENTITYKEY	  
     ,REFERENCE_REGISTRATIONKEY
     ,STATUS
     ,SYS_SOURCE       
     ,SYS_NC_TYPE      
     ,SYS_CREATION_DATE
     ,EMAIL_IND
     ,DR_ADDRESS2
     ,DR_ADDRESS3
     ,REGIS_DATE
     ,GOUT_MATCH_LEVEL
     ,ADDRESS_CONTACT
     ,ADDRESS_SUBSCRPTN
     ,EMAIL_CONTACT
     ,EMAIL_SUBSCRPTN
     ,PHONE_CONTACT
     ,PHONE_SUBSCRPTN
     ,SYS_TARGET_ID
     )
     VALUES(
      :LEGAL_ENT_NBR                     
     ,:MKTNG_PGM_NBR			  
     ,:REGIS_CNSMR_ID_VAL		  
     ,:FULL_NAME                         
     ,:BRTH_DATE                         
     ,:CLEANSED_EMAIL_1		  
     ,:CLEANSED_PHONE_1		  
     ,:DPEND_NAME			  
     ,:PET_NAME			  
     ,:USER_NAME                         
     ,:LANG_CODE                         
     ,:PR_REV_GROUP			  
     ,:PR_NAME_FORM_01			  
     ,:DR_NAME_GENER			  
     ,:DR_NAME_SUFFIX			  
     ,:DR_NAME_GENDER			  
     ,:WIN_KEY 			  
     ,:REFERENCE_MATCHED_LEV1_PATTERN	  
     ,:REFERENCE_MATCHED_LEV2_PATTERN	  
     ,:DR_BUSINESS_NAME		  
     ,:DR_ALIAS_ACCOUNT		  
     ,:DR_ALIAS_CONTACT		  
     ,:DR_FIRST_NAME			  
     ,:DR_MIDDLE_NAME			  
     ,:DR_LAST_NAME			  
     ,:DR_MRMRS			  
     ,:DR_COUNTRY_NAME			  
     ,:DR_REGION_NAME			  
     ,:DR_CITY_NAME			  
     ,:DR_POSTAL_CODE			  
     ,:DR_STREET_NAME			  
     ,:DR_HOUSE_NUMBER1		  
     ,:DR_HOUSE_NUMBER2		  
     ,:DR_ADDRESS			  
     ,:REFERENCE_HOUSEHOLD_ID		  
     ,:REFERENCE_LEGAL_ENTITY_KEY	  
     ,:REFERENCE_REGISTRATION_KEY	 
     ,'IN PROCESS'
     ,:SYS_SOURCE       
     ,:SYS_NC_TYPE      
     ,:SYS_CREATION_DATE
     ,:EMAIL_IND
     ,:DR_ADDRESS2
     ,:DR_ADDRESS3
     ,:REGIS_DATE
     ,:GOUT_MATCH_LEVEL
     ,:ADDRESS_CONTACT
     ,:ADDRESS_SUBSCRPTN
     ,:EMAIL_CONTACT
     ,:EMAIL_SUBSCRPTN
     ,:PHONE_CONTACT
     ,:PHONE_SUBSCRPTN
     ,:SYS_TARGET_ID
     );

0067 .IMPORT INFILE
     \\10.36.32.4\Teradata\MDM\3.04.01.00\custom\pngrelease3\data\TSS_MATCH_OUTPUT_
     TWN.DAT
       FROM 1
       FORMAT VARTEXT '|'
       LAYOUT DATAIN_LAYOUT
       APPLY INSERT_DML;

0068 .END MLOAD;
     ========================================================================
     =                                                                      =
     =          MultiLoad Initial Phase                                     =
     =                                                                      =
     ========================================================================
**** 13:29:15 UTY0829 Options in effect for this MultiLoad import task:
     .       Sessions:    One session per available amp.
     .       Checkpoint:  15 minute(s).
     .       Tenacity:    4 hour limit to successfully connect load sessions.
     .       Errlimit:    No limit in effect.
     .       AmpCheck:    In effect for apply phase transitions.
**** 13:29:15 UTY0817 MultiLoad submitting the following request:
     Select NULL from MDM.LOGTBL_TRILLIUM_OUTPUT1_TWN where (LogType = 125) and
     (Seq = 1) and (MloadSeq = 0);
**** 13:29:15 UTY0817 MultiLoad submitting the following request:
     Select NULL from MDM.LOGTBL_TRILLIUM_OUTPUT1_TWN where (LogType = 120) and
     (Seq = 1);
**** 13:29:15 UTY0817 MultiLoad submitting the following request:
     SET QUERY_BAND='UTILITYNAME=MULTLOAD;' UPDATE FOR SESSION;
**** 13:29:15 UTY0817 MultiLoad submitting the following request:
     CHECK WORKLOAD FOR BEGIN MLOAD MDM.TRILLIUM_OUTPUT1_TWN;
**** 13:29:15 UTY0817 MultiLoad submitting the following request:
     CHECK WORKLOAD END;
**** 13:29:18 UTY0815 MLOAD session(s) connected: 24.
**** 13:29:18 UTY0817 MultiLoad submitting the following request:
     BEGIN MLOAD MDM.TRILLIUM_OUTPUT1_TWN WITH INTERVAL;
**** 13:29:18 UTY0817 MultiLoad submitting the following request:
     INS MDM.LOGTBL_TRILLIUM_OUTPUT1_TWN (LogType, Seq, MLoadSeq)VALUES(130, 1,
     10);
**** 13:29:18 UTY0817 MultiLoad submitting the following request:
     MLOAD MDM.TRILLIUM_OUTPUT1_TWN with MDM.WT_TRILLIUM_OUTPUT1_TWN errortables
     MDM.ET_TRILLIUM_OUTPUT1_TWN, MDM.UV_TRILLIUM_OUTPUT1_TWN;
     ========================================================================
     =                                                                      =
     =          MultiLoad DML Transaction Phase                             =
     =                                                                      =
     ========================================================================
**** 13:29:19 UTY0817 MultiLoad submitting the following request:
     BT;
**** 13:29:19 UTY0817 MultiLoad submitting the following request:
     USING LEGAL_ENT_NBR(VARCHAR(10)), MKTNG_PGM_NBR(VARCHAR(6)),
     REGIS_CNSMR_ID_VAL(VARCHAR(300)), FULL_NAME(VARCHAR(300)),
     BRTH_DATE(VARCHAR(10)), CLEANSED_EMAIL_1(VARCHAR(600)),
     CLEANSED_PHONE_1(VARCHAR(300)), DPEND_NAME(VARCHAR(300)),
     PET_NAME(VARCHAR(300)), USER_NAME(VARCHAR(300)), LANG_CODE(VARCHAR(100)),
     SYS_SOURCE(VARCHAR(20)), SYS_NC_TYPE(VARCHAR(10)),
     SYS_CREATION_DATE(VARCHAR(20)), PR_REV_GROUP(VARCHAR(30)),
     PR_NAME_FORM_01(VARCHAR(10)), DR_NAME_GENER(VARCHAR(150)),
     DR_NAME_SUFFIX(VARCHAR(150)), DR_NAME_GENDER(VARCHAR(10)),
     WIN_KEY(VARCHAR(100)), REFERENCE_MATCHED_LEV1_PATTERN(VARCHAR(3)),
     REFERENCE_MATCHED_LEV2_PATTERN(VARCHAR(3)), DR_BUSINESS_NAME(VARCHAR(300)),
     DR_ALIAS_ACCOUNT(VARCHAR(300)), DR_ALIAS_CONTACT(VARCHAR(300)),
     DR_FIRST_NAME(VARCHAR(300)), DR_MIDDLE_NAME(VARCHAR(300)),
     DR_LAST_NAME(VARCHAR(300)), DR_MRMRS(VARCHAR(150)),
     DR_COUNTRY_NAME(VARCHAR(20)), DR_REGION_NAME(VARCHAR(300)),
     DR_CITY_NAME(VARCHAR(300)), DR_POSTAL_CODE(VARCHAR(150)),
     DR_STREET_NAME(VARCHAR(180)), DR_HOUSE_NUMBER1(VARCHAR(150)),
     DR_HOUSE_NUMBER2(VARCHAR(150)), DR_ADDRESS(VARCHAR(300)),
     DR_ADDRESS2(VARCHAR(300)), DR_ADDRESS3(VARCHAR(300)),
     REFERENCE_HOUSEHOLD_ID(VARCHAR(16)), EMAIL_IND(VARCHAR(1)),
     REFERENCE_LEGAL_ENTITY_KEY(VARCHAR(16)),
     REFERENCE_REGISTRATION_KEY(VARCHAR(16)), REGIS_DATE(VARCHAR(100)),
     GOUT_MATCH_LEVEL(VARCHAR(30)), ADDRESS_CONTACT(VARCHAR(30)),
     ADDRESS_SUBSCRPTN(VARCHAR(30)), EMAIL_CONTACT(VARCHAR(30)),
     EMAIL_SUBSCRPTN(VARCHAR(30)), PHONE_CONTACT(VARCHAR(30)),
     PHONE_SUBSCRPTN(VARCHAR(30)), SYS_TARGET_ID(VARCHAR(10)) INSERT INTO
     MDM.TRILLIUM_OUTPUT1_TWN
     (
      LEGAL_ENT_NBR                     
     ,MKTNG_PGM_NBR			  
     ,REGIS_CNSMR_ID_VAL		  
     ,FULL_NAME                         
     ,BRTH_DATE                         
     ,CLEANSED_EMAIL_1		  
     ,CLEANSED_PHONE_1		  
     ,DPEND_NAME			  
     ,PET_NAME			  
     ,CNSMR_USER_NAME                         
     ,LANG_CODE                         
     ,PR_REV_GROUP			  
     ,PR_NAME_FORM_01			  
     ,DR_NAME_GENER			  
     ,DR_NAME_SUFFIX			  
     ,DR_NAME_GENDER			  
     ,WINDOW_KEY_01 			  
     ,REFERENCE_MATCHED_LEV1_PATTERN	  
     ,REFERENCE_MATCHED_LEV2_PATTERN	  
     ,DR_BUSINESS_NAME		  
     ,DR_ALIAS_ACCOUNT		  
     ,DR_ALIAS_CONTACT		  
     ,DR_FIRST_NAME			  
     ,DR_MIDDLE_NAME			  
     ,DR_LAST_NAME			  
     ,DR_MRMRS			  
     ,DR_COUNTRY_NAME			  
     ,DR_REGION_NAME			  
     ,DR_CITY_NAME			  
     ,DR_POSTAL_CODE			  
     ,DR_STREET_NAME			  
     ,DR_HOUSE_NUMBER1		  
     ,DR_HOUSE_NUMBER2		  
     ,DR_ADDRESS			  
     ,REFERENCE_HOUSEHOLD_ID		  
     ,REFERENCE_LEGALENTITYKEY	  
     ,REFERENCE_REGISTRATIONKEY
     ,STATUS
     ,SYS_SOURCE       
     ,SYS_NC_TYPE      
     ,SYS_CREATION_DATE
     ,EMAIL_IND
     ,DR_ADDRESS2
     ,DR_ADDRESS3
     ,REGIS_DATE
     ,GOUT_MATCH_LEVEL
     ,ADDRESS_CONTACT
     ,ADDRESS_SUBSCRPTN
     ,EMAIL_CONTACT
     ,EMAIL_SUBSCRPTN
     ,PHONE_CONTACT
     ,PHONE_SUBSCRPTN
     ,SYS_TARGET_ID
     )
     VALUES(
      :LEGAL_ENT_NBR                     
     ,:MKTNG_PGM_NBR			  
     ,:REGIS_CNSMR_ID_VAL		  
     ,:FULL_NAME                         
     ,:BRTH_DATE                         
     ,:CLEANSED_EMAIL_1		  
     ,:CLEANSED_PHONE_1		  
     ,:DPEND_NAME			  
     ,:PET_NAME			  
     ,:USER_NAME                         
     ,:LANG_CODE                         
     ,:PR_REV_GROUP			  
     ,:PR_NAME_FORM_01			  
     ,:DR_NAME_GENER			  
     ,:DR_NAME_SUFFIX			  
     ,:DR_NAME_GENDER			  
     ,:WIN_KEY 			  
     ,:REFERENCE_MATCHED_LEV1_PATTERN	  
     ,:REFERENCE_MATCHED_LEV2_PATTERN	  
     ,:DR_BUSINESS_NAME		  
     ,:DR_ALIAS_ACCOUNT		  
     ,:DR_ALIAS_CONTACT		  
     ,:DR_FIRST_NAME			  
     ,:DR_MIDDLE_NAME			  
     ,:DR_LAST_NAME			  
     ,:DR_MRMRS			  
     ,:DR_COUNTRY_NAME			  
     ,:DR_REGION_NAME			  
     ,:DR_CITY_NAME			  
     ,:DR_POSTAL_CODE			  
     ,:DR_STREET_NAME			  
     ,:DR_HOUSE_NUMBER1		  
     ,:DR_HOUSE_NUMBER2		  
     ,:DR_ADDRESS			  
     ,:REFERENCE_HOUSEHOLD_ID		  
     ,:REFERENCE_LEGAL_ENTITY_KEY	  
     ,:REFERENCE_REGISTRATION_KEY	 
     ,'IN PROCESS'
     ,:SYS_SOURCE       
     ,:SYS_NC_TYPE      
     ,:SYS_CREATION_DATE
     ,:EMAIL_IND
     ,:DR_ADDRESS2
     ,:DR_ADDRESS3
     ,:REGIS_DATE
     ,:GOUT_MATCH_LEVEL
     ,:ADDRESS_CONTACT
     ,:ADDRESS_SUBSCRPTN
     ,:EMAIL_CONTACT
     ,:EMAIL_SUBSCRPTN
     ,:PHONE_CONTACT
     ,:PHONE_SUBSCRPTN
     ,:SYS_TARGET_ID
     );
**** 13:29:19 UTY0817 MultiLoad submitting the following request:
     INS MDM.LOGTBL_TRILLIUM_OUTPUT1_TWN (LogType, Seq, MLoadSeq)VALUES(130, 1,
     20);
**** 13:29:19 UTY0817 MultiLoad submitting the following request:
     ET;
     ========================================================================
     =                                                                      =
     =          MultiLoad Acquisition Phase                                 =
     =                                                                      =
     ========================================================================
**** 13:29:19 UTY0817 MultiLoad submitting the following request:
     BEGIN TRANSACTION;
**** 13:29:19 UTY0817 MultiLoad submitting the following request:
     CHECKPOINT LOADING INTERVAL 0;
**** 13:29:19 UTY0817 MultiLoad submitting the following request:
     CHECKPOINT LOADING INTERVAL 0;
**** 13:29:20 UTY0817 MultiLoad submitting the following request:
     CHECKPOINT LOADING INTERVAL 0;
**** 13:29:21 UTY0817 MultiLoad submitting the following request:
     USING Ckpt(VARBYTE(1024)) INSERT MDM.LOGTBL_TRILLIUM_OUTPUT1_TWN  (Logtype,
     Seq, MLoadSeq, MLoadImpSeq, MLoadSrcSeq,
     MiscInt1,MiscInt2,MiscInt3,MiscInt4,
     MiscInt5,MiscInt6,MiscInt7,MiscInt8,CkptInterval,MLoadCkpt) VALUES (110, 1,
     0, 1, 0, 0, 0, 0, 0, 0, 0, 0, 0, 0, :Ckpt);
**** 13:29:21 UTY0817 MultiLoad submitting the following request:
     CHECKPOINT LOADING INTERVAL 0;
**** 13:29:22 UTY0817 MultiLoad submitting the following request:
     USING Ckpt(VARBYTE(1024)) INSERT MDM.LOGTBL_TRILLIUM_OUTPUT1_TWN  (Logtype,
     Seq, MLoadSeq, MLoadImpSeq, MLoadSrcSeq,
     MiscInt1,MiscInt2,MiscInt3,MiscInt4,
     MiscInt5,MiscInt6,MiscInt7,MiscInt8,CkptInterval,MLoadCkpt) VALUES (110, 1,
     1, 1, 0, 1, 1, 1, 1, 0, 0, 0, 0, 0, :Ckpt);
**** 13:29:22 UTY0826 A checkpoint has been taken, recording that end of file
     has been reached for IMPORT 1 of this MultiLoad Import task. 
**** 13:29:22 UTY1803 Import processing statistics
     .                                       IMPORT  1     Total thus far
     .                                       =========     ==============
     Candidate records considered:........           1.......           1
     Apply conditions satisfied:..........           1.......           1
     Candidate records not applied:.......           0.......           0
     Candidate records rejected:..........           0.......           0
**** 13:29:22 UTY0817 MultiLoad submitting the following request:
     CHECKPOINT LOADING INTERVAL 0;
**** 13:29:23 UTY0817 MultiLoad submitting the following request:
     CHECKPOINT LOADING INTERVAL 0 END;
**** 13:29:24 UTY0817 MultiLoad submitting the following request:
     INS MDM.LOGTBL_TRILLIUM_OUTPUT1_TWN (LogType, Seq, MLoadSeq)VALUES(130, 1,
     30);
**** 13:29:24 UTY0817 MultiLoad submitting the following request:
     ET;
     ========================================================================
     =                                                                      =
     =          MultiLoad Application Phase                                 =
     =                                                                      =
     ========================================================================
**** 13:29:24 UTY0817 MultiLoad submitting the following request:
     EXEC MLOAD MDM.TRILLIUM_OUTPUT1_TWN;
**** 13:29:24 UTY0818 Statistics for table MDM.TRILLIUM_OUTPUT1_TWN:
        Inserts:            1
        Updates:            0
        Deletes:            0
**** 13:29:24 UTY0817 MultiLoad submitting the following request:
     INS MDM.LOGTBL_TRILLIUM_OUTPUT1_TWN (LogType, Seq) VALUES (115, 1)
**** 13:29:24 UTY0817 MultiLoad submitting the following request:
     BEGIN TRANSACTION;
**** 13:29:24 UTY0817 MultiLoad submitting the following request:
     END MLOAD;
**** 13:29:24 UTY0817 MultiLoad submitting the following request:
     INS MDM.LOGTBL_TRILLIUM_OUTPUT1_TWN (LogType, Seq) VALUES (120, 1)
**** 13:29:24 UTY0817 MultiLoad submitting the following request:
     USING Ckpt(VARBYTE(1024)) INS MDM.LOGTBL_TRILLIUM_OUTPUT1_TWN (LogType,
     Seq, MLoadCkpt)VALUES(135, 1, :Ckpt);
**** 13:29:24 UTY0817 MultiLoad submitting the following request:
     END TRANSACTION;
     ========================================================================
     =                                                                      =
     =          MultiLoad Task Cleanup                                      =
     =                                                                      =
     ========================================================================
**** 13:29:24 UTY0817 MultiLoad submitting the following request:
     SELECT COUNT(*) FROM MDM.ET_TRILLIUM_OUTPUT1_TWN;
**** 13:29:24 UTY0821 Error table MDM.ET_TRILLIUM_OUTPUT1_TWN is EMPTY, dropping
     table.
**** 13:29:24 UTY0817 MultiLoad submitting the following request:
     BEGIN TRANSACTION;
**** 13:29:24 UTY0817 MultiLoad submitting the following request:
     INS MDM.LOGTBL_TRILLIUM_OUTPUT1_TWN (LogType, Seq, MLoadSeq)VALUES(125, 1,
     1)
**** 13:29:24 UTY0817 MultiLoad submitting the following request:
     DROP TABLE MDM.ET_TRILLIUM_OUTPUT1_TWN;
**** 13:29:24 UTY0817 MultiLoad submitting the following request:
     END TRANSACTION;
**** 13:29:24 UTY0817 MultiLoad submitting the following request:
     SELECT COUNT(*) FROM MDM.UV_TRILLIUM_OUTPUT1_TWN;
**** 13:29:25 UTY0821 Error table MDM.UV_TRILLIUM_OUTPUT1_TWN is EMPTY, dropping
     table.
**** 13:29:25 UTY0817 MultiLoad submitting the following request:
     BEGIN TRANSACTION;
**** 13:29:25 UTY0817 MultiLoad submitting the following request:
     INS MDM.LOGTBL_TRILLIUM_OUTPUT1_TWN (LogType, Seq, MLoadSeq)VALUES(125, 1,
     2)
**** 13:29:25 UTY0817 MultiLoad submitting the following request:
     DROP TABLE MDM.UV_TRILLIUM_OUTPUT1_TWN;
**** 13:29:25 UTY0817 MultiLoad submitting the following request:
     END TRANSACTION;
**** 13:29:25 UTY0817 MultiLoad submitting the following request:
     BEGIN TRANSACTION;
**** 13:29:25 UTY0817 MultiLoad submitting the following request:
     INS MDM.LOGTBL_TRILLIUM_OUTPUT1_TWN (LogType, Seq, MLoadSeq)VALUES(125, 1,
     3)
**** 13:29:25 UTY0817 MultiLoad submitting the following request:
     DROP TABLE MDM.WT_TRILLIUM_OUTPUT1_TWN;
**** 13:29:25 UTY0817 MultiLoad submitting the following request:
     END TRANSACTION;
**** 13:29:25 UTY0825 Error table statistics for: 

     Target table 1: MDM.TRILLIUM_OUTPUT1_TWN
     Number of Rows  Error Table Name
     ==============  ========================================================
                  0  MDM.ET_TRILLIUM_OUTPUT1_TWN
                  0  MDM.UV_TRILLIUM_OUTPUT1_TWN

**** 13:29:25 UTY0817 MultiLoad submitting the following request:
     BEGIN TRANSACTION;
**** 13:29:25 UTY0817 MultiLoad submitting the following request:
     USING Ckpt(VARBYTE(1024)) INS MDM.LOGTBL_TRILLIUM_OUTPUT1_TWN (LogType,
     Seq, MLoadCkpt)VALUES(140, 1, :Ckpt);
**** 13:29:25 UTY0817 MultiLoad submitting the following request:
     INS MDM.LOGTBL_TRILLIUM_OUTPUT1_TWN (LogType, Seq) VALUES (125, 1)
**** 13:29:25 UTY0817 MultiLoad submitting the following request:
     END TRANSACTION;
**** 13:29:27 UTY0822 MultiLoad processing complete for this MultiLoad import
     task.
     ========================================================================
     =                                                                      =
     =          MultiLoad Task Complete                                     =
     =                                                                      =
     ========================================================================
**** 13:29:28 UTY1024 Session modal request, 'SET
     QUERY_BAND='UTILITYNAME=MULTLOAD;' UPDATE FOR SESSION;', re-executed.
     ========================================================================
     =                                                                      =
     =          Processing Control Statements                               =
     =                                                                      =
     ========================================================================

0069 .LOGOFF &SYSRC;
**** 13:29:28 UTY2402 Previous statement modified to:
0070 .LOGOFF 0;
     ========================================================================
     =                                                                      =
     =          Logoff/Disconnect                                           =
     =                                                                      =
     ========================================================================
**** 13:29:28 UTY6216 The restart log table has been dropped.
**** 13:29:28 UTY6212 A successful disconnect was made from the RDBMS.
**** 13:29:28 UTY2410 Total processor time used = '0.984375 Seconds'
     .       Start : 13:29:14 - TUE FEB 21, 2012
     .       End   : 13:29:28 - TUE FEB 21, 2012
     .       Highest return code encountered = '0'.
Microsoft (R) Windows Script Host Version 5.7
Copyright (C) Microsoft Corporation. All rights reserved.

BTEQ 13.10.00.03 Tue Feb 21 13:29:29 2012
 
+---------+---------+---------+---------+---------+---------+---------+----
/***********************************************************************************************************
SCRIPT:               CNSMR_TSS_MATCH_STG.BTEQ 
DESCRIPTION:          THIS SCRIPT UPDATES LOAD_INFO
DEPENDENCY:           
INPUT:                TRILLIUM OUTPUT
OUTPUT:               TRILLIUM OUTPUT
ERRORS:
SPECIAL INSTRUCTIONS:

CHANGE LOG:
VERSION              DATE                 AUTHOR                          CHANGES
1.00                 01/21/2011           TERADATA                        INITIAL VERSION
2.00                 10/31/2011           TERADATA                        CHANGES FOR ||ELISM
***********************************************************************************************************/

.RUN FILE \\10.36.32.4\Teradata\MDM\3.04.01.00\custom\pngrelease3\logon\LOGON.
txt;
+---------+---------+---------+---------+---------+---------+---------+----
.LOGON 10.36.32.14/mdm,

 *** Logon successfully completed.
 *** Teradata Database Release is 13.10.01.01                   
 *** Teradata Database Version is 13.10.01.01                     
 *** Transaction Semantics are BTET.
 *** Session Character Set Name is 'ASCII'.
 
 *** Total elapsed time was 1 second.
 
+---------+---------+---------+---------+---------+---------+---------+----
.SET ERROROUT STDOUT;
 *** Error messages now directed to STDOUT.
+---------+---------+---------+---------+---------+---------+---------+----
.SET SESSION CHARSET 'UTF8';
+---------+---------+---------+---------+---------+---------+---------+----

DATABASE MDM;

 *** New default database accepted. 
 *** Total elapsed time was 1 second.


+---------+---------+---------+---------+---------+---------+---------+----

UPDATE MDM.LOAD_INFO
SET STATUS = 'Success'
,PROCESS_END_TIME = CAST(CURRENT_TIMESTAMP(0) AS VARCHAR(19))
WHERE MDM.LOAD_INFO.PROCESS_NAME='Trillium Load'
AND MDM.LOAD_INFO.STATUS = 'In Progress'
AND MDM.LOAD_INFO.CNTRY_NAME = 'TWN'
;

 *** Update completed. One row changed. 
 *** Total elapsed time was 1 second.


+---------+---------+---------+---------+---------+---------+---------+----
.IF ERRORLEVEL > 0 THEN .GOTO EXIT;
+---------+---------+---------+---------+---------+---------+---------+----

UPDATE MDM.LOAD_INFO
SET STATUS = 'Success'
,PROCESS_END_TIME = CAST(CURRENT_TIMESTAMP(0) AS VARCHAR(19))
WHERE MDM.LOAD_INFO.PROCESS_NAME='Trillium'
AND MDM.LOAD_INFO.STATUS = 'In Progress'
AND MDM.LOAD_INFO.CNTRY_NAME = 'TWN'
;

 *** Update completed. One row changed. 
 *** Total elapsed time was 1 second.


+---------+---------+---------+---------+---------+---------+---------+----
.IF ERRORLEVEL > 0 THEN .GOTO EXIT;
+---------+---------+---------+---------+---------+---------+---------+----

INSERT INTO TRILLIUM_OUTPUT1_TWN
(
LEGAL_ENT_NBR,
MKTNG_PGM_NBR,
REGIS_CNSMR_ID_VAL,
SYS_SOURCE,
WINDOW_KEY_01,
SYS_TARGET_ID
)
SELECT
A.LEGAL_ENT_NBR,
A.MKTNG_PGM_NBR,
A.REGIS_CNSMR_ID_VAL,
TRIM(A.SYS_SOURCE),
'TSSERROR',
SYS_TARGET_ID
FROM
(SELECT 
LEGAL_ENT_NBR,
MKTNG_PGM_NBR,
REGIS_CNSMR_ID_VAL,
SYS_SOURCE,
SYS_NC_TYPE,
SYS_TARGET_ID
FROM
TSS_CLEANSE_INPUT1_TWN
GROUP BY 1,2,3,4,5,6
MINUS
SELECT 
LEGAL_ENT_NBR,
MKTNG_PGM_NBR,
REGIS_CNSMR_ID_VAL,
SYS_SOURCE,
SYS_NC_TYPE,
SYS_TARGET_ID
FROM
TRILLIUM_OUTPUT1_TWN
GROUP BY 1,2,3,4,5,6
) A
GROUP BY 1,2,3,4,5,6;

 *** Insert completed. No rows added. 
 *** Total elapsed time was 1 second.


+---------+---------+---------+---------+---------+---------+---------+----
.IF ERRORLEVEL > 0 THEN .GOTO EXIT;
+---------+---------+---------+---------+---------+---------+---------+----


INSERT INTO MDM.LOAD_INFO
(
LOAD_ID,
PROCESS_NAME,
PROCESS_START_TIME,
PROCESS_END_TIME,
STATUS,
SYS_CREATION_DATE,
SYS_LAST_MODIFIED_DATE,
CNTRY_NAME,
BATCH_ID) 
SELECT
LOAD.LOAD_ID,
'Wrapper',
CAST(CURRENT_TIMESTAMP(0) AS VARCHAR(19)),
CAST(CURRENT_TIMESTAMP(0) AS VARCHAR(19)),
'Ready to Process',
CAST(CURRENT_TIMESTAMP(0) AS VARCHAR(19)),
CAST(CURRENT_TIMESTAMP(0) AS VARCHAR(19)),
'TWN',
LI.BATCH_ID
FROM MDM.MDM_LOAD_CONTROL LOAD
INNER JOIN LOAD_INFO LI
ON LOAD.LOAD_ID = LI.LOAD_ID
AND LI.PROCESS_NAME='Trillium'
AND LI.STATUS = 'Success'
AND LI.CNTRY_NAME = 'TWN'

LEFT OUTER JOIN LOAD_INFO LII
ON LOAD.LOAD_ID = LII.LOAD_ID
AND LII.PROCESS_NAME='Wrapper'

WHERE LII.LOAD_ID IS NULL
GROUP BY
LOAD.LOAD_ID,
LI.BATCH_ID
;

 *** Insert completed. One row added. 
 *** Total elapsed time was 1 second.


+---------+---------+---------+---------+---------+---------+---------+----

.IF ERRORLEVEL > 0 THEN .GOTO EXIT;
+---------+---------+---------+---------+---------+---------+---------+----

.LABEL EXIT
+---------+---------+---------+---------+---------+---------+---------+----

.IF ERRORLEVEL > 4 THEN .GOTO ERR ;
+---------+---------+---------+---------+---------+---------+---------+----
.IF ERRORLEVEL <= 4 THEN .GOTO WARN;
.GOTO WARN;
+---------+---------+---------+---------+---------+---------+---------+----

.LABEL ERR
+---------+---------+---------+---------+---------+---------+---------+----
.QUIT 1
 *** Skipped.
+---------+---------+---------+---------+---------+---------+---------+----

.LABEL WARN
+---------+---------+---------+---------+---------+---------+---------+----
.QUIT 0
 *** You are now logged off from the DBC.
 *** Exiting BTEQ...
 *** RC (return code) = 0 
